[0.013s] Invoking command in '/home/ros/colcon_ws/build/q4d_teleop': CMAKE_PREFIX_PATH=/opt/ros/humble /usr/bin/cmake /home/ros/colcon_ws/ros2-q4d/src/q4d_teleop -DCMAKE_INSTALL_PREFIX=/home/ros/colcon_ws/install/q4d_teleop
[0.121s] -- The C compiler identification is GNU 11.3.0
[0.216s] -- The CXX compiler identification is GNU 11.3.0
[0.245s] -- Detecting C compiler ABI info
[0.328s] -- Detecting C compiler ABI info - done
[0.349s] -- Check for working C compiler: /usr/bin/cc - skipped
[0.349s] -- Detecting C compile features
[0.354s] -- Detecting C compile features - done
[0.358s] -- Detecting CXX compiler ABI info
[0.468s] -- Detecting CXX compiler ABI info - done
[0.485s] -- Check for working CXX compiler: /usr/bin/c++ - skipped
[0.485s] -- Detecting CXX compile features
[0.486s] -- Detecting CXX compile features - done
[0.490s] -- Found ament_cmake: 1.3.3 (/opt/ros/humble/share/ament_cmake/cmake)
[0.690s] -- Found Python3: /usr/bin/python3.10 (found version "3.10.6") found components: Interpreter 
[0.815s] -- Found rclcpp: 16.0.3 (/opt/ros/humble/share/rclcpp/cmake)
[0.897s] -- Found rosidl_generator_c: 3.1.4 (/opt/ros/humble/share/rosidl_generator_c/cmake)
[0.917s] -- Found rosidl_adapter: 3.1.4 (/opt/ros/humble/share/rosidl_adapter/cmake)
[0.927s] -- Found rosidl_generator_cpp: 3.1.4 (/opt/ros/humble/share/rosidl_generator_cpp/cmake)
[0.956s] -- Using all available rosidl_typesupport_c: rosidl_typesupport_fastrtps_c;rosidl_typesupport_introspection_c
[0.996s] -- Using all available rosidl_typesupport_cpp: rosidl_typesupport_fastrtps_cpp;rosidl_typesupport_introspection_cpp
[1.115s] -- Found rmw_implementation_cmake: 6.1.1 (/opt/ros/humble/share/rmw_implementation_cmake/cmake)
[1.121s] -- Found rmw_fastrtps_cpp: 6.2.2 (/opt/ros/humble/share/rmw_fastrtps_cpp/cmake)
[1.235s] -- Found OpenSSL: /usr/lib/x86_64-linux-gnu/libcrypto.so (found version "3.0.2")  
[1.262s] -- Found FastRTPS: /opt/ros/humble/include  
[1.312s] -- Using RMW implementation 'rmw_fastrtps_cpp' as default
[1.322s] -- Looking for pthread.h
[1.382s] -- Looking for pthread.h - found
[1.383s] -- Performing Test CMAKE_HAVE_LIBC_PTHREAD
[1.461s] -- Performing Test CMAKE_HAVE_LIBC_PTHREAD - Success
[1.462s] -- Found Threads: TRUE  
[1.676s] -- Found geometry_msgs: 4.2.3 (/opt/ros/humble/share/geometry_msgs/cmake)
[1.736s] -- Found kdl_parser: 2.6.4 (/opt/ros/humble/share/kdl_parser/cmake)
[1.746s] -- Found eigen3_cmake_module: 0.1.1 (/opt/ros/humble/share/eigen3_cmake_module/cmake)
[1.748s] -- Found Eigen3: TRUE (found version "3.4.0") 
[1.748s] -- Ensuring Eigen3 include directory is part of orocos-kdl CMake target
[1.755s] -- Found sensor_msgs: 4.2.3 (/opt/ros/humble/share/sensor_msgs/cmake)
[1.861s] -- Found urdf: 2.6.0 (/opt/ros/humble/share/urdf/cmake)
[1.898s] -- Found ament_lint_auto: 0.12.5 (/opt/ros/humble/share/ament_lint_auto/cmake)
[1.978s] -- Added test 'copyright' to check source files copyright and LICENSE
[1.979s] -- Added test 'cppcheck' to perform static code analysis on C / C++ code
[1.979s] -- Configured cppcheck include dirs: $<BUILD_INTERFACE:/home/ros/colcon_ws/ros2-q4d/src/q4d_teleop/include>
[1.980s] -- Configured cppcheck exclude dirs and/or files: 
[1.981s] -- Added test 'cpplint' to check C / C++ code against the Google style
[1.981s] -- Configured cpplint exclude dirs and/or files: 
[1.981s] -- Added test 'lint_cmake' to check CMake code style
[1.982s] -- Added test 'uncrustify' to check C / C++ code style
[1.982s] -- Configured uncrustify additional arguments: 
[1.983s] -- Added test 'xmllint' to check XML markup files
[1.984s] -- Configuring done
[1.996s] -- Generating done
[1.998s] -- Build files have been written to: /home/ros/colcon_ws/build/q4d_teleop
[2.010s] Invoked command in '/home/ros/colcon_ws/build/q4d_teleop' returned '0': CMAKE_PREFIX_PATH=/opt/ros/humble /usr/bin/cmake /home/ros/colcon_ws/ros2-q4d/src/q4d_teleop -DCMAKE_INSTALL_PREFIX=/home/ros/colcon_ws/install/q4d_teleop
[2.011s] Invoking command in '/home/ros/colcon_ws/build/q4d_teleop': CMAKE_PREFIX_PATH=/opt/ros/humble /usr/bin/cmake --build /home/ros/colcon_ws/build/q4d_teleop -- -j3 -l3
[2.060s] [ 50%] [32mBuilding CXX object CMakeFiles/q4d_teleop_rviz.dir/src/q4d_teleop_rviz.cpp.o[0m
[17.379s] [100%] [32m[1mLinking CXX executable q4d_teleop_rviz[0m
[18.153s] [100%] Built target q4d_teleop_rviz
[18.164s] Invoked command in '/home/ros/colcon_ws/build/q4d_teleop' returned '0': CMAKE_PREFIX_PATH=/opt/ros/humble /usr/bin/cmake --build /home/ros/colcon_ws/build/q4d_teleop -- -j3 -l3
[18.183s] Invoking command in '/home/ros/colcon_ws/build/q4d_teleop': CMAKE_PREFIX_PATH=/opt/ros/humble /usr/bin/cmake --install /home/ros/colcon_ws/build/q4d_teleop
[18.189s] -- Install configuration: ""
[18.189s] -- Installing: /home/ros/colcon_ws/install/q4d_teleop/lib/q4d_teleop/q4d_teleop_rviz
[18.195s] -- Set runtime path of "/home/ros/colcon_ws/install/q4d_teleop/lib/q4d_teleop/q4d_teleop_rviz" to ""
[18.195s] -- Installing: /home/ros/colcon_ws/install/q4d_teleop/share/q4d_teleop/launch
[18.195s] -- Installing: /home/ros/colcon_ws/install/q4d_teleop/share/q4d_teleop/launch/q4d_teleop_rviz.launch.xml
[18.195s] -- Installing: /home/ros/colcon_ws/install/q4d_teleop/share/q4d_teleop/launch/display.launch.xml
[18.196s] -- Installing: /home/ros/colcon_ws/install/q4d_teleop/share/q4d_teleop/config
[18.196s] -- Installing: /home/ros/colcon_ws/install/q4d_teleop/share/q4d_teleop/config/display.rviz
[18.196s] -- Installing: /home/ros/colcon_ws/install/q4d_teleop/share/ament_index/resource_index/package_run_dependencies/q4d_teleop
[18.196s] -- Installing: /home/ros/colcon_ws/install/q4d_teleop/share/ament_index/resource_index/parent_prefix_path/q4d_teleop
[18.196s] -- Installing: /home/ros/colcon_ws/install/q4d_teleop/share/q4d_teleop/environment/ament_prefix_path.sh
[18.196s] -- Installing: /home/ros/colcon_ws/install/q4d_teleop/share/q4d_teleop/environment/ament_prefix_path.dsv
[18.196s] -- Installing: /home/ros/colcon_ws/install/q4d_teleop/share/q4d_teleop/environment/path.sh
[18.196s] -- Installing: /home/ros/colcon_ws/install/q4d_teleop/share/q4d_teleop/environment/path.dsv
[18.196s] -- Installing: /home/ros/colcon_ws/install/q4d_teleop/share/q4d_teleop/local_setup.bash
[18.197s] -- Installing: /home/ros/colcon_ws/install/q4d_teleop/share/q4d_teleop/local_setup.sh
[18.197s] -- Installing: /home/ros/colcon_ws/install/q4d_teleop/share/q4d_teleop/local_setup.zsh
[18.197s] -- Installing: /home/ros/colcon_ws/install/q4d_teleop/share/q4d_teleop/local_setup.dsv
[18.197s] -- Installing: /home/ros/colcon_ws/install/q4d_teleop/share/q4d_teleop/package.dsv
[18.198s] -- Installing: /home/ros/colcon_ws/install/q4d_teleop/share/ament_index/resource_index/packages/q4d_teleop
[18.198s] -- Installing: /home/ros/colcon_ws/install/q4d_teleop/share/q4d_teleop/cmake/q4d_teleopConfig.cmake
[18.198s] -- Installing: /home/ros/colcon_ws/install/q4d_teleop/share/q4d_teleop/cmake/q4d_teleopConfig-version.cmake
[18.198s] -- Installing: /home/ros/colcon_ws/install/q4d_teleop/share/q4d_teleop/package.xml
[18.199s] Invoked command in '/home/ros/colcon_ws/build/q4d_teleop' returned '0': CMAKE_PREFIX_PATH=/opt/ros/humble /usr/bin/cmake --install /home/ros/colcon_ws/build/q4d_teleop
