[0.024s] Invoking command in '/home/ros/colcon_ws/build/eng10026_lab2': CMAKE_PREFIX_PATH=/opt/ros/humble /usr/bin/cmake /home/ros/colcon_ws/ros2-q4d/src/eng10026_lab2 -DCMAKE_INSTALL_PREFIX=/home/ros/colcon_ws/install/eng10026_lab2
[0.156s] -- The C compiler identification is GNU 11.3.0
[0.243s] -- The CXX compiler identification is GNU 11.3.0
[0.260s] -- Detecting C compiler ABI info
[0.356s] -- Detecting C compiler ABI info - done
[0.369s] -- Check for working C compiler: /usr/bin/cc - skipped
[0.371s] -- Detecting C compile features
[0.373s] -- Detecting C compile features - done
[0.385s] -- Detecting CXX compiler ABI info
[0.498s] -- Detecting CXX compiler ABI info - done
[0.514s] -- Check for working CXX compiler: /usr/bin/c++ - skipped
[0.515s] -- Detecting CXX compile features
[0.516s] -- Detecting CXX compile features - done
[0.518s] -- Found ament_cmake: 1.3.3 (/opt/ros/humble/share/ament_cmake/cmake)
[0.705s] -- Found Python3: /usr/bin/python3.10 (found version "3.10.6") found components: Interpreter 
[0.835s] -- Found rclcpp: 16.0.3 (/opt/ros/humble/share/rclcpp/cmake)
[0.918s] -- Found rosidl_generator_c: 3.1.4 (/opt/ros/humble/share/rosidl_generator_c/cmake)
[0.928s] -- Found rosidl_adapter: 3.1.4 (/opt/ros/humble/share/rosidl_adapter/cmake)
[0.947s] -- Found rosidl_generator_cpp: 3.1.4 (/opt/ros/humble/share/rosidl_generator_cpp/cmake)
[0.977s] -- Using all available rosidl_typesupport_c: rosidl_typesupport_fastrtps_c;rosidl_typesupport_introspection_c
[1.011s] -- Using all available rosidl_typesupport_cpp: rosidl_typesupport_fastrtps_cpp;rosidl_typesupport_introspection_cpp
[1.135s] -- Found rmw_implementation_cmake: 6.1.1 (/opt/ros/humble/share/rmw_implementation_cmake/cmake)
[1.141s] -- Found rmw_fastrtps_cpp: 6.2.2 (/opt/ros/humble/share/rmw_fastrtps_cpp/cmake)
[1.239s] -- Found OpenSSL: /usr/lib/x86_64-linux-gnu/libcrypto.so (found version "3.0.2")  
[1.271s] -- Found FastRTPS: /opt/ros/humble/include  
[1.317s] -- Using RMW implementation 'rmw_fastrtps_cpp' as default
[1.337s] -- Looking for pthread.h
[1.414s] -- Looking for pthread.h - found
[1.415s] -- Performing Test CMAKE_HAVE_LIBC_PTHREAD
[1.482s] -- Performing Test CMAKE_HAVE_LIBC_PTHREAD - Success
[1.484s] -- Found Threads: TRUE  
[1.696s] -- Found tf2_ros: 0.25.2 (/opt/ros/humble/share/tf2_ros/cmake)
[2.171s] -- Found ament_lint_auto: 0.12.5 (/opt/ros/humble/share/ament_lint_auto/cmake)
[2.248s] -- Added test 'cppcheck' to perform static code analysis on C / C++ code
[2.248s] -- Configured cppcheck include dirs: $<BUILD_INTERFACE:/home/ros/colcon_ws/ros2-q4d/src/eng10026_lab2/include>
[2.248s] -- Configured cppcheck exclude dirs and/or files: 
[2.249s] -- Added test 'lint_cmake' to check CMake code style
[2.250s] -- Added test 'uncrustify' to check C / C++ code style
[2.250s] -- Configured uncrustify additional arguments: 
[2.250s] -- Added test 'xmllint' to check XML markup files
[2.251s] -- Configuring done
[2.264s] -- Generating done
[2.266s] -- Build files have been written to: /home/ros/colcon_ws/build/eng10026_lab2
[2.286s] Invoked command in '/home/ros/colcon_ws/build/eng10026_lab2' returned '0': CMAKE_PREFIX_PATH=/opt/ros/humble /usr/bin/cmake /home/ros/colcon_ws/ros2-q4d/src/eng10026_lab2 -DCMAKE_INSTALL_PREFIX=/home/ros/colcon_ws/install/eng10026_lab2
[2.287s] Invoking command in '/home/ros/colcon_ws/build/eng10026_lab2': CMAKE_PREFIX_PATH=/opt/ros/humble /usr/bin/cmake --build /home/ros/colcon_ws/build/eng10026_lab2 -- -j3 -l3
[2.342s] [ 50%] [32mBuilding CXX object CMakeFiles/point_map.dir/src/point_map.cpp.o[0m
[2.399s] [100%] [32m[1mLinking CXX executable point_map[0m
[2.579s] [100%] Built target point_map
[2.601s] Invoked command in '/home/ros/colcon_ws/build/eng10026_lab2' returned '0': CMAKE_PREFIX_PATH=/opt/ros/humble /usr/bin/cmake --build /home/ros/colcon_ws/build/eng10026_lab2 -- -j3 -l3
[2.630s] Invoking command in '/home/ros/colcon_ws/build/eng10026_lab2': CMAKE_PREFIX_PATH=/opt/ros/humble /usr/bin/cmake --install /home/ros/colcon_ws/build/eng10026_lab2
[2.635s] -- Install configuration: ""
[2.638s] -- Installing: /home/ros/colcon_ws/install/eng10026_lab2/lib/eng10026_lab2/point_map
[2.638s] -- Set runtime path of "/home/ros/colcon_ws/install/eng10026_lab2/lib/eng10026_lab2/point_map" to ""
[2.638s] -- Installing: /home/ros/colcon_ws/install/eng10026_lab2/share/ament_index/resource_index/package_run_dependencies/eng10026_lab2
[2.639s] -- Installing: /home/ros/colcon_ws/install/eng10026_lab2/share/ament_index/resource_index/parent_prefix_path/eng10026_lab2
[2.639s] -- Installing: /home/ros/colcon_ws/install/eng10026_lab2/share/eng10026_lab2/environment/ament_prefix_path.sh
[2.639s] -- Installing: /home/ros/colcon_ws/install/eng10026_lab2/share/eng10026_lab2/environment/ament_prefix_path.dsv
[2.639s] -- Installing: /home/ros/colcon_ws/install/eng10026_lab2/share/eng10026_lab2/environment/path.sh
[2.639s] -- Installing: /home/ros/colcon_ws/install/eng10026_lab2/share/eng10026_lab2/environment/path.dsv
[2.639s] -- Installing: /home/ros/colcon_ws/install/eng10026_lab2/share/eng10026_lab2/local_setup.bash
[2.639s] -- Installing: /home/ros/colcon_ws/install/eng10026_lab2/share/eng10026_lab2/local_setup.sh
[2.639s] -- Installing: /home/ros/colcon_ws/install/eng10026_lab2/share/eng10026_lab2/local_setup.zsh
[2.639s] -- Installing: /home/ros/colcon_ws/install/eng10026_lab2/share/eng10026_lab2/local_setup.dsv
[2.639s] -- Installing: /home/ros/colcon_ws/install/eng10026_lab2/share/eng10026_lab2/package.dsv
[2.639s] -- Installing: /home/ros/colcon_ws/install/eng10026_lab2/share/ament_index/resource_index/packages/eng10026_lab2
[2.640s] -- Installing: /home/ros/colcon_ws/install/eng10026_lab2/share/eng10026_lab2/cmake/eng10026_lab2Config.cmake
[2.645s] -- Installing: /home/ros/colcon_ws/install/eng10026_lab2/share/eng10026_lab2/cmake/eng10026_lab2Config-version.cmake
[2.645s] -- Installing: /home/ros/colcon_ws/install/eng10026_lab2/share/eng10026_lab2/package.xml
[2.645s] Invoked command in '/home/ros/colcon_ws/build/eng10026_lab2' returned '0': CMAKE_PREFIX_PATH=/opt/ros/humble /usr/bin/cmake --install /home/ros/colcon_ws/build/eng10026_lab2
