[0.020s] Invoking command in '/home/ros/colcon_ws/src/build/q2d_teleop': CMAKE_PREFIX_PATH=${CMAKE_PREFIX_PATH}:/opt/ros/humble /usr/bin/cmake /home/ros/colcon_ws/src/q2d/q2d_teleop -DAMENT_CMAKE_SYMLINK_INSTALL=1 -DCMAKE_INSTALL_PREFIX=/home/ros/colcon_ws/src/install/q2d_teleop
[0.033s] -- Found ament_cmake: 1.3.3 (/opt/ros/humble/share/ament_cmake/cmake)
[0.220s] -- Override CMake install command with custom implementation using symlinks instead of copying resources
[0.236s] -- Found rclcpp: 16.0.3 (/opt/ros/humble/share/rclcpp/cmake)
[0.287s] -- Found rosidl_generator_c: 3.1.4 (/opt/ros/humble/share/rosidl_generator_c/cmake)
[0.290s] -- Found rosidl_adapter: 3.1.4 (/opt/ros/humble/share/rosidl_adapter/cmake)
[0.310s] -- Found rosidl_generator_cpp: 3.1.4 (/opt/ros/humble/share/rosidl_generator_cpp/cmake)
[0.349s] -- Using all available rosidl_typesupport_c: rosidl_typesupport_fastrtps_c;rosidl_typesupport_introspection_c
[0.365s] -- Using all available rosidl_typesupport_cpp: rosidl_typesupport_fastrtps_cpp;rosidl_typesupport_introspection_cpp
[0.453s] -- Found rmw_implementation_cmake: 6.1.1 (/opt/ros/humble/share/rmw_implementation_cmake/cmake)
[0.458s] -- Found rmw_fastrtps_cpp: 6.2.2 (/opt/ros/humble/share/rmw_fastrtps_cpp/cmake)
[0.595s] -- Using RMW implementation 'rmw_fastrtps_cpp' as default
[0.831s] -- Found geometry_msgs: 4.2.3 (/opt/ros/humble/share/geometry_msgs/cmake)
[0.890s] -- Found kdl_parser: 2.6.4 (/opt/ros/humble/share/kdl_parser/cmake)
[0.892s] -- Found eigen3_cmake_module: 0.1.1 (/opt/ros/humble/share/eigen3_cmake_module/cmake)
[0.894s] -- Ensuring Eigen3 include directory is part of orocos-kdl CMake target
[0.905s] -- Found sensor_msgs: 4.2.3 (/opt/ros/humble/share/sensor_msgs/cmake)
[1.057s] -- Found urdf: 2.6.0 (/opt/ros/humble/share/urdf/cmake)
[1.093s] -- Found ament_lint_auto: 0.12.5 (/opt/ros/humble/share/ament_lint_auto/cmake)
[1.215s] -- Added test 'copyright' to check source files copyright and LICENSE
[1.215s] -- Added test 'cppcheck' to perform static code analysis on C / C++ code
[1.215s] -- Configured cppcheck include dirs: $<BUILD_INTERFACE:/home/ros/colcon_ws/src/q2d/q2d_teleop/include>
[1.215s] -- Configured cppcheck exclude dirs and/or files: 
[1.215s] -- Added test 'cpplint' to check C / C++ code against the Google style
[1.215s] -- Configured cpplint exclude dirs and/or files: 
[1.216s] -- Added test 'lint_cmake' to check CMake code style
[1.217s] -- Added test 'uncrustify' to check C / C++ code style
[1.217s] -- Configured uncrustify additional arguments: 
[1.218s] -- Added test 'xmllint' to check XML markup files
[1.219s] -- Configuring done
[1.256s] -- Generating done
[1.258s] -- Build files have been written to: /home/ros/colcon_ws/src/build/q2d_teleop
[1.274s] Invoked command in '/home/ros/colcon_ws/src/build/q2d_teleop' returned '0': CMAKE_PREFIX_PATH=${CMAKE_PREFIX_PATH}:/opt/ros/humble /usr/bin/cmake /home/ros/colcon_ws/src/q2d/q2d_teleop -DAMENT_CMAKE_SYMLINK_INSTALL=1 -DCMAKE_INSTALL_PREFIX=/home/ros/colcon_ws/src/install/q2d_teleop
[1.274s] Invoking command in '/home/ros/colcon_ws/src/build/q2d_teleop': CMAKE_PREFIX_PATH=${CMAKE_PREFIX_PATH}:/opt/ros/humble /usr/bin/cmake --build /home/ros/colcon_ws/src/build/q2d_teleop -- -j3 -l3
[1.350s] [35m[1mConsolidate compiler generated dependencies of target q2d_teleop_tablet[0m
[1.373s] [ 25%] [32m[1mLinking CXX executable q2d_teleop_tablet[0m
[2.477s] [ 50%] Built target q2d_teleop_tablet
[2.492s] [35m[1mConsolidate compiler generated dependencies of target q2d_teleop_rviz[0m
[2.525s] [ 75%] [32m[1mLinking CXX executable q2d_teleop_rviz[0m
[3.376s] [100%] Built target q2d_teleop_rviz
[3.387s] Invoked command in '/home/ros/colcon_ws/src/build/q2d_teleop' returned '0': CMAKE_PREFIX_PATH=${CMAKE_PREFIX_PATH}:/opt/ros/humble /usr/bin/cmake --build /home/ros/colcon_ws/src/build/q2d_teleop -- -j3 -l3
[3.412s] Invoking command in '/home/ros/colcon_ws/src/build/q2d_teleop': CMAKE_PREFIX_PATH=${CMAKE_PREFIX_PATH}:/opt/ros/humble /usr/bin/cmake --install /home/ros/colcon_ws/src/build/q2d_teleop
[3.419s] -- Install configuration: ""
[3.420s] -- Execute custom install script
[3.421s] -- Symlinking: /home/ros/colcon_ws/src/install/q2d_teleop/lib/q2d_teleop/q2d_teleop_tablet
[3.443s] -- Symlinking: /home/ros/colcon_ws/src/install/q2d_teleop/lib/q2d_teleop/q2d_teleop_rviz
[3.467s] -- Symlinking: /home/ros/colcon_ws/src/install/q2d_teleop/share/q2d_teleop/launch/display.launch.xml
[3.478s] -- Symlinking: /home/ros/colcon_ws/src/install/q2d_teleop/share/q2d_teleop/launch/gazebo.launch.xml
[3.491s] -- Symlinking: /home/ros/colcon_ws/src/install/q2d_teleop/share/q2d_teleop/launch/q2d_teleop_rviz.launch.xml
[3.506s] -- Symlinking: /home/ros/colcon_ws/src/install/q2d_teleop/share/q2d_teleop/launch/q2d_teleop_tablet.launch.xml
[3.517s] -- Symlinking: /home/ros/colcon_ws/src/install/q2d_teleop/share/q2d_teleop/config/display.rviz
[3.529s] -- Symlinking: /home/ros/colcon_ws/src/install/q2d_teleop/share/ament_index/resource_index/package_run_dependencies/q2d_teleop
[3.544s] -- Symlinking: /home/ros/colcon_ws/src/install/q2d_teleop/share/ament_index/resource_index/parent_prefix_path/q2d_teleop
[3.553s] -- Symlinking: /home/ros/colcon_ws/src/install/q2d_teleop/share/q2d_teleop/environment/ament_prefix_path.sh
[3.565s] -- Symlinking: /home/ros/colcon_ws/src/install/q2d_teleop/share/q2d_teleop/environment/ament_prefix_path.dsv
[3.577s] -- Symlinking: /home/ros/colcon_ws/src/install/q2d_teleop/share/q2d_teleop/environment/path.sh
[3.597s] -- Symlinking: /home/ros/colcon_ws/src/install/q2d_teleop/share/q2d_teleop/environment/path.dsv
[3.614s] -- Symlinking: /home/ros/colcon_ws/src/install/q2d_teleop/share/q2d_teleop/local_setup.bash
[3.626s] -- Symlinking: /home/ros/colcon_ws/src/install/q2d_teleop/share/q2d_teleop/local_setup.sh
[3.633s] -- Symlinking: /home/ros/colcon_ws/src/install/q2d_teleop/share/q2d_teleop/local_setup.zsh
[3.641s] -- Symlinking: /home/ros/colcon_ws/src/install/q2d_teleop/share/q2d_teleop/local_setup.dsv
[3.652s] -- Symlinking: /home/ros/colcon_ws/src/install/q2d_teleop/share/q2d_teleop/package.dsv
[3.660s] -- Symlinking: /home/ros/colcon_ws/src/install/q2d_teleop/share/ament_index/resource_index/packages/q2d_teleop
[3.669s] -- Symlinking: /home/ros/colcon_ws/src/install/q2d_teleop/share/q2d_teleop/cmake/q2d_teleopConfig.cmake
[3.676s] -- Symlinking: /home/ros/colcon_ws/src/install/q2d_teleop/share/q2d_teleop/cmake/q2d_teleopConfig-version.cmake
[3.684s] -- Symlinking: /home/ros/colcon_ws/src/install/q2d_teleop/share/q2d_teleop/package.xml
[3.716s] Invoked command in '/home/ros/colcon_ws/src/build/q2d_teleop' returned '0': CMAKE_PREFIX_PATH=${CMAKE_PREFIX_PATH}:/opt/ros/humble /usr/bin/cmake --install /home/ros/colcon_ws/src/build/q2d_teleop
