[0.036s] Invoking command in '/home/ros/colcon_ws/src/build/q2d_bringup': CMAKE_PREFIX_PATH=${CMAKE_PREFIX_PATH}:/opt/ros/humble /usr/bin/cmake /home/ros/colcon_ws/src/q2d/q2d_bringup -DAMENT_CMAKE_SYMLINK_INSTALL=1 -DCMAKE_INSTALL_PREFIX=/home/ros/colcon_ws/src/install/q2d_bringup
[0.051s] -- Found ament_cmake: 1.3.3 (/opt/ros/humble/share/ament_cmake/cmake)
[0.235s] -- Override CMake install command with custom implementation using symlinks instead of copying resources
[0.253s] -- Found ament_lint_auto: 0.12.5 (/opt/ros/humble/share/ament_lint_auto/cmake)
[0.335s] -- Added test 'copyright' to check source files copyright and LICENSE
[0.337s] -- Added test 'flake8' to check Python code syntax and style conventions
[0.338s] -- Added test 'lint_cmake' to check CMake code style
[0.338s] -- Added test 'pep257' to check Python code against some of the docstring style conventions in PEP 257
[0.340s] -- Added test 'xmllint' to check XML markup files
[0.341s] -- Configuring done
[0.345s] -- Generating done
[0.347s] -- Build files have been written to: /home/ros/colcon_ws/src/build/q2d_bringup
[0.370s] Invoked command in '/home/ros/colcon_ws/src/build/q2d_bringup' returned '0': CMAKE_PREFIX_PATH=${CMAKE_PREFIX_PATH}:/opt/ros/humble /usr/bin/cmake /home/ros/colcon_ws/src/q2d/q2d_bringup -DAMENT_CMAKE_SYMLINK_INSTALL=1 -DCMAKE_INSTALL_PREFIX=/home/ros/colcon_ws/src/install/q2d_bringup
[0.371s] Invoking command in '/home/ros/colcon_ws/src/build/q2d_bringup': CMAKE_PREFIX_PATH=${CMAKE_PREFIX_PATH}:/opt/ros/humble /usr/bin/cmake --build /home/ros/colcon_ws/src/build/q2d_bringup -- -j3 -l3
[0.435s] Invoked command in '/home/ros/colcon_ws/src/build/q2d_bringup' returned '0': CMAKE_PREFIX_PATH=${CMAKE_PREFIX_PATH}:/opt/ros/humble /usr/bin/cmake --build /home/ros/colcon_ws/src/build/q2d_bringup -- -j3 -l3
[0.524s] Invoking command in '/home/ros/colcon_ws/src/build/q2d_bringup': CMAKE_PREFIX_PATH=${CMAKE_PREFIX_PATH}:/opt/ros/humble /usr/bin/cmake --install /home/ros/colcon_ws/src/build/q2d_bringup
[0.530s] -- Install configuration: ""
[0.530s] -- Execute custom install script
[0.531s] -- Symlinking: /home/ros/colcon_ws/src/install/q2d_bringup/lib/q2d_bringup/ijc_step.sh
[0.542s] -- Symlinking: /home/ros/colcon_ws/src/install/q2d_bringup/lib/q2d_bringup/ijc_square.py
[0.553s] -- Symlinking: /home/ros/colcon_ws/src/install/q2d_bringup/share/q2d_bringup/config/bypass.yaml
[0.560s] -- Symlinking: /home/ros/colcon_ws/src/install/q2d_bringup/share/q2d_bringup/config/computed_torque.yaml
[0.577s] -- Symlinking: /home/ros/colcon_ws/src/install/q2d_bringup/share/q2d_bringup/config/group_bypass.yaml
[0.591s] -- Symlinking: /home/ros/colcon_ws/src/install/q2d_bringup/share/q2d_bringup/config/group_pid.yaml
[0.605s] -- Symlinking: /home/ros/colcon_ws/src/install/q2d_bringup/share/q2d_bringup/config/pid.yaml
[0.608s] -- Symlinking: /home/ros/colcon_ws/src/install/q2d_bringup/share/q2d_bringup/config/pid_plus_gravity.yaml
[0.629s] -- Symlinking: /home/ros/colcon_ws/src/install/q2d_bringup/share/q2d_bringup/launch/bypass.launch.xml
[0.637s] -- Symlinking: /home/ros/colcon_ws/src/install/q2d_bringup/share/q2d_bringup/launch/computed_torque.launch.xml
[0.645s] -- Symlinking: /home/ros/colcon_ws/src/install/q2d_bringup/share/q2d_bringup/launch/gazebo.launch.xml
[0.651s] -- Symlinking: /home/ros/colcon_ws/src/install/q2d_bringup/share/q2d_bringup/launch/group_bypass.launch.xml
[0.658s] -- Symlinking: /home/ros/colcon_ws/src/install/q2d_bringup/share/q2d_bringup/launch/group_pid.launch.xml
[0.666s] -- Symlinking: /home/ros/colcon_ws/src/install/q2d_bringup/share/q2d_bringup/launch/ignition.launch.xml
[0.672s] -- Symlinking: /home/ros/colcon_ws/src/install/q2d_bringup/share/q2d_bringup/launch/pid.launch.xml
[0.682s] -- Symlinking: /home/ros/colcon_ws/src/install/q2d_bringup/share/q2d_bringup/launch/pid_plus_gravity.launch.xml
[0.691s] -- Symlinking: /home/ros/colcon_ws/src/install/q2d_bringup/share/ament_index/resource_index/package_run_dependencies/q2d_bringup
[0.701s] -- Symlinking: /home/ros/colcon_ws/src/install/q2d_bringup/share/ament_index/resource_index/parent_prefix_path/q2d_bringup
[0.719s] -- Symlinking: /home/ros/colcon_ws/src/install/q2d_bringup/share/q2d_bringup/environment/ament_prefix_path.sh
[0.736s] -- Symlinking: /home/ros/colcon_ws/src/install/q2d_bringup/share/q2d_bringup/environment/ament_prefix_path.dsv
[0.747s] -- Symlinking: /home/ros/colcon_ws/src/install/q2d_bringup/share/q2d_bringup/environment/path.sh
[0.765s] -- Symlinking: /home/ros/colcon_ws/src/install/q2d_bringup/share/q2d_bringup/environment/path.dsv
[0.775s] -- Symlinking: /home/ros/colcon_ws/src/install/q2d_bringup/share/q2d_bringup/local_setup.bash
[0.786s] -- Symlinking: /home/ros/colcon_ws/src/install/q2d_bringup/share/q2d_bringup/local_setup.sh
[0.806s] -- Symlinking: /home/ros/colcon_ws/src/install/q2d_bringup/share/q2d_bringup/local_setup.zsh
[0.826s] -- Symlinking: /home/ros/colcon_ws/src/install/q2d_bringup/share/q2d_bringup/local_setup.dsv
[0.837s] -- Symlinking: /home/ros/colcon_ws/src/install/q2d_bringup/share/q2d_bringup/package.dsv
[0.850s] -- Symlinking: /home/ros/colcon_ws/src/install/q2d_bringup/share/ament_index/resource_index/packages/q2d_bringup
[0.866s] -- Symlinking: /home/ros/colcon_ws/src/install/q2d_bringup/share/q2d_bringup/cmake/q2d_bringupConfig.cmake
[0.884s] -- Symlinking: /home/ros/colcon_ws/src/install/q2d_bringup/share/q2d_bringup/cmake/q2d_bringupConfig-version.cmake
[0.900s] -- Symlinking: /home/ros/colcon_ws/src/install/q2d_bringup/share/q2d_bringup/package.xml
[0.926s] Invoked command in '/home/ros/colcon_ws/src/build/q2d_bringup' returned '0': CMAKE_PREFIX_PATH=${CMAKE_PREFIX_PATH}:/opt/ros/humble /usr/bin/cmake --install /home/ros/colcon_ws/src/build/q2d_bringup
