[0.314s] DEBUG:colcon:Command line arguments: ['/usr/bin/colcon', 'build', '--symlink-install']
[0.314s] DEBUG:colcon:Parsed command line arguments: Namespace(log_base=None, log_level=None, verb_name='build', build_base='build', install_base='install', merge_install=False, symlink_install=True, test_result_base=None, continue_on_error=False, executor='parallel', parallel_workers=3, event_handlers=None, ignore_user_meta=False, metas=['./colcon.meta'], base_paths=['.'], packages_ignore=None, packages_ignore_regex=None, paths=None, packages_up_to=None, packages_up_to_regex=None, packages_above=None, packages_above_and_dependencies=None, packages_above_depth=None, packages_select_by_dep=None, packages_skip_by_dep=None, packages_skip_up_to=None, packages_select_build_failed=False, packages_skip_build_finished=False, packages_select_test_failures=False, packages_skip_test_passed=False, packages_select=None, packages_skip=None, packages_select_regex=None, packages_skip_regex=None, packages_start=None, packages_end=None, allow_overriding=[], cmake_args=None, cmake_target=None, cmake_target_skip_unavailable=False, cmake_clean_cache=False, cmake_clean_first=False, cmake_force_configure=False, ament_cmake_args=None, catkin_cmake_args=None, catkin_skip_building_tests=False, verb_parser=<colcon_defaults.argument_parser.defaults.DefaultArgumentsDecorator object at 0x7fafdc7f8310>, verb_extension=<colcon_core.verb.build.BuildVerb object at 0x7fafdcf8a5c0>, main=<bound method BuildVerb.main of <colcon_core.verb.build.BuildVerb object at 0x7fafdcf8a5c0>>)
[0.343s] Level 1:colcon.colcon_core.package_discovery:discover_packages(colcon_meta) check parameters
[0.343s] Level 1:colcon.colcon_core.package_discovery:discover_packages(recursive) check parameters
[0.343s] Level 1:colcon.colcon_core.package_discovery:discover_packages(ignore) check parameters
[0.343s] Level 1:colcon.colcon_core.package_discovery:discover_packages(path) check parameters
[0.343s] Level 1:colcon.colcon_core.package_discovery:discover_packages(colcon_meta) discover
[0.343s] Level 1:colcon.colcon_core.package_discovery:discover_packages(recursive) discover
[0.343s] INFO:colcon.colcon_core.package_discovery:Crawling recursively for packages in '/home/ros/colcon_ws'
[0.343s] Level 1:colcon.colcon_core.package_identification:_identify(.) by extensions ['ignore', 'ignore_ament_install']
[0.343s] Level 1:colcon.colcon_core.package_identification:_identify(.) by extension 'ignore'
[0.343s] Level 1:colcon.colcon_core.package_identification:_identify(.) by extension 'ignore_ament_install'
[0.343s] Level 1:colcon.colcon_core.package_identification:_identify(.) by extensions ['colcon_pkg']
[0.344s] Level 1:colcon.colcon_core.package_identification:_identify(.) by extension 'colcon_pkg'
[0.344s] Level 1:colcon.colcon_core.package_identification:_identify(.) by extensions ['colcon_meta']
[0.344s] Level 1:colcon.colcon_core.package_identification:_identify(.) by extension 'colcon_meta'
[0.344s] Level 1:colcon.colcon_core.package_identification:_identify(.) by extensions ['ros']
[0.344s] Level 1:colcon.colcon_core.package_identification:_identify(.) by extension 'ros'
[0.354s] Level 1:colcon.colcon_core.package_identification:_identify(.) by extensions ['cmake', 'python']
[0.354s] Level 1:colcon.colcon_core.package_identification:_identify(.) by extension 'cmake'
[0.354s] Level 1:colcon.colcon_core.package_identification:_identify(.) by extension 'python'
[0.354s] Level 1:colcon.colcon_core.package_identification:_identify(.) by extensions ['python_setup_py']
[0.354s] Level 1:colcon.colcon_core.package_identification:_identify(.) by extension 'python_setup_py'
[0.355s] Level 1:colcon.colcon_core.package_identification:_identify(build) by extensions ['ignore', 'ignore_ament_install']
[0.355s] Level 1:colcon.colcon_core.package_identification:_identify(build) by extension 'ignore'
[0.355s] Level 1:colcon.colcon_core.package_identification:_identify(build) ignored
[0.355s] Level 1:colcon.colcon_core.package_identification:_identify(install) by extensions ['ignore', 'ignore_ament_install']
[0.355s] Level 1:colcon.colcon_core.package_identification:_identify(install) by extension 'ignore'
[0.355s] Level 1:colcon.colcon_core.package_identification:_identify(install) ignored
[0.355s] Level 1:colcon.colcon_core.package_identification:_identify(log) by extensions ['ignore', 'ignore_ament_install']
[0.355s] Level 1:colcon.colcon_core.package_identification:_identify(log) by extension 'ignore'
[0.355s] Level 1:colcon.colcon_core.package_identification:_identify(log) ignored
[0.355s] Level 1:colcon.colcon_core.package_identification:_identify(src) by extensions ['ignore', 'ignore_ament_install']
[0.355s] Level 1:colcon.colcon_core.package_identification:_identify(src) by extension 'ignore'
[0.355s] Level 1:colcon.colcon_core.package_identification:_identify(src) by extension 'ignore_ament_install'
[0.355s] Level 1:colcon.colcon_core.package_identification:_identify(src) by extensions ['colcon_pkg']
[0.355s] Level 1:colcon.colcon_core.package_identification:_identify(src) by extension 'colcon_pkg'
[0.355s] Level 1:colcon.colcon_core.package_identification:_identify(src) by extensions ['colcon_meta']
[0.355s] Level 1:colcon.colcon_core.package_identification:_identify(src) by extension 'colcon_meta'
[0.355s] Level 1:colcon.colcon_core.package_identification:_identify(src) by extensions ['ros']
[0.356s] Level 1:colcon.colcon_core.package_identification:_identify(src) by extension 'ros'
[0.356s] Level 1:colcon.colcon_core.package_identification:_identify(src) by extensions ['cmake', 'python']
[0.356s] Level 1:colcon.colcon_core.package_identification:_identify(src) by extension 'cmake'
[0.356s] Level 1:colcon.colcon_core.package_identification:_identify(src) by extension 'python'
[0.356s] Level 1:colcon.colcon_core.package_identification:_identify(src) by extensions ['python_setup_py']
[0.356s] Level 1:colcon.colcon_core.package_identification:_identify(src) by extension 'python_setup_py'
[0.356s] Level 1:colcon.colcon_core.package_identification:_identify(src/eng10026_lab2) by extensions ['ignore', 'ignore_ament_install']
[0.356s] Level 1:colcon.colcon_core.package_identification:_identify(src/eng10026_lab2) by extension 'ignore'
[0.356s] Level 1:colcon.colcon_core.package_identification:_identify(src/eng10026_lab2) by extension 'ignore_ament_install'
[0.356s] Level 1:colcon.colcon_core.package_identification:_identify(src/eng10026_lab2) by extensions ['colcon_pkg']
[0.356s] Level 1:colcon.colcon_core.package_identification:_identify(src/eng10026_lab2) by extension 'colcon_pkg'
[0.356s] Level 1:colcon.colcon_core.package_identification:_identify(src/eng10026_lab2) by extensions ['colcon_meta']
[0.356s] Level 1:colcon.colcon_core.package_identification:_identify(src/eng10026_lab2) by extension 'colcon_meta'
[0.356s] Level 1:colcon.colcon_core.package_identification:_identify(src/eng10026_lab2) by extensions ['ros']
[0.356s] Level 1:colcon.colcon_core.package_identification:_identify(src/eng10026_lab2) by extension 'ros'
[0.358s] DEBUG:colcon.colcon_core.package_identification:Package 'src/eng10026_lab2' with type 'ros.ament_cmake' and name 'eng10026_lab2'
[0.359s] Level 1:colcon.colcon_core.package_identification:_identify(src/eng10026_publisher) by extensions ['ignore', 'ignore_ament_install']
[0.359s] Level 1:colcon.colcon_core.package_identification:_identify(src/eng10026_publisher) by extension 'ignore'
[0.359s] Level 1:colcon.colcon_core.package_identification:_identify(src/eng10026_publisher) by extension 'ignore_ament_install'
[0.359s] Level 1:colcon.colcon_core.package_identification:_identify(src/eng10026_publisher) by extensions ['colcon_pkg']
[0.359s] Level 1:colcon.colcon_core.package_identification:_identify(src/eng10026_publisher) by extension 'colcon_pkg'
[0.359s] Level 1:colcon.colcon_core.package_identification:_identify(src/eng10026_publisher) by extensions ['colcon_meta']
[0.359s] Level 1:colcon.colcon_core.package_identification:_identify(src/eng10026_publisher) by extension 'colcon_meta'
[0.359s] Level 1:colcon.colcon_core.package_identification:_identify(src/eng10026_publisher) by extensions ['ros']
[0.359s] Level 1:colcon.colcon_core.package_identification:_identify(src/eng10026_publisher) by extension 'ros'
[0.360s] DEBUG:colcon.colcon_core.package_identification:Package 'src/eng10026_publisher' with type 'ros.ament_cmake' and name 'eng10026_publisher'
[0.360s] Level 1:colcon.colcon_core.package_identification:_identify(src/eng10026_subscriber) by extensions ['ignore', 'ignore_ament_install']
[0.360s] Level 1:colcon.colcon_core.package_identification:_identify(src/eng10026_subscriber) by extension 'ignore'
[0.360s] Level 1:colcon.colcon_core.package_identification:_identify(src/eng10026_subscriber) by extension 'ignore_ament_install'
[0.360s] Level 1:colcon.colcon_core.package_identification:_identify(src/eng10026_subscriber) by extensions ['colcon_pkg']
[0.360s] Level 1:colcon.colcon_core.package_identification:_identify(src/eng10026_subscriber) by extension 'colcon_pkg'
[0.360s] Level 1:colcon.colcon_core.package_identification:_identify(src/eng10026_subscriber) by extensions ['colcon_meta']
[0.360s] Level 1:colcon.colcon_core.package_identification:_identify(src/eng10026_subscriber) by extension 'colcon_meta'
[0.360s] Level 1:colcon.colcon_core.package_identification:_identify(src/eng10026_subscriber) by extensions ['ros']
[0.360s] Level 1:colcon.colcon_core.package_identification:_identify(src/eng10026_subscriber) by extension 'ros'
[0.361s] DEBUG:colcon.colcon_core.package_identification:Package 'src/eng10026_subscriber' with type 'ros.ament_cmake' and name 'eng10026_subscriber'
[0.361s] Level 1:colcon.colcon_core.package_identification:_identify(src/eng10026_tf2) by extensions ['ignore', 'ignore_ament_install']
[0.361s] Level 1:colcon.colcon_core.package_identification:_identify(src/eng10026_tf2) by extension 'ignore'
[0.361s] Level 1:colcon.colcon_core.package_identification:_identify(src/eng10026_tf2) by extension 'ignore_ament_install'
[0.361s] Level 1:colcon.colcon_core.package_identification:_identify(src/eng10026_tf2) by extensions ['colcon_pkg']
[0.361s] Level 1:colcon.colcon_core.package_identification:_identify(src/eng10026_tf2) by extension 'colcon_pkg'
[0.361s] Level 1:colcon.colcon_core.package_identification:_identify(src/eng10026_tf2) by extensions ['colcon_meta']
[0.361s] Level 1:colcon.colcon_core.package_identification:_identify(src/eng10026_tf2) by extension 'colcon_meta'
[0.361s] Level 1:colcon.colcon_core.package_identification:_identify(src/eng10026_tf2) by extensions ['ros']
[0.361s] Level 1:colcon.colcon_core.package_identification:_identify(src/eng10026_tf2) by extension 'ros'
[0.361s] Level 1:colcon.colcon_core.package_identification:_identify(src/eng10026_tf2) by extensions ['cmake', 'python']
[0.361s] Level 1:colcon.colcon_core.package_identification:_identify(src/eng10026_tf2) by extension 'cmake'
[0.361s] Level 1:colcon.colcon_core.package_identification:_identify(src/eng10026_tf2) by extension 'python'
[0.361s] Level 1:colcon.colcon_core.package_identification:_identify(src/eng10026_tf2) by extensions ['python_setup_py']
[0.361s] Level 1:colcon.colcon_core.package_identification:_identify(src/eng10026_tf2) by extension 'python_setup_py'
[0.361s] Level 1:colcon.colcon_core.package_identification:_identify(src/eng10026_tf2/config) by extensions ['ignore', 'ignore_ament_install']
[0.361s] Level 1:colcon.colcon_core.package_identification:_identify(src/eng10026_tf2/config) by extension 'ignore'
[0.361s] Level 1:colcon.colcon_core.package_identification:_identify(src/eng10026_tf2/config) by extension 'ignore_ament_install'
[0.361s] Level 1:colcon.colcon_core.package_identification:_identify(src/eng10026_tf2/config) by extensions ['colcon_pkg']
[0.361s] Level 1:colcon.colcon_core.package_identification:_identify(src/eng10026_tf2/config) by extension 'colcon_pkg'
[0.361s] Level 1:colcon.colcon_core.package_identification:_identify(src/eng10026_tf2/config) by extensions ['colcon_meta']
[0.362s] Level 1:colcon.colcon_core.package_identification:_identify(src/eng10026_tf2/config) by extension 'colcon_meta'
[0.362s] Level 1:colcon.colcon_core.package_identification:_identify(src/eng10026_tf2/config) by extensions ['ros']
[0.362s] Level 1:colcon.colcon_core.package_identification:_identify(src/eng10026_tf2/config) by extension 'ros'
[0.362s] Level 1:colcon.colcon_core.package_identification:_identify(src/eng10026_tf2/config) by extensions ['cmake', 'python']
[0.362s] Level 1:colcon.colcon_core.package_identification:_identify(src/eng10026_tf2/config) by extension 'cmake'
[0.362s] Level 1:colcon.colcon_core.package_identification:_identify(src/eng10026_tf2/config) by extension 'python'
[0.362s] Level 1:colcon.colcon_core.package_identification:_identify(src/eng10026_tf2/config) by extensions ['python_setup_py']
[0.362s] Level 1:colcon.colcon_core.package_identification:_identify(src/eng10026_tf2/config) by extension 'python_setup_py'
[0.362s] Level 1:colcon.colcon_core.package_identification:_identify(src/q2d) by extensions ['ignore', 'ignore_ament_install']
[0.362s] Level 1:colcon.colcon_core.package_identification:_identify(src/q2d) by extension 'ignore'
[0.362s] Level 1:colcon.colcon_core.package_identification:_identify(src/q2d) by extension 'ignore_ament_install'
[0.362s] Level 1:colcon.colcon_core.package_identification:_identify(src/q2d) by extensions ['colcon_pkg']
[0.362s] Level 1:colcon.colcon_core.package_identification:_identify(src/q2d) by extension 'colcon_pkg'
[0.362s] Level 1:colcon.colcon_core.package_identification:_identify(src/q2d) by extensions ['colcon_meta']
[0.362s] Level 1:colcon.colcon_core.package_identification:_identify(src/q2d) by extension 'colcon_meta'
[0.362s] Level 1:colcon.colcon_core.package_identification:_identify(src/q2d) by extensions ['ros']
[0.362s] Level 1:colcon.colcon_core.package_identification:_identify(src/q2d) by extension 'ros'
[0.362s] Level 1:colcon.colcon_core.package_identification:_identify(src/q2d) by extensions ['cmake', 'python']
[0.362s] Level 1:colcon.colcon_core.package_identification:_identify(src/q2d) by extension 'cmake'
[0.362s] Level 1:colcon.colcon_core.package_identification:_identify(src/q2d) by extension 'python'
[0.362s] Level 1:colcon.colcon_core.package_identification:_identify(src/q2d) by extensions ['python_setup_py']
[0.362s] Level 1:colcon.colcon_core.package_identification:_identify(src/q2d) by extension 'python_setup_py'
[0.362s] Level 1:colcon.colcon_core.package_identification:_identify(src/q2d/q2d_bringup) by extensions ['ignore', 'ignore_ament_install']
[0.363s] Level 1:colcon.colcon_core.package_identification:_identify(src/q2d/q2d_bringup) by extension 'ignore'
[0.363s] Level 1:colcon.colcon_core.package_identification:_identify(src/q2d/q2d_bringup) by extension 'ignore_ament_install'
[0.363s] Level 1:colcon.colcon_core.package_identification:_identify(src/q2d/q2d_bringup) by extensions ['colcon_pkg']
[0.363s] Level 1:colcon.colcon_core.package_identification:_identify(src/q2d/q2d_bringup) by extension 'colcon_pkg'
[0.363s] Level 1:colcon.colcon_core.package_identification:_identify(src/q2d/q2d_bringup) by extensions ['colcon_meta']
[0.363s] Level 1:colcon.colcon_core.package_identification:_identify(src/q2d/q2d_bringup) by extension 'colcon_meta'
[0.363s] Level 1:colcon.colcon_core.package_identification:_identify(src/q2d/q2d_bringup) by extensions ['ros']
[0.363s] Level 1:colcon.colcon_core.package_identification:_identify(src/q2d/q2d_bringup) by extension 'ros'
[0.363s] DEBUG:colcon.colcon_core.package_identification:Package 'src/q2d/q2d_bringup' with type 'ros.ament_cmake' and name 'q2d_bringup'
[0.363s] Level 1:colcon.colcon_core.package_identification:_identify(src/q2d/q2d_description) by extensions ['ignore', 'ignore_ament_install']
[0.363s] Level 1:colcon.colcon_core.package_identification:_identify(src/q2d/q2d_description) by extension 'ignore'
[0.363s] Level 1:colcon.colcon_core.package_identification:_identify(src/q2d/q2d_description) by extension 'ignore_ament_install'
[0.364s] Level 1:colcon.colcon_core.package_identification:_identify(src/q2d/q2d_description) by extensions ['colcon_pkg']
[0.364s] Level 1:colcon.colcon_core.package_identification:_identify(src/q2d/q2d_description) by extension 'colcon_pkg'
[0.364s] Level 1:colcon.colcon_core.package_identification:_identify(src/q2d/q2d_description) by extensions ['colcon_meta']
[0.364s] Level 1:colcon.colcon_core.package_identification:_identify(src/q2d/q2d_description) by extension 'colcon_meta'
[0.364s] Level 1:colcon.colcon_core.package_identification:_identify(src/q2d/q2d_description) by extensions ['ros']
[0.364s] Level 1:colcon.colcon_core.package_identification:_identify(src/q2d/q2d_description) by extension 'ros'
[0.364s] DEBUG:colcon.colcon_core.package_identification:Package 'src/q2d/q2d_description' with type 'ros.ament_cmake' and name 'q2d_description'
[0.364s] Level 1:colcon.colcon_core.package_identification:_identify(src/q2d/q2d_teleop) by extensions ['ignore', 'ignore_ament_install']
[0.364s] Level 1:colcon.colcon_core.package_identification:_identify(src/q2d/q2d_teleop) by extension 'ignore'
[0.364s] Level 1:colcon.colcon_core.package_identification:_identify(src/q2d/q2d_teleop) by extension 'ignore_ament_install'
[0.364s] Level 1:colcon.colcon_core.package_identification:_identify(src/q2d/q2d_teleop) by extensions ['colcon_pkg']
[0.364s] Level 1:colcon.colcon_core.package_identification:_identify(src/q2d/q2d_teleop) by extension 'colcon_pkg'
[0.364s] Level 1:colcon.colcon_core.package_identification:_identify(src/q2d/q2d_teleop) by extensions ['colcon_meta']
[0.364s] Level 1:colcon.colcon_core.package_identification:_identify(src/q2d/q2d_teleop) by extension 'colcon_meta'
[0.365s] Level 1:colcon.colcon_core.package_identification:_identify(src/q2d/q2d_teleop) by extensions ['ros']
[0.365s] Level 1:colcon.colcon_core.package_identification:_identify(src/q2d/q2d_teleop) by extension 'ros'
[0.366s] DEBUG:colcon.colcon_core.package_identification:Package 'src/q2d/q2d_teleop' with type 'ros.ament_cmake' and name 'q2d_teleop'
[0.366s] Level 1:colcon.colcon_core.package_identification:_identify(src/q4d_description) by extensions ['ignore', 'ignore_ament_install']
[0.366s] Level 1:colcon.colcon_core.package_identification:_identify(src/q4d_description) by extension 'ignore'
[0.366s] Level 1:colcon.colcon_core.package_identification:_identify(src/q4d_description) by extension 'ignore_ament_install'
[0.366s] Level 1:colcon.colcon_core.package_identification:_identify(src/q4d_description) by extensions ['colcon_pkg']
[0.366s] Level 1:colcon.colcon_core.package_identification:_identify(src/q4d_description) by extension 'colcon_pkg'
[0.366s] Level 1:colcon.colcon_core.package_identification:_identify(src/q4d_description) by extensions ['colcon_meta']
[0.366s] Level 1:colcon.colcon_core.package_identification:_identify(src/q4d_description) by extension 'colcon_meta'
[0.366s] Level 1:colcon.colcon_core.package_identification:_identify(src/q4d_description) by extensions ['ros']
[0.366s] Level 1:colcon.colcon_core.package_identification:_identify(src/q4d_description) by extension 'ros'
[0.366s] DEBUG:colcon.colcon_core.package_identification:Package 'src/q4d_description' with type 'ros.ament_cmake' and name 'q4d_description'
[0.366s] Level 1:colcon.colcon_core.package_discovery:discover_packages(recursive) using defaults
[0.367s] Level 1:colcon.colcon_core.package_discovery:discover_packages(ignore) discover
[0.367s] Level 1:colcon.colcon_core.package_discovery:discover_packages(ignore) using defaults
[0.367s] Level 1:colcon.colcon_core.package_discovery:discover_packages(path) discover
[0.367s] Level 1:colcon.colcon_core.package_discovery:discover_packages(path) using defaults
[0.389s] Level 1:colcon.colcon_core.package_discovery:discover_packages(prefix_path) check parameters
[0.389s] Level 1:colcon.colcon_core.package_discovery:discover_packages(prefix_path) discover
[0.391s] DEBUG:colcon.colcon_installed_package_information.package_discovery:Found 7 installed packages in /home/ros/colcon_ws/install
[0.393s] DEBUG:colcon.colcon_installed_package_information.package_discovery:Found 308 installed packages in /opt/ros/humble
[0.395s] Level 1:colcon.colcon_core.package_discovery:discover_packages(prefix_path) using defaults
[0.460s] Level 5:colcon.colcon_core.verb:set package 'eng10026_lab2' build argument 'cmake_args' from command line to 'None'
[0.460s] Level 5:colcon.colcon_core.verb:set package 'eng10026_lab2' build argument 'cmake_target' from command line to 'None'
[0.460s] Level 5:colcon.colcon_core.verb:set package 'eng10026_lab2' build argument 'cmake_target_skip_unavailable' from command line to 'False'
[0.460s] Level 5:colcon.colcon_core.verb:set package 'eng10026_lab2' build argument 'cmake_clean_cache' from command line to 'False'
[0.460s] Level 5:colcon.colcon_core.verb:set package 'eng10026_lab2' build argument 'cmake_clean_first' from command line to 'False'
[0.460s] Level 5:colcon.colcon_core.verb:set package 'eng10026_lab2' build argument 'cmake_force_configure' from command line to 'False'
[0.460s] Level 5:colcon.colcon_core.verb:set package 'eng10026_lab2' build argument 'ament_cmake_args' from command line to 'None'
[0.460s] Level 5:colcon.colcon_core.verb:set package 'eng10026_lab2' build argument 'catkin_cmake_args' from command line to 'None'
[0.460s] Level 5:colcon.colcon_core.verb:set package 'eng10026_lab2' build argument 'catkin_skip_building_tests' from command line to 'False'
[0.460s] DEBUG:colcon.colcon_core.verb:Building package 'eng10026_lab2' with the following arguments: {'ament_cmake_args': None, 'build_base': '/home/ros/colcon_ws/build/eng10026_lab2', 'catkin_cmake_args': None, 'catkin_skip_building_tests': False, 'cmake_args': None, 'cmake_clean_cache': False, 'cmake_clean_first': False, 'cmake_force_configure': False, 'cmake_target': None, 'cmake_target_skip_unavailable': False, 'install_base': '/home/ros/colcon_ws/install/eng10026_lab2', 'merge_install': False, 'path': '/home/ros/colcon_ws/src/eng10026_lab2', 'symlink_install': True, 'test_result_base': None}
[0.461s] Level 5:colcon.colcon_core.verb:set package 'eng10026_publisher' build argument 'cmake_args' from command line to 'None'
[0.461s] Level 5:colcon.colcon_core.verb:set package 'eng10026_publisher' build argument 'cmake_target' from command line to 'None'
[0.461s] Level 5:colcon.colcon_core.verb:set package 'eng10026_publisher' build argument 'cmake_target_skip_unavailable' from command line to 'False'
[0.461s] Level 5:colcon.colcon_core.verb:set package 'eng10026_publisher' build argument 'cmake_clean_cache' from command line to 'False'
[0.461s] Level 5:colcon.colcon_core.verb:set package 'eng10026_publisher' build argument 'cmake_clean_first' from command line to 'False'
[0.461s] Level 5:colcon.colcon_core.verb:set package 'eng10026_publisher' build argument 'cmake_force_configure' from command line to 'False'
[0.461s] Level 5:colcon.colcon_core.verb:set package 'eng10026_publisher' build argument 'ament_cmake_args' from command line to 'None'
[0.461s] Level 5:colcon.colcon_core.verb:set package 'eng10026_publisher' build argument 'catkin_cmake_args' from command line to 'None'
[0.461s] Level 5:colcon.colcon_core.verb:set package 'eng10026_publisher' build argument 'catkin_skip_building_tests' from command line to 'False'
[0.461s] DEBUG:colcon.colcon_core.verb:Building package 'eng10026_publisher' with the following arguments: {'ament_cmake_args': None, 'build_base': '/home/ros/colcon_ws/build/eng10026_publisher', 'catkin_cmake_args': None, 'catkin_skip_building_tests': False, 'cmake_args': None, 'cmake_clean_cache': False, 'cmake_clean_first': False, 'cmake_force_configure': False, 'cmake_target': None, 'cmake_target_skip_unavailable': False, 'install_base': '/home/ros/colcon_ws/install/eng10026_publisher', 'merge_install': False, 'path': '/home/ros/colcon_ws/src/eng10026_publisher', 'symlink_install': True, 'test_result_base': None}
[0.462s] Level 5:colcon.colcon_core.verb:set package 'eng10026_subscriber' build argument 'cmake_args' from command line to 'None'
[0.463s] Level 5:colcon.colcon_core.verb:set package 'eng10026_subscriber' build argument 'cmake_target' from command line to 'None'
[0.463s] Level 5:colcon.colcon_core.verb:set package 'eng10026_subscriber' build argument 'cmake_target_skip_unavailable' from command line to 'False'
[0.463s] Level 5:colcon.colcon_core.verb:set package 'eng10026_subscriber' build argument 'cmake_clean_cache' from command line to 'False'
[0.463s] Level 5:colcon.colcon_core.verb:set package 'eng10026_subscriber' build argument 'cmake_clean_first' from command line to 'False'
[0.463s] Level 5:colcon.colcon_core.verb:set package 'eng10026_subscriber' build argument 'cmake_force_configure' from command line to 'False'
[0.463s] Level 5:colcon.colcon_core.verb:set package 'eng10026_subscriber' build argument 'ament_cmake_args' from command line to 'None'
[0.463s] Level 5:colcon.colcon_core.verb:set package 'eng10026_subscriber' build argument 'catkin_cmake_args' from command line to 'None'
[0.463s] Level 5:colcon.colcon_core.verb:set package 'eng10026_subscriber' build argument 'catkin_skip_building_tests' from command line to 'False'
[0.463s] DEBUG:colcon.colcon_core.verb:Building package 'eng10026_subscriber' with the following arguments: {'ament_cmake_args': None, 'build_base': '/home/ros/colcon_ws/build/eng10026_subscriber', 'catkin_cmake_args': None, 'catkin_skip_building_tests': False, 'cmake_args': None, 'cmake_clean_cache': False, 'cmake_clean_first': False, 'cmake_force_configure': False, 'cmake_target': None, 'cmake_target_skip_unavailable': False, 'install_base': '/home/ros/colcon_ws/install/eng10026_subscriber', 'merge_install': False, 'path': '/home/ros/colcon_ws/src/eng10026_subscriber', 'symlink_install': True, 'test_result_base': None}
[0.464s] Level 5:colcon.colcon_core.verb:set package 'q2d_bringup' build argument 'cmake_args' from command line to 'None'
[0.464s] Level 5:colcon.colcon_core.verb:set package 'q2d_bringup' build argument 'cmake_target' from command line to 'None'
[0.464s] Level 5:colcon.colcon_core.verb:set package 'q2d_bringup' build argument 'cmake_target_skip_unavailable' from command line to 'False'
[0.464s] Level 5:colcon.colcon_core.verb:set package 'q2d_bringup' build argument 'cmake_clean_cache' from command line to 'False'
[0.464s] Level 5:colcon.colcon_core.verb:set package 'q2d_bringup' build argument 'cmake_clean_first' from command line to 'False'
[0.464s] Level 5:colcon.colcon_core.verb:set package 'q2d_bringup' build argument 'cmake_force_configure' from command line to 'False'
[0.464s] Level 5:colcon.colcon_core.verb:set package 'q2d_bringup' build argument 'ament_cmake_args' from command line to 'None'
[0.464s] Level 5:colcon.colcon_core.verb:set package 'q2d_bringup' build argument 'catkin_cmake_args' from command line to 'None'
[0.464s] Level 5:colcon.colcon_core.verb:set package 'q2d_bringup' build argument 'catkin_skip_building_tests' from command line to 'False'
[0.464s] DEBUG:colcon.colcon_core.verb:Building package 'q2d_bringup' with the following arguments: {'ament_cmake_args': None, 'build_base': '/home/ros/colcon_ws/build/q2d_bringup', 'catkin_cmake_args': None, 'catkin_skip_building_tests': False, 'cmake_args': None, 'cmake_clean_cache': False, 'cmake_clean_first': False, 'cmake_force_configure': False, 'cmake_target': None, 'cmake_target_skip_unavailable': False, 'install_base': '/home/ros/colcon_ws/install/q2d_bringup', 'merge_install': False, 'path': '/home/ros/colcon_ws/src/q2d/q2d_bringup', 'symlink_install': True, 'test_result_base': None}
[0.465s] Level 5:colcon.colcon_core.verb:set package 'q2d_description' build argument 'cmake_args' from command line to 'None'
[0.465s] Level 5:colcon.colcon_core.verb:set package 'q2d_description' build argument 'cmake_target' from command line to 'None'
[0.465s] Level 5:colcon.colcon_core.verb:set package 'q2d_description' build argument 'cmake_target_skip_unavailable' from command line to 'False'
[0.465s] Level 5:colcon.colcon_core.verb:set package 'q2d_description' build argument 'cmake_clean_cache' from command line to 'False'
[0.465s] Level 5:colcon.colcon_core.verb:set package 'q2d_description' build argument 'cmake_clean_first' from command line to 'False'
[0.465s] Level 5:colcon.colcon_core.verb:set package 'q2d_description' build argument 'cmake_force_configure' from command line to 'False'
[0.465s] Level 5:colcon.colcon_core.verb:set package 'q2d_description' build argument 'ament_cmake_args' from command line to 'None'
[0.465s] Level 5:colcon.colcon_core.verb:set package 'q2d_description' build argument 'catkin_cmake_args' from command line to 'None'
[0.465s] Level 5:colcon.colcon_core.verb:set package 'q2d_description' build argument 'catkin_skip_building_tests' from command line to 'False'
[0.465s] DEBUG:colcon.colcon_core.verb:Building package 'q2d_description' with the following arguments: {'ament_cmake_args': None, 'build_base': '/home/ros/colcon_ws/build/q2d_description', 'catkin_cmake_args': None, 'catkin_skip_building_tests': False, 'cmake_args': None, 'cmake_clean_cache': False, 'cmake_clean_first': False, 'cmake_force_configure': False, 'cmake_target': None, 'cmake_target_skip_unavailable': False, 'install_base': '/home/ros/colcon_ws/install/q2d_description', 'merge_install': False, 'path': '/home/ros/colcon_ws/src/q2d/q2d_description', 'symlink_install': True, 'test_result_base': None}
[0.466s] Level 5:colcon.colcon_core.verb:set package 'q2d_teleop' build argument 'cmake_args' from command line to 'None'
[0.466s] Level 5:colcon.colcon_core.verb:set package 'q2d_teleop' build argument 'cmake_target' from command line to 'None'
[0.466s] Level 5:colcon.colcon_core.verb:set package 'q2d_teleop' build argument 'cmake_target_skip_unavailable' from command line to 'False'
[0.466s] Level 5:colcon.colcon_core.verb:set package 'q2d_teleop' build argument 'cmake_clean_cache' from command line to 'False'
[0.466s] Level 5:colcon.colcon_core.verb:set package 'q2d_teleop' build argument 'cmake_clean_first' from command line to 'False'
[0.466s] Level 5:colcon.colcon_core.verb:set package 'q2d_teleop' build argument 'cmake_force_configure' from command line to 'False'
[0.466s] Level 5:colcon.colcon_core.verb:set package 'q2d_teleop' build argument 'ament_cmake_args' from command line to 'None'
[0.466s] Level 5:colcon.colcon_core.verb:set package 'q2d_teleop' build argument 'catkin_cmake_args' from command line to 'None'
[0.466s] Level 5:colcon.colcon_core.verb:set package 'q2d_teleop' build argument 'catkin_skip_building_tests' from command line to 'False'
[0.466s] DEBUG:colcon.colcon_core.verb:Building package 'q2d_teleop' with the following arguments: {'ament_cmake_args': None, 'build_base': '/home/ros/colcon_ws/build/q2d_teleop', 'catkin_cmake_args': None, 'catkin_skip_building_tests': False, 'cmake_args': None, 'cmake_clean_cache': False, 'cmake_clean_first': False, 'cmake_force_configure': False, 'cmake_target': None, 'cmake_target_skip_unavailable': False, 'install_base': '/home/ros/colcon_ws/install/q2d_teleop', 'merge_install': False, 'path': '/home/ros/colcon_ws/src/q2d/q2d_teleop', 'symlink_install': True, 'test_result_base': None}
[0.467s] Level 5:colcon.colcon_core.verb:set package 'q4d_description' build argument 'cmake_args' from command line to 'None'
[0.467s] Level 5:colcon.colcon_core.verb:set package 'q4d_description' build argument 'cmake_target' from command line to 'None'
[0.467s] Level 5:colcon.colcon_core.verb:set package 'q4d_description' build argument 'cmake_target_skip_unavailable' from command line to 'False'
[0.468s] Level 5:colcon.colcon_core.verb:set package 'q4d_description' build argument 'cmake_clean_cache' from command line to 'False'
[0.468s] Level 5:colcon.colcon_core.verb:set package 'q4d_description' build argument 'cmake_clean_first' from command line to 'False'
[0.468s] Level 5:colcon.colcon_core.verb:set package 'q4d_description' build argument 'cmake_force_configure' from command line to 'False'
[0.468s] Level 5:colcon.colcon_core.verb:set package 'q4d_description' build argument 'ament_cmake_args' from command line to 'None'
[0.468s] Level 5:colcon.colcon_core.verb:set package 'q4d_description' build argument 'catkin_cmake_args' from command line to 'None'
[0.468s] Level 5:colcon.colcon_core.verb:set package 'q4d_description' build argument 'catkin_skip_building_tests' from command line to 'False'
[0.468s] DEBUG:colcon.colcon_core.verb:Building package 'q4d_description' with the following arguments: {'ament_cmake_args': None, 'build_base': '/home/ros/colcon_ws/build/q4d_description', 'catkin_cmake_args': None, 'catkin_skip_building_tests': False, 'cmake_args': None, 'cmake_clean_cache': False, 'cmake_clean_first': False, 'cmake_force_configure': False, 'cmake_target': None, 'cmake_target_skip_unavailable': False, 'install_base': '/home/ros/colcon_ws/install/q4d_description', 'merge_install': False, 'path': '/home/ros/colcon_ws/src/q4d_description', 'symlink_install': True, 'test_result_base': None}
[0.468s] INFO:colcon.colcon_core.executor:Executing jobs using 'parallel' executor
[0.473s] DEBUG:colcon.colcon_parallel_executor.executor.parallel:run_until_complete
[0.473s] INFO:colcon.colcon_ros.task.ament_cmake.build:Building ROS package in '/home/ros/colcon_ws/src/eng10026_lab2' with build type 'ament_cmake'
[0.474s] INFO:colcon.colcon_cmake.task.cmake.build:Building CMake package in '/home/ros/colcon_ws/src/eng10026_lab2'
[0.476s] INFO:colcon.colcon_core.plugin_system:Skipping extension 'colcon_core.shell.bat': Not used on non-Windows systems
[0.476s] INFO:colcon.colcon_core.shell:Skip shell extension 'powershell' for command environment: Not usable outside of PowerShell
[0.476s] DEBUG:colcon.colcon_core.shell:Skip shell extension 'dsv' for command environment
[0.480s] INFO:colcon.colcon_ros.task.ament_cmake.build:Building ROS package in '/home/ros/colcon_ws/src/eng10026_publisher' with build type 'ament_cmake'
[0.480s] INFO:colcon.colcon_cmake.task.cmake.build:Building CMake package in '/home/ros/colcon_ws/src/eng10026_publisher'
[0.481s] INFO:colcon.colcon_core.shell:Skip shell extension 'powershell' for command environment: Not usable outside of PowerShell
[0.481s] DEBUG:colcon.colcon_core.shell:Skip shell extension 'dsv' for command environment
[0.486s] INFO:colcon.colcon_ros.task.ament_cmake.build:Building ROS package in '/home/ros/colcon_ws/src/eng10026_subscriber' with build type 'ament_cmake'
[0.486s] INFO:colcon.colcon_cmake.task.cmake.build:Building CMake package in '/home/ros/colcon_ws/src/eng10026_subscriber'
[0.487s] INFO:colcon.colcon_core.shell:Skip shell extension 'powershell' for command environment: Not usable outside of PowerShell
[0.487s] DEBUG:colcon.colcon_core.shell:Skip shell extension 'dsv' for command environment
[0.496s] DEBUG:colcon.colcon_core.event_handler.log_command:Invoking command in '/home/ros/colcon_ws/build/eng10026_lab2': CMAKE_PREFIX_PATH=${CMAKE_PREFIX_PATH}:/opt/ros/humble /usr/bin/cmake --build /home/ros/colcon_ws/build/eng10026_lab2 -- -j3 -l3
[0.498s] DEBUG:colcon.colcon_core.event_handler.log_command:Invoking command in '/home/ros/colcon_ws/build/eng10026_publisher': CMAKE_PREFIX_PATH=${CMAKE_PREFIX_PATH}:/opt/ros/humble /usr/bin/cmake --build /home/ros/colcon_ws/build/eng10026_publisher -- -j3 -l3
[0.504s] DEBUG:colcon.colcon_core.event_handler.log_command:Invoking command in '/home/ros/colcon_ws/build/eng10026_subscriber': CMAKE_PREFIX_PATH=${CMAKE_PREFIX_PATH}:/opt/ros/humble /usr/bin/cmake --build /home/ros/colcon_ws/build/eng10026_subscriber -- -j3 -l3
[0.541s] DEBUG:colcon.colcon_core.event_handler.log_command:Invoked command in '/home/ros/colcon_ws/build/eng10026_lab2' returned '0': CMAKE_PREFIX_PATH=${CMAKE_PREFIX_PATH}:/opt/ros/humble /usr/bin/cmake --build /home/ros/colcon_ws/build/eng10026_lab2 -- -j3 -l3
[0.548s] DEBUG:colcon.colcon_core.event_handler.log_command:Invoked command in '/home/ros/colcon_ws/build/eng10026_subscriber' returned '0': CMAKE_PREFIX_PATH=${CMAKE_PREFIX_PATH}:/opt/ros/humble /usr/bin/cmake --build /home/ros/colcon_ws/build/eng10026_subscriber -- -j3 -l3
[0.558s] DEBUG:colcon.colcon_core.event_handler.log_command:Invoked command in '/home/ros/colcon_ws/build/eng10026_publisher' returned '0': CMAKE_PREFIX_PATH=${CMAKE_PREFIX_PATH}:/opt/ros/humble /usr/bin/cmake --build /home/ros/colcon_ws/build/eng10026_publisher -- -j3 -l3
[0.567s] DEBUG:colcon.colcon_core.event_handler.log_command:Invoking command in '/home/ros/colcon_ws/build/eng10026_lab2': CMAKE_PREFIX_PATH=${CMAKE_PREFIX_PATH}:/opt/ros/humble /usr/bin/cmake --install /home/ros/colcon_ws/build/eng10026_lab2
[0.569s] DEBUG:colcon.colcon_core.event_handler.log_command:Invoking command in '/home/ros/colcon_ws/build/eng10026_subscriber': CMAKE_PREFIX_PATH=${CMAKE_PREFIX_PATH}:/opt/ros/humble /usr/bin/cmake --install /home/ros/colcon_ws/build/eng10026_subscriber
[0.578s] DEBUG:colcon.colcon_core.event_handler.log_command:Invoking command in '/home/ros/colcon_ws/build/eng10026_publisher': CMAKE_PREFIX_PATH=${CMAKE_PREFIX_PATH}:/opt/ros/humble /usr/bin/cmake --install /home/ros/colcon_ws/build/eng10026_publisher
[0.583s] Level 1:colcon.colcon_core.environment:create_environment_scripts_only(eng10026_subscriber)
[0.589s] DEBUG:colcon.colcon_core.event_handler.log_command:Invoked command in '/home/ros/colcon_ws/build/eng10026_subscriber' returned '0': CMAKE_PREFIX_PATH=${CMAKE_PREFIX_PATH}:/opt/ros/humble /usr/bin/cmake --install /home/ros/colcon_ws/build/eng10026_subscriber
[0.594s] Level 1:colcon.colcon_core.environment:checking '/home/ros/colcon_ws/install/eng10026_subscriber' for CMake module files
[0.594s] Level 1:colcon.colcon_core.environment:checking '/home/ros/colcon_ws/install/eng10026_subscriber' for CMake config files
[0.594s] Level 1:colcon.colcon_core.shell:create_environment_hook('eng10026_subscriber', 'cmake_prefix_path')
[0.596s] INFO:colcon.colcon_core.shell:Creating environment hook '/home/ros/colcon_ws/install/eng10026_subscriber/share/eng10026_subscriber/hook/cmake_prefix_path.ps1'
[0.597s] INFO:colcon.colcon_core.shell:Creating environment descriptor '/home/ros/colcon_ws/install/eng10026_subscriber/share/eng10026_subscriber/hook/cmake_prefix_path.dsv'
[0.597s] INFO:colcon.colcon_core.shell:Creating environment hook '/home/ros/colcon_ws/install/eng10026_subscriber/share/eng10026_subscriber/hook/cmake_prefix_path.sh'
[0.598s] Level 1:colcon.colcon_core.environment:checking '/home/ros/colcon_ws/install/eng10026_subscriber/lib'
[0.598s] Level 1:colcon.colcon_core.environment:checking '/home/ros/colcon_ws/install/eng10026_subscriber/bin'
[0.599s] Level 1:colcon.colcon_core.environment:checking '/home/ros/colcon_ws/install/eng10026_subscriber/lib/pkgconfig/eng10026_subscriber.pc'
[0.599s] Level 1:colcon.colcon_core.environment:checking '/home/ros/colcon_ws/install/eng10026_subscriber/lib/python3.10/site-packages'
[0.599s] Level 1:colcon.colcon_core.environment:checking '/home/ros/colcon_ws/install/eng10026_subscriber/bin'
[0.600s] INFO:colcon.colcon_core.shell:Creating package script '/home/ros/colcon_ws/install/eng10026_subscriber/share/eng10026_subscriber/package.ps1'
[0.601s] INFO:colcon.colcon_core.shell:Creating package descriptor '/home/ros/colcon_ws/install/eng10026_subscriber/share/eng10026_subscriber/package.dsv'
[0.602s] INFO:colcon.colcon_core.shell:Creating package script '/home/ros/colcon_ws/install/eng10026_subscriber/share/eng10026_subscriber/package.sh'
[0.606s] INFO:colcon.colcon_core.shell:Creating package script '/home/ros/colcon_ws/install/eng10026_subscriber/share/eng10026_subscriber/package.bash'
[0.607s] INFO:colcon.colcon_core.shell:Creating package script '/home/ros/colcon_ws/install/eng10026_subscriber/share/eng10026_subscriber/package.zsh'
[0.608s] Level 1:colcon.colcon_core.environment:create_file_with_runtime_dependencies(/home/ros/colcon_ws/install/eng10026_subscriber/share/colcon-core/packages/eng10026_subscriber)
[0.609s] Level 1:colcon.colcon_core.environment:create_environment_scripts_only(eng10026_lab2)
[0.612s] Level 1:colcon.colcon_core.environment:checking '/home/ros/colcon_ws/install/eng10026_lab2' for CMake module files
[0.612s] DEBUG:colcon.colcon_core.event_handler.log_command:Invoked command in '/home/ros/colcon_ws/build/eng10026_lab2' returned '0': CMAKE_PREFIX_PATH=${CMAKE_PREFIX_PATH}:/opt/ros/humble /usr/bin/cmake --install /home/ros/colcon_ws/build/eng10026_lab2
[0.613s] Level 1:colcon.colcon_core.environment:checking '/home/ros/colcon_ws/install/eng10026_lab2' for CMake config files
[0.613s] Level 1:colcon.colcon_core.shell:create_environment_hook('eng10026_lab2', 'cmake_prefix_path')
[0.614s] INFO:colcon.colcon_core.shell:Creating environment hook '/home/ros/colcon_ws/install/eng10026_lab2/share/eng10026_lab2/hook/cmake_prefix_path.ps1'
[0.614s] INFO:colcon.colcon_core.shell:Creating environment descriptor '/home/ros/colcon_ws/install/eng10026_lab2/share/eng10026_lab2/hook/cmake_prefix_path.dsv'
[0.614s] INFO:colcon.colcon_core.shell:Creating environment hook '/home/ros/colcon_ws/install/eng10026_lab2/share/eng10026_lab2/hook/cmake_prefix_path.sh'
[0.615s] Level 1:colcon.colcon_core.environment:checking '/home/ros/colcon_ws/install/eng10026_lab2/lib'
[0.615s] Level 1:colcon.colcon_core.environment:checking '/home/ros/colcon_ws/install/eng10026_lab2/bin'
[0.615s] Level 1:colcon.colcon_core.environment:checking '/home/ros/colcon_ws/install/eng10026_lab2/lib/pkgconfig/eng10026_lab2.pc'
[0.615s] Level 1:colcon.colcon_core.environment:checking '/home/ros/colcon_ws/install/eng10026_lab2/lib/python3.10/site-packages'
[0.615s] Level 1:colcon.colcon_core.environment:checking '/home/ros/colcon_ws/install/eng10026_lab2/bin'
[0.617s] INFO:colcon.colcon_core.shell:Creating package script '/home/ros/colcon_ws/install/eng10026_lab2/share/eng10026_lab2/package.ps1'
[0.617s] INFO:colcon.colcon_core.shell:Creating package descriptor '/home/ros/colcon_ws/install/eng10026_lab2/share/eng10026_lab2/package.dsv'
[0.618s] INFO:colcon.colcon_core.shell:Creating package script '/home/ros/colcon_ws/install/eng10026_lab2/share/eng10026_lab2/package.sh'
[0.618s] INFO:colcon.colcon_core.shell:Creating package script '/home/ros/colcon_ws/install/eng10026_lab2/share/eng10026_lab2/package.bash'
[0.618s] INFO:colcon.colcon_core.shell:Creating package script '/home/ros/colcon_ws/install/eng10026_lab2/share/eng10026_lab2/package.zsh'
[0.619s] Level 1:colcon.colcon_core.environment:create_file_with_runtime_dependencies(/home/ros/colcon_ws/install/eng10026_lab2/share/colcon-core/packages/eng10026_lab2)
[0.620s] Level 1:colcon.colcon_core.environment:create_environment_scripts_only(eng10026_publisher)
[0.622s] Level 1:colcon.colcon_core.environment:checking '/home/ros/colcon_ws/install/eng10026_publisher' for CMake module files
[0.622s] DEBUG:colcon.colcon_core.event_handler.log_command:Invoked command in '/home/ros/colcon_ws/build/eng10026_publisher' returned '0': CMAKE_PREFIX_PATH=${CMAKE_PREFIX_PATH}:/opt/ros/humble /usr/bin/cmake --install /home/ros/colcon_ws/build/eng10026_publisher
[0.623s] Level 1:colcon.colcon_core.environment:checking '/home/ros/colcon_ws/install/eng10026_publisher' for CMake config files
[0.623s] Level 1:colcon.colcon_core.shell:create_environment_hook('eng10026_publisher', 'cmake_prefix_path')
[0.624s] INFO:colcon.colcon_core.shell:Creating environment hook '/home/ros/colcon_ws/install/eng10026_publisher/share/eng10026_publisher/hook/cmake_prefix_path.ps1'
[0.624s] INFO:colcon.colcon_core.shell:Creating environment descriptor '/home/ros/colcon_ws/install/eng10026_publisher/share/eng10026_publisher/hook/cmake_prefix_path.dsv'
[0.624s] INFO:colcon.colcon_core.shell:Creating environment hook '/home/ros/colcon_ws/install/eng10026_publisher/share/eng10026_publisher/hook/cmake_prefix_path.sh'
[0.625s] Level 1:colcon.colcon_core.environment:checking '/home/ros/colcon_ws/install/eng10026_publisher/lib'
[0.625s] Level 1:colcon.colcon_core.environment:checking '/home/ros/colcon_ws/install/eng10026_publisher/bin'
[0.625s] Level 1:colcon.colcon_core.environment:checking '/home/ros/colcon_ws/install/eng10026_publisher/lib/pkgconfig/eng10026_publisher.pc'
[0.625s] Level 1:colcon.colcon_core.environment:checking '/home/ros/colcon_ws/install/eng10026_publisher/lib/python3.10/site-packages'
[0.625s] Level 1:colcon.colcon_core.environment:checking '/home/ros/colcon_ws/install/eng10026_publisher/bin'
[0.627s] INFO:colcon.colcon_core.shell:Creating package script '/home/ros/colcon_ws/install/eng10026_publisher/share/eng10026_publisher/package.ps1'
[0.628s] INFO:colcon.colcon_core.shell:Creating package descriptor '/home/ros/colcon_ws/install/eng10026_publisher/share/eng10026_publisher/package.dsv'
[0.628s] INFO:colcon.colcon_core.shell:Creating package script '/home/ros/colcon_ws/install/eng10026_publisher/share/eng10026_publisher/package.sh'
[0.629s] INFO:colcon.colcon_core.shell:Creating package script '/home/ros/colcon_ws/install/eng10026_publisher/share/eng10026_publisher/package.bash'
[0.629s] INFO:colcon.colcon_core.shell:Creating package script '/home/ros/colcon_ws/install/eng10026_publisher/share/eng10026_publisher/package.zsh'
[0.630s] Level 1:colcon.colcon_core.environment:create_file_with_runtime_dependencies(/home/ros/colcon_ws/install/eng10026_publisher/share/colcon-core/packages/eng10026_publisher)
[0.632s] Level 1:colcon.colcon_core.environment:create_environment_scripts_only(eng10026_subscriber)
[0.634s] Level 1:colcon.colcon_core.environment:checking '/home/ros/colcon_ws/install/eng10026_subscriber' for CMake module files
[0.635s] Level 1:colcon.colcon_core.environment:checking '/home/ros/colcon_ws/install/eng10026_subscriber' for CMake config files
[0.635s] Level 1:colcon.colcon_core.shell:create_environment_hook('eng10026_subscriber', 'cmake_prefix_path')
[0.637s] INFO:colcon.colcon_core.shell:Creating environment hook '/home/ros/colcon_ws/install/eng10026_subscriber/share/eng10026_subscriber/hook/cmake_prefix_path.ps1'
[0.637s] INFO:colcon.colcon_core.shell:Creating environment descriptor '/home/ros/colcon_ws/install/eng10026_subscriber/share/eng10026_subscriber/hook/cmake_prefix_path.dsv'
[0.637s] INFO:colcon.colcon_core.shell:Creating environment hook '/home/ros/colcon_ws/install/eng10026_subscriber/share/eng10026_subscriber/hook/cmake_prefix_path.sh'
[0.638s] Level 1:colcon.colcon_core.environment:checking '/home/ros/colcon_ws/install/eng10026_subscriber/lib'
[0.638s] Level 1:colcon.colcon_core.environment:checking '/home/ros/colcon_ws/install/eng10026_subscriber/bin'
[0.638s] Level 1:colcon.colcon_core.environment:checking '/home/ros/colcon_ws/install/eng10026_subscriber/lib/pkgconfig/eng10026_subscriber.pc'
[0.638s] Level 1:colcon.colcon_core.environment:checking '/home/ros/colcon_ws/install/eng10026_subscriber/lib/python3.10/site-packages'
[0.638s] Level 1:colcon.colcon_core.environment:checking '/home/ros/colcon_ws/install/eng10026_subscriber/bin'
[0.640s] INFO:colcon.colcon_core.shell:Creating package script '/home/ros/colcon_ws/install/eng10026_subscriber/share/eng10026_subscriber/package.ps1'
[0.640s] INFO:colcon.colcon_core.shell:Creating package descriptor '/home/ros/colcon_ws/install/eng10026_subscriber/share/eng10026_subscriber/package.dsv'
[0.641s] INFO:colcon.colcon_core.shell:Creating package script '/home/ros/colcon_ws/install/eng10026_subscriber/share/eng10026_subscriber/package.sh'
[0.641s] INFO:colcon.colcon_core.shell:Creating package script '/home/ros/colcon_ws/install/eng10026_subscriber/share/eng10026_subscriber/package.bash'
[0.642s] INFO:colcon.colcon_core.shell:Creating package script '/home/ros/colcon_ws/install/eng10026_subscriber/share/eng10026_subscriber/package.zsh'
[0.642s] Level 1:colcon.colcon_core.environment:create_file_with_runtime_dependencies(/home/ros/colcon_ws/install/eng10026_subscriber/share/colcon-core/packages/eng10026_subscriber)
[0.642s] INFO:colcon.colcon_ros.task.ament_cmake.build:Building ROS package in '/home/ros/colcon_ws/src/q2d/q2d_bringup' with build type 'ament_cmake'
[0.643s] INFO:colcon.colcon_cmake.task.cmake.build:Building CMake package in '/home/ros/colcon_ws/src/q2d/q2d_bringup'
[0.644s] INFO:colcon.colcon_core.shell:Skip shell extension 'powershell' for command environment: Not usable outside of PowerShell
[0.644s] DEBUG:colcon.colcon_core.shell:Skip shell extension 'dsv' for command environment
[0.648s] Level 1:colcon.colcon_core.environment:create_environment_scripts_only(eng10026_lab2)
[0.650s] Level 1:colcon.colcon_core.environment:checking '/home/ros/colcon_ws/install/eng10026_lab2' for CMake module files
[0.651s] Level 1:colcon.colcon_core.environment:checking '/home/ros/colcon_ws/install/eng10026_lab2' for CMake config files
[0.651s] Level 1:colcon.colcon_core.shell:create_environment_hook('eng10026_lab2', 'cmake_prefix_path')
[0.652s] INFO:colcon.colcon_core.shell:Creating environment hook '/home/ros/colcon_ws/install/eng10026_lab2/share/eng10026_lab2/hook/cmake_prefix_path.ps1'
[0.652s] INFO:colcon.colcon_core.shell:Creating environment descriptor '/home/ros/colcon_ws/install/eng10026_lab2/share/eng10026_lab2/hook/cmake_prefix_path.dsv'
[0.653s] INFO:colcon.colcon_core.shell:Creating environment hook '/home/ros/colcon_ws/install/eng10026_lab2/share/eng10026_lab2/hook/cmake_prefix_path.sh'
[0.653s] Level 1:colcon.colcon_core.environment:checking '/home/ros/colcon_ws/install/eng10026_lab2/lib'
[0.653s] Level 1:colcon.colcon_core.environment:checking '/home/ros/colcon_ws/install/eng10026_lab2/bin'
[0.653s] Level 1:colcon.colcon_core.environment:checking '/home/ros/colcon_ws/install/eng10026_lab2/lib/pkgconfig/eng10026_lab2.pc'
[0.653s] Level 1:colcon.colcon_core.environment:checking '/home/ros/colcon_ws/install/eng10026_lab2/lib/python3.10/site-packages'
[0.654s] Level 1:colcon.colcon_core.environment:checking '/home/ros/colcon_ws/install/eng10026_lab2/bin'
[0.655s] INFO:colcon.colcon_core.shell:Creating package script '/home/ros/colcon_ws/install/eng10026_lab2/share/eng10026_lab2/package.ps1'
[0.655s] INFO:colcon.colcon_core.shell:Creating package descriptor '/home/ros/colcon_ws/install/eng10026_lab2/share/eng10026_lab2/package.dsv'
[0.656s] INFO:colcon.colcon_core.shell:Creating package script '/home/ros/colcon_ws/install/eng10026_lab2/share/eng10026_lab2/package.sh'
[0.656s] INFO:colcon.colcon_core.shell:Creating package script '/home/ros/colcon_ws/install/eng10026_lab2/share/eng10026_lab2/package.bash'
[0.657s] INFO:colcon.colcon_core.shell:Creating package script '/home/ros/colcon_ws/install/eng10026_lab2/share/eng10026_lab2/package.zsh'
[0.657s] Level 1:colcon.colcon_core.environment:create_file_with_runtime_dependencies(/home/ros/colcon_ws/install/eng10026_lab2/share/colcon-core/packages/eng10026_lab2)
[0.657s] INFO:colcon.colcon_ros.task.ament_cmake.build:Building ROS package in '/home/ros/colcon_ws/src/q2d/q2d_description' with build type 'ament_cmake'
[0.658s] INFO:colcon.colcon_cmake.task.cmake.build:Building CMake package in '/home/ros/colcon_ws/src/q2d/q2d_description'
[0.659s] INFO:colcon.colcon_core.shell:Skip shell extension 'powershell' for command environment: Not usable outside of PowerShell
[0.659s] DEBUG:colcon.colcon_core.shell:Skip shell extension 'dsv' for command environment
[0.665s] Level 1:colcon.colcon_core.environment:create_environment_scripts_only(eng10026_publisher)
[0.667s] Level 1:colcon.colcon_core.environment:checking '/home/ros/colcon_ws/install/eng10026_publisher' for CMake module files
[0.667s] Level 1:colcon.colcon_core.environment:checking '/home/ros/colcon_ws/install/eng10026_publisher' for CMake config files
[0.667s] Level 1:colcon.colcon_core.shell:create_environment_hook('eng10026_publisher', 'cmake_prefix_path')
[0.668s] INFO:colcon.colcon_core.shell:Creating environment hook '/home/ros/colcon_ws/install/eng10026_publisher/share/eng10026_publisher/hook/cmake_prefix_path.ps1'
[0.668s] INFO:colcon.colcon_core.shell:Creating environment descriptor '/home/ros/colcon_ws/install/eng10026_publisher/share/eng10026_publisher/hook/cmake_prefix_path.dsv'
[0.668s] INFO:colcon.colcon_core.shell:Creating environment hook '/home/ros/colcon_ws/install/eng10026_publisher/share/eng10026_publisher/hook/cmake_prefix_path.sh'
[0.669s] Level 1:colcon.colcon_core.environment:checking '/home/ros/colcon_ws/install/eng10026_publisher/lib'
[0.669s] Level 1:colcon.colcon_core.environment:checking '/home/ros/colcon_ws/install/eng10026_publisher/bin'
[0.669s] Level 1:colcon.colcon_core.environment:checking '/home/ros/colcon_ws/install/eng10026_publisher/lib/pkgconfig/eng10026_publisher.pc'
[0.669s] Level 1:colcon.colcon_core.environment:checking '/home/ros/colcon_ws/install/eng10026_publisher/lib/python3.10/site-packages'
[0.670s] Level 1:colcon.colcon_core.environment:checking '/home/ros/colcon_ws/install/eng10026_publisher/bin'
[0.671s] INFO:colcon.colcon_core.shell:Creating package script '/home/ros/colcon_ws/install/eng10026_publisher/share/eng10026_publisher/package.ps1'
[0.672s] INFO:colcon.colcon_core.shell:Creating package descriptor '/home/ros/colcon_ws/install/eng10026_publisher/share/eng10026_publisher/package.dsv'
[0.672s] INFO:colcon.colcon_core.shell:Creating package script '/home/ros/colcon_ws/install/eng10026_publisher/share/eng10026_publisher/package.sh'
[0.672s] INFO:colcon.colcon_core.shell:Creating package script '/home/ros/colcon_ws/install/eng10026_publisher/share/eng10026_publisher/package.bash'
[0.673s] INFO:colcon.colcon_core.shell:Creating package script '/home/ros/colcon_ws/install/eng10026_publisher/share/eng10026_publisher/package.zsh'
[0.673s] Level 1:colcon.colcon_core.environment:create_file_with_runtime_dependencies(/home/ros/colcon_ws/install/eng10026_publisher/share/colcon-core/packages/eng10026_publisher)
[0.674s] INFO:colcon.colcon_ros.task.ament_cmake.build:Building ROS package in '/home/ros/colcon_ws/src/q2d/q2d_teleop' with build type 'ament_cmake'
[0.674s] INFO:colcon.colcon_cmake.task.cmake.build:Building CMake package in '/home/ros/colcon_ws/src/q2d/q2d_teleop'
[0.676s] INFO:colcon.colcon_core.shell:Skip shell extension 'powershell' for command environment: Not usable outside of PowerShell
[0.676s] DEBUG:colcon.colcon_core.shell:Skip shell extension 'dsv' for command environment
[0.683s] DEBUG:colcon.colcon_core.event_handler.log_command:Invoking command in '/home/ros/colcon_ws/build/q2d_bringup': CMAKE_PREFIX_PATH=${CMAKE_PREFIX_PATH}:/opt/ros/humble /usr/bin/cmake --build /home/ros/colcon_ws/build/q2d_bringup -- -j3 -l3
[0.686s] DEBUG:colcon.colcon_core.event_handler.log_command:Invoking command in '/home/ros/colcon_ws/build/q2d_description': CMAKE_PREFIX_PATH=${CMAKE_PREFIX_PATH}:/opt/ros/humble /usr/bin/cmake --build /home/ros/colcon_ws/build/q2d_description -- -j3 -l3
[0.691s] DEBUG:colcon.colcon_core.event_handler.log_command:Invoking command in '/home/ros/colcon_ws/build/q2d_teleop': CMAKE_PREFIX_PATH=${CMAKE_PREFIX_PATH}:/opt/ros/humble /usr/bin/cmake --build /home/ros/colcon_ws/build/q2d_teleop -- -j3 -l3
[0.714s] DEBUG:colcon.colcon_core.event_handler.log_command:Invoked command in '/home/ros/colcon_ws/build/q2d_bringup' returned '0': CMAKE_PREFIX_PATH=${CMAKE_PREFIX_PATH}:/opt/ros/humble /usr/bin/cmake --build /home/ros/colcon_ws/build/q2d_bringup -- -j3 -l3
[0.722s] DEBUG:colcon.colcon_core.event_handler.log_command:Invoked command in '/home/ros/colcon_ws/build/q2d_description' returned '0': CMAKE_PREFIX_PATH=${CMAKE_PREFIX_PATH}:/opt/ros/humble /usr/bin/cmake --build /home/ros/colcon_ws/build/q2d_description -- -j3 -l3
[0.736s] DEBUG:colcon.colcon_core.event_handler.log_command:Invoking command in '/home/ros/colcon_ws/build/q2d_bringup': CMAKE_PREFIX_PATH=${CMAKE_PREFIX_PATH}:/opt/ros/humble /usr/bin/cmake --install /home/ros/colcon_ws/build/q2d_bringup
[0.742s] DEBUG:colcon.colcon_core.event_handler.log_command:Invoking command in '/home/ros/colcon_ws/build/q2d_description': CMAKE_PREFIX_PATH=${CMAKE_PREFIX_PATH}:/opt/ros/humble /usr/bin/cmake --install /home/ros/colcon_ws/build/q2d_description
[0.745s] DEBUG:colcon.colcon_core.event_handler.log_command:Invoked command in '/home/ros/colcon_ws/build/q2d_teleop' returned '0': CMAKE_PREFIX_PATH=${CMAKE_PREFIX_PATH}:/opt/ros/humble /usr/bin/cmake --build /home/ros/colcon_ws/build/q2d_teleop -- -j3 -l3
[0.758s] Level 1:colcon.colcon_core.environment:create_environment_scripts_only(q2d_description)
[0.759s] Level 1:colcon.colcon_core.environment:checking '/home/ros/colcon_ws/install/q2d_description' for CMake module files
[0.760s] DEBUG:colcon.colcon_core.event_handler.log_command:Invoked command in '/home/ros/colcon_ws/build/q2d_description' returned '0': CMAKE_PREFIX_PATH=${CMAKE_PREFIX_PATH}:/opt/ros/humble /usr/bin/cmake --install /home/ros/colcon_ws/build/q2d_description
[0.760s] Level 1:colcon.colcon_core.environment:checking '/home/ros/colcon_ws/install/q2d_description' for CMake config files
[0.761s] Level 1:colcon.colcon_core.shell:create_environment_hook('q2d_description', 'cmake_prefix_path')
[0.762s] INFO:colcon.colcon_core.shell:Creating environment hook '/home/ros/colcon_ws/install/q2d_description/share/q2d_description/hook/cmake_prefix_path.ps1'
[0.763s] INFO:colcon.colcon_core.shell:Creating environment descriptor '/home/ros/colcon_ws/install/q2d_description/share/q2d_description/hook/cmake_prefix_path.dsv'
[0.763s] INFO:colcon.colcon_core.shell:Creating environment hook '/home/ros/colcon_ws/install/q2d_description/share/q2d_description/hook/cmake_prefix_path.sh'
[0.763s] Level 1:colcon.colcon_core.environment:checking '/home/ros/colcon_ws/install/q2d_description/bin'
[0.763s] Level 1:colcon.colcon_core.environment:checking '/home/ros/colcon_ws/install/q2d_description/lib/pkgconfig/q2d_description.pc'
[0.764s] Level 1:colcon.colcon_core.environment:checking '/home/ros/colcon_ws/install/q2d_description/lib/python3.10/site-packages'
[0.764s] Level 1:colcon.colcon_core.environment:checking '/home/ros/colcon_ws/install/q2d_description/bin'
[0.765s] INFO:colcon.colcon_core.shell:Creating package script '/home/ros/colcon_ws/install/q2d_description/share/q2d_description/package.ps1'
[0.766s] INFO:colcon.colcon_core.shell:Creating package descriptor '/home/ros/colcon_ws/install/q2d_description/share/q2d_description/package.dsv'
[0.766s] INFO:colcon.colcon_core.shell:Creating package script '/home/ros/colcon_ws/install/q2d_description/share/q2d_description/package.sh'
[0.766s] INFO:colcon.colcon_core.shell:Creating package script '/home/ros/colcon_ws/install/q2d_description/share/q2d_description/package.bash'
[0.767s] INFO:colcon.colcon_core.shell:Creating package script '/home/ros/colcon_ws/install/q2d_description/share/q2d_description/package.zsh'
[0.767s] Level 1:colcon.colcon_core.environment:create_file_with_runtime_dependencies(/home/ros/colcon_ws/install/q2d_description/share/colcon-core/packages/q2d_description)
[0.768s] Level 1:colcon.colcon_core.environment:create_environment_scripts_only(q2d_bringup)
[0.770s] Level 1:colcon.colcon_core.environment:checking '/home/ros/colcon_ws/install/q2d_bringup' for CMake module files
[0.770s] DEBUG:colcon.colcon_core.event_handler.log_command:Invoked command in '/home/ros/colcon_ws/build/q2d_bringup' returned '0': CMAKE_PREFIX_PATH=${CMAKE_PREFIX_PATH}:/opt/ros/humble /usr/bin/cmake --install /home/ros/colcon_ws/build/q2d_bringup
[0.771s] Level 1:colcon.colcon_core.environment:checking '/home/ros/colcon_ws/install/q2d_bringup' for CMake config files
[0.771s] Level 1:colcon.colcon_core.shell:create_environment_hook('q2d_bringup', 'cmake_prefix_path')
[0.772s] INFO:colcon.colcon_core.shell:Creating environment hook '/home/ros/colcon_ws/install/q2d_bringup/share/q2d_bringup/hook/cmake_prefix_path.ps1'
[0.772s] INFO:colcon.colcon_core.shell:Creating environment descriptor '/home/ros/colcon_ws/install/q2d_bringup/share/q2d_bringup/hook/cmake_prefix_path.dsv'
[0.773s] INFO:colcon.colcon_core.shell:Creating environment hook '/home/ros/colcon_ws/install/q2d_bringup/share/q2d_bringup/hook/cmake_prefix_path.sh'
[0.773s] Level 1:colcon.colcon_core.environment:checking '/home/ros/colcon_ws/install/q2d_bringup/lib'
[0.773s] Level 1:colcon.colcon_core.environment:checking '/home/ros/colcon_ws/install/q2d_bringup/bin'
[0.773s] Level 1:colcon.colcon_core.environment:checking '/home/ros/colcon_ws/install/q2d_bringup/lib/pkgconfig/q2d_bringup.pc'
[0.773s] Level 1:colcon.colcon_core.environment:checking '/home/ros/colcon_ws/install/q2d_bringup/lib/python3.10/site-packages'
[0.774s] Level 1:colcon.colcon_core.environment:checking '/home/ros/colcon_ws/install/q2d_bringup/bin'
[0.775s] INFO:colcon.colcon_core.shell:Creating package script '/home/ros/colcon_ws/install/q2d_bringup/share/q2d_bringup/package.ps1'
[0.775s] INFO:colcon.colcon_core.shell:Creating package descriptor '/home/ros/colcon_ws/install/q2d_bringup/share/q2d_bringup/package.dsv'
[0.776s] INFO:colcon.colcon_core.shell:Creating package script '/home/ros/colcon_ws/install/q2d_bringup/share/q2d_bringup/package.sh'
[0.776s] INFO:colcon.colcon_core.shell:Creating package script '/home/ros/colcon_ws/install/q2d_bringup/share/q2d_bringup/package.bash'
[0.776s] INFO:colcon.colcon_core.shell:Creating package script '/home/ros/colcon_ws/install/q2d_bringup/share/q2d_bringup/package.zsh'
[0.777s] Level 1:colcon.colcon_core.environment:create_file_with_runtime_dependencies(/home/ros/colcon_ws/install/q2d_bringup/share/colcon-core/packages/q2d_bringup)
[0.778s] DEBUG:colcon.colcon_core.event_handler.log_command:Invoking command in '/home/ros/colcon_ws/build/q2d_teleop': CMAKE_PREFIX_PATH=${CMAKE_PREFIX_PATH}:/opt/ros/humble /usr/bin/cmake --install /home/ros/colcon_ws/build/q2d_teleop
[0.781s] Level 1:colcon.colcon_core.environment:create_environment_scripts_only(q2d_description)
[0.783s] Level 1:colcon.colcon_core.environment:checking '/home/ros/colcon_ws/install/q2d_description' for CMake module files
[0.783s] Level 1:colcon.colcon_core.environment:checking '/home/ros/colcon_ws/install/q2d_description' for CMake config files
[0.784s] Level 1:colcon.colcon_core.shell:create_environment_hook('q2d_description', 'cmake_prefix_path')
[0.785s] INFO:colcon.colcon_core.shell:Creating environment hook '/home/ros/colcon_ws/install/q2d_description/share/q2d_description/hook/cmake_prefix_path.ps1'
[0.787s] INFO:colcon.colcon_core.shell:Creating environment descriptor '/home/ros/colcon_ws/install/q2d_description/share/q2d_description/hook/cmake_prefix_path.dsv'
[0.788s] INFO:colcon.colcon_core.shell:Creating environment hook '/home/ros/colcon_ws/install/q2d_description/share/q2d_description/hook/cmake_prefix_path.sh'
[0.789s] Level 1:colcon.colcon_core.environment:checking '/home/ros/colcon_ws/install/q2d_description/bin'
[0.789s] Level 1:colcon.colcon_core.environment:checking '/home/ros/colcon_ws/install/q2d_description/lib/pkgconfig/q2d_description.pc'
[0.789s] Level 1:colcon.colcon_core.environment:checking '/home/ros/colcon_ws/install/q2d_description/lib/python3.10/site-packages'
[0.789s] Level 1:colcon.colcon_core.environment:checking '/home/ros/colcon_ws/install/q2d_description/bin'
[0.791s] INFO:colcon.colcon_core.shell:Creating package script '/home/ros/colcon_ws/install/q2d_description/share/q2d_description/package.ps1'
[0.793s] INFO:colcon.colcon_core.shell:Creating package descriptor '/home/ros/colcon_ws/install/q2d_description/share/q2d_description/package.dsv'
[0.793s] INFO:colcon.colcon_core.shell:Creating package script '/home/ros/colcon_ws/install/q2d_description/share/q2d_description/package.sh'
[0.793s] INFO:colcon.colcon_core.shell:Creating package script '/home/ros/colcon_ws/install/q2d_description/share/q2d_description/package.bash'
[0.794s] INFO:colcon.colcon_core.shell:Creating package script '/home/ros/colcon_ws/install/q2d_description/share/q2d_description/package.zsh'
[0.794s] Level 1:colcon.colcon_core.environment:create_file_with_runtime_dependencies(/home/ros/colcon_ws/install/q2d_description/share/colcon-core/packages/q2d_description)
[0.795s] INFO:colcon.colcon_ros.task.ament_cmake.build:Building ROS package in '/home/ros/colcon_ws/src/q4d_description' with build type 'ament_cmake'
[0.795s] INFO:colcon.colcon_cmake.task.cmake.build:Building CMake package in '/home/ros/colcon_ws/src/q4d_description'
[0.797s] INFO:colcon.colcon_core.shell:Skip shell extension 'powershell' for command environment: Not usable outside of PowerShell
[0.797s] DEBUG:colcon.colcon_core.shell:Skip shell extension 'dsv' for command environment
[0.802s] Level 1:colcon.colcon_core.environment:create_environment_scripts_only(q2d_bringup)
[0.804s] Level 1:colcon.colcon_core.environment:checking '/home/ros/colcon_ws/install/q2d_bringup' for CMake module files
[0.804s] Level 1:colcon.colcon_core.environment:checking '/home/ros/colcon_ws/install/q2d_bringup' for CMake config files
[0.805s] Level 1:colcon.colcon_core.shell:create_environment_hook('q2d_bringup', 'cmake_prefix_path')
[0.806s] INFO:colcon.colcon_core.shell:Creating environment hook '/home/ros/colcon_ws/install/q2d_bringup/share/q2d_bringup/hook/cmake_prefix_path.ps1'
[0.807s] INFO:colcon.colcon_core.shell:Creating environment descriptor '/home/ros/colcon_ws/install/q2d_bringup/share/q2d_bringup/hook/cmake_prefix_path.dsv'
[0.807s] INFO:colcon.colcon_core.shell:Creating environment hook '/home/ros/colcon_ws/install/q2d_bringup/share/q2d_bringup/hook/cmake_prefix_path.sh'
[0.808s] Level 1:colcon.colcon_core.environment:checking '/home/ros/colcon_ws/install/q2d_bringup/lib'
[0.808s] Level 1:colcon.colcon_core.environment:checking '/home/ros/colcon_ws/install/q2d_bringup/bin'
[0.808s] Level 1:colcon.colcon_core.environment:checking '/home/ros/colcon_ws/install/q2d_bringup/lib/pkgconfig/q2d_bringup.pc'
[0.808s] Level 1:colcon.colcon_core.environment:checking '/home/ros/colcon_ws/install/q2d_bringup/lib/python3.10/site-packages'
[0.808s] Level 1:colcon.colcon_core.environment:checking '/home/ros/colcon_ws/install/q2d_bringup/bin'
[0.810s] INFO:colcon.colcon_core.shell:Creating package script '/home/ros/colcon_ws/install/q2d_bringup/share/q2d_bringup/package.ps1'
[0.810s] INFO:colcon.colcon_core.shell:Creating package descriptor '/home/ros/colcon_ws/install/q2d_bringup/share/q2d_bringup/package.dsv'
[0.811s] INFO:colcon.colcon_core.shell:Creating package script '/home/ros/colcon_ws/install/q2d_bringup/share/q2d_bringup/package.sh'
[0.811s] INFO:colcon.colcon_core.shell:Creating package script '/home/ros/colcon_ws/install/q2d_bringup/share/q2d_bringup/package.bash'
[0.812s] INFO:colcon.colcon_core.shell:Creating package script '/home/ros/colcon_ws/install/q2d_bringup/share/q2d_bringup/package.zsh'
[0.812s] Level 1:colcon.colcon_core.environment:create_file_with_runtime_dependencies(/home/ros/colcon_ws/install/q2d_bringup/share/colcon-core/packages/q2d_bringup)
[0.813s] Level 1:colcon.colcon_core.environment:create_environment_scripts_only(q2d_teleop)
[0.814s] Level 1:colcon.colcon_core.environment:checking '/home/ros/colcon_ws/install/q2d_teleop' for CMake module files
[0.815s] DEBUG:colcon.colcon_core.event_handler.log_command:Invoked command in '/home/ros/colcon_ws/build/q2d_teleop' returned '0': CMAKE_PREFIX_PATH=${CMAKE_PREFIX_PATH}:/opt/ros/humble /usr/bin/cmake --install /home/ros/colcon_ws/build/q2d_teleop
[0.815s] Level 1:colcon.colcon_core.environment:checking '/home/ros/colcon_ws/install/q2d_teleop' for CMake config files
[0.816s] Level 1:colcon.colcon_core.shell:create_environment_hook('q2d_teleop', 'cmake_prefix_path')
[0.817s] INFO:colcon.colcon_core.shell:Creating environment hook '/home/ros/colcon_ws/install/q2d_teleop/share/q2d_teleop/hook/cmake_prefix_path.ps1'
[0.817s] INFO:colcon.colcon_core.shell:Creating environment descriptor '/home/ros/colcon_ws/install/q2d_teleop/share/q2d_teleop/hook/cmake_prefix_path.dsv'
[0.818s] INFO:colcon.colcon_core.shell:Creating environment hook '/home/ros/colcon_ws/install/q2d_teleop/share/q2d_teleop/hook/cmake_prefix_path.sh'
[0.818s] Level 1:colcon.colcon_core.environment:checking '/home/ros/colcon_ws/install/q2d_teleop/lib'
[0.818s] Level 1:colcon.colcon_core.environment:checking '/home/ros/colcon_ws/install/q2d_teleop/bin'
[0.818s] Level 1:colcon.colcon_core.environment:checking '/home/ros/colcon_ws/install/q2d_teleop/lib/pkgconfig/q2d_teleop.pc'
[0.818s] Level 1:colcon.colcon_core.environment:checking '/home/ros/colcon_ws/install/q2d_teleop/lib/python3.10/site-packages'
[0.819s] Level 1:colcon.colcon_core.environment:checking '/home/ros/colcon_ws/install/q2d_teleop/bin'
[0.820s] INFO:colcon.colcon_core.shell:Creating package script '/home/ros/colcon_ws/install/q2d_teleop/share/q2d_teleop/package.ps1'
[0.820s] INFO:colcon.colcon_core.shell:Creating package descriptor '/home/ros/colcon_ws/install/q2d_teleop/share/q2d_teleop/package.dsv'
[0.821s] INFO:colcon.colcon_core.shell:Creating package script '/home/ros/colcon_ws/install/q2d_teleop/share/q2d_teleop/package.sh'
[0.821s] INFO:colcon.colcon_core.shell:Creating package script '/home/ros/colcon_ws/install/q2d_teleop/share/q2d_teleop/package.bash'
[0.821s] INFO:colcon.colcon_core.shell:Creating package script '/home/ros/colcon_ws/install/q2d_teleop/share/q2d_teleop/package.zsh'
[0.821s] Level 1:colcon.colcon_core.environment:create_file_with_runtime_dependencies(/home/ros/colcon_ws/install/q2d_teleop/share/colcon-core/packages/q2d_teleop)
[0.824s] DEBUG:colcon.colcon_core.event_handler.log_command:Invoking command in '/home/ros/colcon_ws/build/q4d_description': CMAKE_PREFIX_PATH=${CMAKE_PREFIX_PATH}:/opt/ros/humble /usr/bin/cmake --build /home/ros/colcon_ws/build/q4d_description -- -j3 -l3
[0.849s] Level 1:colcon.colcon_core.environment:create_environment_scripts_only(q2d_teleop)
[0.851s] Level 1:colcon.colcon_core.environment:checking '/home/ros/colcon_ws/install/q2d_teleop' for CMake module files
[0.851s] Level 1:colcon.colcon_core.environment:checking '/home/ros/colcon_ws/install/q2d_teleop' for CMake config files
[0.851s] Level 1:colcon.colcon_core.shell:create_environment_hook('q2d_teleop', 'cmake_prefix_path')
[0.853s] INFO:colcon.colcon_core.shell:Creating environment hook '/home/ros/colcon_ws/install/q2d_teleop/share/q2d_teleop/hook/cmake_prefix_path.ps1'
[0.853s] INFO:colcon.colcon_core.shell:Creating environment descriptor '/home/ros/colcon_ws/install/q2d_teleop/share/q2d_teleop/hook/cmake_prefix_path.dsv'
[0.853s] INFO:colcon.colcon_core.shell:Creating environment hook '/home/ros/colcon_ws/install/q2d_teleop/share/q2d_teleop/hook/cmake_prefix_path.sh'
[0.854s] Level 1:colcon.colcon_core.environment:checking '/home/ros/colcon_ws/install/q2d_teleop/lib'
[0.854s] Level 1:colcon.colcon_core.environment:checking '/home/ros/colcon_ws/install/q2d_teleop/bin'
[0.854s] Level 1:colcon.colcon_core.environment:checking '/home/ros/colcon_ws/install/q2d_teleop/lib/pkgconfig/q2d_teleop.pc'
[0.854s] Level 1:colcon.colcon_core.environment:checking '/home/ros/colcon_ws/install/q2d_teleop/lib/python3.10/site-packages'
[0.854s] Level 1:colcon.colcon_core.environment:checking '/home/ros/colcon_ws/install/q2d_teleop/bin'
[0.856s] INFO:colcon.colcon_core.shell:Creating package script '/home/ros/colcon_ws/install/q2d_teleop/share/q2d_teleop/package.ps1'
[0.856s] INFO:colcon.colcon_core.shell:Creating package descriptor '/home/ros/colcon_ws/install/q2d_teleop/share/q2d_teleop/package.dsv'
[0.857s] INFO:colcon.colcon_core.shell:Creating package script '/home/ros/colcon_ws/install/q2d_teleop/share/q2d_teleop/package.sh'
[0.857s] INFO:colcon.colcon_core.shell:Creating package script '/home/ros/colcon_ws/install/q2d_teleop/share/q2d_teleop/package.bash'
[0.857s] INFO:colcon.colcon_core.shell:Creating package script '/home/ros/colcon_ws/install/q2d_teleop/share/q2d_teleop/package.zsh'
[0.858s] Level 1:colcon.colcon_core.environment:create_file_with_runtime_dependencies(/home/ros/colcon_ws/install/q2d_teleop/share/colcon-core/packages/q2d_teleop)
[0.859s] DEBUG:colcon.colcon_core.event_handler.log_command:Invoked command in '/home/ros/colcon_ws/build/q4d_description' returned '0': CMAKE_PREFIX_PATH=${CMAKE_PREFIX_PATH}:/opt/ros/humble /usr/bin/cmake --build /home/ros/colcon_ws/build/q4d_description -- -j3 -l3
[0.876s] DEBUG:colcon.colcon_core.event_handler.log_command:Invoking command in '/home/ros/colcon_ws/build/q4d_description': CMAKE_PREFIX_PATH=${CMAKE_PREFIX_PATH}:/opt/ros/humble /usr/bin/cmake --install /home/ros/colcon_ws/build/q4d_description
[0.891s] Level 1:colcon.colcon_core.environment:create_environment_scripts_only(q4d_description)
[0.892s] Level 1:colcon.colcon_core.environment:checking '/home/ros/colcon_ws/install/q4d_description' for CMake module files
[0.893s] DEBUG:colcon.colcon_core.event_handler.log_command:Invoked command in '/home/ros/colcon_ws/build/q4d_description' returned '0': CMAKE_PREFIX_PATH=${CMAKE_PREFIX_PATH}:/opt/ros/humble /usr/bin/cmake --install /home/ros/colcon_ws/build/q4d_description
[0.893s] Level 1:colcon.colcon_core.environment:checking '/home/ros/colcon_ws/install/q4d_description' for CMake config files
[0.893s] Level 1:colcon.colcon_core.shell:create_environment_hook('q4d_description', 'cmake_prefix_path')
[0.894s] INFO:colcon.colcon_core.shell:Creating environment hook '/home/ros/colcon_ws/install/q4d_description/share/q4d_description/hook/cmake_prefix_path.ps1'
[0.894s] INFO:colcon.colcon_core.shell:Creating environment descriptor '/home/ros/colcon_ws/install/q4d_description/share/q4d_description/hook/cmake_prefix_path.dsv'
[0.895s] INFO:colcon.colcon_core.shell:Creating environment hook '/home/ros/colcon_ws/install/q4d_description/share/q4d_description/hook/cmake_prefix_path.sh'
[0.895s] Level 1:colcon.colcon_core.environment:checking '/home/ros/colcon_ws/install/q4d_description/lib'
[0.895s] Level 1:colcon.colcon_core.environment:checking '/home/ros/colcon_ws/install/q4d_description/bin'
[0.895s] Level 1:colcon.colcon_core.environment:checking '/home/ros/colcon_ws/install/q4d_description/lib/pkgconfig/q4d_description.pc'
[0.895s] Level 1:colcon.colcon_core.environment:checking '/home/ros/colcon_ws/install/q4d_description/lib/python3.10/site-packages'
[0.896s] Level 1:colcon.colcon_core.environment:checking '/home/ros/colcon_ws/install/q4d_description/bin'
[0.897s] INFO:colcon.colcon_core.shell:Creating package script '/home/ros/colcon_ws/install/q4d_description/share/q4d_description/package.ps1'
[0.897s] INFO:colcon.colcon_core.shell:Creating package descriptor '/home/ros/colcon_ws/install/q4d_description/share/q4d_description/package.dsv'
[0.898s] INFO:colcon.colcon_core.shell:Creating package script '/home/ros/colcon_ws/install/q4d_description/share/q4d_description/package.sh'
[0.898s] INFO:colcon.colcon_core.shell:Creating package script '/home/ros/colcon_ws/install/q4d_description/share/q4d_description/package.bash'
[0.898s] INFO:colcon.colcon_core.shell:Creating package script '/home/ros/colcon_ws/install/q4d_description/share/q4d_description/package.zsh'
[0.898s] Level 1:colcon.colcon_core.environment:create_file_with_runtime_dependencies(/home/ros/colcon_ws/install/q4d_description/share/colcon-core/packages/q4d_description)
[0.913s] Level 1:colcon.colcon_core.environment:create_environment_scripts_only(q4d_description)
[0.915s] Level 1:colcon.colcon_core.environment:checking '/home/ros/colcon_ws/install/q4d_description' for CMake module files
[0.915s] Level 1:colcon.colcon_core.environment:checking '/home/ros/colcon_ws/install/q4d_description' for CMake config files
[0.915s] Level 1:colcon.colcon_core.shell:create_environment_hook('q4d_description', 'cmake_prefix_path')
[0.916s] INFO:colcon.colcon_core.shell:Creating environment hook '/home/ros/colcon_ws/install/q4d_description/share/q4d_description/hook/cmake_prefix_path.ps1'
[0.916s] INFO:colcon.colcon_core.shell:Creating environment descriptor '/home/ros/colcon_ws/install/q4d_description/share/q4d_description/hook/cmake_prefix_path.dsv'
[0.917s] INFO:colcon.colcon_core.shell:Creating environment hook '/home/ros/colcon_ws/install/q4d_description/share/q4d_description/hook/cmake_prefix_path.sh'
[0.917s] Level 1:colcon.colcon_core.environment:checking '/home/ros/colcon_ws/install/q4d_description/lib'
[0.917s] Level 1:colcon.colcon_core.environment:checking '/home/ros/colcon_ws/install/q4d_description/bin'
[0.917s] Level 1:colcon.colcon_core.environment:checking '/home/ros/colcon_ws/install/q4d_description/lib/pkgconfig/q4d_description.pc'
[0.917s] Level 1:colcon.colcon_core.environment:checking '/home/ros/colcon_ws/install/q4d_description/lib/python3.10/site-packages'
[0.918s] Level 1:colcon.colcon_core.environment:checking '/home/ros/colcon_ws/install/q4d_description/bin'
[0.919s] INFO:colcon.colcon_core.shell:Creating package script '/home/ros/colcon_ws/install/q4d_description/share/q4d_description/package.ps1'
[0.919s] INFO:colcon.colcon_core.shell:Creating package descriptor '/home/ros/colcon_ws/install/q4d_description/share/q4d_description/package.dsv'
[0.920s] INFO:colcon.colcon_core.shell:Creating package script '/home/ros/colcon_ws/install/q4d_description/share/q4d_description/package.sh'
[0.920s] INFO:colcon.colcon_core.shell:Creating package script '/home/ros/colcon_ws/install/q4d_description/share/q4d_description/package.bash'
[0.920s] INFO:colcon.colcon_core.shell:Creating package script '/home/ros/colcon_ws/install/q4d_description/share/q4d_description/package.zsh'
[0.921s] Level 1:colcon.colcon_core.environment:create_file_with_runtime_dependencies(/home/ros/colcon_ws/install/q4d_description/share/colcon-core/packages/q4d_description)
[0.921s] DEBUG:colcon.colcon_parallel_executor.executor.parallel:closing loop
[0.921s] DEBUG:colcon.colcon_parallel_executor.executor.parallel:loop closed
[0.921s] DEBUG:colcon.colcon_parallel_executor.executor.parallel:run_until_complete finished with '0'
[0.921s] DEBUG:colcon.colcon_core.event_reactor:joining thread
[0.926s] INFO:colcon.colcon_core.plugin_system:Skipping extension 'colcon_notification.desktop_notification.terminal_notifier': Not used on non-Darwin systems
[0.926s] INFO:colcon.colcon_core.plugin_system:Skipping extension 'colcon_notification.desktop_notification.win32': Not used on non-Windows systems
[0.926s] INFO:colcon.colcon_notification.desktop_notification:Sending desktop notification using 'notify2'
[0.939s] DEBUG:colcon.colcon_core.event_reactor:joined thread
[0.941s] INFO:colcon.colcon_core.shell:Creating prefix script '/home/ros/colcon_ws/install/local_setup.ps1'
[0.942s] INFO:colcon.colcon_core.shell:Creating prefix util module '/home/ros/colcon_ws/install/_local_setup_util_ps1.py'
[0.944s] INFO:colcon.colcon_core.shell:Creating prefix chain script '/home/ros/colcon_ws/install/setup.ps1'
[0.945s] INFO:colcon.colcon_core.shell:Creating prefix script '/home/ros/colcon_ws/install/local_setup.sh'
[0.946s] INFO:colcon.colcon_core.shell:Creating prefix util module '/home/ros/colcon_ws/install/_local_setup_util_sh.py'
[0.946s] INFO:colcon.colcon_core.shell:Creating prefix chain script '/home/ros/colcon_ws/install/setup.sh'
[0.948s] INFO:colcon.colcon_core.shell:Creating prefix script '/home/ros/colcon_ws/install/local_setup.bash'
[0.948s] INFO:colcon.colcon_core.shell:Creating prefix chain script '/home/ros/colcon_ws/install/setup.bash'
[0.950s] INFO:colcon.colcon_core.shell:Creating prefix script '/home/ros/colcon_ws/install/local_setup.zsh'
[0.951s] INFO:colcon.colcon_core.shell:Creating prefix chain script '/home/ros/colcon_ws/install/setup.zsh'
