[0.359s] DEBUG:colcon:Command line arguments: ['/usr/bin/colcon', 'build', '--symlink-install']
[0.359s] DEBUG:colcon:Parsed command line arguments: Namespace(log_base=None, log_level=None, verb_name='build', build_base='build', install_base='install', merge_install=False, symlink_install=True, test_result_base=None, continue_on_error=False, executor='parallel', parallel_workers=3, event_handlers=None, ignore_user_meta=False, metas=['./colcon.meta'], base_paths=['.'], packages_ignore=None, packages_ignore_regex=None, paths=None, packages_up_to=None, packages_up_to_regex=None, packages_above=None, packages_above_and_dependencies=None, packages_above_depth=None, packages_select_by_dep=None, packages_skip_by_dep=None, packages_skip_up_to=None, packages_select_build_failed=False, packages_skip_build_finished=False, packages_select_test_failures=False, packages_skip_test_passed=False, packages_select=None, packages_skip=None, packages_select_regex=None, packages_skip_regex=None, packages_start=None, packages_end=None, allow_overriding=[], cmake_args=None, cmake_target=None, cmake_target_skip_unavailable=False, cmake_clean_cache=False, cmake_clean_first=False, cmake_force_configure=False, ament_cmake_args=None, catkin_cmake_args=None, catkin_skip_building_tests=False, verb_parser=<colcon_defaults.argument_parser.defaults.DefaultArgumentsDecorator object at 0x7f32b6c7ca60>, verb_extension=<colcon_core.verb.build.BuildVerb object at 0x7f32b7459300>, main=<bound method BuildVerb.main of <colcon_core.verb.build.BuildVerb object at 0x7f32b7459300>>)
[0.394s] Level 1:colcon.colcon_core.package_discovery:discover_packages(colcon_meta) check parameters
[0.394s] Level 1:colcon.colcon_core.package_discovery:discover_packages(recursive) check parameters
[0.394s] Level 1:colcon.colcon_core.package_discovery:discover_packages(ignore) check parameters
[0.394s] Level 1:colcon.colcon_core.package_discovery:discover_packages(path) check parameters
[0.394s] Level 1:colcon.colcon_core.package_discovery:discover_packages(colcon_meta) discover
[0.394s] Level 1:colcon.colcon_core.package_discovery:discover_packages(recursive) discover
[0.394s] INFO:colcon.colcon_core.package_discovery:Crawling recursively for packages in '/home/ros/colcon_ws/src'
[0.394s] Level 1:colcon.colcon_core.package_identification:_identify(.) by extensions ['ignore', 'ignore_ament_install']
[0.395s] Level 1:colcon.colcon_core.package_identification:_identify(.) by extension 'ignore'
[0.395s] Level 1:colcon.colcon_core.package_identification:_identify(.) by extension 'ignore_ament_install'
[0.395s] Level 1:colcon.colcon_core.package_identification:_identify(.) by extensions ['colcon_pkg']
[0.395s] Level 1:colcon.colcon_core.package_identification:_identify(.) by extension 'colcon_pkg'
[0.395s] Level 1:colcon.colcon_core.package_identification:_identify(.) by extensions ['colcon_meta']
[0.395s] Level 1:colcon.colcon_core.package_identification:_identify(.) by extension 'colcon_meta'
[0.395s] Level 1:colcon.colcon_core.package_identification:_identify(.) by extensions ['ros']
[0.395s] Level 1:colcon.colcon_core.package_identification:_identify(.) by extension 'ros'
[0.406s] Level 1:colcon.colcon_core.package_identification:_identify(.) by extensions ['cmake', 'python']
[0.407s] Level 1:colcon.colcon_core.package_identification:_identify(.) by extension 'cmake'
[0.407s] Level 1:colcon.colcon_core.package_identification:_identify(.) by extension 'python'
[0.407s] Level 1:colcon.colcon_core.package_identification:_identify(.) by extensions ['python_setup_py']
[0.407s] Level 1:colcon.colcon_core.package_identification:_identify(.) by extension 'python_setup_py'
[0.407s] Level 1:colcon.colcon_core.package_identification:_identify(build) by extensions ['ignore', 'ignore_ament_install']
[0.407s] Level 1:colcon.colcon_core.package_identification:_identify(build) by extension 'ignore'
[0.407s] Level 1:colcon.colcon_core.package_identification:_identify(build) ignored
[0.407s] Level 1:colcon.colcon_core.package_identification:_identify(install) by extensions ['ignore', 'ignore_ament_install']
[0.408s] Level 1:colcon.colcon_core.package_identification:_identify(install) by extension 'ignore'
[0.408s] Level 1:colcon.colcon_core.package_identification:_identify(install) ignored
[0.408s] Level 1:colcon.colcon_core.package_identification:_identify(log) by extensions ['ignore', 'ignore_ament_install']
[0.408s] Level 1:colcon.colcon_core.package_identification:_identify(log) by extension 'ignore'
[0.408s] Level 1:colcon.colcon_core.package_identification:_identify(log) ignored
[0.408s] Level 1:colcon.colcon_core.package_identification:_identify(q2d) by extensions ['ignore', 'ignore_ament_install']
[0.408s] Level 1:colcon.colcon_core.package_identification:_identify(q2d) by extension 'ignore'
[0.408s] Level 1:colcon.colcon_core.package_identification:_identify(q2d) by extension 'ignore_ament_install'
[0.408s] Level 1:colcon.colcon_core.package_identification:_identify(q2d) by extensions ['colcon_pkg']
[0.408s] Level 1:colcon.colcon_core.package_identification:_identify(q2d) by extension 'colcon_pkg'
[0.408s] Level 1:colcon.colcon_core.package_identification:_identify(q2d) by extensions ['colcon_meta']
[0.408s] Level 1:colcon.colcon_core.package_identification:_identify(q2d) by extension 'colcon_meta'
[0.408s] Level 1:colcon.colcon_core.package_identification:_identify(q2d) by extensions ['ros']
[0.408s] Level 1:colcon.colcon_core.package_identification:_identify(q2d) by extension 'ros'
[0.408s] Level 1:colcon.colcon_core.package_identification:_identify(q2d) by extensions ['cmake', 'python']
[0.408s] Level 1:colcon.colcon_core.package_identification:_identify(q2d) by extension 'cmake'
[0.409s] Level 1:colcon.colcon_core.package_identification:_identify(q2d) by extension 'python'
[0.409s] Level 1:colcon.colcon_core.package_identification:_identify(q2d) by extensions ['python_setup_py']
[0.409s] Level 1:colcon.colcon_core.package_identification:_identify(q2d) by extension 'python_setup_py'
[0.409s] Level 1:colcon.colcon_core.package_identification:_identify(q2d/q2d_bringup) by extensions ['ignore', 'ignore_ament_install']
[0.409s] Level 1:colcon.colcon_core.package_identification:_identify(q2d/q2d_bringup) by extension 'ignore'
[0.409s] Level 1:colcon.colcon_core.package_identification:_identify(q2d/q2d_bringup) by extension 'ignore_ament_install'
[0.409s] Level 1:colcon.colcon_core.package_identification:_identify(q2d/q2d_bringup) by extensions ['colcon_pkg']
[0.409s] Level 1:colcon.colcon_core.package_identification:_identify(q2d/q2d_bringup) by extension 'colcon_pkg'
[0.409s] Level 1:colcon.colcon_core.package_identification:_identify(q2d/q2d_bringup) by extensions ['colcon_meta']
[0.409s] Level 1:colcon.colcon_core.package_identification:_identify(q2d/q2d_bringup) by extension 'colcon_meta'
[0.409s] Level 1:colcon.colcon_core.package_identification:_identify(q2d/q2d_bringup) by extensions ['ros']
[0.409s] Level 1:colcon.colcon_core.package_identification:_identify(q2d/q2d_bringup) by extension 'ros'
[0.412s] DEBUG:colcon.colcon_core.package_identification:Package 'q2d/q2d_bringup' with type 'ros.ament_cmake' and name 'q2d_bringup'
[0.412s] Level 1:colcon.colcon_core.package_identification:_identify(q2d/q2d_description) by extensions ['ignore', 'ignore_ament_install']
[0.412s] Level 1:colcon.colcon_core.package_identification:_identify(q2d/q2d_description) by extension 'ignore'
[0.412s] Level 1:colcon.colcon_core.package_identification:_identify(q2d/q2d_description) by extension 'ignore_ament_install'
[0.412s] Level 1:colcon.colcon_core.package_identification:_identify(q2d/q2d_description) by extensions ['colcon_pkg']
[0.412s] Level 1:colcon.colcon_core.package_identification:_identify(q2d/q2d_description) by extension 'colcon_pkg'
[0.412s] Level 1:colcon.colcon_core.package_identification:_identify(q2d/q2d_description) by extensions ['colcon_meta']
[0.412s] Level 1:colcon.colcon_core.package_identification:_identify(q2d/q2d_description) by extension 'colcon_meta'
[0.412s] Level 1:colcon.colcon_core.package_identification:_identify(q2d/q2d_description) by extensions ['ros']
[0.412s] Level 1:colcon.colcon_core.package_identification:_identify(q2d/q2d_description) by extension 'ros'
[0.413s] DEBUG:colcon.colcon_core.package_identification:Package 'q2d/q2d_description' with type 'ros.ament_cmake' and name 'q2d_description'
[0.413s] Level 1:colcon.colcon_core.package_identification:_identify(q2d/q2d_teleop) by extensions ['ignore', 'ignore_ament_install']
[0.413s] Level 1:colcon.colcon_core.package_identification:_identify(q2d/q2d_teleop) by extension 'ignore'
[0.413s] Level 1:colcon.colcon_core.package_identification:_identify(q2d/q2d_teleop) by extension 'ignore_ament_install'
[0.413s] Level 1:colcon.colcon_core.package_identification:_identify(q2d/q2d_teleop) by extensions ['colcon_pkg']
[0.413s] Level 1:colcon.colcon_core.package_identification:_identify(q2d/q2d_teleop) by extension 'colcon_pkg'
[0.413s] Level 1:colcon.colcon_core.package_identification:_identify(q2d/q2d_teleop) by extensions ['colcon_meta']
[0.413s] Level 1:colcon.colcon_core.package_identification:_identify(q2d/q2d_teleop) by extension 'colcon_meta'
[0.413s] Level 1:colcon.colcon_core.package_identification:_identify(q2d/q2d_teleop) by extensions ['ros']
[0.413s] Level 1:colcon.colcon_core.package_identification:_identify(q2d/q2d_teleop) by extension 'ros'
[0.414s] DEBUG:colcon.colcon_core.package_identification:Package 'q2d/q2d_teleop' with type 'ros.ament_cmake' and name 'q2d_teleop'
[0.415s] Level 1:colcon.colcon_core.package_identification:_identify(q4d_description) by extensions ['ignore', 'ignore_ament_install']
[0.415s] Level 1:colcon.colcon_core.package_identification:_identify(q4d_description) by extension 'ignore'
[0.415s] Level 1:colcon.colcon_core.package_identification:_identify(q4d_description) by extension 'ignore_ament_install'
[0.415s] Level 1:colcon.colcon_core.package_identification:_identify(q4d_description) by extensions ['colcon_pkg']
[0.415s] Level 1:colcon.colcon_core.package_identification:_identify(q4d_description) by extension 'colcon_pkg'
[0.415s] Level 1:colcon.colcon_core.package_identification:_identify(q4d_description) by extensions ['colcon_meta']
[0.415s] Level 1:colcon.colcon_core.package_identification:_identify(q4d_description) by extension 'colcon_meta'
[0.415s] Level 1:colcon.colcon_core.package_identification:_identify(q4d_description) by extensions ['ros']
[0.415s] Level 1:colcon.colcon_core.package_identification:_identify(q4d_description) by extension 'ros'
[0.415s] DEBUG:colcon.colcon_core.package_identification:Package 'q4d_description' with type 'ros.ament_cmake' and name 'q4d_description'
[0.415s] Level 1:colcon.colcon_core.package_identification:_identify(q4d_teleop) by extensions ['ignore', 'ignore_ament_install']
[0.416s] Level 1:colcon.colcon_core.package_identification:_identify(q4d_teleop) by extension 'ignore'
[0.416s] Level 1:colcon.colcon_core.package_identification:_identify(q4d_teleop) by extension 'ignore_ament_install'
[0.416s] Level 1:colcon.colcon_core.package_identification:_identify(q4d_teleop) by extensions ['colcon_pkg']
[0.416s] Level 1:colcon.colcon_core.package_identification:_identify(q4d_teleop) by extension 'colcon_pkg'
[0.416s] Level 1:colcon.colcon_core.package_identification:_identify(q4d_teleop) by extensions ['colcon_meta']
[0.416s] Level 1:colcon.colcon_core.package_identification:_identify(q4d_teleop) by extension 'colcon_meta'
[0.416s] Level 1:colcon.colcon_core.package_identification:_identify(q4d_teleop) by extensions ['ros']
[0.416s] Level 1:colcon.colcon_core.package_identification:_identify(q4d_teleop) by extension 'ros'
[0.417s] DEBUG:colcon.colcon_core.package_identification:Package 'q4d_teleop' with type 'ros.ament_cmake' and name 'q4d_teleop'
[0.417s] Level 1:colcon.colcon_core.package_discovery:discover_packages(recursive) using defaults
[0.417s] Level 1:colcon.colcon_core.package_discovery:discover_packages(ignore) discover
[0.417s] Level 1:colcon.colcon_core.package_discovery:discover_packages(ignore) using defaults
[0.417s] Level 1:colcon.colcon_core.package_discovery:discover_packages(path) discover
[0.417s] Level 1:colcon.colcon_core.package_discovery:discover_packages(path) using defaults
[0.442s] Level 1:colcon.colcon_core.package_discovery:discover_packages(prefix_path) check parameters
[0.442s] Level 1:colcon.colcon_core.package_discovery:discover_packages(prefix_path) discover
[0.445s] DEBUG:colcon.colcon_installed_package_information.package_discovery:Found 6 installed packages in /home/ros/colcon_ws/install
[0.447s] DEBUG:colcon.colcon_installed_package_information.package_discovery:Found 308 installed packages in /opt/ros/humble
[0.449s] Level 1:colcon.colcon_core.package_discovery:discover_packages(prefix_path) using defaults
[0.518s] Level 5:colcon.colcon_core.verb:set package 'q2d_bringup' build argument 'cmake_args' from command line to 'None'
[0.518s] Level 5:colcon.colcon_core.verb:set package 'q2d_bringup' build argument 'cmake_target' from command line to 'None'
[0.518s] Level 5:colcon.colcon_core.verb:set package 'q2d_bringup' build argument 'cmake_target_skip_unavailable' from command line to 'False'
[0.518s] Level 5:colcon.colcon_core.verb:set package 'q2d_bringup' build argument 'cmake_clean_cache' from command line to 'False'
[0.518s] Level 5:colcon.colcon_core.verb:set package 'q2d_bringup' build argument 'cmake_clean_first' from command line to 'False'
[0.518s] Level 5:colcon.colcon_core.verb:set package 'q2d_bringup' build argument 'cmake_force_configure' from command line to 'False'
[0.519s] Level 5:colcon.colcon_core.verb:set package 'q2d_bringup' build argument 'ament_cmake_args' from command line to 'None'
[0.519s] Level 5:colcon.colcon_core.verb:set package 'q2d_bringup' build argument 'catkin_cmake_args' from command line to 'None'
[0.519s] Level 5:colcon.colcon_core.verb:set package 'q2d_bringup' build argument 'catkin_skip_building_tests' from command line to 'False'
[0.519s] DEBUG:colcon.colcon_core.verb:Building package 'q2d_bringup' with the following arguments: {'ament_cmake_args': None, 'build_base': '/home/ros/colcon_ws/src/build/q2d_bringup', 'catkin_cmake_args': None, 'catkin_skip_building_tests': False, 'cmake_args': None, 'cmake_clean_cache': False, 'cmake_clean_first': False, 'cmake_force_configure': False, 'cmake_target': None, 'cmake_target_skip_unavailable': False, 'install_base': '/home/ros/colcon_ws/src/install/q2d_bringup', 'merge_install': False, 'path': '/home/ros/colcon_ws/src/q2d/q2d_bringup', 'symlink_install': True, 'test_result_base': None}
[0.520s] Level 5:colcon.colcon_core.verb:set package 'q2d_description' build argument 'cmake_args' from command line to 'None'
[0.520s] Level 5:colcon.colcon_core.verb:set package 'q2d_description' build argument 'cmake_target' from command line to 'None'
[0.520s] Level 5:colcon.colcon_core.verb:set package 'q2d_description' build argument 'cmake_target_skip_unavailable' from command line to 'False'
[0.520s] Level 5:colcon.colcon_core.verb:set package 'q2d_description' build argument 'cmake_clean_cache' from command line to 'False'
[0.520s] Level 5:colcon.colcon_core.verb:set package 'q2d_description' build argument 'cmake_clean_first' from command line to 'False'
[0.520s] Level 5:colcon.colcon_core.verb:set package 'q2d_description' build argument 'cmake_force_configure' from command line to 'False'
[0.520s] Level 5:colcon.colcon_core.verb:set package 'q2d_description' build argument 'ament_cmake_args' from command line to 'None'
[0.520s] Level 5:colcon.colcon_core.verb:set package 'q2d_description' build argument 'catkin_cmake_args' from command line to 'None'
[0.520s] Level 5:colcon.colcon_core.verb:set package 'q2d_description' build argument 'catkin_skip_building_tests' from command line to 'False'
[0.520s] DEBUG:colcon.colcon_core.verb:Building package 'q2d_description' with the following arguments: {'ament_cmake_args': None, 'build_base': '/home/ros/colcon_ws/src/build/q2d_description', 'catkin_cmake_args': None, 'catkin_skip_building_tests': False, 'cmake_args': None, 'cmake_clean_cache': False, 'cmake_clean_first': False, 'cmake_force_configure': False, 'cmake_target': None, 'cmake_target_skip_unavailable': False, 'install_base': '/home/ros/colcon_ws/src/install/q2d_description', 'merge_install': False, 'path': '/home/ros/colcon_ws/src/q2d/q2d_description', 'symlink_install': True, 'test_result_base': None}
[0.521s] Level 5:colcon.colcon_core.verb:set package 'q2d_teleop' build argument 'cmake_args' from command line to 'None'
[0.521s] Level 5:colcon.colcon_core.verb:set package 'q2d_teleop' build argument 'cmake_target' from command line to 'None'
[0.521s] Level 5:colcon.colcon_core.verb:set package 'q2d_teleop' build argument 'cmake_target_skip_unavailable' from command line to 'False'
[0.521s] Level 5:colcon.colcon_core.verb:set package 'q2d_teleop' build argument 'cmake_clean_cache' from command line to 'False'
[0.521s] Level 5:colcon.colcon_core.verb:set package 'q2d_teleop' build argument 'cmake_clean_first' from command line to 'False'
[0.521s] Level 5:colcon.colcon_core.verb:set package 'q2d_teleop' build argument 'cmake_force_configure' from command line to 'False'
[0.521s] Level 5:colcon.colcon_core.verb:set package 'q2d_teleop' build argument 'ament_cmake_args' from command line to 'None'
[0.521s] Level 5:colcon.colcon_core.verb:set package 'q2d_teleop' build argument 'catkin_cmake_args' from command line to 'None'
[0.521s] Level 5:colcon.colcon_core.verb:set package 'q2d_teleop' build argument 'catkin_skip_building_tests' from command line to 'False'
[0.521s] DEBUG:colcon.colcon_core.verb:Building package 'q2d_teleop' with the following arguments: {'ament_cmake_args': None, 'build_base': '/home/ros/colcon_ws/src/build/q2d_teleop', 'catkin_cmake_args': None, 'catkin_skip_building_tests': False, 'cmake_args': None, 'cmake_clean_cache': False, 'cmake_clean_first': False, 'cmake_force_configure': False, 'cmake_target': None, 'cmake_target_skip_unavailable': False, 'install_base': '/home/ros/colcon_ws/src/install/q2d_teleop', 'merge_install': False, 'path': '/home/ros/colcon_ws/src/q2d/q2d_teleop', 'symlink_install': True, 'test_result_base': None}
[0.523s] Level 5:colcon.colcon_core.verb:set package 'q4d_description' build argument 'cmake_args' from command line to 'None'
[0.523s] Level 5:colcon.colcon_core.verb:set package 'q4d_description' build argument 'cmake_target' from command line to 'None'
[0.523s] Level 5:colcon.colcon_core.verb:set package 'q4d_description' build argument 'cmake_target_skip_unavailable' from command line to 'False'
[0.523s] Level 5:colcon.colcon_core.verb:set package 'q4d_description' build argument 'cmake_clean_cache' from command line to 'False'
[0.523s] Level 5:colcon.colcon_core.verb:set package 'q4d_description' build argument 'cmake_clean_first' from command line to 'False'
[0.523s] Level 5:colcon.colcon_core.verb:set package 'q4d_description' build argument 'cmake_force_configure' from command line to 'False'
[0.523s] Level 5:colcon.colcon_core.verb:set package 'q4d_description' build argument 'ament_cmake_args' from command line to 'None'
[0.523s] Level 5:colcon.colcon_core.verb:set package 'q4d_description' build argument 'catkin_cmake_args' from command line to 'None'
[0.523s] Level 5:colcon.colcon_core.verb:set package 'q4d_description' build argument 'catkin_skip_building_tests' from command line to 'False'
[0.523s] DEBUG:colcon.colcon_core.verb:Building package 'q4d_description' with the following arguments: {'ament_cmake_args': None, 'build_base': '/home/ros/colcon_ws/src/build/q4d_description', 'catkin_cmake_args': None, 'catkin_skip_building_tests': False, 'cmake_args': None, 'cmake_clean_cache': False, 'cmake_clean_first': False, 'cmake_force_configure': False, 'cmake_target': None, 'cmake_target_skip_unavailable': False, 'install_base': '/home/ros/colcon_ws/src/install/q4d_description', 'merge_install': False, 'path': '/home/ros/colcon_ws/src/q4d_description', 'symlink_install': True, 'test_result_base': None}
[0.524s] Level 5:colcon.colcon_core.verb:set package 'q4d_teleop' build argument 'cmake_args' from command line to 'None'
[0.524s] Level 5:colcon.colcon_core.verb:set package 'q4d_teleop' build argument 'cmake_target' from command line to 'None'
[0.524s] Level 5:colcon.colcon_core.verb:set package 'q4d_teleop' build argument 'cmake_target_skip_unavailable' from command line to 'False'
[0.524s] Level 5:colcon.colcon_core.verb:set package 'q4d_teleop' build argument 'cmake_clean_cache' from command line to 'False'
[0.524s] Level 5:colcon.colcon_core.verb:set package 'q4d_teleop' build argument 'cmake_clean_first' from command line to 'False'
[0.524s] Level 5:colcon.colcon_core.verb:set package 'q4d_teleop' build argument 'cmake_force_configure' from command line to 'False'
[0.524s] Level 5:colcon.colcon_core.verb:set package 'q4d_teleop' build argument 'ament_cmake_args' from command line to 'None'
[0.524s] Level 5:colcon.colcon_core.verb:set package 'q4d_teleop' build argument 'catkin_cmake_args' from command line to 'None'
[0.524s] Level 5:colcon.colcon_core.verb:set package 'q4d_teleop' build argument 'catkin_skip_building_tests' from command line to 'False'
[0.524s] DEBUG:colcon.colcon_core.verb:Building package 'q4d_teleop' with the following arguments: {'ament_cmake_args': None, 'build_base': '/home/ros/colcon_ws/src/build/q4d_teleop', 'catkin_cmake_args': None, 'catkin_skip_building_tests': False, 'cmake_args': None, 'cmake_clean_cache': False, 'cmake_clean_first': False, 'cmake_force_configure': False, 'cmake_target': None, 'cmake_target_skip_unavailable': False, 'install_base': '/home/ros/colcon_ws/src/install/q4d_teleop', 'merge_install': False, 'path': '/home/ros/colcon_ws/src/q4d_teleop', 'symlink_install': True, 'test_result_base': None}
[0.525s] INFO:colcon.colcon_core.executor:Executing jobs using 'parallel' executor
[0.529s] DEBUG:colcon.colcon_parallel_executor.executor.parallel:run_until_complete
[0.529s] INFO:colcon.colcon_ros.task.ament_cmake.build:Building ROS package in '/home/ros/colcon_ws/src/q2d/q2d_bringup' with build type 'ament_cmake'
[0.529s] INFO:colcon.colcon_cmake.task.cmake.build:Building CMake package in '/home/ros/colcon_ws/src/q2d/q2d_bringup'
[0.533s] INFO:colcon.colcon_core.plugin_system:Skipping extension 'colcon_core.shell.bat': Not used on non-Windows systems
[0.534s] INFO:colcon.colcon_core.shell:Skip shell extension 'powershell' for command environment: Not usable outside of PowerShell
[0.534s] DEBUG:colcon.colcon_core.shell:Skip shell extension 'dsv' for command environment
[0.540s] INFO:colcon.colcon_ros.task.ament_cmake.build:Building ROS package in '/home/ros/colcon_ws/src/q2d/q2d_description' with build type 'ament_cmake'
[0.541s] INFO:colcon.colcon_cmake.task.cmake.build:Building CMake package in '/home/ros/colcon_ws/src/q2d/q2d_description'
[0.543s] INFO:colcon.colcon_core.shell:Skip shell extension 'powershell' for command environment: Not usable outside of PowerShell
[0.544s] DEBUG:colcon.colcon_core.shell:Skip shell extension 'dsv' for command environment
[0.552s] INFO:colcon.colcon_ros.task.ament_cmake.build:Building ROS package in '/home/ros/colcon_ws/src/q2d/q2d_teleop' with build type 'ament_cmake'
[0.552s] INFO:colcon.colcon_cmake.task.cmake.build:Building CMake package in '/home/ros/colcon_ws/src/q2d/q2d_teleop'
[0.554s] INFO:colcon.colcon_core.shell:Skip shell extension 'powershell' for command environment: Not usable outside of PowerShell
[0.554s] DEBUG:colcon.colcon_core.shell:Skip shell extension 'dsv' for command environment
[0.566s] DEBUG:colcon.colcon_core.event_handler.log_command:Invoking command in '/home/ros/colcon_ws/src/build/q2d_bringup': CMAKE_PREFIX_PATH=${CMAKE_PREFIX_PATH}:/opt/ros/humble /usr/bin/cmake /home/ros/colcon_ws/src/q2d/q2d_bringup -DAMENT_CMAKE_SYMLINK_INSTALL=1 -DCMAKE_INSTALL_PREFIX=/home/ros/colcon_ws/src/install/q2d_bringup
[0.570s] DEBUG:colcon.colcon_core.event_handler.log_command:Invoking command in '/home/ros/colcon_ws/src/build/q2d_description': CMAKE_PREFIX_PATH=${CMAKE_PREFIX_PATH}:/opt/ros/humble /usr/bin/cmake /home/ros/colcon_ws/src/q2d/q2d_description -DAMENT_CMAKE_SYMLINK_INSTALL=1 -DCMAKE_INSTALL_PREFIX=/home/ros/colcon_ws/src/install/q2d_description
[0.572s] DEBUG:colcon.colcon_core.event_handler.log_command:Invoking command in '/home/ros/colcon_ws/src/build/q2d_teleop': CMAKE_PREFIX_PATH=${CMAKE_PREFIX_PATH}:/opt/ros/humble /usr/bin/cmake /home/ros/colcon_ws/src/q2d/q2d_teleop -DAMENT_CMAKE_SYMLINK_INSTALL=1 -DCMAKE_INSTALL_PREFIX=/home/ros/colcon_ws/src/install/q2d_teleop
[0.900s] DEBUG:colcon.colcon_core.event_handler.log_command:Invoked command in '/home/ros/colcon_ws/src/build/q2d_bringup' returned '0': CMAKE_PREFIX_PATH=${CMAKE_PREFIX_PATH}:/opt/ros/humble /usr/bin/cmake /home/ros/colcon_ws/src/q2d/q2d_bringup -DAMENT_CMAKE_SYMLINK_INSTALL=1 -DCMAKE_INSTALL_PREFIX=/home/ros/colcon_ws/src/install/q2d_bringup
[0.901s] DEBUG:colcon.colcon_core.event_handler.log_command:Invoking command in '/home/ros/colcon_ws/src/build/q2d_bringup': CMAKE_PREFIX_PATH=${CMAKE_PREFIX_PATH}:/opt/ros/humble /usr/bin/cmake --build /home/ros/colcon_ws/src/build/q2d_bringup -- -j3 -l3
[0.965s] DEBUG:colcon.colcon_core.event_handler.log_command:Invoked command in '/home/ros/colcon_ws/src/build/q2d_bringup' returned '0': CMAKE_PREFIX_PATH=${CMAKE_PREFIX_PATH}:/opt/ros/humble /usr/bin/cmake --build /home/ros/colcon_ws/src/build/q2d_bringup -- -j3 -l3
[0.987s] DEBUG:colcon.colcon_core.event_handler.log_command:Invoked command in '/home/ros/colcon_ws/src/build/q2d_description' returned '0': CMAKE_PREFIX_PATH=${CMAKE_PREFIX_PATH}:/opt/ros/humble /usr/bin/cmake /home/ros/colcon_ws/src/q2d/q2d_description -DAMENT_CMAKE_SYMLINK_INSTALL=1 -DCMAKE_INSTALL_PREFIX=/home/ros/colcon_ws/src/install/q2d_description
[0.988s] DEBUG:colcon.colcon_core.event_handler.log_command:Invoking command in '/home/ros/colcon_ws/src/build/q2d_description': CMAKE_PREFIX_PATH=${CMAKE_PREFIX_PATH}:/opt/ros/humble /usr/bin/cmake --build /home/ros/colcon_ws/src/build/q2d_description -- -j3 -l3
[1.054s] DEBUG:colcon.colcon_core.event_handler.log_command:Invoking command in '/home/ros/colcon_ws/src/build/q2d_bringup': CMAKE_PREFIX_PATH=${CMAKE_PREFIX_PATH}:/opt/ros/humble /usr/bin/cmake --install /home/ros/colcon_ws/src/build/q2d_bringup
[1.059s] DEBUG:colcon.colcon_core.event_handler.log_command:Invoked command in '/home/ros/colcon_ws/src/build/q2d_description' returned '0': CMAKE_PREFIX_PATH=${CMAKE_PREFIX_PATH}:/opt/ros/humble /usr/bin/cmake --build /home/ros/colcon_ws/src/build/q2d_description -- -j3 -l3
[1.106s] DEBUG:colcon.colcon_core.event_handler.log_command:Invoking command in '/home/ros/colcon_ws/src/build/q2d_description': CMAKE_PREFIX_PATH=${CMAKE_PREFIX_PATH}:/opt/ros/humble /usr/bin/cmake --install /home/ros/colcon_ws/src/build/q2d_description
[1.448s] Level 1:colcon.colcon_core.environment:create_environment_scripts_only(q2d_bringup)
[1.453s] Level 1:colcon.colcon_core.environment:checking '/home/ros/colcon_ws/src/install/q2d_bringup' for CMake module files
[1.453s] Level 1:colcon.colcon_core.environment:checking '/home/ros/colcon_ws/src/install/q2d_bringup' for CMake config files
[1.454s] Level 1:colcon.colcon_core.shell:create_environment_hook('q2d_bringup', 'cmake_prefix_path')
[1.455s] INFO:colcon.colcon_core.shell:Creating environment hook '/home/ros/colcon_ws/src/install/q2d_bringup/share/q2d_bringup/hook/cmake_prefix_path.ps1'
[1.456s] DEBUG:colcon.colcon_core.event_handler.log_command:Invoked command in '/home/ros/colcon_ws/src/build/q2d_bringup' returned '0': CMAKE_PREFIX_PATH=${CMAKE_PREFIX_PATH}:/opt/ros/humble /usr/bin/cmake --install /home/ros/colcon_ws/src/build/q2d_bringup
[1.463s] INFO:colcon.colcon_core.shell:Creating environment descriptor '/home/ros/colcon_ws/src/install/q2d_bringup/share/q2d_bringup/hook/cmake_prefix_path.dsv'
[1.463s] INFO:colcon.colcon_core.shell:Creating environment hook '/home/ros/colcon_ws/src/install/q2d_bringup/share/q2d_bringup/hook/cmake_prefix_path.sh'
[1.464s] Level 1:colcon.colcon_core.environment:checking '/home/ros/colcon_ws/src/install/q2d_bringup/lib'
[1.465s] Level 1:colcon.colcon_core.environment:checking '/home/ros/colcon_ws/src/install/q2d_bringup/bin'
[1.465s] Level 1:colcon.colcon_core.environment:checking '/home/ros/colcon_ws/src/install/q2d_bringup/lib/pkgconfig/q2d_bringup.pc'
[1.465s] Level 1:colcon.colcon_core.environment:checking '/home/ros/colcon_ws/src/install/q2d_bringup/lib/python3.10/site-packages'
[1.465s] Level 1:colcon.colcon_core.environment:checking '/home/ros/colcon_ws/src/install/q2d_bringup/bin'
[1.467s] INFO:colcon.colcon_core.shell:Creating package script '/home/ros/colcon_ws/src/install/q2d_bringup/share/q2d_bringup/package.ps1'
[1.469s] INFO:colcon.colcon_core.shell:Creating package descriptor '/home/ros/colcon_ws/src/install/q2d_bringup/share/q2d_bringup/package.dsv'
[1.469s] INFO:colcon.colcon_core.shell:Creating package script '/home/ros/colcon_ws/src/install/q2d_bringup/share/q2d_bringup/package.sh'
[1.470s] INFO:colcon.colcon_core.shell:Creating package script '/home/ros/colcon_ws/src/install/q2d_bringup/share/q2d_bringup/package.bash'
[1.471s] INFO:colcon.colcon_core.shell:Creating package script '/home/ros/colcon_ws/src/install/q2d_bringup/share/q2d_bringup/package.zsh'
[1.472s] Level 1:colcon.colcon_core.environment:create_file_with_runtime_dependencies(/home/ros/colcon_ws/src/install/q2d_bringup/share/colcon-core/packages/q2d_bringup)
[1.491s] Level 1:colcon.colcon_core.environment:create_environment_scripts_only(q2d_bringup)
[1.493s] Level 1:colcon.colcon_core.environment:checking '/home/ros/colcon_ws/src/install/q2d_bringup' for CMake module files
[1.494s] Level 1:colcon.colcon_core.environment:checking '/home/ros/colcon_ws/src/install/q2d_bringup' for CMake config files
[1.495s] Level 1:colcon.colcon_core.shell:create_environment_hook('q2d_bringup', 'cmake_prefix_path')
[1.497s] INFO:colcon.colcon_core.shell:Creating environment hook '/home/ros/colcon_ws/src/install/q2d_bringup/share/q2d_bringup/hook/cmake_prefix_path.ps1'
[1.498s] INFO:colcon.colcon_core.shell:Creating environment descriptor '/home/ros/colcon_ws/src/install/q2d_bringup/share/q2d_bringup/hook/cmake_prefix_path.dsv'
[1.498s] INFO:colcon.colcon_core.shell:Creating environment hook '/home/ros/colcon_ws/src/install/q2d_bringup/share/q2d_bringup/hook/cmake_prefix_path.sh'
[1.499s] Level 1:colcon.colcon_core.environment:checking '/home/ros/colcon_ws/src/install/q2d_bringup/lib'
[1.499s] Level 1:colcon.colcon_core.environment:checking '/home/ros/colcon_ws/src/install/q2d_bringup/bin'
[1.499s] Level 1:colcon.colcon_core.environment:checking '/home/ros/colcon_ws/src/install/q2d_bringup/lib/pkgconfig/q2d_bringup.pc'
[1.499s] Level 1:colcon.colcon_core.environment:checking '/home/ros/colcon_ws/src/install/q2d_bringup/lib/python3.10/site-packages'
[1.499s] Level 1:colcon.colcon_core.environment:checking '/home/ros/colcon_ws/src/install/q2d_bringup/bin'
[1.501s] INFO:colcon.colcon_core.shell:Creating package script '/home/ros/colcon_ws/src/install/q2d_bringup/share/q2d_bringup/package.ps1'
[1.501s] INFO:colcon.colcon_core.shell:Creating package descriptor '/home/ros/colcon_ws/src/install/q2d_bringup/share/q2d_bringup/package.dsv'
[1.501s] INFO:colcon.colcon_core.shell:Creating package script '/home/ros/colcon_ws/src/install/q2d_bringup/share/q2d_bringup/package.sh'
[1.503s] INFO:colcon.colcon_core.shell:Creating package script '/home/ros/colcon_ws/src/install/q2d_bringup/share/q2d_bringup/package.bash'
[1.503s] INFO:colcon.colcon_core.shell:Creating package script '/home/ros/colcon_ws/src/install/q2d_bringup/share/q2d_bringup/package.zsh'
[1.504s] Level 1:colcon.colcon_core.environment:create_file_with_runtime_dependencies(/home/ros/colcon_ws/src/install/q2d_bringup/share/colcon-core/packages/q2d_bringup)
[1.505s] INFO:colcon.colcon_ros.task.ament_cmake.build:Building ROS package in '/home/ros/colcon_ws/src/q4d_description' with build type 'ament_cmake'
[1.505s] INFO:colcon.colcon_cmake.task.cmake.build:Building CMake package in '/home/ros/colcon_ws/src/q4d_description'
[1.507s] INFO:colcon.colcon_core.shell:Skip shell extension 'powershell' for command environment: Not usable outside of PowerShell
[1.507s] DEBUG:colcon.colcon_core.shell:Skip shell extension 'dsv' for command environment
[1.532s] DEBUG:colcon.colcon_core.event_handler.log_command:Invoking command in '/home/ros/colcon_ws/src/build/q4d_description': CMAKE_PREFIX_PATH=${CMAKE_PREFIX_PATH}:/opt/ros/humble /usr/bin/cmake /home/ros/colcon_ws/src/q4d_description -DAMENT_CMAKE_SYMLINK_INSTALL=1 -DCMAKE_INSTALL_PREFIX=/home/ros/colcon_ws/src/install/q4d_description
[1.675s] Level 1:colcon.colcon_core.environment:create_environment_scripts_only(q2d_description)
[1.679s] Level 1:colcon.colcon_core.environment:checking '/home/ros/colcon_ws/src/install/q2d_description' for CMake module files
[1.679s] Level 1:colcon.colcon_core.environment:checking '/home/ros/colcon_ws/src/install/q2d_description' for CMake config files
[1.680s] Level 1:colcon.colcon_core.shell:create_environment_hook('q2d_description', 'cmake_prefix_path')
[1.676s] DEBUG:colcon.colcon_core.event_handler.log_command:Invoked command in '/home/ros/colcon_ws/src/build/q2d_description' returned '0': CMAKE_PREFIX_PATH=${CMAKE_PREFIX_PATH}:/opt/ros/humble /usr/bin/cmake --install /home/ros/colcon_ws/src/build/q2d_description
[1.682s] INFO:colcon.colcon_core.shell:Creating environment hook '/home/ros/colcon_ws/src/install/q2d_description/share/q2d_description/hook/cmake_prefix_path.ps1'
[1.683s] INFO:colcon.colcon_core.shell:Creating environment descriptor '/home/ros/colcon_ws/src/install/q2d_description/share/q2d_description/hook/cmake_prefix_path.dsv'
[1.683s] INFO:colcon.colcon_core.shell:Creating environment hook '/home/ros/colcon_ws/src/install/q2d_description/share/q2d_description/hook/cmake_prefix_path.sh'
[1.684s] Level 1:colcon.colcon_core.environment:checking '/home/ros/colcon_ws/src/install/q2d_description/bin'
[1.684s] Level 1:colcon.colcon_core.environment:checking '/home/ros/colcon_ws/src/install/q2d_description/lib/pkgconfig/q2d_description.pc'
[1.684s] Level 1:colcon.colcon_core.environment:checking '/home/ros/colcon_ws/src/install/q2d_description/lib/python3.10/site-packages'
[1.685s] Level 1:colcon.colcon_core.environment:checking '/home/ros/colcon_ws/src/install/q2d_description/bin'
[1.686s] INFO:colcon.colcon_core.shell:Creating package script '/home/ros/colcon_ws/src/install/q2d_description/share/q2d_description/package.ps1'
[1.687s] INFO:colcon.colcon_core.shell:Creating package descriptor '/home/ros/colcon_ws/src/install/q2d_description/share/q2d_description/package.dsv'
[1.687s] INFO:colcon.colcon_core.shell:Creating package script '/home/ros/colcon_ws/src/install/q2d_description/share/q2d_description/package.sh'
[1.688s] INFO:colcon.colcon_core.shell:Creating package script '/home/ros/colcon_ws/src/install/q2d_description/share/q2d_description/package.bash'
[1.689s] INFO:colcon.colcon_core.shell:Creating package script '/home/ros/colcon_ws/src/install/q2d_description/share/q2d_description/package.zsh'
[1.689s] Level 1:colcon.colcon_core.environment:create_file_with_runtime_dependencies(/home/ros/colcon_ws/src/install/q2d_description/share/colcon-core/packages/q2d_description)
[1.826s] DEBUG:colcon.colcon_core.event_handler.log_command:Invoked command in '/home/ros/colcon_ws/src/build/q2d_teleop' returned '0': CMAKE_PREFIX_PATH=${CMAKE_PREFIX_PATH}:/opt/ros/humble /usr/bin/cmake /home/ros/colcon_ws/src/q2d/q2d_teleop -DAMENT_CMAKE_SYMLINK_INSTALL=1 -DCMAKE_INSTALL_PREFIX=/home/ros/colcon_ws/src/install/q2d_teleop
[1.826s] DEBUG:colcon.colcon_core.event_handler.log_command:Invoking command in '/home/ros/colcon_ws/src/build/q2d_teleop': CMAKE_PREFIX_PATH=${CMAKE_PREFIX_PATH}:/opt/ros/humble /usr/bin/cmake --build /home/ros/colcon_ws/src/build/q2d_teleop -- -j3 -l3
[1.835s] Level 1:colcon.colcon_core.environment:create_environment_scripts_only(q2d_description)
[1.838s] Level 1:colcon.colcon_core.environment:checking '/home/ros/colcon_ws/src/install/q2d_description' for CMake module files
[1.839s] Level 1:colcon.colcon_core.environment:checking '/home/ros/colcon_ws/src/install/q2d_description' for CMake config files
[1.839s] Level 1:colcon.colcon_core.shell:create_environment_hook('q2d_description', 'cmake_prefix_path')
[1.841s] INFO:colcon.colcon_core.shell:Creating environment hook '/home/ros/colcon_ws/src/install/q2d_description/share/q2d_description/hook/cmake_prefix_path.ps1'
[1.842s] INFO:colcon.colcon_core.shell:Creating environment descriptor '/home/ros/colcon_ws/src/install/q2d_description/share/q2d_description/hook/cmake_prefix_path.dsv'
[1.843s] INFO:colcon.colcon_core.shell:Creating environment hook '/home/ros/colcon_ws/src/install/q2d_description/share/q2d_description/hook/cmake_prefix_path.sh'
[1.845s] Level 1:colcon.colcon_core.environment:checking '/home/ros/colcon_ws/src/install/q2d_description/bin'
[1.845s] Level 1:colcon.colcon_core.environment:checking '/home/ros/colcon_ws/src/install/q2d_description/lib/pkgconfig/q2d_description.pc'
[1.846s] Level 1:colcon.colcon_core.environment:checking '/home/ros/colcon_ws/src/install/q2d_description/lib/python3.10/site-packages'
[1.846s] Level 1:colcon.colcon_core.environment:checking '/home/ros/colcon_ws/src/install/q2d_description/bin'
[1.851s] INFO:colcon.colcon_core.shell:Creating package script '/home/ros/colcon_ws/src/install/q2d_description/share/q2d_description/package.ps1'
[1.858s] INFO:colcon.colcon_core.shell:Creating package descriptor '/home/ros/colcon_ws/src/install/q2d_description/share/q2d_description/package.dsv'
[1.858s] INFO:colcon.colcon_core.shell:Creating package script '/home/ros/colcon_ws/src/install/q2d_description/share/q2d_description/package.sh'
[1.859s] INFO:colcon.colcon_core.shell:Creating package script '/home/ros/colcon_ws/src/install/q2d_description/share/q2d_description/package.bash'
[1.859s] INFO:colcon.colcon_core.shell:Creating package script '/home/ros/colcon_ws/src/install/q2d_description/share/q2d_description/package.zsh'
[1.860s] Level 1:colcon.colcon_core.environment:create_file_with_runtime_dependencies(/home/ros/colcon_ws/src/install/q2d_description/share/colcon-core/packages/q2d_description)
[1.885s] INFO:colcon.colcon_ros.task.ament_cmake.build:Building ROS package in '/home/ros/colcon_ws/src/q4d_teleop' with build type 'ament_cmake'
[1.885s] INFO:colcon.colcon_cmake.task.cmake.build:Building CMake package in '/home/ros/colcon_ws/src/q4d_teleop'
[1.894s] INFO:colcon.colcon_core.shell:Skip shell extension 'powershell' for command environment: Not usable outside of PowerShell
[1.895s] DEBUG:colcon.colcon_core.shell:Skip shell extension 'dsv' for command environment
[1.915s] DEBUG:colcon.colcon_core.event_handler.log_command:Invoking command in '/home/ros/colcon_ws/src/build/q4d_teleop': CMAKE_PREFIX_PATH=${CMAKE_PREFIX_PATH}:/opt/ros/humble /usr/bin/cmake /home/ros/colcon_ws/src/q4d_teleop -DAMENT_CMAKE_SYMLINK_INSTALL=1 -DCMAKE_INSTALL_PREFIX=/home/ros/colcon_ws/src/install/q4d_teleop
[1.930s] DEBUG:colcon.colcon_core.event_handler.log_command:Invoked command in '/home/ros/colcon_ws/src/build/q4d_description' returned '0': CMAKE_PREFIX_PATH=${CMAKE_PREFIX_PATH}:/opt/ros/humble /usr/bin/cmake /home/ros/colcon_ws/src/q4d_description -DAMENT_CMAKE_SYMLINK_INSTALL=1 -DCMAKE_INSTALL_PREFIX=/home/ros/colcon_ws/src/install/q4d_description
[1.930s] DEBUG:colcon.colcon_core.event_handler.log_command:Invoking command in '/home/ros/colcon_ws/src/build/q4d_description': CMAKE_PREFIX_PATH=${CMAKE_PREFIX_PATH}:/opt/ros/humble /usr/bin/cmake --build /home/ros/colcon_ws/src/build/q4d_description -- -j3 -l3
[2.008s] DEBUG:colcon.colcon_core.event_handler.log_command:Invoked command in '/home/ros/colcon_ws/src/build/q4d_description' returned '0': CMAKE_PREFIX_PATH=${CMAKE_PREFIX_PATH}:/opt/ros/humble /usr/bin/cmake --build /home/ros/colcon_ws/src/build/q4d_description -- -j3 -l3
[2.163s] DEBUG:colcon.colcon_core.event_handler.log_command:Invoking command in '/home/ros/colcon_ws/src/build/q4d_description': CMAKE_PREFIX_PATH=${CMAKE_PREFIX_PATH}:/opt/ros/humble /usr/bin/cmake --install /home/ros/colcon_ws/src/build/q4d_description
[2.499s] Level 1:colcon.colcon_core.environment:create_environment_scripts_only(q4d_description)
[2.501s] Level 1:colcon.colcon_core.environment:checking '/home/ros/colcon_ws/src/install/q4d_description' for CMake module files
[2.501s] Level 1:colcon.colcon_core.environment:checking '/home/ros/colcon_ws/src/install/q4d_description' for CMake config files
[2.502s] DEBUG:colcon.colcon_core.event_handler.log_command:Invoked command in '/home/ros/colcon_ws/src/build/q4d_description' returned '0': CMAKE_PREFIX_PATH=${CMAKE_PREFIX_PATH}:/opt/ros/humble /usr/bin/cmake --install /home/ros/colcon_ws/src/build/q4d_description
[2.502s] Level 1:colcon.colcon_core.shell:create_environment_hook('q4d_description', 'cmake_prefix_path')
[2.504s] INFO:colcon.colcon_core.shell:Creating environment hook '/home/ros/colcon_ws/src/install/q4d_description/share/q4d_description/hook/cmake_prefix_path.ps1'
[2.505s] INFO:colcon.colcon_core.shell:Creating environment descriptor '/home/ros/colcon_ws/src/install/q4d_description/share/q4d_description/hook/cmake_prefix_path.dsv'
[2.505s] INFO:colcon.colcon_core.shell:Creating environment hook '/home/ros/colcon_ws/src/install/q4d_description/share/q4d_description/hook/cmake_prefix_path.sh'
[2.506s] Level 1:colcon.colcon_core.environment:checking '/home/ros/colcon_ws/src/install/q4d_description/bin'
[2.506s] Level 1:colcon.colcon_core.environment:checking '/home/ros/colcon_ws/src/install/q4d_description/lib/pkgconfig/q4d_description.pc'
[2.506s] Level 1:colcon.colcon_core.environment:checking '/home/ros/colcon_ws/src/install/q4d_description/lib/python3.10/site-packages'
[2.506s] Level 1:colcon.colcon_core.environment:checking '/home/ros/colcon_ws/src/install/q4d_description/bin'
[2.508s] INFO:colcon.colcon_core.shell:Creating package script '/home/ros/colcon_ws/src/install/q4d_description/share/q4d_description/package.ps1'
[2.513s] INFO:colcon.colcon_core.shell:Creating package descriptor '/home/ros/colcon_ws/src/install/q4d_description/share/q4d_description/package.dsv'
[2.513s] INFO:colcon.colcon_core.shell:Creating package script '/home/ros/colcon_ws/src/install/q4d_description/share/q4d_description/package.sh'
[2.514s] INFO:colcon.colcon_core.shell:Creating package script '/home/ros/colcon_ws/src/install/q4d_description/share/q4d_description/package.bash'
[2.514s] INFO:colcon.colcon_core.shell:Creating package script '/home/ros/colcon_ws/src/install/q4d_description/share/q4d_description/package.zsh'
[2.514s] Level 1:colcon.colcon_core.environment:create_file_with_runtime_dependencies(/home/ros/colcon_ws/src/install/q4d_description/share/colcon-core/packages/q4d_description)
[2.681s] Level 1:colcon.colcon_core.environment:create_environment_scripts_only(q4d_description)
[2.683s] Level 1:colcon.colcon_core.environment:checking '/home/ros/colcon_ws/src/install/q4d_description' for CMake module files
[2.683s] Level 1:colcon.colcon_core.environment:checking '/home/ros/colcon_ws/src/install/q4d_description' for CMake config files
[2.684s] Level 1:colcon.colcon_core.shell:create_environment_hook('q4d_description', 'cmake_prefix_path')
[2.688s] INFO:colcon.colcon_core.shell:Creating environment hook '/home/ros/colcon_ws/src/install/q4d_description/share/q4d_description/hook/cmake_prefix_path.ps1'
[2.689s] INFO:colcon.colcon_core.shell:Creating environment descriptor '/home/ros/colcon_ws/src/install/q4d_description/share/q4d_description/hook/cmake_prefix_path.dsv'
[2.689s] INFO:colcon.colcon_core.shell:Creating environment hook '/home/ros/colcon_ws/src/install/q4d_description/share/q4d_description/hook/cmake_prefix_path.sh'
[2.690s] Level 1:colcon.colcon_core.environment:checking '/home/ros/colcon_ws/src/install/q4d_description/bin'
[2.690s] Level 1:colcon.colcon_core.environment:checking '/home/ros/colcon_ws/src/install/q4d_description/lib/pkgconfig/q4d_description.pc'
[2.690s] Level 1:colcon.colcon_core.environment:checking '/home/ros/colcon_ws/src/install/q4d_description/lib/python3.10/site-packages'
[2.690s] Level 1:colcon.colcon_core.environment:checking '/home/ros/colcon_ws/src/install/q4d_description/bin'
[2.699s] INFO:colcon.colcon_core.shell:Creating package script '/home/ros/colcon_ws/src/install/q4d_description/share/q4d_description/package.ps1'
[2.700s] INFO:colcon.colcon_core.shell:Creating package descriptor '/home/ros/colcon_ws/src/install/q4d_description/share/q4d_description/package.dsv'
[2.700s] INFO:colcon.colcon_core.shell:Creating package script '/home/ros/colcon_ws/src/install/q4d_description/share/q4d_description/package.sh'
[2.701s] INFO:colcon.colcon_core.shell:Creating package script '/home/ros/colcon_ws/src/install/q4d_description/share/q4d_description/package.bash'
[2.701s] INFO:colcon.colcon_core.shell:Creating package script '/home/ros/colcon_ws/src/install/q4d_description/share/q4d_description/package.zsh'
[2.701s] Level 1:colcon.colcon_core.environment:create_file_with_runtime_dependencies(/home/ros/colcon_ws/src/install/q4d_description/share/colcon-core/packages/q4d_description)
[3.166s] DEBUG:colcon.colcon_core.event_handler.log_command:Invoked command in '/home/ros/colcon_ws/src/build/q4d_teleop' returned '0': CMAKE_PREFIX_PATH=${CMAKE_PREFIX_PATH}:/opt/ros/humble /usr/bin/cmake /home/ros/colcon_ws/src/q4d_teleop -DAMENT_CMAKE_SYMLINK_INSTALL=1 -DCMAKE_INSTALL_PREFIX=/home/ros/colcon_ws/src/install/q4d_teleop
[3.167s] DEBUG:colcon.colcon_core.event_handler.log_command:Invoking command in '/home/ros/colcon_ws/src/build/q4d_teleop': CMAKE_PREFIX_PATH=${CMAKE_PREFIX_PATH}:/opt/ros/humble /usr/bin/cmake --build /home/ros/colcon_ws/src/build/q4d_teleop -- -j3 -l3
[3.938s] DEBUG:colcon.colcon_core.event_handler.log_command:Invoked command in '/home/ros/colcon_ws/src/build/q2d_teleop' returned '0': CMAKE_PREFIX_PATH=${CMAKE_PREFIX_PATH}:/opt/ros/humble /usr/bin/cmake --build /home/ros/colcon_ws/src/build/q2d_teleop -- -j3 -l3
[3.963s] DEBUG:colcon.colcon_core.event_handler.log_command:Invoking command in '/home/ros/colcon_ws/src/build/q2d_teleop': CMAKE_PREFIX_PATH=${CMAKE_PREFIX_PATH}:/opt/ros/humble /usr/bin/cmake --install /home/ros/colcon_ws/src/build/q2d_teleop
[4.260s] Level 1:colcon.colcon_core.environment:create_environment_scripts_only(q2d_teleop)
[4.263s] Level 1:colcon.colcon_core.environment:checking '/home/ros/colcon_ws/src/install/q2d_teleop' for CMake module files
[4.264s] Level 1:colcon.colcon_core.environment:checking '/home/ros/colcon_ws/src/install/q2d_teleop' for CMake config files
[4.264s] Level 1:colcon.colcon_core.shell:create_environment_hook('q2d_teleop', 'cmake_prefix_path')
[4.267s] INFO:colcon.colcon_core.shell:Creating environment hook '/home/ros/colcon_ws/src/install/q2d_teleop/share/q2d_teleop/hook/cmake_prefix_path.ps1'
[4.268s] DEBUG:colcon.colcon_core.event_handler.log_command:Invoked command in '/home/ros/colcon_ws/src/build/q2d_teleop' returned '0': CMAKE_PREFIX_PATH=${CMAKE_PREFIX_PATH}:/opt/ros/humble /usr/bin/cmake --install /home/ros/colcon_ws/src/build/q2d_teleop
[4.268s] INFO:colcon.colcon_core.shell:Creating environment descriptor '/home/ros/colcon_ws/src/install/q2d_teleop/share/q2d_teleop/hook/cmake_prefix_path.dsv'
[4.269s] INFO:colcon.colcon_core.shell:Creating environment hook '/home/ros/colcon_ws/src/install/q2d_teleop/share/q2d_teleop/hook/cmake_prefix_path.sh'
[4.269s] Level 1:colcon.colcon_core.environment:checking '/home/ros/colcon_ws/src/install/q2d_teleop/lib'
[4.269s] Level 1:colcon.colcon_core.environment:checking '/home/ros/colcon_ws/src/install/q2d_teleop/bin'
[4.269s] Level 1:colcon.colcon_core.environment:checking '/home/ros/colcon_ws/src/install/q2d_teleop/lib/pkgconfig/q2d_teleop.pc'
[4.270s] Level 1:colcon.colcon_core.environment:checking '/home/ros/colcon_ws/src/install/q2d_teleop/lib/python3.10/site-packages'
[4.270s] Level 1:colcon.colcon_core.environment:checking '/home/ros/colcon_ws/src/install/q2d_teleop/bin'
[4.272s] INFO:colcon.colcon_core.shell:Creating package script '/home/ros/colcon_ws/src/install/q2d_teleop/share/q2d_teleop/package.ps1'
[4.272s] INFO:colcon.colcon_core.shell:Creating package descriptor '/home/ros/colcon_ws/src/install/q2d_teleop/share/q2d_teleop/package.dsv'
[4.272s] INFO:colcon.colcon_core.shell:Creating package script '/home/ros/colcon_ws/src/install/q2d_teleop/share/q2d_teleop/package.sh'
[4.273s] INFO:colcon.colcon_core.shell:Creating package script '/home/ros/colcon_ws/src/install/q2d_teleop/share/q2d_teleop/package.bash'
[4.273s] INFO:colcon.colcon_core.shell:Creating package script '/home/ros/colcon_ws/src/install/q2d_teleop/share/q2d_teleop/package.zsh'
[4.273s] Level 1:colcon.colcon_core.environment:create_file_with_runtime_dependencies(/home/ros/colcon_ws/src/install/q2d_teleop/share/colcon-core/packages/q2d_teleop)
[4.311s] Level 1:colcon.colcon_core.environment:create_environment_scripts_only(q2d_teleop)
[4.320s] Level 1:colcon.colcon_core.environment:checking '/home/ros/colcon_ws/src/install/q2d_teleop' for CMake module files
[4.321s] Level 1:colcon.colcon_core.environment:checking '/home/ros/colcon_ws/src/install/q2d_teleop' for CMake config files
[4.321s] Level 1:colcon.colcon_core.shell:create_environment_hook('q2d_teleop', 'cmake_prefix_path')
[4.323s] INFO:colcon.colcon_core.shell:Creating environment hook '/home/ros/colcon_ws/src/install/q2d_teleop/share/q2d_teleop/hook/cmake_prefix_path.ps1'
[4.324s] INFO:colcon.colcon_core.shell:Creating environment descriptor '/home/ros/colcon_ws/src/install/q2d_teleop/share/q2d_teleop/hook/cmake_prefix_path.dsv'
[4.324s] INFO:colcon.colcon_core.shell:Creating environment hook '/home/ros/colcon_ws/src/install/q2d_teleop/share/q2d_teleop/hook/cmake_prefix_path.sh'
[4.326s] Level 1:colcon.colcon_core.environment:checking '/home/ros/colcon_ws/src/install/q2d_teleop/lib'
[4.326s] Level 1:colcon.colcon_core.environment:checking '/home/ros/colcon_ws/src/install/q2d_teleop/bin'
[4.326s] Level 1:colcon.colcon_core.environment:checking '/home/ros/colcon_ws/src/install/q2d_teleop/lib/pkgconfig/q2d_teleop.pc'
[4.326s] Level 1:colcon.colcon_core.environment:checking '/home/ros/colcon_ws/src/install/q2d_teleop/lib/python3.10/site-packages'
[4.327s] Level 1:colcon.colcon_core.environment:checking '/home/ros/colcon_ws/src/install/q2d_teleop/bin'
[4.332s] INFO:colcon.colcon_core.shell:Creating package script '/home/ros/colcon_ws/src/install/q2d_teleop/share/q2d_teleop/package.ps1'
[4.332s] INFO:colcon.colcon_core.shell:Creating package descriptor '/home/ros/colcon_ws/src/install/q2d_teleop/share/q2d_teleop/package.dsv'
[4.333s] INFO:colcon.colcon_core.shell:Creating package script '/home/ros/colcon_ws/src/install/q2d_teleop/share/q2d_teleop/package.sh'
[4.333s] INFO:colcon.colcon_core.shell:Creating package script '/home/ros/colcon_ws/src/install/q2d_teleop/share/q2d_teleop/package.bash'
[4.334s] INFO:colcon.colcon_core.shell:Creating package script '/home/ros/colcon_ws/src/install/q2d_teleop/share/q2d_teleop/package.zsh'
[4.334s] Level 1:colcon.colcon_core.environment:create_file_with_runtime_dependencies(/home/ros/colcon_ws/src/install/q2d_teleop/share/colcon-core/packages/q2d_teleop)
[4.389s] DEBUG:colcon.colcon_core.event_handler.log_command:Invoked command in '/home/ros/colcon_ws/src/build/q4d_teleop' returned '0': CMAKE_PREFIX_PATH=${CMAKE_PREFIX_PATH}:/opt/ros/humble /usr/bin/cmake --build /home/ros/colcon_ws/src/build/q4d_teleop -- -j3 -l3
[4.414s] DEBUG:colcon.colcon_core.event_handler.log_command:Invoking command in '/home/ros/colcon_ws/src/build/q4d_teleop': CMAKE_PREFIX_PATH=${CMAKE_PREFIX_PATH}:/opt/ros/humble /usr/bin/cmake --install /home/ros/colcon_ws/src/build/q4d_teleop
[4.579s] Level 1:colcon.colcon_core.environment:create_environment_scripts_only(q4d_teleop)
[4.581s] Level 1:colcon.colcon_core.environment:checking '/home/ros/colcon_ws/src/install/q4d_teleop' for CMake module files
[4.582s] DEBUG:colcon.colcon_core.event_handler.log_command:Invoked command in '/home/ros/colcon_ws/src/build/q4d_teleop' returned '0': CMAKE_PREFIX_PATH=${CMAKE_PREFIX_PATH}:/opt/ros/humble /usr/bin/cmake --install /home/ros/colcon_ws/src/build/q4d_teleop
[4.582s] Level 1:colcon.colcon_core.environment:checking '/home/ros/colcon_ws/src/install/q4d_teleop' for CMake config files
[4.583s] Level 1:colcon.colcon_core.shell:create_environment_hook('q4d_teleop', 'cmake_prefix_path')
[4.584s] INFO:colcon.colcon_core.shell:Creating environment hook '/home/ros/colcon_ws/src/install/q4d_teleop/share/q4d_teleop/hook/cmake_prefix_path.ps1'
[4.585s] INFO:colcon.colcon_core.shell:Creating environment descriptor '/home/ros/colcon_ws/src/install/q4d_teleop/share/q4d_teleop/hook/cmake_prefix_path.dsv'
[4.586s] INFO:colcon.colcon_core.shell:Creating environment hook '/home/ros/colcon_ws/src/install/q4d_teleop/share/q4d_teleop/hook/cmake_prefix_path.sh'
[4.587s] Level 1:colcon.colcon_core.environment:checking '/home/ros/colcon_ws/src/install/q4d_teleop/lib'
[4.587s] Level 1:colcon.colcon_core.environment:checking '/home/ros/colcon_ws/src/install/q4d_teleop/bin'
[4.587s] Level 1:colcon.colcon_core.environment:checking '/home/ros/colcon_ws/src/install/q4d_teleop/lib/pkgconfig/q4d_teleop.pc'
[4.587s] Level 1:colcon.colcon_core.environment:checking '/home/ros/colcon_ws/src/install/q4d_teleop/lib/python3.10/site-packages'
[4.588s] Level 1:colcon.colcon_core.environment:checking '/home/ros/colcon_ws/src/install/q4d_teleop/bin'
[4.589s] INFO:colcon.colcon_core.shell:Creating package script '/home/ros/colcon_ws/src/install/q4d_teleop/share/q4d_teleop/package.ps1'
[4.590s] INFO:colcon.colcon_core.shell:Creating package descriptor '/home/ros/colcon_ws/src/install/q4d_teleop/share/q4d_teleop/package.dsv'
[4.590s] INFO:colcon.colcon_core.shell:Creating package script '/home/ros/colcon_ws/src/install/q4d_teleop/share/q4d_teleop/package.sh'
[4.591s] INFO:colcon.colcon_core.shell:Creating package script '/home/ros/colcon_ws/src/install/q4d_teleop/share/q4d_teleop/package.bash'
[4.591s] INFO:colcon.colcon_core.shell:Creating package script '/home/ros/colcon_ws/src/install/q4d_teleop/share/q4d_teleop/package.zsh'
[4.592s] Level 1:colcon.colcon_core.environment:create_file_with_runtime_dependencies(/home/ros/colcon_ws/src/install/q4d_teleop/share/colcon-core/packages/q4d_teleop)
[4.609s] Level 1:colcon.colcon_core.environment:create_environment_scripts_only(q4d_teleop)
[4.611s] Level 1:colcon.colcon_core.environment:checking '/home/ros/colcon_ws/src/install/q4d_teleop' for CMake module files
[4.611s] Level 1:colcon.colcon_core.environment:checking '/home/ros/colcon_ws/src/install/q4d_teleop' for CMake config files
[4.612s] Level 1:colcon.colcon_core.shell:create_environment_hook('q4d_teleop', 'cmake_prefix_path')
[4.613s] INFO:colcon.colcon_core.shell:Creating environment hook '/home/ros/colcon_ws/src/install/q4d_teleop/share/q4d_teleop/hook/cmake_prefix_path.ps1'
[4.614s] INFO:colcon.colcon_core.shell:Creating environment descriptor '/home/ros/colcon_ws/src/install/q4d_teleop/share/q4d_teleop/hook/cmake_prefix_path.dsv'
[4.614s] INFO:colcon.colcon_core.shell:Creating environment hook '/home/ros/colcon_ws/src/install/q4d_teleop/share/q4d_teleop/hook/cmake_prefix_path.sh'
[4.615s] Level 1:colcon.colcon_core.environment:checking '/home/ros/colcon_ws/src/install/q4d_teleop/lib'
[4.615s] Level 1:colcon.colcon_core.environment:checking '/home/ros/colcon_ws/src/install/q4d_teleop/bin'
[4.615s] Level 1:colcon.colcon_core.environment:checking '/home/ros/colcon_ws/src/install/q4d_teleop/lib/pkgconfig/q4d_teleop.pc'
[4.615s] Level 1:colcon.colcon_core.environment:checking '/home/ros/colcon_ws/src/install/q4d_teleop/lib/python3.10/site-packages'
[4.615s] Level 1:colcon.colcon_core.environment:checking '/home/ros/colcon_ws/src/install/q4d_teleop/bin'
[4.617s] INFO:colcon.colcon_core.shell:Creating package script '/home/ros/colcon_ws/src/install/q4d_teleop/share/q4d_teleop/package.ps1'
[4.617s] INFO:colcon.colcon_core.shell:Creating package descriptor '/home/ros/colcon_ws/src/install/q4d_teleop/share/q4d_teleop/package.dsv'
[4.618s] INFO:colcon.colcon_core.shell:Creating package script '/home/ros/colcon_ws/src/install/q4d_teleop/share/q4d_teleop/package.sh'
[4.618s] INFO:colcon.colcon_core.shell:Creating package script '/home/ros/colcon_ws/src/install/q4d_teleop/share/q4d_teleop/package.bash'
[4.619s] INFO:colcon.colcon_core.shell:Creating package script '/home/ros/colcon_ws/src/install/q4d_teleop/share/q4d_teleop/package.zsh'
[4.619s] Level 1:colcon.colcon_core.environment:create_file_with_runtime_dependencies(/home/ros/colcon_ws/src/install/q4d_teleop/share/colcon-core/packages/q4d_teleop)
[4.620s] DEBUG:colcon.colcon_parallel_executor.executor.parallel:closing loop
[4.621s] DEBUG:colcon.colcon_parallel_executor.executor.parallel:loop closed
[4.621s] DEBUG:colcon.colcon_parallel_executor.executor.parallel:run_until_complete finished with '0'
[4.621s] DEBUG:colcon.colcon_core.event_reactor:joining thread
[4.626s] INFO:colcon.colcon_core.plugin_system:Skipping extension 'colcon_notification.desktop_notification.terminal_notifier': Not used on non-Darwin systems
[4.626s] INFO:colcon.colcon_core.plugin_system:Skipping extension 'colcon_notification.desktop_notification.win32': Not used on non-Windows systems
[4.626s] INFO:colcon.colcon_notification.desktop_notification:Sending desktop notification using 'notify2'
[4.639s] DEBUG:colcon.colcon_core.event_reactor:joined thread
[4.641s] INFO:colcon.colcon_core.shell:Creating prefix script '/home/ros/colcon_ws/src/install/local_setup.ps1'
[4.642s] INFO:colcon.colcon_core.shell:Creating prefix util module '/home/ros/colcon_ws/src/install/_local_setup_util_ps1.py'
[4.644s] INFO:colcon.colcon_core.shell:Creating prefix chain script '/home/ros/colcon_ws/src/install/setup.ps1'
[4.646s] INFO:colcon.colcon_core.shell:Creating prefix script '/home/ros/colcon_ws/src/install/local_setup.sh'
[4.647s] INFO:colcon.colcon_core.shell:Creating prefix util module '/home/ros/colcon_ws/src/install/_local_setup_util_sh.py'
[4.647s] INFO:colcon.colcon_core.shell:Creating prefix chain script '/home/ros/colcon_ws/src/install/setup.sh'
[4.649s] INFO:colcon.colcon_core.shell:Creating prefix script '/home/ros/colcon_ws/src/install/local_setup.bash'
[4.650s] INFO:colcon.colcon_core.shell:Creating prefix chain script '/home/ros/colcon_ws/src/install/setup.bash'
[4.652s] INFO:colcon.colcon_core.shell:Creating prefix script '/home/ros/colcon_ws/src/install/local_setup.zsh'
[4.652s] INFO:colcon.colcon_core.shell:Creating prefix chain script '/home/ros/colcon_ws/src/install/setup.zsh'
