[0.334s] DEBUG:colcon:Command line arguments: ['/usr/bin/colcon', 'build']
[0.334s] DEBUG:colcon:Parsed command line arguments: Namespace(log_base=None, log_level=None, verb_name='build', build_base='build', install_base='install', merge_install=False, symlink_install=False, test_result_base=None, continue_on_error=False, executor='parallel', parallel_workers=3, event_handlers=None, ignore_user_meta=False, metas=['./colcon.meta'], base_paths=['.'], packages_ignore=None, packages_ignore_regex=None, paths=None, packages_up_to=None, packages_up_to_regex=None, packages_above=None, packages_above_and_dependencies=None, packages_above_depth=None, packages_select_by_dep=None, packages_skip_by_dep=None, packages_skip_up_to=None, packages_select_build_failed=False, packages_skip_build_finished=False, packages_select_test_failures=False, packages_skip_test_passed=False, packages_select=None, packages_skip=None, packages_select_regex=None, packages_skip_regex=None, packages_start=None, packages_end=None, allow_overriding=[], cmake_args=None, cmake_target=None, cmake_target_skip_unavailable=False, cmake_clean_cache=False, cmake_clean_first=False, cmake_force_configure=False, ament_cmake_args=None, catkin_cmake_args=None, catkin_skip_building_tests=False, verb_parser=<colcon_defaults.argument_parser.defaults.DefaultArgumentsDecorator object at 0x7f1fc9cd4760>, verb_extension=<colcon_core.verb.build.BuildVerb object at 0x7f1fca4a5cf0>, main=<bound method BuildVerb.main of <colcon_core.verb.build.BuildVerb object at 0x7f1fca4a5cf0>>)
[0.372s] Level 1:colcon.colcon_core.package_discovery:discover_packages(colcon_meta) check parameters
[0.372s] Level 1:colcon.colcon_core.package_discovery:discover_packages(recursive) check parameters
[0.372s] Level 1:colcon.colcon_core.package_discovery:discover_packages(ignore) check parameters
[0.372s] Level 1:colcon.colcon_core.package_discovery:discover_packages(path) check parameters
[0.372s] Level 1:colcon.colcon_core.package_discovery:discover_packages(colcon_meta) discover
[0.372s] Level 1:colcon.colcon_core.package_discovery:discover_packages(recursive) discover
[0.372s] INFO:colcon.colcon_core.package_discovery:Crawling recursively for packages in '/home/ros/colcon_ws'
[0.372s] Level 1:colcon.colcon_core.package_identification:_identify(.) by extensions ['ignore', 'ignore_ament_install']
[0.372s] Level 1:colcon.colcon_core.package_identification:_identify(.) by extension 'ignore'
[0.372s] Level 1:colcon.colcon_core.package_identification:_identify(.) by extension 'ignore_ament_install'
[0.372s] Level 1:colcon.colcon_core.package_identification:_identify(.) by extensions ['colcon_pkg']
[0.372s] Level 1:colcon.colcon_core.package_identification:_identify(.) by extension 'colcon_pkg'
[0.372s] Level 1:colcon.colcon_core.package_identification:_identify(.) by extensions ['colcon_meta']
[0.372s] Level 1:colcon.colcon_core.package_identification:_identify(.) by extension 'colcon_meta'
[0.372s] Level 1:colcon.colcon_core.package_identification:_identify(.) by extensions ['ros']
[0.372s] Level 1:colcon.colcon_core.package_identification:_identify(.) by extension 'ros'
[0.385s] Level 1:colcon.colcon_core.package_identification:_identify(.) by extensions ['cmake', 'python']
[0.385s] Level 1:colcon.colcon_core.package_identification:_identify(.) by extension 'cmake'
[0.385s] Level 1:colcon.colcon_core.package_identification:_identify(.) by extension 'python'
[0.385s] Level 1:colcon.colcon_core.package_identification:_identify(.) by extensions ['python_setup_py']
[0.385s] Level 1:colcon.colcon_core.package_identification:_identify(.) by extension 'python_setup_py'
[0.385s] Level 1:colcon.colcon_core.package_identification:_identify(build) by extensions ['ignore', 'ignore_ament_install']
[0.385s] Level 1:colcon.colcon_core.package_identification:_identify(build) by extension 'ignore'
[0.385s] Level 1:colcon.colcon_core.package_identification:_identify(build) ignored
[0.385s] Level 1:colcon.colcon_core.package_identification:_identify(install) by extensions ['ignore', 'ignore_ament_install']
[0.385s] Level 1:colcon.colcon_core.package_identification:_identify(install) by extension 'ignore'
[0.385s] Level 1:colcon.colcon_core.package_identification:_identify(install) ignored
[0.385s] Level 1:colcon.colcon_core.package_identification:_identify(log) by extensions ['ignore', 'ignore_ament_install']
[0.385s] Level 1:colcon.colcon_core.package_identification:_identify(log) by extension 'ignore'
[0.385s] Level 1:colcon.colcon_core.package_identification:_identify(log) ignored
[0.385s] Level 1:colcon.colcon_core.package_identification:_identify(ros2-q4d) by extensions ['ignore', 'ignore_ament_install']
[0.386s] Level 1:colcon.colcon_core.package_identification:_identify(ros2-q4d) by extension 'ignore'
[0.386s] Level 1:colcon.colcon_core.package_identification:_identify(ros2-q4d) by extension 'ignore_ament_install'
[0.386s] Level 1:colcon.colcon_core.package_identification:_identify(ros2-q4d) by extensions ['colcon_pkg']
[0.386s] Level 1:colcon.colcon_core.package_identification:_identify(ros2-q4d) by extension 'colcon_pkg'
[0.386s] Level 1:colcon.colcon_core.package_identification:_identify(ros2-q4d) by extensions ['colcon_meta']
[0.386s] Level 1:colcon.colcon_core.package_identification:_identify(ros2-q4d) by extension 'colcon_meta'
[0.386s] Level 1:colcon.colcon_core.package_identification:_identify(ros2-q4d) by extensions ['ros']
[0.386s] Level 1:colcon.colcon_core.package_identification:_identify(ros2-q4d) by extension 'ros'
[0.386s] Level 1:colcon.colcon_core.package_identification:_identify(ros2-q4d) by extensions ['cmake', 'python']
[0.386s] Level 1:colcon.colcon_core.package_identification:_identify(ros2-q4d) by extension 'cmake'
[0.386s] Level 1:colcon.colcon_core.package_identification:_identify(ros2-q4d) by extension 'python'
[0.386s] Level 1:colcon.colcon_core.package_identification:_identify(ros2-q4d) by extensions ['python_setup_py']
[0.386s] Level 1:colcon.colcon_core.package_identification:_identify(ros2-q4d) by extension 'python_setup_py'
[0.386s] Level 1:colcon.colcon_core.package_identification:_identify(ros2-q4d/build) by extensions ['ignore', 'ignore_ament_install']
[0.386s] Level 1:colcon.colcon_core.package_identification:_identify(ros2-q4d/build) by extension 'ignore'
[0.386s] Level 1:colcon.colcon_core.package_identification:_identify(ros2-q4d/build) ignored
[0.386s] Level 1:colcon.colcon_core.package_identification:_identify(ros2-q4d/install) by extensions ['ignore', 'ignore_ament_install']
[0.386s] Level 1:colcon.colcon_core.package_identification:_identify(ros2-q4d/install) by extension 'ignore'
[0.386s] Level 1:colcon.colcon_core.package_identification:_identify(ros2-q4d/install) ignored
[0.387s] Level 1:colcon.colcon_core.package_identification:_identify(ros2-q4d/log) by extensions ['ignore', 'ignore_ament_install']
[0.387s] Level 1:colcon.colcon_core.package_identification:_identify(ros2-q4d/log) by extension 'ignore'
[0.387s] Level 1:colcon.colcon_core.package_identification:_identify(ros2-q4d/log) ignored
[0.387s] Level 1:colcon.colcon_core.package_identification:_identify(ros2-q4d/src) by extensions ['ignore', 'ignore_ament_install']
[0.387s] Level 1:colcon.colcon_core.package_identification:_identify(ros2-q4d/src) by extension 'ignore'
[0.387s] Level 1:colcon.colcon_core.package_identification:_identify(ros2-q4d/src) by extension 'ignore_ament_install'
[0.387s] Level 1:colcon.colcon_core.package_identification:_identify(ros2-q4d/src) by extensions ['colcon_pkg']
[0.387s] Level 1:colcon.colcon_core.package_identification:_identify(ros2-q4d/src) by extension 'colcon_pkg'
[0.387s] Level 1:colcon.colcon_core.package_identification:_identify(ros2-q4d/src) by extensions ['colcon_meta']
[0.387s] Level 1:colcon.colcon_core.package_identification:_identify(ros2-q4d/src) by extension 'colcon_meta'
[0.387s] Level 1:colcon.colcon_core.package_identification:_identify(ros2-q4d/src) by extensions ['ros']
[0.387s] Level 1:colcon.colcon_core.package_identification:_identify(ros2-q4d/src) by extension 'ros'
[0.387s] Level 1:colcon.colcon_core.package_identification:_identify(ros2-q4d/src) by extensions ['cmake', 'python']
[0.387s] Level 1:colcon.colcon_core.package_identification:_identify(ros2-q4d/src) by extension 'cmake'
[0.387s] Level 1:colcon.colcon_core.package_identification:_identify(ros2-q4d/src) by extension 'python'
[0.387s] Level 1:colcon.colcon_core.package_identification:_identify(ros2-q4d/src) by extensions ['python_setup_py']
[0.387s] Level 1:colcon.colcon_core.package_identification:_identify(ros2-q4d/src) by extension 'python_setup_py'
[0.387s] Level 1:colcon.colcon_core.package_identification:_identify(ros2-q4d/src/eng10026_lab2) by extensions ['ignore', 'ignore_ament_install']
[0.388s] Level 1:colcon.colcon_core.package_identification:_identify(ros2-q4d/src/eng10026_lab2) by extension 'ignore'
[0.388s] Level 1:colcon.colcon_core.package_identification:_identify(ros2-q4d/src/eng10026_lab2) by extension 'ignore_ament_install'
[0.388s] Level 1:colcon.colcon_core.package_identification:_identify(ros2-q4d/src/eng10026_lab2) by extensions ['colcon_pkg']
[0.388s] Level 1:colcon.colcon_core.package_identification:_identify(ros2-q4d/src/eng10026_lab2) by extension 'colcon_pkg'
[0.388s] Level 1:colcon.colcon_core.package_identification:_identify(ros2-q4d/src/eng10026_lab2) by extensions ['colcon_meta']
[0.388s] Level 1:colcon.colcon_core.package_identification:_identify(ros2-q4d/src/eng10026_lab2) by extension 'colcon_meta'
[0.388s] Level 1:colcon.colcon_core.package_identification:_identify(ros2-q4d/src/eng10026_lab2) by extensions ['ros']
[0.388s] Level 1:colcon.colcon_core.package_identification:_identify(ros2-q4d/src/eng10026_lab2) by extension 'ros'
[0.391s] DEBUG:colcon.colcon_core.package_identification:Package 'ros2-q4d/src/eng10026_lab2' with type 'ros.ament_cmake' and name 'eng10026_lab2'
[0.391s] Level 1:colcon.colcon_core.package_identification:_identify(ros2-q4d/src/eng10026_publisher) by extensions ['ignore', 'ignore_ament_install']
[0.391s] Level 1:colcon.colcon_core.package_identification:_identify(ros2-q4d/src/eng10026_publisher) by extension 'ignore'
[0.391s] Level 1:colcon.colcon_core.package_identification:_identify(ros2-q4d/src/eng10026_publisher) by extension 'ignore_ament_install'
[0.391s] Level 1:colcon.colcon_core.package_identification:_identify(ros2-q4d/src/eng10026_publisher) by extensions ['colcon_pkg']
[0.391s] Level 1:colcon.colcon_core.package_identification:_identify(ros2-q4d/src/eng10026_publisher) by extension 'colcon_pkg'
[0.391s] Level 1:colcon.colcon_core.package_identification:_identify(ros2-q4d/src/eng10026_publisher) by extensions ['colcon_meta']
[0.391s] Level 1:colcon.colcon_core.package_identification:_identify(ros2-q4d/src/eng10026_publisher) by extension 'colcon_meta'
[0.391s] Level 1:colcon.colcon_core.package_identification:_identify(ros2-q4d/src/eng10026_publisher) by extensions ['ros']
[0.391s] Level 1:colcon.colcon_core.package_identification:_identify(ros2-q4d/src/eng10026_publisher) by extension 'ros'
[0.391s] Level 1:colcon.colcon_core.package_identification:_identify(ros2-q4d/src/eng10026_publisher) by extensions ['cmake', 'python']
[0.391s] Level 1:colcon.colcon_core.package_identification:_identify(ros2-q4d/src/eng10026_publisher) by extension 'cmake'
[0.391s] Level 1:colcon.colcon_core.package_identification:_identify(ros2-q4d/src/eng10026_publisher) by extension 'python'
[0.391s] Level 1:colcon.colcon_core.package_identification:_identify(ros2-q4d/src/eng10026_publisher) by extensions ['python_setup_py']
[0.391s] Level 1:colcon.colcon_core.package_identification:_identify(ros2-q4d/src/eng10026_publisher) by extension 'python_setup_py'
[0.392s] Level 1:colcon.colcon_core.package_identification:_identify(ros2-q4d/src/eng10026_subscriber) by extensions ['ignore', 'ignore_ament_install']
[0.392s] Level 1:colcon.colcon_core.package_identification:_identify(ros2-q4d/src/eng10026_subscriber) by extension 'ignore'
[0.392s] Level 1:colcon.colcon_core.package_identification:_identify(ros2-q4d/src/eng10026_subscriber) by extension 'ignore_ament_install'
[0.392s] Level 1:colcon.colcon_core.package_identification:_identify(ros2-q4d/src/eng10026_subscriber) by extensions ['colcon_pkg']
[0.392s] Level 1:colcon.colcon_core.package_identification:_identify(ros2-q4d/src/eng10026_subscriber) by extension 'colcon_pkg'
[0.392s] Level 1:colcon.colcon_core.package_identification:_identify(ros2-q4d/src/eng10026_subscriber) by extensions ['colcon_meta']
[0.392s] Level 1:colcon.colcon_core.package_identification:_identify(ros2-q4d/src/eng10026_subscriber) by extension 'colcon_meta'
[0.392s] Level 1:colcon.colcon_core.package_identification:_identify(ros2-q4d/src/eng10026_subscriber) by extensions ['ros']
[0.392s] Level 1:colcon.colcon_core.package_identification:_identify(ros2-q4d/src/eng10026_subscriber) by extension 'ros'
[0.392s] Level 1:colcon.colcon_core.package_identification:_identify(ros2-q4d/src/eng10026_subscriber) by extensions ['cmake', 'python']
[0.392s] Level 1:colcon.colcon_core.package_identification:_identify(ros2-q4d/src/eng10026_subscriber) by extension 'cmake'
[0.392s] Level 1:colcon.colcon_core.package_identification:_identify(ros2-q4d/src/eng10026_subscriber) by extension 'python'
[0.392s] Level 1:colcon.colcon_core.package_identification:_identify(ros2-q4d/src/eng10026_subscriber) by extensions ['python_setup_py']
[0.392s] Level 1:colcon.colcon_core.package_identification:_identify(ros2-q4d/src/eng10026_subscriber) by extension 'python_setup_py'
[0.392s] Level 1:colcon.colcon_core.package_identification:_identify(ros2-q4d/src/eng10026_tf2) by extensions ['ignore', 'ignore_ament_install']
[0.392s] Level 1:colcon.colcon_core.package_identification:_identify(ros2-q4d/src/eng10026_tf2) by extension 'ignore'
[0.392s] Level 1:colcon.colcon_core.package_identification:_identify(ros2-q4d/src/eng10026_tf2) by extension 'ignore_ament_install'
[0.392s] Level 1:colcon.colcon_core.package_identification:_identify(ros2-q4d/src/eng10026_tf2) by extensions ['colcon_pkg']
[0.392s] Level 1:colcon.colcon_core.package_identification:_identify(ros2-q4d/src/eng10026_tf2) by extension 'colcon_pkg'
[0.392s] Level 1:colcon.colcon_core.package_identification:_identify(ros2-q4d/src/eng10026_tf2) by extensions ['colcon_meta']
[0.392s] Level 1:colcon.colcon_core.package_identification:_identify(ros2-q4d/src/eng10026_tf2) by extension 'colcon_meta'
[0.392s] Level 1:colcon.colcon_core.package_identification:_identify(ros2-q4d/src/eng10026_tf2) by extensions ['ros']
[0.392s] Level 1:colcon.colcon_core.package_identification:_identify(ros2-q4d/src/eng10026_tf2) by extension 'ros'
[0.393s] Level 1:colcon.colcon_core.package_identification:_identify(ros2-q4d/src/eng10026_tf2) by extensions ['cmake', 'python']
[0.393s] Level 1:colcon.colcon_core.package_identification:_identify(ros2-q4d/src/eng10026_tf2) by extension 'cmake'
[0.393s] Level 1:colcon.colcon_core.package_identification:_identify(ros2-q4d/src/eng10026_tf2) by extension 'python'
[0.393s] Level 1:colcon.colcon_core.package_identification:_identify(ros2-q4d/src/eng10026_tf2) by extensions ['python_setup_py']
[0.393s] Level 1:colcon.colcon_core.package_identification:_identify(ros2-q4d/src/eng10026_tf2) by extension 'python_setup_py'
[0.393s] Level 1:colcon.colcon_core.package_identification:_identify(ros2-q4d/src/eng10026_tf2/config) by extensions ['ignore', 'ignore_ament_install']
[0.393s] Level 1:colcon.colcon_core.package_identification:_identify(ros2-q4d/src/eng10026_tf2/config) by extension 'ignore'
[0.393s] Level 1:colcon.colcon_core.package_identification:_identify(ros2-q4d/src/eng10026_tf2/config) by extension 'ignore_ament_install'
[0.393s] Level 1:colcon.colcon_core.package_identification:_identify(ros2-q4d/src/eng10026_tf2/config) by extensions ['colcon_pkg']
[0.393s] Level 1:colcon.colcon_core.package_identification:_identify(ros2-q4d/src/eng10026_tf2/config) by extension 'colcon_pkg'
[0.393s] Level 1:colcon.colcon_core.package_identification:_identify(ros2-q4d/src/eng10026_tf2/config) by extensions ['colcon_meta']
[0.393s] Level 1:colcon.colcon_core.package_identification:_identify(ros2-q4d/src/eng10026_tf2/config) by extension 'colcon_meta'
[0.393s] Level 1:colcon.colcon_core.package_identification:_identify(ros2-q4d/src/eng10026_tf2/config) by extensions ['ros']
[0.393s] Level 1:colcon.colcon_core.package_identification:_identify(ros2-q4d/src/eng10026_tf2/config) by extension 'ros'
[0.393s] Level 1:colcon.colcon_core.package_identification:_identify(ros2-q4d/src/eng10026_tf2/config) by extensions ['cmake', 'python']
[0.393s] Level 1:colcon.colcon_core.package_identification:_identify(ros2-q4d/src/eng10026_tf2/config) by extension 'cmake'
[0.393s] Level 1:colcon.colcon_core.package_identification:_identify(ros2-q4d/src/eng10026_tf2/config) by extension 'python'
[0.393s] Level 1:colcon.colcon_core.package_identification:_identify(ros2-q4d/src/eng10026_tf2/config) by extensions ['python_setup_py']
[0.393s] Level 1:colcon.colcon_core.package_identification:_identify(ros2-q4d/src/eng10026_tf2/config) by extension 'python_setup_py'
[0.393s] Level 1:colcon.colcon_core.package_identification:_identify(ros2-q4d/src/q2d) by extensions ['ignore', 'ignore_ament_install']
[0.393s] Level 1:colcon.colcon_core.package_identification:_identify(ros2-q4d/src/q2d) by extension 'ignore'
[0.394s] Level 1:colcon.colcon_core.package_identification:_identify(ros2-q4d/src/q2d) by extension 'ignore_ament_install'
[0.394s] Level 1:colcon.colcon_core.package_identification:_identify(ros2-q4d/src/q2d) by extensions ['colcon_pkg']
[0.394s] Level 1:colcon.colcon_core.package_identification:_identify(ros2-q4d/src/q2d) by extension 'colcon_pkg'
[0.394s] Level 1:colcon.colcon_core.package_identification:_identify(ros2-q4d/src/q2d) by extensions ['colcon_meta']
[0.394s] Level 1:colcon.colcon_core.package_identification:_identify(ros2-q4d/src/q2d) by extension 'colcon_meta'
[0.394s] Level 1:colcon.colcon_core.package_identification:_identify(ros2-q4d/src/q2d) by extensions ['ros']
[0.394s] Level 1:colcon.colcon_core.package_identification:_identify(ros2-q4d/src/q2d) by extension 'ros'
[0.394s] Level 1:colcon.colcon_core.package_identification:_identify(ros2-q4d/src/q2d) by extensions ['cmake', 'python']
[0.394s] Level 1:colcon.colcon_core.package_identification:_identify(ros2-q4d/src/q2d) by extension 'cmake'
[0.394s] Level 1:colcon.colcon_core.package_identification:_identify(ros2-q4d/src/q2d) by extension 'python'
[0.394s] Level 1:colcon.colcon_core.package_identification:_identify(ros2-q4d/src/q2d) by extensions ['python_setup_py']
[0.394s] Level 1:colcon.colcon_core.package_identification:_identify(ros2-q4d/src/q2d) by extension 'python_setup_py'
[0.394s] Level 1:colcon.colcon_core.package_identification:_identify(ros2-q4d/src/q2d/q2d_bringup) by extensions ['ignore', 'ignore_ament_install']
[0.394s] Level 1:colcon.colcon_core.package_identification:_identify(ros2-q4d/src/q2d/q2d_bringup) by extension 'ignore'
[0.394s] Level 1:colcon.colcon_core.package_identification:_identify(ros2-q4d/src/q2d/q2d_bringup) by extension 'ignore_ament_install'
[0.394s] Level 1:colcon.colcon_core.package_identification:_identify(ros2-q4d/src/q2d/q2d_bringup) by extensions ['colcon_pkg']
[0.394s] Level 1:colcon.colcon_core.package_identification:_identify(ros2-q4d/src/q2d/q2d_bringup) by extension 'colcon_pkg'
[0.394s] Level 1:colcon.colcon_core.package_identification:_identify(ros2-q4d/src/q2d/q2d_bringup) by extensions ['colcon_meta']
[0.394s] Level 1:colcon.colcon_core.package_identification:_identify(ros2-q4d/src/q2d/q2d_bringup) by extension 'colcon_meta'
[0.394s] Level 1:colcon.colcon_core.package_identification:_identify(ros2-q4d/src/q2d/q2d_bringup) by extensions ['ros']
[0.394s] Level 1:colcon.colcon_core.package_identification:_identify(ros2-q4d/src/q2d/q2d_bringup) by extension 'ros'
[0.395s] DEBUG:colcon.colcon_core.package_identification:Package 'ros2-q4d/src/q2d/q2d_bringup' with type 'ros.ament_cmake' and name 'q2d_bringup'
[0.395s] Level 1:colcon.colcon_core.package_identification:_identify(ros2-q4d/src/q2d/q2d_description) by extensions ['ignore', 'ignore_ament_install']
[0.395s] Level 1:colcon.colcon_core.package_identification:_identify(ros2-q4d/src/q2d/q2d_description) by extension 'ignore'
[0.395s] Level 1:colcon.colcon_core.package_identification:_identify(ros2-q4d/src/q2d/q2d_description) by extension 'ignore_ament_install'
[0.395s] Level 1:colcon.colcon_core.package_identification:_identify(ros2-q4d/src/q2d/q2d_description) by extensions ['colcon_pkg']
[0.395s] Level 1:colcon.colcon_core.package_identification:_identify(ros2-q4d/src/q2d/q2d_description) by extension 'colcon_pkg'
[0.395s] Level 1:colcon.colcon_core.package_identification:_identify(ros2-q4d/src/q2d/q2d_description) by extensions ['colcon_meta']
[0.395s] Level 1:colcon.colcon_core.package_identification:_identify(ros2-q4d/src/q2d/q2d_description) by extension 'colcon_meta'
[0.396s] Level 1:colcon.colcon_core.package_identification:_identify(ros2-q4d/src/q2d/q2d_description) by extensions ['ros']
[0.396s] Level 1:colcon.colcon_core.package_identification:_identify(ros2-q4d/src/q2d/q2d_description) by extension 'ros'
[0.396s] DEBUG:colcon.colcon_core.package_identification:Package 'ros2-q4d/src/q2d/q2d_description' with type 'ros.ament_cmake' and name 'q2d_description'
[0.396s] Level 1:colcon.colcon_core.package_identification:_identify(ros2-q4d/src/q2d/q2d_teleop) by extensions ['ignore', 'ignore_ament_install']
[0.396s] Level 1:colcon.colcon_core.package_identification:_identify(ros2-q4d/src/q2d/q2d_teleop) by extension 'ignore'
[0.396s] Level 1:colcon.colcon_core.package_identification:_identify(ros2-q4d/src/q2d/q2d_teleop) by extension 'ignore_ament_install'
[0.396s] Level 1:colcon.colcon_core.package_identification:_identify(ros2-q4d/src/q2d/q2d_teleop) by extensions ['colcon_pkg']
[0.396s] Level 1:colcon.colcon_core.package_identification:_identify(ros2-q4d/src/q2d/q2d_teleop) by extension 'colcon_pkg'
[0.396s] Level 1:colcon.colcon_core.package_identification:_identify(ros2-q4d/src/q2d/q2d_teleop) by extensions ['colcon_meta']
[0.396s] Level 1:colcon.colcon_core.package_identification:_identify(ros2-q4d/src/q2d/q2d_teleop) by extension 'colcon_meta'
[0.396s] Level 1:colcon.colcon_core.package_identification:_identify(ros2-q4d/src/q2d/q2d_teleop) by extensions ['ros']
[0.396s] Level 1:colcon.colcon_core.package_identification:_identify(ros2-q4d/src/q2d/q2d_teleop) by extension 'ros'
[0.398s] DEBUG:colcon.colcon_core.package_identification:Package 'ros2-q4d/src/q2d/q2d_teleop' with type 'ros.ament_cmake' and name 'q2d_teleop'
[0.398s] Level 1:colcon.colcon_core.package_identification:_identify(ros2-q4d/src/q4d_description) by extensions ['ignore', 'ignore_ament_install']
[0.398s] Level 1:colcon.colcon_core.package_identification:_identify(ros2-q4d/src/q4d_description) by extension 'ignore'
[0.398s] Level 1:colcon.colcon_core.package_identification:_identify(ros2-q4d/src/q4d_description) by extension 'ignore_ament_install'
[0.398s] Level 1:colcon.colcon_core.package_identification:_identify(ros2-q4d/src/q4d_description) by extensions ['colcon_pkg']
[0.398s] Level 1:colcon.colcon_core.package_identification:_identify(ros2-q4d/src/q4d_description) by extension 'colcon_pkg'
[0.398s] Level 1:colcon.colcon_core.package_identification:_identify(ros2-q4d/src/q4d_description) by extensions ['colcon_meta']
[0.398s] Level 1:colcon.colcon_core.package_identification:_identify(ros2-q4d/src/q4d_description) by extension 'colcon_meta'
[0.398s] Level 1:colcon.colcon_core.package_identification:_identify(ros2-q4d/src/q4d_description) by extensions ['ros']
[0.398s] Level 1:colcon.colcon_core.package_identification:_identify(ros2-q4d/src/q4d_description) by extension 'ros'
[0.399s] DEBUG:colcon.colcon_core.package_identification:Package 'ros2-q4d/src/q4d_description' with type 'ros.ament_cmake' and name 'q4d_description'
[0.399s] Level 1:colcon.colcon_core.package_identification:_identify(ros2-q4d/src/q4d_teleop) by extensions ['ignore', 'ignore_ament_install']
[0.399s] Level 1:colcon.colcon_core.package_identification:_identify(ros2-q4d/src/q4d_teleop) by extension 'ignore'
[0.399s] Level 1:colcon.colcon_core.package_identification:_identify(ros2-q4d/src/q4d_teleop) by extension 'ignore_ament_install'
[0.399s] Level 1:colcon.colcon_core.package_identification:_identify(ros2-q4d/src/q4d_teleop) by extensions ['colcon_pkg']
[0.399s] Level 1:colcon.colcon_core.package_identification:_identify(ros2-q4d/src/q4d_teleop) by extension 'colcon_pkg'
[0.399s] Level 1:colcon.colcon_core.package_identification:_identify(ros2-q4d/src/q4d_teleop) by extensions ['colcon_meta']
[0.399s] Level 1:colcon.colcon_core.package_identification:_identify(ros2-q4d/src/q4d_teleop) by extension 'colcon_meta'
[0.399s] Level 1:colcon.colcon_core.package_identification:_identify(ros2-q4d/src/q4d_teleop) by extensions ['ros']
[0.399s] Level 1:colcon.colcon_core.package_identification:_identify(ros2-q4d/src/q4d_teleop) by extension 'ros'
[0.400s] DEBUG:colcon.colcon_core.package_identification:Package 'ros2-q4d/src/q4d_teleop' with type 'ros.ament_cmake' and name 'q4d_teleop'
[0.400s] Level 1:colcon.colcon_core.package_discovery:discover_packages(recursive) using defaults
[0.400s] Level 1:colcon.colcon_core.package_discovery:discover_packages(ignore) discover
[0.400s] Level 1:colcon.colcon_core.package_discovery:discover_packages(ignore) using defaults
[0.400s] Level 1:colcon.colcon_core.package_discovery:discover_packages(path) discover
[0.400s] Level 1:colcon.colcon_core.package_discovery:discover_packages(path) using defaults
[0.426s] Level 1:colcon.colcon_core.package_discovery:discover_packages(prefix_path) check parameters
[0.426s] Level 1:colcon.colcon_core.package_discovery:discover_packages(prefix_path) discover
[0.428s] DEBUG:colcon.colcon_installed_package_information.package_discovery:Found 3 installed packages in /home/ros/colcon_ws/install
[0.430s] DEBUG:colcon.colcon_installed_package_information.package_discovery:Found 308 installed packages in /opt/ros/humble
[0.433s] Level 1:colcon.colcon_core.package_discovery:discover_packages(prefix_path) using defaults
[0.501s] Level 5:colcon.colcon_core.verb:set package 'eng10026_lab2' build argument 'cmake_args' from command line to 'None'
[0.501s] Level 5:colcon.colcon_core.verb:set package 'eng10026_lab2' build argument 'cmake_target' from command line to 'None'
[0.501s] Level 5:colcon.colcon_core.verb:set package 'eng10026_lab2' build argument 'cmake_target_skip_unavailable' from command line to 'False'
[0.501s] Level 5:colcon.colcon_core.verb:set package 'eng10026_lab2' build argument 'cmake_clean_cache' from command line to 'False'
[0.501s] Level 5:colcon.colcon_core.verb:set package 'eng10026_lab2' build argument 'cmake_clean_first' from command line to 'False'
[0.501s] Level 5:colcon.colcon_core.verb:set package 'eng10026_lab2' build argument 'cmake_force_configure' from command line to 'False'
[0.501s] Level 5:colcon.colcon_core.verb:set package 'eng10026_lab2' build argument 'ament_cmake_args' from command line to 'None'
[0.501s] Level 5:colcon.colcon_core.verb:set package 'eng10026_lab2' build argument 'catkin_cmake_args' from command line to 'None'
[0.501s] Level 5:colcon.colcon_core.verb:set package 'eng10026_lab2' build argument 'catkin_skip_building_tests' from command line to 'False'
[0.501s] DEBUG:colcon.colcon_core.verb:Building package 'eng10026_lab2' with the following arguments: {'ament_cmake_args': None, 'build_base': '/home/ros/colcon_ws/build/eng10026_lab2', 'catkin_cmake_args': None, 'catkin_skip_building_tests': False, 'cmake_args': None, 'cmake_clean_cache': False, 'cmake_clean_first': False, 'cmake_force_configure': False, 'cmake_target': None, 'cmake_target_skip_unavailable': False, 'install_base': '/home/ros/colcon_ws/install/eng10026_lab2', 'merge_install': False, 'path': '/home/ros/colcon_ws/ros2-q4d/src/eng10026_lab2', 'symlink_install': False, 'test_result_base': None}
[0.503s] Level 5:colcon.colcon_core.verb:set package 'q2d_bringup' build argument 'cmake_args' from command line to 'None'
[0.503s] Level 5:colcon.colcon_core.verb:set package 'q2d_bringup' build argument 'cmake_target' from command line to 'None'
[0.503s] Level 5:colcon.colcon_core.verb:set package 'q2d_bringup' build argument 'cmake_target_skip_unavailable' from command line to 'False'
[0.503s] Level 5:colcon.colcon_core.verb:set package 'q2d_bringup' build argument 'cmake_clean_cache' from command line to 'False'
[0.503s] Level 5:colcon.colcon_core.verb:set package 'q2d_bringup' build argument 'cmake_clean_first' from command line to 'False'
[0.503s] Level 5:colcon.colcon_core.verb:set package 'q2d_bringup' build argument 'cmake_force_configure' from command line to 'False'
[0.503s] Level 5:colcon.colcon_core.verb:set package 'q2d_bringup' build argument 'ament_cmake_args' from command line to 'None'
[0.503s] Level 5:colcon.colcon_core.verb:set package 'q2d_bringup' build argument 'catkin_cmake_args' from command line to 'None'
[0.503s] Level 5:colcon.colcon_core.verb:set package 'q2d_bringup' build argument 'catkin_skip_building_tests' from command line to 'False'
[0.503s] DEBUG:colcon.colcon_core.verb:Building package 'q2d_bringup' with the following arguments: {'ament_cmake_args': None, 'build_base': '/home/ros/colcon_ws/build/q2d_bringup', 'catkin_cmake_args': None, 'catkin_skip_building_tests': False, 'cmake_args': None, 'cmake_clean_cache': False, 'cmake_clean_first': False, 'cmake_force_configure': False, 'cmake_target': None, 'cmake_target_skip_unavailable': False, 'install_base': '/home/ros/colcon_ws/install/q2d_bringup', 'merge_install': False, 'path': '/home/ros/colcon_ws/ros2-q4d/src/q2d/q2d_bringup', 'symlink_install': False, 'test_result_base': None}
[0.504s] Level 5:colcon.colcon_core.verb:set package 'q2d_description' build argument 'cmake_args' from command line to 'None'
[0.504s] Level 5:colcon.colcon_core.verb:set package 'q2d_description' build argument 'cmake_target' from command line to 'None'
[0.504s] Level 5:colcon.colcon_core.verb:set package 'q2d_description' build argument 'cmake_target_skip_unavailable' from command line to 'False'
[0.504s] Level 5:colcon.colcon_core.verb:set package 'q2d_description' build argument 'cmake_clean_cache' from command line to 'False'
[0.504s] Level 5:colcon.colcon_core.verb:set package 'q2d_description' build argument 'cmake_clean_first' from command line to 'False'
[0.504s] Level 5:colcon.colcon_core.verb:set package 'q2d_description' build argument 'cmake_force_configure' from command line to 'False'
[0.504s] Level 5:colcon.colcon_core.verb:set package 'q2d_description' build argument 'ament_cmake_args' from command line to 'None'
[0.504s] Level 5:colcon.colcon_core.verb:set package 'q2d_description' build argument 'catkin_cmake_args' from command line to 'None'
[0.504s] Level 5:colcon.colcon_core.verb:set package 'q2d_description' build argument 'catkin_skip_building_tests' from command line to 'False'
[0.504s] DEBUG:colcon.colcon_core.verb:Building package 'q2d_description' with the following arguments: {'ament_cmake_args': None, 'build_base': '/home/ros/colcon_ws/build/q2d_description', 'catkin_cmake_args': None, 'catkin_skip_building_tests': False, 'cmake_args': None, 'cmake_clean_cache': False, 'cmake_clean_first': False, 'cmake_force_configure': False, 'cmake_target': None, 'cmake_target_skip_unavailable': False, 'install_base': '/home/ros/colcon_ws/install/q2d_description', 'merge_install': False, 'path': '/home/ros/colcon_ws/ros2-q4d/src/q2d/q2d_description', 'symlink_install': False, 'test_result_base': None}
[0.505s] Level 5:colcon.colcon_core.verb:set package 'q2d_teleop' build argument 'cmake_args' from command line to 'None'
[0.505s] Level 5:colcon.colcon_core.verb:set package 'q2d_teleop' build argument 'cmake_target' from command line to 'None'
[0.505s] Level 5:colcon.colcon_core.verb:set package 'q2d_teleop' build argument 'cmake_target_skip_unavailable' from command line to 'False'
[0.505s] Level 5:colcon.colcon_core.verb:set package 'q2d_teleop' build argument 'cmake_clean_cache' from command line to 'False'
[0.505s] Level 5:colcon.colcon_core.verb:set package 'q2d_teleop' build argument 'cmake_clean_first' from command line to 'False'
[0.505s] Level 5:colcon.colcon_core.verb:set package 'q2d_teleop' build argument 'cmake_force_configure' from command line to 'False'
[0.505s] Level 5:colcon.colcon_core.verb:set package 'q2d_teleop' build argument 'ament_cmake_args' from command line to 'None'
[0.505s] Level 5:colcon.colcon_core.verb:set package 'q2d_teleop' build argument 'catkin_cmake_args' from command line to 'None'
[0.505s] Level 5:colcon.colcon_core.verb:set package 'q2d_teleop' build argument 'catkin_skip_building_tests' from command line to 'False'
[0.505s] DEBUG:colcon.colcon_core.verb:Building package 'q2d_teleop' with the following arguments: {'ament_cmake_args': None, 'build_base': '/home/ros/colcon_ws/build/q2d_teleop', 'catkin_cmake_args': None, 'catkin_skip_building_tests': False, 'cmake_args': None, 'cmake_clean_cache': False, 'cmake_clean_first': False, 'cmake_force_configure': False, 'cmake_target': None, 'cmake_target_skip_unavailable': False, 'install_base': '/home/ros/colcon_ws/install/q2d_teleop', 'merge_install': False, 'path': '/home/ros/colcon_ws/ros2-q4d/src/q2d/q2d_teleop', 'symlink_install': False, 'test_result_base': None}
[0.506s] Level 5:colcon.colcon_core.verb:set package 'q4d_description' build argument 'cmake_args' from command line to 'None'
[0.506s] Level 5:colcon.colcon_core.verb:set package 'q4d_description' build argument 'cmake_target' from command line to 'None'
[0.506s] Level 5:colcon.colcon_core.verb:set package 'q4d_description' build argument 'cmake_target_skip_unavailable' from command line to 'False'
[0.506s] Level 5:colcon.colcon_core.verb:set package 'q4d_description' build argument 'cmake_clean_cache' from command line to 'False'
[0.506s] Level 5:colcon.colcon_core.verb:set package 'q4d_description' build argument 'cmake_clean_first' from command line to 'False'
[0.506s] Level 5:colcon.colcon_core.verb:set package 'q4d_description' build argument 'cmake_force_configure' from command line to 'False'
[0.506s] Level 5:colcon.colcon_core.verb:set package 'q4d_description' build argument 'ament_cmake_args' from command line to 'None'
[0.507s] Level 5:colcon.colcon_core.verb:set package 'q4d_description' build argument 'catkin_cmake_args' from command line to 'None'
[0.507s] Level 5:colcon.colcon_core.verb:set package 'q4d_description' build argument 'catkin_skip_building_tests' from command line to 'False'
[0.507s] DEBUG:colcon.colcon_core.verb:Building package 'q4d_description' with the following arguments: {'ament_cmake_args': None, 'build_base': '/home/ros/colcon_ws/build/q4d_description', 'catkin_cmake_args': None, 'catkin_skip_building_tests': False, 'cmake_args': None, 'cmake_clean_cache': False, 'cmake_clean_first': False, 'cmake_force_configure': False, 'cmake_target': None, 'cmake_target_skip_unavailable': False, 'install_base': '/home/ros/colcon_ws/install/q4d_description', 'merge_install': False, 'path': '/home/ros/colcon_ws/ros2-q4d/src/q4d_description', 'symlink_install': False, 'test_result_base': None}
[0.508s] Level 5:colcon.colcon_core.verb:set package 'q4d_teleop' build argument 'cmake_args' from command line to 'None'
[0.508s] Level 5:colcon.colcon_core.verb:set package 'q4d_teleop' build argument 'cmake_target' from command line to 'None'
[0.508s] Level 5:colcon.colcon_core.verb:set package 'q4d_teleop' build argument 'cmake_target_skip_unavailable' from command line to 'False'
[0.508s] Level 5:colcon.colcon_core.verb:set package 'q4d_teleop' build argument 'cmake_clean_cache' from command line to 'False'
[0.508s] Level 5:colcon.colcon_core.verb:set package 'q4d_teleop' build argument 'cmake_clean_first' from command line to 'False'
[0.508s] Level 5:colcon.colcon_core.verb:set package 'q4d_teleop' build argument 'cmake_force_configure' from command line to 'False'
[0.508s] Level 5:colcon.colcon_core.verb:set package 'q4d_teleop' build argument 'ament_cmake_args' from command line to 'None'
[0.508s] Level 5:colcon.colcon_core.verb:set package 'q4d_teleop' build argument 'catkin_cmake_args' from command line to 'None'
[0.508s] Level 5:colcon.colcon_core.verb:set package 'q4d_teleop' build argument 'catkin_skip_building_tests' from command line to 'False'
[0.508s] DEBUG:colcon.colcon_core.verb:Building package 'q4d_teleop' with the following arguments: {'ament_cmake_args': None, 'build_base': '/home/ros/colcon_ws/build/q4d_teleop', 'catkin_cmake_args': None, 'catkin_skip_building_tests': False, 'cmake_args': None, 'cmake_clean_cache': False, 'cmake_clean_first': False, 'cmake_force_configure': False, 'cmake_target': None, 'cmake_target_skip_unavailable': False, 'install_base': '/home/ros/colcon_ws/install/q4d_teleop', 'merge_install': False, 'path': '/home/ros/colcon_ws/ros2-q4d/src/q4d_teleop', 'symlink_install': False, 'test_result_base': None}
[0.509s] INFO:colcon.colcon_core.executor:Executing jobs using 'parallel' executor
[0.513s] DEBUG:colcon.colcon_parallel_executor.executor.parallel:run_until_complete
[0.513s] INFO:colcon.colcon_ros.task.ament_cmake.build:Building ROS package in '/home/ros/colcon_ws/ros2-q4d/src/eng10026_lab2' with build type 'ament_cmake'
[0.514s] INFO:colcon.colcon_cmake.task.cmake.build:Building CMake package in '/home/ros/colcon_ws/ros2-q4d/src/eng10026_lab2'
[0.518s] INFO:colcon.colcon_core.plugin_system:Skipping extension 'colcon_core.shell.bat': Not used on non-Windows systems
[0.518s] INFO:colcon.colcon_core.shell:Skip shell extension 'powershell' for command environment: Not usable outside of PowerShell
[0.518s] DEBUG:colcon.colcon_core.shell:Skip shell extension 'dsv' for command environment
[0.524s] INFO:colcon.colcon_ros.task.ament_cmake.build:Building ROS package in '/home/ros/colcon_ws/ros2-q4d/src/q2d/q2d_bringup' with build type 'ament_cmake'
[0.524s] INFO:colcon.colcon_cmake.task.cmake.build:Building CMake package in '/home/ros/colcon_ws/ros2-q4d/src/q2d/q2d_bringup'
[0.525s] INFO:colcon.colcon_core.shell:Skip shell extension 'powershell' for command environment: Not usable outside of PowerShell
[0.525s] DEBUG:colcon.colcon_core.shell:Skip shell extension 'dsv' for command environment
[0.528s] INFO:colcon.colcon_ros.task.ament_cmake.build:Building ROS package in '/home/ros/colcon_ws/ros2-q4d/src/q2d/q2d_description' with build type 'ament_cmake'
[0.529s] INFO:colcon.colcon_cmake.task.cmake.build:Building CMake package in '/home/ros/colcon_ws/ros2-q4d/src/q2d/q2d_description'
[0.531s] INFO:colcon.colcon_core.shell:Skip shell extension 'powershell' for command environment: Not usable outside of PowerShell
[0.531s] DEBUG:colcon.colcon_core.shell:Skip shell extension 'dsv' for command environment
[0.539s] DEBUG:colcon.colcon_core.event_handler.log_command:Invoking command in '/home/ros/colcon_ws/build/eng10026_lab2': CMAKE_PREFIX_PATH=${CMAKE_PREFIX_PATH}:/opt/ros/humble /usr/bin/cmake --build /home/ros/colcon_ws/build/eng10026_lab2 -- -j3 -l3
[0.547s] DEBUG:colcon.colcon_core.event_handler.log_command:Invoking command in '/home/ros/colcon_ws/build/q2d_bringup': CMAKE_PREFIX_PATH=${CMAKE_PREFIX_PATH}:/opt/ros/humble /usr/bin/cmake /home/ros/colcon_ws/ros2-q4d/src/q2d/q2d_bringup -DCMAKE_INSTALL_PREFIX=/home/ros/colcon_ws/install/q2d_bringup
[0.570s] DEBUG:colcon.colcon_core.event_handler.log_command:Invoking command in '/home/ros/colcon_ws/build/q2d_description': CMAKE_PREFIX_PATH=${CMAKE_PREFIX_PATH}:/opt/ros/humble /usr/bin/cmake /home/ros/colcon_ws/ros2-q4d/src/q2d/q2d_description -DCMAKE_INSTALL_PREFIX=/home/ros/colcon_ws/install/q2d_description
[0.624s] DEBUG:colcon.colcon_core.event_handler.log_command:Invoked command in '/home/ros/colcon_ws/build/eng10026_lab2' returned '0': CMAKE_PREFIX_PATH=${CMAKE_PREFIX_PATH}:/opt/ros/humble /usr/bin/cmake --build /home/ros/colcon_ws/build/eng10026_lab2 -- -j3 -l3
[0.686s] DEBUG:colcon.colcon_core.event_handler.log_command:Invoking command in '/home/ros/colcon_ws/build/eng10026_lab2': CMAKE_PREFIX_PATH=${CMAKE_PREFIX_PATH}:/opt/ros/humble /usr/bin/cmake --install /home/ros/colcon_ws/build/eng10026_lab2
[0.699s] Level 1:colcon.colcon_core.environment:create_environment_scripts_only(eng10026_lab2)
[0.703s] DEBUG:colcon.colcon_core.event_handler.log_command:Invoked command in '/home/ros/colcon_ws/build/eng10026_lab2' returned '0': CMAKE_PREFIX_PATH=${CMAKE_PREFIX_PATH}:/opt/ros/humble /usr/bin/cmake --install /home/ros/colcon_ws/build/eng10026_lab2
[0.705s] Level 1:colcon.colcon_core.environment:checking '/home/ros/colcon_ws/install/eng10026_lab2' for CMake module files
[0.705s] Level 1:colcon.colcon_core.environment:checking '/home/ros/colcon_ws/install/eng10026_lab2' for CMake config files
[0.706s] Level 1:colcon.colcon_core.shell:create_environment_hook('eng10026_lab2', 'cmake_prefix_path')
[0.707s] INFO:colcon.colcon_core.shell:Creating environment hook '/home/ros/colcon_ws/install/eng10026_lab2/share/eng10026_lab2/hook/cmake_prefix_path.ps1'
[0.710s] INFO:colcon.colcon_core.shell:Creating environment descriptor '/home/ros/colcon_ws/install/eng10026_lab2/share/eng10026_lab2/hook/cmake_prefix_path.dsv'
[0.711s] INFO:colcon.colcon_core.shell:Creating environment hook '/home/ros/colcon_ws/install/eng10026_lab2/share/eng10026_lab2/hook/cmake_prefix_path.sh'
[0.713s] Level 1:colcon.colcon_core.environment:checking '/home/ros/colcon_ws/install/eng10026_lab2/lib'
[0.713s] Level 1:colcon.colcon_core.environment:checking '/home/ros/colcon_ws/install/eng10026_lab2/bin'
[0.713s] Level 1:colcon.colcon_core.environment:checking '/home/ros/colcon_ws/install/eng10026_lab2/lib/pkgconfig/eng10026_lab2.pc'
[0.713s] Level 1:colcon.colcon_core.environment:checking '/home/ros/colcon_ws/install/eng10026_lab2/lib/python3.10/site-packages'
[0.714s] Level 1:colcon.colcon_core.environment:checking '/home/ros/colcon_ws/install/eng10026_lab2/bin'
[0.715s] INFO:colcon.colcon_core.shell:Creating package script '/home/ros/colcon_ws/install/eng10026_lab2/share/eng10026_lab2/package.ps1'
[0.718s] INFO:colcon.colcon_core.shell:Creating package descriptor '/home/ros/colcon_ws/install/eng10026_lab2/share/eng10026_lab2/package.dsv'
[0.719s] INFO:colcon.colcon_core.shell:Creating package script '/home/ros/colcon_ws/install/eng10026_lab2/share/eng10026_lab2/package.sh'
[0.721s] INFO:colcon.colcon_core.shell:Creating package script '/home/ros/colcon_ws/install/eng10026_lab2/share/eng10026_lab2/package.bash'
[0.723s] INFO:colcon.colcon_core.shell:Creating package script '/home/ros/colcon_ws/install/eng10026_lab2/share/eng10026_lab2/package.zsh'
[0.725s] Level 1:colcon.colcon_core.environment:create_file_with_runtime_dependencies(/home/ros/colcon_ws/install/eng10026_lab2/share/colcon-core/packages/eng10026_lab2)
[0.758s] Level 1:colcon.colcon_core.environment:create_environment_scripts_only(eng10026_lab2)
[0.764s] Level 1:colcon.colcon_core.environment:checking '/home/ros/colcon_ws/install/eng10026_lab2' for CMake module files
[0.765s] Level 1:colcon.colcon_core.environment:checking '/home/ros/colcon_ws/install/eng10026_lab2' for CMake config files
[0.765s] Level 1:colcon.colcon_core.shell:create_environment_hook('eng10026_lab2', 'cmake_prefix_path')
[0.767s] INFO:colcon.colcon_core.shell:Creating environment hook '/home/ros/colcon_ws/install/eng10026_lab2/share/eng10026_lab2/hook/cmake_prefix_path.ps1'
[0.768s] INFO:colcon.colcon_core.shell:Creating environment descriptor '/home/ros/colcon_ws/install/eng10026_lab2/share/eng10026_lab2/hook/cmake_prefix_path.dsv'
[0.769s] INFO:colcon.colcon_core.shell:Creating environment hook '/home/ros/colcon_ws/install/eng10026_lab2/share/eng10026_lab2/hook/cmake_prefix_path.sh'
[0.769s] Level 1:colcon.colcon_core.environment:checking '/home/ros/colcon_ws/install/eng10026_lab2/lib'
[0.769s] Level 1:colcon.colcon_core.environment:checking '/home/ros/colcon_ws/install/eng10026_lab2/bin'
[0.769s] Level 1:colcon.colcon_core.environment:checking '/home/ros/colcon_ws/install/eng10026_lab2/lib/pkgconfig/eng10026_lab2.pc'
[0.770s] Level 1:colcon.colcon_core.environment:checking '/home/ros/colcon_ws/install/eng10026_lab2/lib/python3.10/site-packages'
[0.770s] Level 1:colcon.colcon_core.environment:checking '/home/ros/colcon_ws/install/eng10026_lab2/bin'
[0.772s] INFO:colcon.colcon_core.shell:Creating package script '/home/ros/colcon_ws/install/eng10026_lab2/share/eng10026_lab2/package.ps1'
[0.773s] INFO:colcon.colcon_core.shell:Creating package descriptor '/home/ros/colcon_ws/install/eng10026_lab2/share/eng10026_lab2/package.dsv'
[0.773s] INFO:colcon.colcon_core.shell:Creating package script '/home/ros/colcon_ws/install/eng10026_lab2/share/eng10026_lab2/package.sh'
[0.774s] INFO:colcon.colcon_core.shell:Creating package script '/home/ros/colcon_ws/install/eng10026_lab2/share/eng10026_lab2/package.bash'
[0.774s] INFO:colcon.colcon_core.shell:Creating package script '/home/ros/colcon_ws/install/eng10026_lab2/share/eng10026_lab2/package.zsh'
[0.774s] Level 1:colcon.colcon_core.environment:create_file_with_runtime_dependencies(/home/ros/colcon_ws/install/eng10026_lab2/share/colcon-core/packages/eng10026_lab2)
[0.775s] INFO:colcon.colcon_ros.task.ament_cmake.build:Building ROS package in '/home/ros/colcon_ws/ros2-q4d/src/q2d/q2d_teleop' with build type 'ament_cmake'
[0.775s] INFO:colcon.colcon_cmake.task.cmake.build:Building CMake package in '/home/ros/colcon_ws/ros2-q4d/src/q2d/q2d_teleop'
[0.777s] INFO:colcon.colcon_core.shell:Skip shell extension 'powershell' for command environment: Not usable outside of PowerShell
[0.778s] DEBUG:colcon.colcon_core.shell:Skip shell extension 'dsv' for command environment
[0.790s] DEBUG:colcon.colcon_core.event_handler.log_command:Invoking command in '/home/ros/colcon_ws/build/q2d_teleop': CMAKE_PREFIX_PATH=${CMAKE_PREFIX_PATH}:/opt/ros/humble /usr/bin/cmake /home/ros/colcon_ws/ros2-q4d/src/q2d/q2d_teleop -DCMAKE_INSTALL_PREFIX=/home/ros/colcon_ws/install/q2d_teleop
[1.507s] DEBUG:colcon.colcon_core.event_handler.log_command:Invoked command in '/home/ros/colcon_ws/build/q2d_description' returned '0': CMAKE_PREFIX_PATH=${CMAKE_PREFIX_PATH}:/opt/ros/humble /usr/bin/cmake /home/ros/colcon_ws/ros2-q4d/src/q2d/q2d_description -DCMAKE_INSTALL_PREFIX=/home/ros/colcon_ws/install/q2d_description
[1.507s] DEBUG:colcon.colcon_core.event_handler.log_command:Invoking command in '/home/ros/colcon_ws/build/q2d_description': CMAKE_PREFIX_PATH=${CMAKE_PREFIX_PATH}:/opt/ros/humble /usr/bin/cmake --build /home/ros/colcon_ws/build/q2d_description -- -j3 -l3
[1.516s] DEBUG:colcon.colcon_core.event_handler.log_command:Invoked command in '/home/ros/colcon_ws/build/q2d_bringup' returned '0': CMAKE_PREFIX_PATH=${CMAKE_PREFIX_PATH}:/opt/ros/humble /usr/bin/cmake /home/ros/colcon_ws/ros2-q4d/src/q2d/q2d_bringup -DCMAKE_INSTALL_PREFIX=/home/ros/colcon_ws/install/q2d_bringup
[1.516s] DEBUG:colcon.colcon_core.event_handler.log_command:Invoking command in '/home/ros/colcon_ws/build/q2d_bringup': CMAKE_PREFIX_PATH=${CMAKE_PREFIX_PATH}:/opt/ros/humble /usr/bin/cmake --build /home/ros/colcon_ws/build/q2d_bringup -- -j3 -l3
[1.554s] DEBUG:colcon.colcon_core.event_handler.log_command:Invoked command in '/home/ros/colcon_ws/build/q2d_bringup' returned '0': CMAKE_PREFIX_PATH=${CMAKE_PREFIX_PATH}:/opt/ros/humble /usr/bin/cmake --build /home/ros/colcon_ws/build/q2d_bringup -- -j3 -l3
[1.558s] DEBUG:colcon.colcon_core.event_handler.log_command:Invoked command in '/home/ros/colcon_ws/build/q2d_description' returned '0': CMAKE_PREFIX_PATH=${CMAKE_PREFIX_PATH}:/opt/ros/humble /usr/bin/cmake --build /home/ros/colcon_ws/build/q2d_description -- -j3 -l3
[1.573s] DEBUG:colcon.colcon_core.event_handler.log_command:Invoking command in '/home/ros/colcon_ws/build/q2d_description': CMAKE_PREFIX_PATH=${CMAKE_PREFIX_PATH}:/opt/ros/humble /usr/bin/cmake --install /home/ros/colcon_ws/build/q2d_description
[1.590s] DEBUG:colcon.colcon_core.event_handler.log_command:Invoking command in '/home/ros/colcon_ws/build/q2d_bringup': CMAKE_PREFIX_PATH=${CMAKE_PREFIX_PATH}:/opt/ros/humble /usr/bin/cmake --install /home/ros/colcon_ws/build/q2d_bringup
[1.612s] Level 1:colcon.colcon_core.environment:create_environment_scripts_only(q2d_bringup)
[1.615s] Level 1:colcon.colcon_core.environment:checking '/home/ros/colcon_ws/install/q2d_bringup' for CMake module files
[1.615s] Level 1:colcon.colcon_core.environment:checking '/home/ros/colcon_ws/install/q2d_bringup' for CMake config files
[1.615s] Level 1:colcon.colcon_core.shell:create_environment_hook('q2d_bringup', 'cmake_prefix_path')
[1.617s] INFO:colcon.colcon_core.shell:Creating environment hook '/home/ros/colcon_ws/install/q2d_bringup/share/q2d_bringup/hook/cmake_prefix_path.ps1'
[1.617s] INFO:colcon.colcon_core.shell:Creating environment descriptor '/home/ros/colcon_ws/install/q2d_bringup/share/q2d_bringup/hook/cmake_prefix_path.dsv'
[1.617s] INFO:colcon.colcon_core.shell:Creating environment hook '/home/ros/colcon_ws/install/q2d_bringup/share/q2d_bringup/hook/cmake_prefix_path.sh'
[1.618s] Level 1:colcon.colcon_core.environment:checking '/home/ros/colcon_ws/install/q2d_bringup/lib'
[1.618s] Level 1:colcon.colcon_core.environment:checking '/home/ros/colcon_ws/install/q2d_bringup/bin'
[1.618s] Level 1:colcon.colcon_core.environment:checking '/home/ros/colcon_ws/install/q2d_bringup/lib/pkgconfig/q2d_bringup.pc'
[1.618s] Level 1:colcon.colcon_core.environment:checking '/home/ros/colcon_ws/install/q2d_bringup/lib/python3.10/site-packages'
[1.618s] Level 1:colcon.colcon_core.environment:checking '/home/ros/colcon_ws/install/q2d_bringup/bin'
[1.620s] INFO:colcon.colcon_core.shell:Creating package script '/home/ros/colcon_ws/install/q2d_bringup/share/q2d_bringup/package.ps1'
[1.620s] INFO:colcon.colcon_core.shell:Creating package descriptor '/home/ros/colcon_ws/install/q2d_bringup/share/q2d_bringup/package.dsv'
[1.621s] INFO:colcon.colcon_core.shell:Creating package script '/home/ros/colcon_ws/install/q2d_bringup/share/q2d_bringup/package.sh'
[1.623s] INFO:colcon.colcon_core.shell:Creating package script '/home/ros/colcon_ws/install/q2d_bringup/share/q2d_bringup/package.bash'
[1.624s] INFO:colcon.colcon_core.shell:Creating package script '/home/ros/colcon_ws/install/q2d_bringup/share/q2d_bringup/package.zsh'
[1.624s] Level 1:colcon.colcon_core.environment:create_file_with_runtime_dependencies(/home/ros/colcon_ws/install/q2d_bringup/share/colcon-core/packages/q2d_bringup)
[1.631s] DEBUG:colcon.colcon_core.event_handler.log_command:Invoked command in '/home/ros/colcon_ws/build/q2d_bringup' returned '0': CMAKE_PREFIX_PATH=${CMAKE_PREFIX_PATH}:/opt/ros/humble /usr/bin/cmake --install /home/ros/colcon_ws/build/q2d_bringup
[1.633s] Level 1:colcon.colcon_core.environment:create_environment_scripts_only(q2d_description)
[1.636s] Level 1:colcon.colcon_core.environment:checking '/home/ros/colcon_ws/install/q2d_description' for CMake module files
[1.636s] Level 1:colcon.colcon_core.environment:checking '/home/ros/colcon_ws/install/q2d_description' for CMake config files
[1.637s] Level 1:colcon.colcon_core.shell:create_environment_hook('q2d_description', 'cmake_prefix_path')
[1.641s] INFO:colcon.colcon_core.shell:Creating environment hook '/home/ros/colcon_ws/install/q2d_description/share/q2d_description/hook/cmake_prefix_path.ps1'
[1.642s] DEBUG:colcon.colcon_core.event_handler.log_command:Invoked command in '/home/ros/colcon_ws/build/q2d_description' returned '0': CMAKE_PREFIX_PATH=${CMAKE_PREFIX_PATH}:/opt/ros/humble /usr/bin/cmake --install /home/ros/colcon_ws/build/q2d_description
[1.644s] INFO:colcon.colcon_core.shell:Creating environment descriptor '/home/ros/colcon_ws/install/q2d_description/share/q2d_description/hook/cmake_prefix_path.dsv'
[1.645s] INFO:colcon.colcon_core.shell:Creating environment hook '/home/ros/colcon_ws/install/q2d_description/share/q2d_description/hook/cmake_prefix_path.sh'
[1.645s] Level 1:colcon.colcon_core.environment:checking '/home/ros/colcon_ws/install/q2d_description/bin'
[1.645s] Level 1:colcon.colcon_core.environment:checking '/home/ros/colcon_ws/install/q2d_description/lib/pkgconfig/q2d_description.pc'
[1.646s] Level 1:colcon.colcon_core.environment:checking '/home/ros/colcon_ws/install/q2d_description/lib/python3.10/site-packages'
[1.646s] Level 1:colcon.colcon_core.environment:checking '/home/ros/colcon_ws/install/q2d_description/bin'
[1.655s] INFO:colcon.colcon_core.shell:Creating package script '/home/ros/colcon_ws/install/q2d_description/share/q2d_description/package.ps1'
[1.658s] INFO:colcon.colcon_core.shell:Creating package descriptor '/home/ros/colcon_ws/install/q2d_description/share/q2d_description/package.dsv'
[1.659s] INFO:colcon.colcon_core.shell:Creating package script '/home/ros/colcon_ws/install/q2d_description/share/q2d_description/package.sh'
[1.659s] INFO:colcon.colcon_core.shell:Creating package script '/home/ros/colcon_ws/install/q2d_description/share/q2d_description/package.bash'
[1.659s] INFO:colcon.colcon_core.shell:Creating package script '/home/ros/colcon_ws/install/q2d_description/share/q2d_description/package.zsh'
[1.660s] Level 1:colcon.colcon_core.environment:create_file_with_runtime_dependencies(/home/ros/colcon_ws/install/q2d_description/share/colcon-core/packages/q2d_description)
[1.676s] Level 1:colcon.colcon_core.environment:create_environment_scripts_only(q2d_bringup)
[1.678s] Level 1:colcon.colcon_core.environment:checking '/home/ros/colcon_ws/install/q2d_bringup' for CMake module files
[1.686s] Level 1:colcon.colcon_core.environment:checking '/home/ros/colcon_ws/install/q2d_bringup' for CMake config files
[1.687s] Level 1:colcon.colcon_core.shell:create_environment_hook('q2d_bringup', 'cmake_prefix_path')
[1.688s] INFO:colcon.colcon_core.shell:Creating environment hook '/home/ros/colcon_ws/install/q2d_bringup/share/q2d_bringup/hook/cmake_prefix_path.ps1'
[1.689s] INFO:colcon.colcon_core.shell:Creating environment descriptor '/home/ros/colcon_ws/install/q2d_bringup/share/q2d_bringup/hook/cmake_prefix_path.dsv'
[1.689s] INFO:colcon.colcon_core.shell:Creating environment hook '/home/ros/colcon_ws/install/q2d_bringup/share/q2d_bringup/hook/cmake_prefix_path.sh'
[1.690s] Level 1:colcon.colcon_core.environment:checking '/home/ros/colcon_ws/install/q2d_bringup/lib'
[1.690s] Level 1:colcon.colcon_core.environment:checking '/home/ros/colcon_ws/install/q2d_bringup/bin'
[1.690s] Level 1:colcon.colcon_core.environment:checking '/home/ros/colcon_ws/install/q2d_bringup/lib/pkgconfig/q2d_bringup.pc'
[1.690s] Level 1:colcon.colcon_core.environment:checking '/home/ros/colcon_ws/install/q2d_bringup/lib/python3.10/site-packages'
[1.690s] Level 1:colcon.colcon_core.environment:checking '/home/ros/colcon_ws/install/q2d_bringup/bin'
[1.692s] INFO:colcon.colcon_core.shell:Creating package script '/home/ros/colcon_ws/install/q2d_bringup/share/q2d_bringup/package.ps1'
[1.692s] INFO:colcon.colcon_core.shell:Creating package descriptor '/home/ros/colcon_ws/install/q2d_bringup/share/q2d_bringup/package.dsv'
[1.693s] INFO:colcon.colcon_core.shell:Creating package script '/home/ros/colcon_ws/install/q2d_bringup/share/q2d_bringup/package.sh'
[1.693s] INFO:colcon.colcon_core.shell:Creating package script '/home/ros/colcon_ws/install/q2d_bringup/share/q2d_bringup/package.bash'
[1.694s] INFO:colcon.colcon_core.shell:Creating package script '/home/ros/colcon_ws/install/q2d_bringup/share/q2d_bringup/package.zsh'
[1.695s] Level 1:colcon.colcon_core.environment:create_file_with_runtime_dependencies(/home/ros/colcon_ws/install/q2d_bringup/share/colcon-core/packages/q2d_bringup)
[1.695s] INFO:colcon.colcon_ros.task.ament_cmake.build:Building ROS package in '/home/ros/colcon_ws/ros2-q4d/src/q4d_description' with build type 'ament_cmake'
[1.696s] INFO:colcon.colcon_cmake.task.cmake.build:Building CMake package in '/home/ros/colcon_ws/ros2-q4d/src/q4d_description'
[1.698s] INFO:colcon.colcon_core.shell:Skip shell extension 'powershell' for command environment: Not usable outside of PowerShell
[1.698s] DEBUG:colcon.colcon_core.shell:Skip shell extension 'dsv' for command environment
[1.708s] DEBUG:colcon.colcon_core.event_handler.log_command:Invoking command in '/home/ros/colcon_ws/build/q4d_description': CMAKE_PREFIX_PATH=${CMAKE_PREFIX_PATH}:/opt/ros/humble /usr/bin/cmake --build /home/ros/colcon_ws/build/q4d_description -- -j3 -l3
[1.733s] Level 1:colcon.colcon_core.environment:create_environment_scripts_only(q2d_description)
[1.735s] Level 1:colcon.colcon_core.environment:checking '/home/ros/colcon_ws/install/q2d_description' for CMake module files
[1.735s] Level 1:colcon.colcon_core.environment:checking '/home/ros/colcon_ws/install/q2d_description' for CMake config files
[1.736s] Level 1:colcon.colcon_core.shell:create_environment_hook('q2d_description', 'cmake_prefix_path')
[1.737s] INFO:colcon.colcon_core.shell:Creating environment hook '/home/ros/colcon_ws/install/q2d_description/share/q2d_description/hook/cmake_prefix_path.ps1'
[1.740s] INFO:colcon.colcon_core.shell:Creating environment descriptor '/home/ros/colcon_ws/install/q2d_description/share/q2d_description/hook/cmake_prefix_path.dsv'
[1.741s] INFO:colcon.colcon_core.shell:Creating environment hook '/home/ros/colcon_ws/install/q2d_description/share/q2d_description/hook/cmake_prefix_path.sh'
[1.741s] Level 1:colcon.colcon_core.environment:checking '/home/ros/colcon_ws/install/q2d_description/bin'
[1.741s] Level 1:colcon.colcon_core.environment:checking '/home/ros/colcon_ws/install/q2d_description/lib/pkgconfig/q2d_description.pc'
[1.742s] Level 1:colcon.colcon_core.environment:checking '/home/ros/colcon_ws/install/q2d_description/lib/python3.10/site-packages'
[1.742s] Level 1:colcon.colcon_core.environment:checking '/home/ros/colcon_ws/install/q2d_description/bin'
[1.743s] INFO:colcon.colcon_core.shell:Creating package script '/home/ros/colcon_ws/install/q2d_description/share/q2d_description/package.ps1'
[1.744s] INFO:colcon.colcon_core.shell:Creating package descriptor '/home/ros/colcon_ws/install/q2d_description/share/q2d_description/package.dsv'
[1.746s] INFO:colcon.colcon_core.shell:Creating package script '/home/ros/colcon_ws/install/q2d_description/share/q2d_description/package.sh'
[1.747s] INFO:colcon.colcon_core.shell:Creating package script '/home/ros/colcon_ws/install/q2d_description/share/q2d_description/package.bash'
[1.747s] INFO:colcon.colcon_core.shell:Creating package script '/home/ros/colcon_ws/install/q2d_description/share/q2d_description/package.zsh'
[1.748s] Level 1:colcon.colcon_core.environment:create_file_with_runtime_dependencies(/home/ros/colcon_ws/install/q2d_description/share/colcon-core/packages/q2d_description)
[1.750s] INFO:colcon.colcon_ros.task.ament_cmake.build:Building ROS package in '/home/ros/colcon_ws/ros2-q4d/src/q4d_teleop' with build type 'ament_cmake'
[1.750s] INFO:colcon.colcon_cmake.task.cmake.build:Building CMake package in '/home/ros/colcon_ws/ros2-q4d/src/q4d_teleop'
[1.753s] INFO:colcon.colcon_core.shell:Skip shell extension 'powershell' for command environment: Not usable outside of PowerShell
[1.753s] DEBUG:colcon.colcon_core.shell:Skip shell extension 'dsv' for command environment
[1.781s] DEBUG:colcon.colcon_core.event_handler.log_command:Invoking command in '/home/ros/colcon_ws/build/q4d_teleop': CMAKE_PREFIX_PATH=${CMAKE_PREFIX_PATH}:/opt/ros/humble /usr/bin/cmake --build /home/ros/colcon_ws/build/q4d_teleop -- -j3 -l3
[1.787s] DEBUG:colcon.colcon_core.event_handler.log_command:Invoked command in '/home/ros/colcon_ws/build/q4d_description' returned '0': CMAKE_PREFIX_PATH=${CMAKE_PREFIX_PATH}:/opt/ros/humble /usr/bin/cmake --build /home/ros/colcon_ws/build/q4d_description -- -j3 -l3
[1.846s] DEBUG:colcon.colcon_core.event_handler.log_command:Invoking command in '/home/ros/colcon_ws/build/q4d_description': CMAKE_PREFIX_PATH=${CMAKE_PREFIX_PATH}:/opt/ros/humble /usr/bin/cmake --install /home/ros/colcon_ws/build/q4d_description
[1.873s] Level 1:colcon.colcon_core.environment:create_environment_scripts_only(q4d_description)
[1.875s] Level 1:colcon.colcon_core.environment:checking '/home/ros/colcon_ws/install/q4d_description' for CMake module files
[1.876s] Level 1:colcon.colcon_core.environment:checking '/home/ros/colcon_ws/install/q4d_description' for CMake config files
[1.876s] Level 1:colcon.colcon_core.shell:create_environment_hook('q4d_description', 'cmake_prefix_path')
[1.877s] INFO:colcon.colcon_core.shell:Creating environment hook '/home/ros/colcon_ws/install/q4d_description/share/q4d_description/hook/cmake_prefix_path.ps1'
[1.878s] DEBUG:colcon.colcon_core.event_handler.log_command:Invoked command in '/home/ros/colcon_ws/build/q4d_description' returned '0': CMAKE_PREFIX_PATH=${CMAKE_PREFIX_PATH}:/opt/ros/humble /usr/bin/cmake --install /home/ros/colcon_ws/build/q4d_description
[1.879s] INFO:colcon.colcon_core.shell:Creating environment descriptor '/home/ros/colcon_ws/install/q4d_description/share/q4d_description/hook/cmake_prefix_path.dsv'
[1.879s] INFO:colcon.colcon_core.shell:Creating environment hook '/home/ros/colcon_ws/install/q4d_description/share/q4d_description/hook/cmake_prefix_path.sh'
[1.880s] Level 1:colcon.colcon_core.environment:checking '/home/ros/colcon_ws/install/q4d_description/bin'
[1.880s] Level 1:colcon.colcon_core.environment:checking '/home/ros/colcon_ws/install/q4d_description/lib/pkgconfig/q4d_description.pc'
[1.880s] Level 1:colcon.colcon_core.environment:checking '/home/ros/colcon_ws/install/q4d_description/lib/python3.10/site-packages'
[1.881s] Level 1:colcon.colcon_core.environment:checking '/home/ros/colcon_ws/install/q4d_description/bin'
[1.882s] INFO:colcon.colcon_core.shell:Creating package script '/home/ros/colcon_ws/install/q4d_description/share/q4d_description/package.ps1'
[1.883s] INFO:colcon.colcon_core.shell:Creating package descriptor '/home/ros/colcon_ws/install/q4d_description/share/q4d_description/package.dsv'
[1.884s] INFO:colcon.colcon_core.shell:Creating package script '/home/ros/colcon_ws/install/q4d_description/share/q4d_description/package.sh'
[1.884s] INFO:colcon.colcon_core.shell:Creating package script '/home/ros/colcon_ws/install/q4d_description/share/q4d_description/package.bash'
[1.885s] INFO:colcon.colcon_core.shell:Creating package script '/home/ros/colcon_ws/install/q4d_description/share/q4d_description/package.zsh'
[1.885s] Level 1:colcon.colcon_core.environment:create_file_with_runtime_dependencies(/home/ros/colcon_ws/install/q4d_description/share/colcon-core/packages/q4d_description)
[1.894s] DEBUG:colcon.colcon_core.event_handler.log_command:Invoked command in '/home/ros/colcon_ws/build/q4d_teleop' returned '0': CMAKE_PREFIX_PATH=${CMAKE_PREFIX_PATH}:/opt/ros/humble /usr/bin/cmake --build /home/ros/colcon_ws/build/q4d_teleop -- -j3 -l3
[1.917s] Level 1:colcon.colcon_core.environment:create_environment_scripts_only(q4d_description)
[1.921s] Level 1:colcon.colcon_core.environment:checking '/home/ros/colcon_ws/install/q4d_description' for CMake module files
[1.923s] Level 1:colcon.colcon_core.environment:checking '/home/ros/colcon_ws/install/q4d_description' for CMake config files
[1.923s] Level 1:colcon.colcon_core.shell:create_environment_hook('q4d_description', 'cmake_prefix_path')
[1.925s] INFO:colcon.colcon_core.shell:Creating environment hook '/home/ros/colcon_ws/install/q4d_description/share/q4d_description/hook/cmake_prefix_path.ps1'
[1.927s] INFO:colcon.colcon_core.shell:Creating environment descriptor '/home/ros/colcon_ws/install/q4d_description/share/q4d_description/hook/cmake_prefix_path.dsv'
[1.927s] INFO:colcon.colcon_core.shell:Creating environment hook '/home/ros/colcon_ws/install/q4d_description/share/q4d_description/hook/cmake_prefix_path.sh'
[1.928s] Level 1:colcon.colcon_core.environment:checking '/home/ros/colcon_ws/install/q4d_description/bin'
[1.928s] Level 1:colcon.colcon_core.environment:checking '/home/ros/colcon_ws/install/q4d_description/lib/pkgconfig/q4d_description.pc'
[1.928s] Level 1:colcon.colcon_core.environment:checking '/home/ros/colcon_ws/install/q4d_description/lib/python3.10/site-packages'
[1.929s] Level 1:colcon.colcon_core.environment:checking '/home/ros/colcon_ws/install/q4d_description/bin'
[1.931s] INFO:colcon.colcon_core.shell:Creating package script '/home/ros/colcon_ws/install/q4d_description/share/q4d_description/package.ps1'
[1.932s] INFO:colcon.colcon_core.shell:Creating package descriptor '/home/ros/colcon_ws/install/q4d_description/share/q4d_description/package.dsv'
[1.933s] INFO:colcon.colcon_core.shell:Creating package script '/home/ros/colcon_ws/install/q4d_description/share/q4d_description/package.sh'
[1.933s] INFO:colcon.colcon_core.shell:Creating package script '/home/ros/colcon_ws/install/q4d_description/share/q4d_description/package.bash'
[1.935s] INFO:colcon.colcon_core.shell:Creating package script '/home/ros/colcon_ws/install/q4d_description/share/q4d_description/package.zsh'
[1.936s] Level 1:colcon.colcon_core.environment:create_file_with_runtime_dependencies(/home/ros/colcon_ws/install/q4d_description/share/colcon-core/packages/q4d_description)
[1.940s] DEBUG:colcon.colcon_core.event_handler.log_command:Invoking command in '/home/ros/colcon_ws/build/q4d_teleop': CMAKE_PREFIX_PATH=${CMAKE_PREFIX_PATH}:/opt/ros/humble /usr/bin/cmake --install /home/ros/colcon_ws/build/q4d_teleop
[1.958s] Level 1:colcon.colcon_core.environment:create_environment_scripts_only(q4d_teleop)
[1.961s] Level 1:colcon.colcon_core.environment:checking '/home/ros/colcon_ws/install/q4d_teleop' for CMake module files
[1.961s] Level 1:colcon.colcon_core.environment:checking '/home/ros/colcon_ws/install/q4d_teleop' for CMake config files
[1.962s] Level 1:colcon.colcon_core.shell:create_environment_hook('q4d_teleop', 'cmake_prefix_path')
[1.972s] DEBUG:colcon.colcon_core.event_handler.log_command:Invoked command in '/home/ros/colcon_ws/build/q4d_teleop' returned '0': CMAKE_PREFIX_PATH=${CMAKE_PREFIX_PATH}:/opt/ros/humble /usr/bin/cmake --install /home/ros/colcon_ws/build/q4d_teleop
[1.973s] INFO:colcon.colcon_core.shell:Creating environment hook '/home/ros/colcon_ws/install/q4d_teleop/share/q4d_teleop/hook/cmake_prefix_path.ps1'
[1.975s] INFO:colcon.colcon_core.shell:Creating environment descriptor '/home/ros/colcon_ws/install/q4d_teleop/share/q4d_teleop/hook/cmake_prefix_path.dsv'
[1.978s] INFO:colcon.colcon_core.shell:Creating environment hook '/home/ros/colcon_ws/install/q4d_teleop/share/q4d_teleop/hook/cmake_prefix_path.sh'
[1.979s] Level 1:colcon.colcon_core.environment:checking '/home/ros/colcon_ws/install/q4d_teleop/lib'
[1.979s] Level 1:colcon.colcon_core.environment:checking '/home/ros/colcon_ws/install/q4d_teleop/bin'
[1.979s] Level 1:colcon.colcon_core.environment:checking '/home/ros/colcon_ws/install/q4d_teleop/lib/pkgconfig/q4d_teleop.pc'
[1.979s] Level 1:colcon.colcon_core.environment:checking '/home/ros/colcon_ws/install/q4d_teleop/lib/python3.10/site-packages'
[1.979s] Level 1:colcon.colcon_core.environment:checking '/home/ros/colcon_ws/install/q4d_teleop/bin'
[1.981s] INFO:colcon.colcon_core.shell:Creating package script '/home/ros/colcon_ws/install/q4d_teleop/share/q4d_teleop/package.ps1'
[1.981s] INFO:colcon.colcon_core.shell:Creating package descriptor '/home/ros/colcon_ws/install/q4d_teleop/share/q4d_teleop/package.dsv'
[1.982s] INFO:colcon.colcon_core.shell:Creating package script '/home/ros/colcon_ws/install/q4d_teleop/share/q4d_teleop/package.sh'
[1.982s] INFO:colcon.colcon_core.shell:Creating package script '/home/ros/colcon_ws/install/q4d_teleop/share/q4d_teleop/package.bash'
[1.983s] INFO:colcon.colcon_core.shell:Creating package script '/home/ros/colcon_ws/install/q4d_teleop/share/q4d_teleop/package.zsh'
[1.983s] Level 1:colcon.colcon_core.environment:create_file_with_runtime_dependencies(/home/ros/colcon_ws/install/q4d_teleop/share/colcon-core/packages/q4d_teleop)
[2.000s] Level 1:colcon.colcon_core.environment:create_environment_scripts_only(q4d_teleop)
[2.003s] Level 1:colcon.colcon_core.environment:checking '/home/ros/colcon_ws/install/q4d_teleop' for CMake module files
[2.003s] Level 1:colcon.colcon_core.environment:checking '/home/ros/colcon_ws/install/q4d_teleop' for CMake config files
[2.004s] Level 1:colcon.colcon_core.shell:create_environment_hook('q4d_teleop', 'cmake_prefix_path')
[2.005s] INFO:colcon.colcon_core.shell:Creating environment hook '/home/ros/colcon_ws/install/q4d_teleop/share/q4d_teleop/hook/cmake_prefix_path.ps1'
[2.012s] INFO:colcon.colcon_core.shell:Creating environment descriptor '/home/ros/colcon_ws/install/q4d_teleop/share/q4d_teleop/hook/cmake_prefix_path.dsv'
[2.013s] INFO:colcon.colcon_core.shell:Creating environment hook '/home/ros/colcon_ws/install/q4d_teleop/share/q4d_teleop/hook/cmake_prefix_path.sh'
[2.014s] Level 1:colcon.colcon_core.environment:checking '/home/ros/colcon_ws/install/q4d_teleop/lib'
[2.014s] Level 1:colcon.colcon_core.environment:checking '/home/ros/colcon_ws/install/q4d_teleop/bin'
[2.014s] Level 1:colcon.colcon_core.environment:checking '/home/ros/colcon_ws/install/q4d_teleop/lib/pkgconfig/q4d_teleop.pc'
[2.014s] Level 1:colcon.colcon_core.environment:checking '/home/ros/colcon_ws/install/q4d_teleop/lib/python3.10/site-packages'
[2.015s] Level 1:colcon.colcon_core.environment:checking '/home/ros/colcon_ws/install/q4d_teleop/bin'
[2.017s] INFO:colcon.colcon_core.shell:Creating package script '/home/ros/colcon_ws/install/q4d_teleop/share/q4d_teleop/package.ps1'
[2.017s] INFO:colcon.colcon_core.shell:Creating package descriptor '/home/ros/colcon_ws/install/q4d_teleop/share/q4d_teleop/package.dsv'
[2.018s] INFO:colcon.colcon_core.shell:Creating package script '/home/ros/colcon_ws/install/q4d_teleop/share/q4d_teleop/package.sh'
[2.018s] INFO:colcon.colcon_core.shell:Creating package script '/home/ros/colcon_ws/install/q4d_teleop/share/q4d_teleop/package.bash'
[2.019s] INFO:colcon.colcon_core.shell:Creating package script '/home/ros/colcon_ws/install/q4d_teleop/share/q4d_teleop/package.zsh'
[2.019s] Level 1:colcon.colcon_core.environment:create_file_with_runtime_dependencies(/home/ros/colcon_ws/install/q4d_teleop/share/colcon-core/packages/q4d_teleop)
[2.831s] DEBUG:colcon.colcon_core.event_handler.log_command:Invoked command in '/home/ros/colcon_ws/build/q2d_teleop' returned '0': CMAKE_PREFIX_PATH=${CMAKE_PREFIX_PATH}:/opt/ros/humble /usr/bin/cmake /home/ros/colcon_ws/ros2-q4d/src/q2d/q2d_teleop -DCMAKE_INSTALL_PREFIX=/home/ros/colcon_ws/install/q2d_teleop
[2.831s] DEBUG:colcon.colcon_core.event_handler.log_command:Invoking command in '/home/ros/colcon_ws/build/q2d_teleop': CMAKE_PREFIX_PATH=${CMAKE_PREFIX_PATH}:/opt/ros/humble /usr/bin/cmake --build /home/ros/colcon_ws/build/q2d_teleop -- -j3 -l3
[18.028s] DEBUG:colcon.colcon_core.event_handler.log_command:Invoked command in '/home/ros/colcon_ws/build/q2d_teleop' returned '0': CMAKE_PREFIX_PATH=${CMAKE_PREFIX_PATH}:/opt/ros/humble /usr/bin/cmake --build /home/ros/colcon_ws/build/q2d_teleop -- -j3 -l3
[18.051s] DEBUG:colcon.colcon_core.event_handler.log_command:Invoking command in '/home/ros/colcon_ws/build/q2d_teleop': CMAKE_PREFIX_PATH=${CMAKE_PREFIX_PATH}:/opt/ros/humble /usr/bin/cmake --install /home/ros/colcon_ws/build/q2d_teleop
[18.069s] Level 1:colcon.colcon_core.environment:create_environment_scripts_only(q2d_teleop)
[18.071s] Level 1:colcon.colcon_core.environment:checking '/home/ros/colcon_ws/install/q2d_teleop' for CMake module files
[18.071s] Level 1:colcon.colcon_core.environment:checking '/home/ros/colcon_ws/install/q2d_teleop' for CMake config files
[18.072s] Level 1:colcon.colcon_core.shell:create_environment_hook('q2d_teleop', 'cmake_prefix_path')
[18.073s] INFO:colcon.colcon_core.shell:Creating environment hook '/home/ros/colcon_ws/install/q2d_teleop/share/q2d_teleop/hook/cmake_prefix_path.ps1'
[18.074s] DEBUG:colcon.colcon_core.event_handler.log_command:Invoked command in '/home/ros/colcon_ws/build/q2d_teleop' returned '0': CMAKE_PREFIX_PATH=${CMAKE_PREFIX_PATH}:/opt/ros/humble /usr/bin/cmake --install /home/ros/colcon_ws/build/q2d_teleop
[18.075s] INFO:colcon.colcon_core.shell:Creating environment descriptor '/home/ros/colcon_ws/install/q2d_teleop/share/q2d_teleop/hook/cmake_prefix_path.dsv'
[18.075s] INFO:colcon.colcon_core.shell:Creating environment hook '/home/ros/colcon_ws/install/q2d_teleop/share/q2d_teleop/hook/cmake_prefix_path.sh'
[18.075s] Level 1:colcon.colcon_core.environment:checking '/home/ros/colcon_ws/install/q2d_teleop/lib'
[18.075s] Level 1:colcon.colcon_core.environment:checking '/home/ros/colcon_ws/install/q2d_teleop/bin'
[18.075s] Level 1:colcon.colcon_core.environment:checking '/home/ros/colcon_ws/install/q2d_teleop/lib/pkgconfig/q2d_teleop.pc'
[18.076s] Level 1:colcon.colcon_core.environment:checking '/home/ros/colcon_ws/install/q2d_teleop/lib/python3.10/site-packages'
[18.076s] Level 1:colcon.colcon_core.environment:checking '/home/ros/colcon_ws/install/q2d_teleop/bin'
[18.078s] INFO:colcon.colcon_core.shell:Creating package script '/home/ros/colcon_ws/install/q2d_teleop/share/q2d_teleop/package.ps1'
[18.078s] INFO:colcon.colcon_core.shell:Creating package descriptor '/home/ros/colcon_ws/install/q2d_teleop/share/q2d_teleop/package.dsv'
[18.078s] INFO:colcon.colcon_core.shell:Creating package script '/home/ros/colcon_ws/install/q2d_teleop/share/q2d_teleop/package.sh'
[18.079s] INFO:colcon.colcon_core.shell:Creating package script '/home/ros/colcon_ws/install/q2d_teleop/share/q2d_teleop/package.bash'
[18.079s] INFO:colcon.colcon_core.shell:Creating package script '/home/ros/colcon_ws/install/q2d_teleop/share/q2d_teleop/package.zsh'
[18.079s] Level 1:colcon.colcon_core.environment:create_file_with_runtime_dependencies(/home/ros/colcon_ws/install/q2d_teleop/share/colcon-core/packages/q2d_teleop)
[18.101s] Level 1:colcon.colcon_core.environment:create_environment_scripts_only(q2d_teleop)
[18.103s] Level 1:colcon.colcon_core.environment:checking '/home/ros/colcon_ws/install/q2d_teleop' for CMake module files
[18.103s] Level 1:colcon.colcon_core.environment:checking '/home/ros/colcon_ws/install/q2d_teleop' for CMake config files
[18.103s] Level 1:colcon.colcon_core.shell:create_environment_hook('q2d_teleop', 'cmake_prefix_path')
[18.105s] INFO:colcon.colcon_core.shell:Creating environment hook '/home/ros/colcon_ws/install/q2d_teleop/share/q2d_teleop/hook/cmake_prefix_path.ps1'
[18.105s] INFO:colcon.colcon_core.shell:Creating environment descriptor '/home/ros/colcon_ws/install/q2d_teleop/share/q2d_teleop/hook/cmake_prefix_path.dsv'
[18.106s] INFO:colcon.colcon_core.shell:Creating environment hook '/home/ros/colcon_ws/install/q2d_teleop/share/q2d_teleop/hook/cmake_prefix_path.sh'
[18.106s] Level 1:colcon.colcon_core.environment:checking '/home/ros/colcon_ws/install/q2d_teleop/lib'
[18.106s] Level 1:colcon.colcon_core.environment:checking '/home/ros/colcon_ws/install/q2d_teleop/bin'
[18.106s] Level 1:colcon.colcon_core.environment:checking '/home/ros/colcon_ws/install/q2d_teleop/lib/pkgconfig/q2d_teleop.pc'
[18.107s] Level 1:colcon.colcon_core.environment:checking '/home/ros/colcon_ws/install/q2d_teleop/lib/python3.10/site-packages'
[18.107s] Level 1:colcon.colcon_core.environment:checking '/home/ros/colcon_ws/install/q2d_teleop/bin'
[18.108s] INFO:colcon.colcon_core.shell:Creating package script '/home/ros/colcon_ws/install/q2d_teleop/share/q2d_teleop/package.ps1'
[18.109s] INFO:colcon.colcon_core.shell:Creating package descriptor '/home/ros/colcon_ws/install/q2d_teleop/share/q2d_teleop/package.dsv'
[18.109s] INFO:colcon.colcon_core.shell:Creating package script '/home/ros/colcon_ws/install/q2d_teleop/share/q2d_teleop/package.sh'
[18.109s] INFO:colcon.colcon_core.shell:Creating package script '/home/ros/colcon_ws/install/q2d_teleop/share/q2d_teleop/package.bash'
[18.110s] INFO:colcon.colcon_core.shell:Creating package script '/home/ros/colcon_ws/install/q2d_teleop/share/q2d_teleop/package.zsh'
[18.110s] Level 1:colcon.colcon_core.environment:create_file_with_runtime_dependencies(/home/ros/colcon_ws/install/q2d_teleop/share/colcon-core/packages/q2d_teleop)
[18.111s] DEBUG:colcon.colcon_parallel_executor.executor.parallel:closing loop
[18.111s] DEBUG:colcon.colcon_parallel_executor.executor.parallel:loop closed
[18.111s] DEBUG:colcon.colcon_parallel_executor.executor.parallel:run_until_complete finished with '0'
[18.112s] DEBUG:colcon.colcon_core.event_reactor:joining thread
[18.116s] INFO:colcon.colcon_core.plugin_system:Skipping extension 'colcon_notification.desktop_notification.terminal_notifier': Not used on non-Darwin systems
[18.116s] INFO:colcon.colcon_core.plugin_system:Skipping extension 'colcon_notification.desktop_notification.win32': Not used on non-Windows systems
[18.116s] INFO:colcon.colcon_notification.desktop_notification:Sending desktop notification using 'notify2'
[18.128s] DEBUG:colcon.colcon_core.event_reactor:joined thread
[18.130s] INFO:colcon.colcon_core.shell:Creating prefix script '/home/ros/colcon_ws/install/local_setup.ps1'
[18.131s] INFO:colcon.colcon_core.shell:Creating prefix util module '/home/ros/colcon_ws/install/_local_setup_util_ps1.py'
[18.133s] INFO:colcon.colcon_core.shell:Creating prefix chain script '/home/ros/colcon_ws/install/setup.ps1'
[18.134s] INFO:colcon.colcon_core.shell:Creating prefix script '/home/ros/colcon_ws/install/local_setup.sh'
[18.135s] INFO:colcon.colcon_core.shell:Creating prefix util module '/home/ros/colcon_ws/install/_local_setup_util_sh.py'
[18.135s] INFO:colcon.colcon_core.shell:Creating prefix chain script '/home/ros/colcon_ws/install/setup.sh'
[18.136s] INFO:colcon.colcon_core.shell:Creating prefix script '/home/ros/colcon_ws/install/local_setup.bash'
[18.139s] INFO:colcon.colcon_core.shell:Creating prefix chain script '/home/ros/colcon_ws/install/setup.bash'
[18.141s] INFO:colcon.colcon_core.shell:Creating prefix script '/home/ros/colcon_ws/install/local_setup.zsh'
[18.141s] INFO:colcon.colcon_core.shell:Creating prefix chain script '/home/ros/colcon_ws/install/setup.zsh'
