-- Install configuration: ""
-- Execute custom install script
-- Symlinking: /home/ros/colcon_ws/install/q2d_bringup/lib/q2d_bringup/ijc_step.sh
-- Symlinking: /home/ros/colcon_ws/install/q2d_bringup/lib/q2d_bringup/ijc_square.py
-- Symlinking: /home/ros/colcon_ws/install/q2d_bringup/share/q2d_bringup/config/bypass.yaml
-- Symlinking: /home/ros/colcon_ws/install/q2d_bringup/share/q2d_bringup/config/computed_torque.yaml
-- Symlinking: /home/ros/colcon_ws/install/q2d_bringup/share/q2d_bringup/config/group_bypass.yaml
-- Symlinking: /home/ros/colcon_ws/install/q2d_bringup/share/q2d_bringup/config/group_pid.yaml
-- Symlinking: /home/ros/colcon_ws/install/q2d_bringup/share/q2d_bringup/config/pid.yaml
-- Symlinking: /home/ros/colcon_ws/install/q2d_bringup/share/q2d_bringup/config/pid_plus_gravity.yaml
-- Symlinking: /home/ros/colcon_ws/install/q2d_bringup/share/q2d_bringup/launch/bypass.launch.xml
-- Symlinking: /home/ros/colcon_ws/install/q2d_bringup/share/q2d_bringup/launch/computed_torque.launch.xml
-- Symlinking: /home/ros/colcon_ws/install/q2d_bringup/share/q2d_bringup/launch/gazebo.launch.xml
-- Symlinking: /home/ros/colcon_ws/install/q2d_bringup/share/q2d_bringup/launch/group_bypass.launch.xml
-- Symlinking: /home/ros/colcon_ws/install/q2d_bringup/share/q2d_bringup/launch/group_pid.launch.xml
-- Symlinking: /home/ros/colcon_ws/install/q2d_bringup/share/q2d_bringup/launch/ignition.launch.xml
-- Symlinking: /home/ros/colcon_ws/install/q2d_bringup/share/q2d_bringup/launch/pid.launch.xml
-- Symlinking: /home/ros/colcon_ws/install/q2d_bringup/share/q2d_bringup/launch/pid_plus_gravity.launch.xml
-- Symlinking: /home/ros/colcon_ws/install/q2d_bringup/share/ament_index/resource_index/package_run_dependencies/q2d_bringup
-- Symlinking: /home/ros/colcon_ws/install/q2d_bringup/share/ament_index/resource_index/parent_prefix_path/q2d_bringup
-- Symlinking: /home/ros/colcon_ws/install/q2d_bringup/share/q2d_bringup/environment/ament_prefix_path.sh
-- Symlinking: /home/ros/colcon_ws/install/q2d_bringup/share/q2d_bringup/environment/ament_prefix_path.dsv
-- Symlinking: /home/ros/colcon_ws/install/q2d_bringup/share/q2d_bringup/environment/path.sh
-- Symlinking: /home/ros/colcon_ws/install/q2d_bringup/share/q2d_bringup/environment/path.dsv
-- Symlinking: /home/ros/colcon_ws/install/q2d_bringup/share/q2d_bringup/local_setup.bash
-- Symlinking: /home/ros/colcon_ws/install/q2d_bringup/share/q2d_bringup/local_setup.sh
-- Symlinking: /home/ros/colcon_ws/install/q2d_bringup/share/q2d_bringup/local_setup.zsh
-- Symlinking: /home/ros/colcon_ws/install/q2d_bringup/share/q2d_bringup/local_setup.dsv
-- Symlinking: /home/ros/colcon_ws/install/q2d_bringup/share/q2d_bringup/package.dsv
-- Symlinking: /home/ros/colcon_ws/install/q2d_bringup/share/ament_index/resource_index/packages/q2d_bringup
-- Symlinking: /home/ros/colcon_ws/install/q2d_bringup/share/q2d_bringup/cmake/q2d_bringupConfig.cmake
-- Symlinking: /home/ros/colcon_ws/install/q2d_bringup/share/q2d_bringup/cmake/q2d_bringupConfig-version.cmake
-- Symlinking: /home/ros/colcon_ws/install/q2d_bringup/share/q2d_bringup/package.xml
