[0.092s] Invoking command in '/home/ros/colcon_ws/build/eng10026_publisher': CMAKE_PREFIX_PATH=${CMAKE_PREFIX_PATH}:/opt/ros/humble /usr/bin/cmake /home/ros/colcon_ws/src/eng10026_publisher -DAMENT_CMAKE_SYMLINK_INSTALL=1 -DCMAKE_INSTALL_PREFIX=/home/ros/colcon_ws/install/eng10026_publisher
[0.133s] -- Found ament_cmake: 1.3.3 (/opt/ros/humble/share/ament_cmake/cmake)
[0.565s] -- Override CMake install command with custom implementation using symlinks instead of copying resources
[0.595s] -- Found rclcpp: 16.0.3 (/opt/ros/humble/share/rclcpp/cmake)
[0.716s] -- Found rosidl_generator_c: 3.1.4 (/opt/ros/humble/share/rosidl_generator_c/cmake)
[0.726s] -- Found rosidl_adapter: 3.1.4 (/opt/ros/humble/share/rosidl_adapter/cmake)
[0.748s] -- Found rosidl_generator_cpp: 3.1.4 (/opt/ros/humble/share/rosidl_generator_cpp/cmake)
[0.778s] -- Using all available rosidl_typesupport_c: rosidl_typesupport_fastrtps_c;rosidl_typesupport_introspection_c
[1.216s] -- Using all available rosidl_typesupport_cpp: rosidl_typesupport_fastrtps_cpp;rosidl_typesupport_introspection_cpp
[1.216s] -- Found rmw_implementation_cmake: 6.1.1 (/opt/ros/humble/share/rmw_implementation_cmake/cmake)
[1.217s] -- Found rmw_fastrtps_cpp: 6.2.2 (/opt/ros/humble/share/rmw_fastrtps_cpp/cmake)
[1.400s] -- Using RMW implementation 'rmw_fastrtps_cpp' as default
[1.932s] -- Found geometry_msgs: 4.2.3 (/opt/ros/humble/share/geometry_msgs/cmake)
[2.138s] -- Found ament_lint_auto: 0.12.5 (/opt/ros/humble/share/ament_lint_auto/cmake)
[2.424s] -- Added test 'copyright' to check source files copyright and LICENSE
[2.448s] -- Added test 'cppcheck' to perform static code analysis on C / C++ code
[2.448s] -- Configured cppcheck include dirs: $<BUILD_INTERFACE:/home/ros/colcon_ws/src/eng10026_publisher/include>
[2.448s] -- Configured cppcheck exclude dirs and/or files: 
[2.470s] -- Added test 'cpplint' to check C / C++ code against the Google style
[2.470s] -- Configured cpplint exclude dirs and/or files: 
[2.496s] -- Added test 'lint_cmake' to check CMake code style
[2.518s] -- Added test 'uncrustify' to check C / C++ code style
[2.519s] -- Configured uncrustify additional arguments: 
[2.523s] -- Added test 'xmllint' to check XML markup files
[2.527s] -- Configuring done
[2.583s] -- Generating done
[2.604s] -- Build files have been written to: /home/ros/colcon_ws/build/eng10026_publisher
[2.645s] Invoked command in '/home/ros/colcon_ws/build/eng10026_publisher' returned '0': CMAKE_PREFIX_PATH=${CMAKE_PREFIX_PATH}:/opt/ros/humble /usr/bin/cmake /home/ros/colcon_ws/src/eng10026_publisher -DAMENT_CMAKE_SYMLINK_INSTALL=1 -DCMAKE_INSTALL_PREFIX=/home/ros/colcon_ws/install/eng10026_publisher
[2.667s] Invoking command in '/home/ros/colcon_ws/build/eng10026_publisher': CMAKE_PREFIX_PATH=${CMAKE_PREFIX_PATH}:/opt/ros/humble /usr/bin/cmake --build /home/ros/colcon_ws/build/eng10026_publisher -- -j3 -l3
[2.984s] [35m[1mConsolidate compiler generated dependencies of target p2_publisher[0m
[3.060s] [ 50%] [32m[1mLinking CXX executable p2_publisher[0m
[4.104s] [100%] Built target p2_publisher
[4.147s] Invoked command in '/home/ros/colcon_ws/build/eng10026_publisher' returned '0': CMAKE_PREFIX_PATH=${CMAKE_PREFIX_PATH}:/opt/ros/humble /usr/bin/cmake --build /home/ros/colcon_ws/build/eng10026_publisher -- -j3 -l3
[4.359s] Invoking command in '/home/ros/colcon_ws/build/eng10026_publisher': CMAKE_PREFIX_PATH=${CMAKE_PREFIX_PATH}:/opt/ros/humble /usr/bin/cmake --install /home/ros/colcon_ws/build/eng10026_publisher
[4.413s] -- Install configuration: ""
[4.415s] -- Execute custom install script
[4.416s] -- Symlinking: /home/ros/colcon_ws/install/eng10026_publisher/lib/eng10026_publisher/p2_publisher
[4.457s] -- Symlinking: /home/ros/colcon_ws/install/eng10026_publisher/share/eng10026_publisher/launch/display.launch.xml
[4.493s] -- Symlinking: /home/ros/colcon_ws/install/eng10026_publisher/share/eng10026_publisher/launch/p2.launch.xml
[4.552s] -- Symlinking: /home/ros/colcon_ws/install/eng10026_publisher/share/eng10026_publisher/config/p1_p2.rviz
[4.644s] -- Symlinking: /home/ros/colcon_ws/install/eng10026_publisher/share/ament_index/resource_index/package_run_dependencies/eng10026_publisher
[4.693s] -- Symlinking: /home/ros/colcon_ws/install/eng10026_publisher/share/ament_index/resource_index/parent_prefix_path/eng10026_publisher
[4.737s] -- Symlinking: /home/ros/colcon_ws/install/eng10026_publisher/share/eng10026_publisher/environment/ament_prefix_path.sh
[4.765s] -- Symlinking: /home/ros/colcon_ws/install/eng10026_publisher/share/eng10026_publisher/environment/ament_prefix_path.dsv
[4.798s] -- Symlinking: /home/ros/colcon_ws/install/eng10026_publisher/share/eng10026_publisher/environment/path.sh
[4.834s] -- Symlinking: /home/ros/colcon_ws/install/eng10026_publisher/share/eng10026_publisher/environment/path.dsv
[4.859s] -- Symlinking: /home/ros/colcon_ws/install/eng10026_publisher/share/eng10026_publisher/local_setup.bash
[4.881s] -- Symlinking: /home/ros/colcon_ws/install/eng10026_publisher/share/eng10026_publisher/local_setup.sh
[4.916s] -- Symlinking: /home/ros/colcon_ws/install/eng10026_publisher/share/eng10026_publisher/local_setup.zsh
[4.951s] -- Symlinking: /home/ros/colcon_ws/install/eng10026_publisher/share/eng10026_publisher/local_setup.dsv
[4.975s] -- Symlinking: /home/ros/colcon_ws/install/eng10026_publisher/share/eng10026_publisher/package.dsv
[5.005s] -- Symlinking: /home/ros/colcon_ws/install/eng10026_publisher/share/ament_index/resource_index/packages/eng10026_publisher
[5.054s] -- Symlinking: /home/ros/colcon_ws/install/eng10026_publisher/share/eng10026_publisher/cmake/eng10026_publisherConfig.cmake
[5.095s] -- Symlinking: /home/ros/colcon_ws/install/eng10026_publisher/share/eng10026_publisher/cmake/eng10026_publisherConfig-version.cmake
[5.132s] -- Symlinking: /home/ros/colcon_ws/install/eng10026_publisher/share/eng10026_publisher/package.xml
[5.197s] Invoked command in '/home/ros/colcon_ws/build/eng10026_publisher' returned '0': CMAKE_PREFIX_PATH=${CMAKE_PREFIX_PATH}:/opt/ros/humble /usr/bin/cmake --install /home/ros/colcon_ws/build/eng10026_publisher
