[0.316s] DEBUG:colcon:Command line arguments: ['/usr/bin/colcon', 'build', '--symlink-install']
[0.316s] DEBUG:colcon:Parsed command line arguments: Namespace(log_base=None, log_level=None, verb_name='build', build_base='build', install_base='install', merge_install=False, symlink_install=True, test_result_base=None, continue_on_error=False, executor='parallel', parallel_workers=3, event_handlers=None, ignore_user_meta=False, metas=['./colcon.meta'], base_paths=['.'], packages_ignore=None, packages_ignore_regex=None, paths=None, packages_up_to=None, packages_up_to_regex=None, packages_above=None, packages_above_and_dependencies=None, packages_above_depth=None, packages_select_by_dep=None, packages_skip_by_dep=None, packages_skip_up_to=None, packages_select_build_failed=False, packages_skip_build_finished=False, packages_select_test_failures=False, packages_skip_test_passed=False, packages_select=None, packages_skip=None, packages_select_regex=None, packages_skip_regex=None, packages_start=None, packages_end=None, allow_overriding=[], cmake_args=None, cmake_target=None, cmake_target_skip_unavailable=False, cmake_clean_cache=False, cmake_clean_first=False, cmake_force_configure=False, ament_cmake_args=None, catkin_cmake_args=None, catkin_skip_building_tests=False, verb_parser=<colcon_defaults.argument_parser.defaults.DefaultArgumentsDecorator object at 0x7f8fb0de41f0>, verb_extension=<colcon_core.verb.build.BuildVerb object at 0x7f8fb15d26b0>, main=<bound method BuildVerb.main of <colcon_core.verb.build.BuildVerb object at 0x7f8fb15d26b0>>)
[0.344s] Level 1:colcon.colcon_core.package_discovery:discover_packages(colcon_meta) check parameters
[0.344s] Level 1:colcon.colcon_core.package_discovery:discover_packages(recursive) check parameters
[0.344s] Level 1:colcon.colcon_core.package_discovery:discover_packages(ignore) check parameters
[0.344s] Level 1:colcon.colcon_core.package_discovery:discover_packages(path) check parameters
[0.344s] Level 1:colcon.colcon_core.package_discovery:discover_packages(colcon_meta) discover
[0.344s] Level 1:colcon.colcon_core.package_discovery:discover_packages(recursive) discover
[0.344s] INFO:colcon.colcon_core.package_discovery:Crawling recursively for packages in '/home/ros/colcon_ws'
[0.344s] Level 1:colcon.colcon_core.package_identification:_identify(.) by extensions ['ignore', 'ignore_ament_install']
[0.344s] Level 1:colcon.colcon_core.package_identification:_identify(.) by extension 'ignore'
[0.345s] Level 1:colcon.colcon_core.package_identification:_identify(.) by extension 'ignore_ament_install'
[0.345s] Level 1:colcon.colcon_core.package_identification:_identify(.) by extensions ['colcon_pkg']
[0.345s] Level 1:colcon.colcon_core.package_identification:_identify(.) by extension 'colcon_pkg'
[0.345s] Level 1:colcon.colcon_core.package_identification:_identify(.) by extensions ['colcon_meta']
[0.345s] Level 1:colcon.colcon_core.package_identification:_identify(.) by extension 'colcon_meta'
[0.345s] Level 1:colcon.colcon_core.package_identification:_identify(.) by extensions ['ros']
[0.345s] Level 1:colcon.colcon_core.package_identification:_identify(.) by extension 'ros'
[0.355s] Level 1:colcon.colcon_core.package_identification:_identify(.) by extensions ['cmake', 'python']
[0.355s] Level 1:colcon.colcon_core.package_identification:_identify(.) by extension 'cmake'
[0.355s] Level 1:colcon.colcon_core.package_identification:_identify(.) by extension 'python'
[0.355s] Level 1:colcon.colcon_core.package_identification:_identify(.) by extensions ['python_setup_py']
[0.355s] Level 1:colcon.colcon_core.package_identification:_identify(.) by extension 'python_setup_py'
[0.355s] Level 1:colcon.colcon_core.package_identification:_identify(build) by extensions ['ignore', 'ignore_ament_install']
[0.356s] Level 1:colcon.colcon_core.package_identification:_identify(build) by extension 'ignore'
[0.356s] Level 1:colcon.colcon_core.package_identification:_identify(build) ignored
[0.356s] Level 1:colcon.colcon_core.package_identification:_identify(install) by extensions ['ignore', 'ignore_ament_install']
[0.356s] Level 1:colcon.colcon_core.package_identification:_identify(install) by extension 'ignore'
[0.356s] Level 1:colcon.colcon_core.package_identification:_identify(install) ignored
[0.356s] Level 1:colcon.colcon_core.package_identification:_identify(log) by extensions ['ignore', 'ignore_ament_install']
[0.356s] Level 1:colcon.colcon_core.package_identification:_identify(log) by extension 'ignore'
[0.356s] Level 1:colcon.colcon_core.package_identification:_identify(log) ignored
[0.356s] Level 1:colcon.colcon_core.package_identification:_identify(src) by extensions ['ignore', 'ignore_ament_install']
[0.356s] Level 1:colcon.colcon_core.package_identification:_identify(src) by extension 'ignore'
[0.356s] Level 1:colcon.colcon_core.package_identification:_identify(src) by extension 'ignore_ament_install'
[0.356s] Level 1:colcon.colcon_core.package_identification:_identify(src) by extensions ['colcon_pkg']
[0.356s] Level 1:colcon.colcon_core.package_identification:_identify(src) by extension 'colcon_pkg'
[0.356s] Level 1:colcon.colcon_core.package_identification:_identify(src) by extensions ['colcon_meta']
[0.356s] Level 1:colcon.colcon_core.package_identification:_identify(src) by extension 'colcon_meta'
[0.356s] Level 1:colcon.colcon_core.package_identification:_identify(src) by extensions ['ros']
[0.356s] Level 1:colcon.colcon_core.package_identification:_identify(src) by extension 'ros'
[0.356s] Level 1:colcon.colcon_core.package_identification:_identify(src) by extensions ['cmake', 'python']
[0.357s] Level 1:colcon.colcon_core.package_identification:_identify(src) by extension 'cmake'
[0.357s] Level 1:colcon.colcon_core.package_identification:_identify(src) by extension 'python'
[0.357s] Level 1:colcon.colcon_core.package_identification:_identify(src) by extensions ['python_setup_py']
[0.357s] Level 1:colcon.colcon_core.package_identification:_identify(src) by extension 'python_setup_py'
[0.357s] Level 1:colcon.colcon_core.package_identification:_identify(src/eng10026_lab2) by extensions ['ignore', 'ignore_ament_install']
[0.357s] Level 1:colcon.colcon_core.package_identification:_identify(src/eng10026_lab2) by extension 'ignore'
[0.357s] Level 1:colcon.colcon_core.package_identification:_identify(src/eng10026_lab2) by extension 'ignore_ament_install'
[0.357s] Level 1:colcon.colcon_core.package_identification:_identify(src/eng10026_lab2) by extensions ['colcon_pkg']
[0.357s] Level 1:colcon.colcon_core.package_identification:_identify(src/eng10026_lab2) by extension 'colcon_pkg'
[0.357s] Level 1:colcon.colcon_core.package_identification:_identify(src/eng10026_lab2) by extensions ['colcon_meta']
[0.357s] Level 1:colcon.colcon_core.package_identification:_identify(src/eng10026_lab2) by extension 'colcon_meta'
[0.357s] Level 1:colcon.colcon_core.package_identification:_identify(src/eng10026_lab2) by extensions ['ros']
[0.357s] Level 1:colcon.colcon_core.package_identification:_identify(src/eng10026_lab2) by extension 'ros'
[0.359s] DEBUG:colcon.colcon_core.package_identification:Package 'src/eng10026_lab2' with type 'ros.ament_cmake' and name 'eng10026_lab2'
[0.359s] Level 1:colcon.colcon_core.package_identification:_identify(src/eng10026_publisher) by extensions ['ignore', 'ignore_ament_install']
[0.360s] Level 1:colcon.colcon_core.package_identification:_identify(src/eng10026_publisher) by extension 'ignore'
[0.360s] Level 1:colcon.colcon_core.package_identification:_identify(src/eng10026_publisher) by extension 'ignore_ament_install'
[0.360s] Level 1:colcon.colcon_core.package_identification:_identify(src/eng10026_publisher) by extensions ['colcon_pkg']
[0.360s] Level 1:colcon.colcon_core.package_identification:_identify(src/eng10026_publisher) by extension 'colcon_pkg'
[0.360s] Level 1:colcon.colcon_core.package_identification:_identify(src/eng10026_publisher) by extensions ['colcon_meta']
[0.360s] Level 1:colcon.colcon_core.package_identification:_identify(src/eng10026_publisher) by extension 'colcon_meta'
[0.360s] Level 1:colcon.colcon_core.package_identification:_identify(src/eng10026_publisher) by extensions ['ros']
[0.360s] Level 1:colcon.colcon_core.package_identification:_identify(src/eng10026_publisher) by extension 'ros'
[0.361s] DEBUG:colcon.colcon_core.package_identification:Package 'src/eng10026_publisher' with type 'ros.ament_cmake' and name 'eng10026_publisher'
[0.361s] Level 1:colcon.colcon_core.package_identification:_identify(src/eng10026_subscriber) by extensions ['ignore', 'ignore_ament_install']
[0.361s] Level 1:colcon.colcon_core.package_identification:_identify(src/eng10026_subscriber) by extension 'ignore'
[0.361s] Level 1:colcon.colcon_core.package_identification:_identify(src/eng10026_subscriber) by extension 'ignore_ament_install'
[0.361s] Level 1:colcon.colcon_core.package_identification:_identify(src/eng10026_subscriber) by extensions ['colcon_pkg']
[0.361s] Level 1:colcon.colcon_core.package_identification:_identify(src/eng10026_subscriber) by extension 'colcon_pkg'
[0.361s] Level 1:colcon.colcon_core.package_identification:_identify(src/eng10026_subscriber) by extensions ['colcon_meta']
[0.361s] Level 1:colcon.colcon_core.package_identification:_identify(src/eng10026_subscriber) by extension 'colcon_meta'
[0.361s] Level 1:colcon.colcon_core.package_identification:_identify(src/eng10026_subscriber) by extensions ['ros']
[0.361s] Level 1:colcon.colcon_core.package_identification:_identify(src/eng10026_subscriber) by extension 'ros'
[0.362s] DEBUG:colcon.colcon_core.package_identification:Package 'src/eng10026_subscriber' with type 'ros.ament_cmake' and name 'eng10026_subscriber'
[0.362s] Level 1:colcon.colcon_core.package_identification:_identify(src/eng10026_tf2) by extensions ['ignore', 'ignore_ament_install']
[0.362s] Level 1:colcon.colcon_core.package_identification:_identify(src/eng10026_tf2) by extension 'ignore'
[0.362s] Level 1:colcon.colcon_core.package_identification:_identify(src/eng10026_tf2) by extension 'ignore_ament_install'
[0.362s] Level 1:colcon.colcon_core.package_identification:_identify(src/eng10026_tf2) by extensions ['colcon_pkg']
[0.362s] Level 1:colcon.colcon_core.package_identification:_identify(src/eng10026_tf2) by extension 'colcon_pkg'
[0.362s] Level 1:colcon.colcon_core.package_identification:_identify(src/eng10026_tf2) by extensions ['colcon_meta']
[0.362s] Level 1:colcon.colcon_core.package_identification:_identify(src/eng10026_tf2) by extension 'colcon_meta'
[0.362s] Level 1:colcon.colcon_core.package_identification:_identify(src/eng10026_tf2) by extensions ['ros']
[0.362s] Level 1:colcon.colcon_core.package_identification:_identify(src/eng10026_tf2) by extension 'ros'
[0.362s] Level 1:colcon.colcon_core.package_identification:_identify(src/eng10026_tf2) by extensions ['cmake', 'python']
[0.362s] Level 1:colcon.colcon_core.package_identification:_identify(src/eng10026_tf2) by extension 'cmake'
[0.362s] Level 1:colcon.colcon_core.package_identification:_identify(src/eng10026_tf2) by extension 'python'
[0.362s] Level 1:colcon.colcon_core.package_identification:_identify(src/eng10026_tf2) by extensions ['python_setup_py']
[0.362s] Level 1:colcon.colcon_core.package_identification:_identify(src/eng10026_tf2) by extension 'python_setup_py'
[0.362s] Level 1:colcon.colcon_core.package_identification:_identify(src/eng10026_tf2/config) by extensions ['ignore', 'ignore_ament_install']
[0.362s] Level 1:colcon.colcon_core.package_identification:_identify(src/eng10026_tf2/config) by extension 'ignore'
[0.362s] Level 1:colcon.colcon_core.package_identification:_identify(src/eng10026_tf2/config) by extension 'ignore_ament_install'
[0.362s] Level 1:colcon.colcon_core.package_identification:_identify(src/eng10026_tf2/config) by extensions ['colcon_pkg']
[0.362s] Level 1:colcon.colcon_core.package_identification:_identify(src/eng10026_tf2/config) by extension 'colcon_pkg'
[0.362s] Level 1:colcon.colcon_core.package_identification:_identify(src/eng10026_tf2/config) by extensions ['colcon_meta']
[0.362s] Level 1:colcon.colcon_core.package_identification:_identify(src/eng10026_tf2/config) by extension 'colcon_meta'
[0.363s] Level 1:colcon.colcon_core.package_identification:_identify(src/eng10026_tf2/config) by extensions ['ros']
[0.363s] Level 1:colcon.colcon_core.package_identification:_identify(src/eng10026_tf2/config) by extension 'ros'
[0.363s] Level 1:colcon.colcon_core.package_identification:_identify(src/eng10026_tf2/config) by extensions ['cmake', 'python']
[0.363s] Level 1:colcon.colcon_core.package_identification:_identify(src/eng10026_tf2/config) by extension 'cmake'
[0.363s] Level 1:colcon.colcon_core.package_identification:_identify(src/eng10026_tf2/config) by extension 'python'
[0.363s] Level 1:colcon.colcon_core.package_identification:_identify(src/eng10026_tf2/config) by extensions ['python_setup_py']
[0.363s] Level 1:colcon.colcon_core.package_identification:_identify(src/eng10026_tf2/config) by extension 'python_setup_py'
[0.363s] Level 1:colcon.colcon_core.package_identification:_identify(src/q2d) by extensions ['ignore', 'ignore_ament_install']
[0.363s] Level 1:colcon.colcon_core.package_identification:_identify(src/q2d) by extension 'ignore'
[0.363s] Level 1:colcon.colcon_core.package_identification:_identify(src/q2d) by extension 'ignore_ament_install'
[0.363s] Level 1:colcon.colcon_core.package_identification:_identify(src/q2d) by extensions ['colcon_pkg']
[0.363s] Level 1:colcon.colcon_core.package_identification:_identify(src/q2d) by extension 'colcon_pkg'
[0.363s] Level 1:colcon.colcon_core.package_identification:_identify(src/q2d) by extensions ['colcon_meta']
[0.363s] Level 1:colcon.colcon_core.package_identification:_identify(src/q2d) by extension 'colcon_meta'
[0.363s] Level 1:colcon.colcon_core.package_identification:_identify(src/q2d) by extensions ['ros']
[0.363s] Level 1:colcon.colcon_core.package_identification:_identify(src/q2d) by extension 'ros'
[0.363s] Level 1:colcon.colcon_core.package_identification:_identify(src/q2d) by extensions ['cmake', 'python']
[0.363s] Level 1:colcon.colcon_core.package_identification:_identify(src/q2d) by extension 'cmake'
[0.363s] Level 1:colcon.colcon_core.package_identification:_identify(src/q2d) by extension 'python'
[0.363s] Level 1:colcon.colcon_core.package_identification:_identify(src/q2d) by extensions ['python_setup_py']
[0.363s] Level 1:colcon.colcon_core.package_identification:_identify(src/q2d) by extension 'python_setup_py'
[0.363s] Level 1:colcon.colcon_core.package_identification:_identify(src/q2d/q2d_bringup) by extensions ['ignore', 'ignore_ament_install']
[0.363s] Level 1:colcon.colcon_core.package_identification:_identify(src/q2d/q2d_bringup) by extension 'ignore'
[0.364s] Level 1:colcon.colcon_core.package_identification:_identify(src/q2d/q2d_bringup) by extension 'ignore_ament_install'
[0.364s] Level 1:colcon.colcon_core.package_identification:_identify(src/q2d/q2d_bringup) by extensions ['colcon_pkg']
[0.364s] Level 1:colcon.colcon_core.package_identification:_identify(src/q2d/q2d_bringup) by extension 'colcon_pkg'
[0.364s] Level 1:colcon.colcon_core.package_identification:_identify(src/q2d/q2d_bringup) by extensions ['colcon_meta']
[0.364s] Level 1:colcon.colcon_core.package_identification:_identify(src/q2d/q2d_bringup) by extension 'colcon_meta'
[0.364s] Level 1:colcon.colcon_core.package_identification:_identify(src/q2d/q2d_bringup) by extensions ['ros']
[0.364s] Level 1:colcon.colcon_core.package_identification:_identify(src/q2d/q2d_bringup) by extension 'ros'
[0.364s] DEBUG:colcon.colcon_core.package_identification:Package 'src/q2d/q2d_bringup' with type 'ros.ament_cmake' and name 'q2d_bringup'
[0.364s] Level 1:colcon.colcon_core.package_identification:_identify(src/q2d/q2d_description) by extensions ['ignore', 'ignore_ament_install']
[0.364s] Level 1:colcon.colcon_core.package_identification:_identify(src/q2d/q2d_description) by extension 'ignore'
[0.364s] Level 1:colcon.colcon_core.package_identification:_identify(src/q2d/q2d_description) by extension 'ignore_ament_install'
[0.364s] Level 1:colcon.colcon_core.package_identification:_identify(src/q2d/q2d_description) by extensions ['colcon_pkg']
[0.364s] Level 1:colcon.colcon_core.package_identification:_identify(src/q2d/q2d_description) by extension 'colcon_pkg'
[0.365s] Level 1:colcon.colcon_core.package_identification:_identify(src/q2d/q2d_description) by extensions ['colcon_meta']
[0.365s] Level 1:colcon.colcon_core.package_identification:_identify(src/q2d/q2d_description) by extension 'colcon_meta'
[0.365s] Level 1:colcon.colcon_core.package_identification:_identify(src/q2d/q2d_description) by extensions ['ros']
[0.365s] Level 1:colcon.colcon_core.package_identification:_identify(src/q2d/q2d_description) by extension 'ros'
[0.365s] DEBUG:colcon.colcon_core.package_identification:Package 'src/q2d/q2d_description' with type 'ros.ament_cmake' and name 'q2d_description'
[0.365s] Level 1:colcon.colcon_core.package_identification:_identify(src/q2d/q2d_teleop) by extensions ['ignore', 'ignore_ament_install']
[0.365s] Level 1:colcon.colcon_core.package_identification:_identify(src/q2d/q2d_teleop) by extension 'ignore'
[0.365s] Level 1:colcon.colcon_core.package_identification:_identify(src/q2d/q2d_teleop) by extension 'ignore_ament_install'
[0.365s] Level 1:colcon.colcon_core.package_identification:_identify(src/q2d/q2d_teleop) by extensions ['colcon_pkg']
[0.365s] Level 1:colcon.colcon_core.package_identification:_identify(src/q2d/q2d_teleop) by extension 'colcon_pkg'
[0.365s] Level 1:colcon.colcon_core.package_identification:_identify(src/q2d/q2d_teleop) by extensions ['colcon_meta']
[0.365s] Level 1:colcon.colcon_core.package_identification:_identify(src/q2d/q2d_teleop) by extension 'colcon_meta'
[0.365s] Level 1:colcon.colcon_core.package_identification:_identify(src/q2d/q2d_teleop) by extensions ['ros']
[0.365s] Level 1:colcon.colcon_core.package_identification:_identify(src/q2d/q2d_teleop) by extension 'ros'
[0.367s] DEBUG:colcon.colcon_core.package_identification:Package 'src/q2d/q2d_teleop' with type 'ros.ament_cmake' and name 'q2d_teleop'
[0.367s] Level 1:colcon.colcon_core.package_identification:_identify(src/q4d_description) by extensions ['ignore', 'ignore_ament_install']
[0.367s] Level 1:colcon.colcon_core.package_identification:_identify(src/q4d_description) by extension 'ignore'
[0.367s] Level 1:colcon.colcon_core.package_identification:_identify(src/q4d_description) by extension 'ignore_ament_install'
[0.367s] Level 1:colcon.colcon_core.package_identification:_identify(src/q4d_description) by extensions ['colcon_pkg']
[0.367s] Level 1:colcon.colcon_core.package_identification:_identify(src/q4d_description) by extension 'colcon_pkg'
[0.367s] Level 1:colcon.colcon_core.package_identification:_identify(src/q4d_description) by extensions ['colcon_meta']
[0.367s] Level 1:colcon.colcon_core.package_identification:_identify(src/q4d_description) by extension 'colcon_meta'
[0.367s] Level 1:colcon.colcon_core.package_identification:_identify(src/q4d_description) by extensions ['ros']
[0.367s] Level 1:colcon.colcon_core.package_identification:_identify(src/q4d_description) by extension 'ros'
[0.367s] DEBUG:colcon.colcon_core.package_identification:Package 'src/q4d_description' with type 'ros.ament_cmake' and name 'q4d_description'
[0.367s] Level 1:colcon.colcon_core.package_discovery:discover_packages(recursive) using defaults
[0.367s] Level 1:colcon.colcon_core.package_discovery:discover_packages(ignore) discover
[0.367s] Level 1:colcon.colcon_core.package_discovery:discover_packages(ignore) using defaults
[0.367s] Level 1:colcon.colcon_core.package_discovery:discover_packages(path) discover
[0.368s] Level 1:colcon.colcon_core.package_discovery:discover_packages(path) using defaults
[0.390s] Level 1:colcon.colcon_core.package_discovery:discover_packages(prefix_path) check parameters
[0.390s] Level 1:colcon.colcon_core.package_discovery:discover_packages(prefix_path) discover
[0.393s] DEBUG:colcon.colcon_installed_package_information.package_discovery:Found 7 installed packages in /home/ros/colcon_ws/install
[0.395s] DEBUG:colcon.colcon_installed_package_information.package_discovery:Found 308 installed packages in /opt/ros/humble
[0.397s] Level 1:colcon.colcon_core.package_discovery:discover_packages(prefix_path) using defaults
[0.460s] Level 5:colcon.colcon_core.verb:set package 'eng10026_lab2' build argument 'cmake_args' from command line to 'None'
[0.460s] Level 5:colcon.colcon_core.verb:set package 'eng10026_lab2' build argument 'cmake_target' from command line to 'None'
[0.460s] Level 5:colcon.colcon_core.verb:set package 'eng10026_lab2' build argument 'cmake_target_skip_unavailable' from command line to 'False'
[0.461s] Level 5:colcon.colcon_core.verb:set package 'eng10026_lab2' build argument 'cmake_clean_cache' from command line to 'False'
[0.461s] Level 5:colcon.colcon_core.verb:set package 'eng10026_lab2' build argument 'cmake_clean_first' from command line to 'False'
[0.461s] Level 5:colcon.colcon_core.verb:set package 'eng10026_lab2' build argument 'cmake_force_configure' from command line to 'False'
[0.461s] Level 5:colcon.colcon_core.verb:set package 'eng10026_lab2' build argument 'ament_cmake_args' from command line to 'None'
[0.461s] Level 5:colcon.colcon_core.verb:set package 'eng10026_lab2' build argument 'catkin_cmake_args' from command line to 'None'
[0.461s] Level 5:colcon.colcon_core.verb:set package 'eng10026_lab2' build argument 'catkin_skip_building_tests' from command line to 'False'
[0.461s] DEBUG:colcon.colcon_core.verb:Building package 'eng10026_lab2' with the following arguments: {'ament_cmake_args': None, 'build_base': '/home/ros/colcon_ws/build/eng10026_lab2', 'catkin_cmake_args': None, 'catkin_skip_building_tests': False, 'cmake_args': None, 'cmake_clean_cache': False, 'cmake_clean_first': False, 'cmake_force_configure': False, 'cmake_target': None, 'cmake_target_skip_unavailable': False, 'install_base': '/home/ros/colcon_ws/install/eng10026_lab2', 'merge_install': False, 'path': '/home/ros/colcon_ws/src/eng10026_lab2', 'symlink_install': True, 'test_result_base': None}
[0.462s] Level 5:colcon.colcon_core.verb:set package 'eng10026_publisher' build argument 'cmake_args' from command line to 'None'
[0.462s] Level 5:colcon.colcon_core.verb:set package 'eng10026_publisher' build argument 'cmake_target' from command line to 'None'
[0.462s] Level 5:colcon.colcon_core.verb:set package 'eng10026_publisher' build argument 'cmake_target_skip_unavailable' from command line to 'False'
[0.462s] Level 5:colcon.colcon_core.verb:set package 'eng10026_publisher' build argument 'cmake_clean_cache' from command line to 'False'
[0.462s] Level 5:colcon.colcon_core.verb:set package 'eng10026_publisher' build argument 'cmake_clean_first' from command line to 'False'
[0.462s] Level 5:colcon.colcon_core.verb:set package 'eng10026_publisher' build argument 'cmake_force_configure' from command line to 'False'
[0.462s] Level 5:colcon.colcon_core.verb:set package 'eng10026_publisher' build argument 'ament_cmake_args' from command line to 'None'
[0.462s] Level 5:colcon.colcon_core.verb:set package 'eng10026_publisher' build argument 'catkin_cmake_args' from command line to 'None'
[0.462s] Level 5:colcon.colcon_core.verb:set package 'eng10026_publisher' build argument 'catkin_skip_building_tests' from command line to 'False'
[0.462s] DEBUG:colcon.colcon_core.verb:Building package 'eng10026_publisher' with the following arguments: {'ament_cmake_args': None, 'build_base': '/home/ros/colcon_ws/build/eng10026_publisher', 'catkin_cmake_args': None, 'catkin_skip_building_tests': False, 'cmake_args': None, 'cmake_clean_cache': False, 'cmake_clean_first': False, 'cmake_force_configure': False, 'cmake_target': None, 'cmake_target_skip_unavailable': False, 'install_base': '/home/ros/colcon_ws/install/eng10026_publisher', 'merge_install': False, 'path': '/home/ros/colcon_ws/src/eng10026_publisher', 'symlink_install': True, 'test_result_base': None}
[0.463s] Level 5:colcon.colcon_core.verb:set package 'eng10026_subscriber' build argument 'cmake_args' from command line to 'None'
[0.463s] Level 5:colcon.colcon_core.verb:set package 'eng10026_subscriber' build argument 'cmake_target' from command line to 'None'
[0.463s] Level 5:colcon.colcon_core.verb:set package 'eng10026_subscriber' build argument 'cmake_target_skip_unavailable' from command line to 'False'
[0.463s] Level 5:colcon.colcon_core.verb:set package 'eng10026_subscriber' build argument 'cmake_clean_cache' from command line to 'False'
[0.463s] Level 5:colcon.colcon_core.verb:set package 'eng10026_subscriber' build argument 'cmake_clean_first' from command line to 'False'
[0.463s] Level 5:colcon.colcon_core.verb:set package 'eng10026_subscriber' build argument 'cmake_force_configure' from command line to 'False'
[0.463s] Level 5:colcon.colcon_core.verb:set package 'eng10026_subscriber' build argument 'ament_cmake_args' from command line to 'None'
[0.463s] Level 5:colcon.colcon_core.verb:set package 'eng10026_subscriber' build argument 'catkin_cmake_args' from command line to 'None'
[0.463s] Level 5:colcon.colcon_core.verb:set package 'eng10026_subscriber' build argument 'catkin_skip_building_tests' from command line to 'False'
[0.463s] DEBUG:colcon.colcon_core.verb:Building package 'eng10026_subscriber' with the following arguments: {'ament_cmake_args': None, 'build_base': '/home/ros/colcon_ws/build/eng10026_subscriber', 'catkin_cmake_args': None, 'catkin_skip_building_tests': False, 'cmake_args': None, 'cmake_clean_cache': False, 'cmake_clean_first': False, 'cmake_force_configure': False, 'cmake_target': None, 'cmake_target_skip_unavailable': False, 'install_base': '/home/ros/colcon_ws/install/eng10026_subscriber', 'merge_install': False, 'path': '/home/ros/colcon_ws/src/eng10026_subscriber', 'symlink_install': True, 'test_result_base': None}
[0.464s] Level 5:colcon.colcon_core.verb:set package 'q2d_bringup' build argument 'cmake_args' from command line to 'None'
[0.464s] Level 5:colcon.colcon_core.verb:set package 'q2d_bringup' build argument 'cmake_target' from command line to 'None'
[0.464s] Level 5:colcon.colcon_core.verb:set package 'q2d_bringup' build argument 'cmake_target_skip_unavailable' from command line to 'False'
[0.464s] Level 5:colcon.colcon_core.verb:set package 'q2d_bringup' build argument 'cmake_clean_cache' from command line to 'False'
[0.464s] Level 5:colcon.colcon_core.verb:set package 'q2d_bringup' build argument 'cmake_clean_first' from command line to 'False'
[0.464s] Level 5:colcon.colcon_core.verb:set package 'q2d_bringup' build argument 'cmake_force_configure' from command line to 'False'
[0.464s] Level 5:colcon.colcon_core.verb:set package 'q2d_bringup' build argument 'ament_cmake_args' from command line to 'None'
[0.464s] Level 5:colcon.colcon_core.verb:set package 'q2d_bringup' build argument 'catkin_cmake_args' from command line to 'None'
[0.464s] Level 5:colcon.colcon_core.verb:set package 'q2d_bringup' build argument 'catkin_skip_building_tests' from command line to 'False'
[0.464s] DEBUG:colcon.colcon_core.verb:Building package 'q2d_bringup' with the following arguments: {'ament_cmake_args': None, 'build_base': '/home/ros/colcon_ws/build/q2d_bringup', 'catkin_cmake_args': None, 'catkin_skip_building_tests': False, 'cmake_args': None, 'cmake_clean_cache': False, 'cmake_clean_first': False, 'cmake_force_configure': False, 'cmake_target': None, 'cmake_target_skip_unavailable': False, 'install_base': '/home/ros/colcon_ws/install/q2d_bringup', 'merge_install': False, 'path': '/home/ros/colcon_ws/src/q2d/q2d_bringup', 'symlink_install': True, 'test_result_base': None}
[0.465s] Level 5:colcon.colcon_core.verb:set package 'q2d_description' build argument 'cmake_args' from command line to 'None'
[0.465s] Level 5:colcon.colcon_core.verb:set package 'q2d_description' build argument 'cmake_target' from command line to 'None'
[0.465s] Level 5:colcon.colcon_core.verb:set package 'q2d_description' build argument 'cmake_target_skip_unavailable' from command line to 'False'
[0.465s] Level 5:colcon.colcon_core.verb:set package 'q2d_description' build argument 'cmake_clean_cache' from command line to 'False'
[0.465s] Level 5:colcon.colcon_core.verb:set package 'q2d_description' build argument 'cmake_clean_first' from command line to 'False'
[0.465s] Level 5:colcon.colcon_core.verb:set package 'q2d_description' build argument 'cmake_force_configure' from command line to 'False'
[0.465s] Level 5:colcon.colcon_core.verb:set package 'q2d_description' build argument 'ament_cmake_args' from command line to 'None'
[0.466s] Level 5:colcon.colcon_core.verb:set package 'q2d_description' build argument 'catkin_cmake_args' from command line to 'None'
[0.466s] Level 5:colcon.colcon_core.verb:set package 'q2d_description' build argument 'catkin_skip_building_tests' from command line to 'False'
[0.466s] DEBUG:colcon.colcon_core.verb:Building package 'q2d_description' with the following arguments: {'ament_cmake_args': None, 'build_base': '/home/ros/colcon_ws/build/q2d_description', 'catkin_cmake_args': None, 'catkin_skip_building_tests': False, 'cmake_args': None, 'cmake_clean_cache': False, 'cmake_clean_first': False, 'cmake_force_configure': False, 'cmake_target': None, 'cmake_target_skip_unavailable': False, 'install_base': '/home/ros/colcon_ws/install/q2d_description', 'merge_install': False, 'path': '/home/ros/colcon_ws/src/q2d/q2d_description', 'symlink_install': True, 'test_result_base': None}
[0.467s] Level 5:colcon.colcon_core.verb:set package 'q2d_teleop' build argument 'cmake_args' from command line to 'None'
[0.467s] Level 5:colcon.colcon_core.verb:set package 'q2d_teleop' build argument 'cmake_target' from command line to 'None'
[0.467s] Level 5:colcon.colcon_core.verb:set package 'q2d_teleop' build argument 'cmake_target_skip_unavailable' from command line to 'False'
[0.467s] Level 5:colcon.colcon_core.verb:set package 'q2d_teleop' build argument 'cmake_clean_cache' from command line to 'False'
[0.467s] Level 5:colcon.colcon_core.verb:set package 'q2d_teleop' build argument 'cmake_clean_first' from command line to 'False'
[0.467s] Level 5:colcon.colcon_core.verb:set package 'q2d_teleop' build argument 'cmake_force_configure' from command line to 'False'
[0.467s] Level 5:colcon.colcon_core.verb:set package 'q2d_teleop' build argument 'ament_cmake_args' from command line to 'None'
[0.467s] Level 5:colcon.colcon_core.verb:set package 'q2d_teleop' build argument 'catkin_cmake_args' from command line to 'None'
[0.467s] Level 5:colcon.colcon_core.verb:set package 'q2d_teleop' build argument 'catkin_skip_building_tests' from command line to 'False'
[0.467s] DEBUG:colcon.colcon_core.verb:Building package 'q2d_teleop' with the following arguments: {'ament_cmake_args': None, 'build_base': '/home/ros/colcon_ws/build/q2d_teleop', 'catkin_cmake_args': None, 'catkin_skip_building_tests': False, 'cmake_args': None, 'cmake_clean_cache': False, 'cmake_clean_first': False, 'cmake_force_configure': False, 'cmake_target': None, 'cmake_target_skip_unavailable': False, 'install_base': '/home/ros/colcon_ws/install/q2d_teleop', 'merge_install': False, 'path': '/home/ros/colcon_ws/src/q2d/q2d_teleop', 'symlink_install': True, 'test_result_base': None}
[0.468s] Level 5:colcon.colcon_core.verb:set package 'q4d_description' build argument 'cmake_args' from command line to 'None'
[0.468s] Level 5:colcon.colcon_core.verb:set package 'q4d_description' build argument 'cmake_target' from command line to 'None'
[0.468s] Level 5:colcon.colcon_core.verb:set package 'q4d_description' build argument 'cmake_target_skip_unavailable' from command line to 'False'
[0.468s] Level 5:colcon.colcon_core.verb:set package 'q4d_description' build argument 'cmake_clean_cache' from command line to 'False'
[0.468s] Level 5:colcon.colcon_core.verb:set package 'q4d_description' build argument 'cmake_clean_first' from command line to 'False'
[0.468s] Level 5:colcon.colcon_core.verb:set package 'q4d_description' build argument 'cmake_force_configure' from command line to 'False'
[0.468s] Level 5:colcon.colcon_core.verb:set package 'q4d_description' build argument 'ament_cmake_args' from command line to 'None'
[0.468s] Level 5:colcon.colcon_core.verb:set package 'q4d_description' build argument 'catkin_cmake_args' from command line to 'None'
[0.468s] Level 5:colcon.colcon_core.verb:set package 'q4d_description' build argument 'catkin_skip_building_tests' from command line to 'False'
[0.468s] DEBUG:colcon.colcon_core.verb:Building package 'q4d_description' with the following arguments: {'ament_cmake_args': None, 'build_base': '/home/ros/colcon_ws/build/q4d_description', 'catkin_cmake_args': None, 'catkin_skip_building_tests': False, 'cmake_args': None, 'cmake_clean_cache': False, 'cmake_clean_first': False, 'cmake_force_configure': False, 'cmake_target': None, 'cmake_target_skip_unavailable': False, 'install_base': '/home/ros/colcon_ws/install/q4d_description', 'merge_install': False, 'path': '/home/ros/colcon_ws/src/q4d_description', 'symlink_install': True, 'test_result_base': None}
[0.469s] INFO:colcon.colcon_core.executor:Executing jobs using 'parallel' executor
[0.472s] DEBUG:colcon.colcon_parallel_executor.executor.parallel:run_until_complete
[0.473s] INFO:colcon.colcon_ros.task.ament_cmake.build:Building ROS package in '/home/ros/colcon_ws/src/eng10026_lab2' with build type 'ament_cmake'
[0.473s] INFO:colcon.colcon_cmake.task.cmake.build:Building CMake package in '/home/ros/colcon_ws/src/eng10026_lab2'
[0.477s] INFO:colcon.colcon_core.plugin_system:Skipping extension 'colcon_core.shell.bat': Not used on non-Windows systems
[0.478s] INFO:colcon.colcon_core.shell:Skip shell extension 'powershell' for command environment: Not usable outside of PowerShell
[0.478s] DEBUG:colcon.colcon_core.shell:Skip shell extension 'dsv' for command environment
[0.482s] INFO:colcon.colcon_ros.task.ament_cmake.build:Building ROS package in '/home/ros/colcon_ws/src/eng10026_publisher' with build type 'ament_cmake'
[0.482s] INFO:colcon.colcon_cmake.task.cmake.build:Building CMake package in '/home/ros/colcon_ws/src/eng10026_publisher'
[0.484s] INFO:colcon.colcon_core.shell:Skip shell extension 'powershell' for command environment: Not usable outside of PowerShell
[0.484s] DEBUG:colcon.colcon_core.shell:Skip shell extension 'dsv' for command environment
[0.494s] INFO:colcon.colcon_ros.task.ament_cmake.build:Building ROS package in '/home/ros/colcon_ws/src/eng10026_subscriber' with build type 'ament_cmake'
[0.494s] INFO:colcon.colcon_cmake.task.cmake.build:Building CMake package in '/home/ros/colcon_ws/src/eng10026_subscriber'
[0.496s] INFO:colcon.colcon_core.shell:Skip shell extension 'powershell' for command environment: Not usable outside of PowerShell
[0.496s] DEBUG:colcon.colcon_core.shell:Skip shell extension 'dsv' for command environment
[0.505s] DEBUG:colcon.colcon_core.event_handler.log_command:Invoking command in '/home/ros/colcon_ws/build/eng10026_lab2': CMAKE_PREFIX_PATH=${CMAKE_PREFIX_PATH}:/opt/ros/humble /usr/bin/cmake --build /home/ros/colcon_ws/build/eng10026_lab2 -- -j3 -l3
[0.515s] DEBUG:colcon.colcon_core.event_handler.log_command:Invoking command in '/home/ros/colcon_ws/build/eng10026_publisher': CMAKE_PREFIX_PATH=${CMAKE_PREFIX_PATH}:/opt/ros/humble /usr/bin/cmake --build /home/ros/colcon_ws/build/eng10026_publisher -- -j3 -l3
[0.518s] DEBUG:colcon.colcon_core.event_handler.log_command:Invoking command in '/home/ros/colcon_ws/build/eng10026_subscriber': CMAKE_PREFIX_PATH=${CMAKE_PREFIX_PATH}:/opt/ros/humble /usr/bin/cmake --build /home/ros/colcon_ws/build/eng10026_subscriber -- -j3 -l3
[0.551s] DEBUG:colcon.colcon_core.event_handler.log_command:Invoked command in '/home/ros/colcon_ws/build/eng10026_lab2' returned '0': CMAKE_PREFIX_PATH=${CMAKE_PREFIX_PATH}:/opt/ros/humble /usr/bin/cmake --build /home/ros/colcon_ws/build/eng10026_lab2 -- -j3 -l3
[0.558s] DEBUG:colcon.colcon_core.event_handler.log_command:Invoked command in '/home/ros/colcon_ws/build/eng10026_subscriber' returned '0': CMAKE_PREFIX_PATH=${CMAKE_PREFIX_PATH}:/opt/ros/humble /usr/bin/cmake --build /home/ros/colcon_ws/build/eng10026_subscriber -- -j3 -l3
[0.559s] DEBUG:colcon.colcon_core.event_handler.log_command:Invoked command in '/home/ros/colcon_ws/build/eng10026_publisher' returned '0': CMAKE_PREFIX_PATH=${CMAKE_PREFIX_PATH}:/opt/ros/humble /usr/bin/cmake --build /home/ros/colcon_ws/build/eng10026_publisher -- -j3 -l3
[0.580s] DEBUG:colcon.colcon_core.event_handler.log_command:Invoking command in '/home/ros/colcon_ws/build/eng10026_subscriber': CMAKE_PREFIX_PATH=${CMAKE_PREFIX_PATH}:/opt/ros/humble /usr/bin/cmake --install /home/ros/colcon_ws/build/eng10026_subscriber
[0.582s] DEBUG:colcon.colcon_core.event_handler.log_command:Invoking command in '/home/ros/colcon_ws/build/eng10026_lab2': CMAKE_PREFIX_PATH=${CMAKE_PREFIX_PATH}:/opt/ros/humble /usr/bin/cmake --install /home/ros/colcon_ws/build/eng10026_lab2
[0.598s] DEBUG:colcon.colcon_core.event_handler.log_command:Invoking command in '/home/ros/colcon_ws/build/eng10026_publisher': CMAKE_PREFIX_PATH=${CMAKE_PREFIX_PATH}:/opt/ros/humble /usr/bin/cmake --install /home/ros/colcon_ws/build/eng10026_publisher
[0.599s] Level 1:colcon.colcon_core.environment:create_environment_scripts_only(eng10026_subscriber)
[0.602s] DEBUG:colcon.colcon_core.event_handler.log_command:Invoked command in '/home/ros/colcon_ws/build/eng10026_subscriber' returned '0': CMAKE_PREFIX_PATH=${CMAKE_PREFIX_PATH}:/opt/ros/humble /usr/bin/cmake --install /home/ros/colcon_ws/build/eng10026_subscriber
[0.604s] Level 1:colcon.colcon_core.environment:checking '/home/ros/colcon_ws/install/eng10026_subscriber' for CMake module files
[0.604s] Level 1:colcon.colcon_core.environment:checking '/home/ros/colcon_ws/install/eng10026_subscriber' for CMake config files
[0.605s] Level 1:colcon.colcon_core.shell:create_environment_hook('eng10026_subscriber', 'cmake_prefix_path')
[0.606s] INFO:colcon.colcon_core.shell:Creating environment hook '/home/ros/colcon_ws/install/eng10026_subscriber/share/eng10026_subscriber/hook/cmake_prefix_path.ps1'
[0.608s] INFO:colcon.colcon_core.shell:Creating environment descriptor '/home/ros/colcon_ws/install/eng10026_subscriber/share/eng10026_subscriber/hook/cmake_prefix_path.dsv'
[0.608s] INFO:colcon.colcon_core.shell:Creating environment hook '/home/ros/colcon_ws/install/eng10026_subscriber/share/eng10026_subscriber/hook/cmake_prefix_path.sh'
[0.609s] Level 1:colcon.colcon_core.environment:checking '/home/ros/colcon_ws/install/eng10026_subscriber/lib'
[0.610s] Level 1:colcon.colcon_core.environment:checking '/home/ros/colcon_ws/install/eng10026_subscriber/bin'
[0.610s] Level 1:colcon.colcon_core.environment:checking '/home/ros/colcon_ws/install/eng10026_subscriber/lib/pkgconfig/eng10026_subscriber.pc'
[0.610s] Level 1:colcon.colcon_core.environment:checking '/home/ros/colcon_ws/install/eng10026_subscriber/lib/python3.10/site-packages'
[0.610s] Level 1:colcon.colcon_core.environment:checking '/home/ros/colcon_ws/install/eng10026_subscriber/bin'
[0.612s] INFO:colcon.colcon_core.shell:Creating package script '/home/ros/colcon_ws/install/eng10026_subscriber/share/eng10026_subscriber/package.ps1'
[0.613s] INFO:colcon.colcon_core.shell:Creating package descriptor '/home/ros/colcon_ws/install/eng10026_subscriber/share/eng10026_subscriber/package.dsv'
[0.613s] INFO:colcon.colcon_core.shell:Creating package script '/home/ros/colcon_ws/install/eng10026_subscriber/share/eng10026_subscriber/package.sh'
[0.614s] INFO:colcon.colcon_core.shell:Creating package script '/home/ros/colcon_ws/install/eng10026_subscriber/share/eng10026_subscriber/package.bash'
[0.615s] INFO:colcon.colcon_core.shell:Creating package script '/home/ros/colcon_ws/install/eng10026_subscriber/share/eng10026_subscriber/package.zsh'
[0.616s] Level 1:colcon.colcon_core.environment:create_file_with_runtime_dependencies(/home/ros/colcon_ws/install/eng10026_subscriber/share/colcon-core/packages/eng10026_subscriber)
[0.618s] Level 1:colcon.colcon_core.environment:create_environment_scripts_only(eng10026_lab2)
[0.620s] Level 1:colcon.colcon_core.environment:checking '/home/ros/colcon_ws/install/eng10026_lab2' for CMake module files
[0.620s] DEBUG:colcon.colcon_core.event_handler.log_command:Invoked command in '/home/ros/colcon_ws/build/eng10026_lab2' returned '0': CMAKE_PREFIX_PATH=${CMAKE_PREFIX_PATH}:/opt/ros/humble /usr/bin/cmake --install /home/ros/colcon_ws/build/eng10026_lab2
[0.621s] Level 1:colcon.colcon_core.environment:checking '/home/ros/colcon_ws/install/eng10026_lab2' for CMake config files
[0.621s] Level 1:colcon.colcon_core.shell:create_environment_hook('eng10026_lab2', 'cmake_prefix_path')
[0.622s] INFO:colcon.colcon_core.shell:Creating environment hook '/home/ros/colcon_ws/install/eng10026_lab2/share/eng10026_lab2/hook/cmake_prefix_path.ps1'
[0.623s] INFO:colcon.colcon_core.shell:Creating environment descriptor '/home/ros/colcon_ws/install/eng10026_lab2/share/eng10026_lab2/hook/cmake_prefix_path.dsv'
[0.623s] INFO:colcon.colcon_core.shell:Creating environment hook '/home/ros/colcon_ws/install/eng10026_lab2/share/eng10026_lab2/hook/cmake_prefix_path.sh'
[0.623s] Level 1:colcon.colcon_core.environment:checking '/home/ros/colcon_ws/install/eng10026_lab2/lib'
[0.623s] Level 1:colcon.colcon_core.environment:checking '/home/ros/colcon_ws/install/eng10026_lab2/bin'
[0.623s] Level 1:colcon.colcon_core.environment:checking '/home/ros/colcon_ws/install/eng10026_lab2/lib/pkgconfig/eng10026_lab2.pc'
[0.624s] Level 1:colcon.colcon_core.environment:checking '/home/ros/colcon_ws/install/eng10026_lab2/lib/python3.10/site-packages'
[0.624s] Level 1:colcon.colcon_core.environment:checking '/home/ros/colcon_ws/install/eng10026_lab2/bin'
[0.626s] INFO:colcon.colcon_core.shell:Creating package script '/home/ros/colcon_ws/install/eng10026_lab2/share/eng10026_lab2/package.ps1'
[0.626s] INFO:colcon.colcon_core.shell:Creating package descriptor '/home/ros/colcon_ws/install/eng10026_lab2/share/eng10026_lab2/package.dsv'
[0.626s] INFO:colcon.colcon_core.shell:Creating package script '/home/ros/colcon_ws/install/eng10026_lab2/share/eng10026_lab2/package.sh'
[0.627s] INFO:colcon.colcon_core.shell:Creating package script '/home/ros/colcon_ws/install/eng10026_lab2/share/eng10026_lab2/package.bash'
[0.627s] INFO:colcon.colcon_core.shell:Creating package script '/home/ros/colcon_ws/install/eng10026_lab2/share/eng10026_lab2/package.zsh'
[0.627s] Level 1:colcon.colcon_core.environment:create_file_with_runtime_dependencies(/home/ros/colcon_ws/install/eng10026_lab2/share/colcon-core/packages/eng10026_lab2)
[0.628s] Level 1:colcon.colcon_core.environment:create_environment_scripts_only(eng10026_publisher)
[0.628s] DEBUG:colcon.colcon_core.event_handler.log_command:Invoked command in '/home/ros/colcon_ws/build/eng10026_publisher' returned '0': CMAKE_PREFIX_PATH=${CMAKE_PREFIX_PATH}:/opt/ros/humble /usr/bin/cmake --install /home/ros/colcon_ws/build/eng10026_publisher
[0.630s] Level 1:colcon.colcon_core.environment:checking '/home/ros/colcon_ws/install/eng10026_publisher' for CMake module files
[0.631s] Level 1:colcon.colcon_core.environment:checking '/home/ros/colcon_ws/install/eng10026_publisher' for CMake config files
[0.631s] Level 1:colcon.colcon_core.shell:create_environment_hook('eng10026_publisher', 'cmake_prefix_path')
[0.632s] INFO:colcon.colcon_core.shell:Creating environment hook '/home/ros/colcon_ws/install/eng10026_publisher/share/eng10026_publisher/hook/cmake_prefix_path.ps1'
[0.633s] INFO:colcon.colcon_core.shell:Creating environment descriptor '/home/ros/colcon_ws/install/eng10026_publisher/share/eng10026_publisher/hook/cmake_prefix_path.dsv'
[0.633s] INFO:colcon.colcon_core.shell:Creating environment hook '/home/ros/colcon_ws/install/eng10026_publisher/share/eng10026_publisher/hook/cmake_prefix_path.sh'
[0.634s] Level 1:colcon.colcon_core.environment:checking '/home/ros/colcon_ws/install/eng10026_publisher/lib'
[0.634s] Level 1:colcon.colcon_core.environment:checking '/home/ros/colcon_ws/install/eng10026_publisher/bin'
[0.634s] Level 1:colcon.colcon_core.environment:checking '/home/ros/colcon_ws/install/eng10026_publisher/lib/pkgconfig/eng10026_publisher.pc'
[0.634s] Level 1:colcon.colcon_core.environment:checking '/home/ros/colcon_ws/install/eng10026_publisher/lib/python3.10/site-packages'
[0.634s] Level 1:colcon.colcon_core.environment:checking '/home/ros/colcon_ws/install/eng10026_publisher/bin'
[0.636s] INFO:colcon.colcon_core.shell:Creating package script '/home/ros/colcon_ws/install/eng10026_publisher/share/eng10026_publisher/package.ps1'
[0.636s] INFO:colcon.colcon_core.shell:Creating package descriptor '/home/ros/colcon_ws/install/eng10026_publisher/share/eng10026_publisher/package.dsv'
[0.636s] INFO:colcon.colcon_core.shell:Creating package script '/home/ros/colcon_ws/install/eng10026_publisher/share/eng10026_publisher/package.sh'
[0.637s] INFO:colcon.colcon_core.shell:Creating package script '/home/ros/colcon_ws/install/eng10026_publisher/share/eng10026_publisher/package.bash'
[0.637s] INFO:colcon.colcon_core.shell:Creating package script '/home/ros/colcon_ws/install/eng10026_publisher/share/eng10026_publisher/package.zsh'
[0.637s] Level 1:colcon.colcon_core.environment:create_file_with_runtime_dependencies(/home/ros/colcon_ws/install/eng10026_publisher/share/colcon-core/packages/eng10026_publisher)
[0.639s] Level 1:colcon.colcon_core.environment:create_environment_scripts_only(eng10026_subscriber)
[0.640s] Level 1:colcon.colcon_core.environment:checking '/home/ros/colcon_ws/install/eng10026_subscriber' for CMake module files
[0.640s] Level 1:colcon.colcon_core.environment:checking '/home/ros/colcon_ws/install/eng10026_subscriber' for CMake config files
[0.641s] Level 1:colcon.colcon_core.shell:create_environment_hook('eng10026_subscriber', 'cmake_prefix_path')
[0.641s] INFO:colcon.colcon_core.shell:Creating environment hook '/home/ros/colcon_ws/install/eng10026_subscriber/share/eng10026_subscriber/hook/cmake_prefix_path.ps1'
[0.642s] INFO:colcon.colcon_core.shell:Creating environment descriptor '/home/ros/colcon_ws/install/eng10026_subscriber/share/eng10026_subscriber/hook/cmake_prefix_path.dsv'
[0.642s] INFO:colcon.colcon_core.shell:Creating environment hook '/home/ros/colcon_ws/install/eng10026_subscriber/share/eng10026_subscriber/hook/cmake_prefix_path.sh'
[0.642s] Level 1:colcon.colcon_core.environment:checking '/home/ros/colcon_ws/install/eng10026_subscriber/lib'
[0.643s] Level 1:colcon.colcon_core.environment:checking '/home/ros/colcon_ws/install/eng10026_subscriber/bin'
[0.643s] Level 1:colcon.colcon_core.environment:checking '/home/ros/colcon_ws/install/eng10026_subscriber/lib/pkgconfig/eng10026_subscriber.pc'
[0.643s] Level 1:colcon.colcon_core.environment:checking '/home/ros/colcon_ws/install/eng10026_subscriber/lib/python3.10/site-packages'
[0.643s] Level 1:colcon.colcon_core.environment:checking '/home/ros/colcon_ws/install/eng10026_subscriber/bin'
[0.644s] INFO:colcon.colcon_core.shell:Creating package script '/home/ros/colcon_ws/install/eng10026_subscriber/share/eng10026_subscriber/package.ps1'
[0.645s] INFO:colcon.colcon_core.shell:Creating package descriptor '/home/ros/colcon_ws/install/eng10026_subscriber/share/eng10026_subscriber/package.dsv'
[0.645s] INFO:colcon.colcon_core.shell:Creating package script '/home/ros/colcon_ws/install/eng10026_subscriber/share/eng10026_subscriber/package.sh'
[0.645s] INFO:colcon.colcon_core.shell:Creating package script '/home/ros/colcon_ws/install/eng10026_subscriber/share/eng10026_subscriber/package.bash'
[0.646s] INFO:colcon.colcon_core.shell:Creating package script '/home/ros/colcon_ws/install/eng10026_subscriber/share/eng10026_subscriber/package.zsh'
[0.646s] Level 1:colcon.colcon_core.environment:create_file_with_runtime_dependencies(/home/ros/colcon_ws/install/eng10026_subscriber/share/colcon-core/packages/eng10026_subscriber)
[0.647s] INFO:colcon.colcon_ros.task.ament_cmake.build:Building ROS package in '/home/ros/colcon_ws/src/q2d/q2d_bringup' with build type 'ament_cmake'
[0.647s] INFO:colcon.colcon_cmake.task.cmake.build:Building CMake package in '/home/ros/colcon_ws/src/q2d/q2d_bringup'
[0.648s] INFO:colcon.colcon_core.shell:Skip shell extension 'powershell' for command environment: Not usable outside of PowerShell
[0.648s] DEBUG:colcon.colcon_core.shell:Skip shell extension 'dsv' for command environment
[0.654s] Level 1:colcon.colcon_core.environment:create_environment_scripts_only(eng10026_lab2)
[0.656s] Level 1:colcon.colcon_core.environment:checking '/home/ros/colcon_ws/install/eng10026_lab2' for CMake module files
[0.656s] Level 1:colcon.colcon_core.environment:checking '/home/ros/colcon_ws/install/eng10026_lab2' for CMake config files
[0.656s] Level 1:colcon.colcon_core.shell:create_environment_hook('eng10026_lab2', 'cmake_prefix_path')
[0.657s] INFO:colcon.colcon_core.shell:Creating environment hook '/home/ros/colcon_ws/install/eng10026_lab2/share/eng10026_lab2/hook/cmake_prefix_path.ps1'
[0.657s] INFO:colcon.colcon_core.shell:Creating environment descriptor '/home/ros/colcon_ws/install/eng10026_lab2/share/eng10026_lab2/hook/cmake_prefix_path.dsv'
[0.657s] INFO:colcon.colcon_core.shell:Creating environment hook '/home/ros/colcon_ws/install/eng10026_lab2/share/eng10026_lab2/hook/cmake_prefix_path.sh'
[0.658s] Level 1:colcon.colcon_core.environment:checking '/home/ros/colcon_ws/install/eng10026_lab2/lib'
[0.658s] Level 1:colcon.colcon_core.environment:checking '/home/ros/colcon_ws/install/eng10026_lab2/bin'
[0.658s] Level 1:colcon.colcon_core.environment:checking '/home/ros/colcon_ws/install/eng10026_lab2/lib/pkgconfig/eng10026_lab2.pc'
[0.658s] Level 1:colcon.colcon_core.environment:checking '/home/ros/colcon_ws/install/eng10026_lab2/lib/python3.10/site-packages'
[0.658s] Level 1:colcon.colcon_core.environment:checking '/home/ros/colcon_ws/install/eng10026_lab2/bin'
[0.660s] INFO:colcon.colcon_core.shell:Creating package script '/home/ros/colcon_ws/install/eng10026_lab2/share/eng10026_lab2/package.ps1'
[0.660s] INFO:colcon.colcon_core.shell:Creating package descriptor '/home/ros/colcon_ws/install/eng10026_lab2/share/eng10026_lab2/package.dsv'
[0.660s] INFO:colcon.colcon_core.shell:Creating package script '/home/ros/colcon_ws/install/eng10026_lab2/share/eng10026_lab2/package.sh'
[0.661s] INFO:colcon.colcon_core.shell:Creating package script '/home/ros/colcon_ws/install/eng10026_lab2/share/eng10026_lab2/package.bash'
[0.661s] INFO:colcon.colcon_core.shell:Creating package script '/home/ros/colcon_ws/install/eng10026_lab2/share/eng10026_lab2/package.zsh'
[0.661s] Level 1:colcon.colcon_core.environment:create_file_with_runtime_dependencies(/home/ros/colcon_ws/install/eng10026_lab2/share/colcon-core/packages/eng10026_lab2)
[0.664s] Level 1:colcon.colcon_core.environment:create_environment_scripts_only(eng10026_publisher)
[0.666s] Level 1:colcon.colcon_core.environment:checking '/home/ros/colcon_ws/install/eng10026_publisher' for CMake module files
[0.666s] Level 1:colcon.colcon_core.environment:checking '/home/ros/colcon_ws/install/eng10026_publisher' for CMake config files
[0.666s] Level 1:colcon.colcon_core.shell:create_environment_hook('eng10026_publisher', 'cmake_prefix_path')
[0.668s] INFO:colcon.colcon_core.shell:Creating environment hook '/home/ros/colcon_ws/install/eng10026_publisher/share/eng10026_publisher/hook/cmake_prefix_path.ps1'
[0.668s] INFO:colcon.colcon_core.shell:Creating environment descriptor '/home/ros/colcon_ws/install/eng10026_publisher/share/eng10026_publisher/hook/cmake_prefix_path.dsv'
[0.668s] INFO:colcon.colcon_core.shell:Creating environment hook '/home/ros/colcon_ws/install/eng10026_publisher/share/eng10026_publisher/hook/cmake_prefix_path.sh'
[0.669s] Level 1:colcon.colcon_core.environment:checking '/home/ros/colcon_ws/install/eng10026_publisher/lib'
[0.669s] Level 1:colcon.colcon_core.environment:checking '/home/ros/colcon_ws/install/eng10026_publisher/bin'
[0.669s] Level 1:colcon.colcon_core.environment:checking '/home/ros/colcon_ws/install/eng10026_publisher/lib/pkgconfig/eng10026_publisher.pc'
[0.669s] Level 1:colcon.colcon_core.environment:checking '/home/ros/colcon_ws/install/eng10026_publisher/lib/python3.10/site-packages'
[0.670s] Level 1:colcon.colcon_core.environment:checking '/home/ros/colcon_ws/install/eng10026_publisher/bin'
[0.671s] INFO:colcon.colcon_core.shell:Creating package script '/home/ros/colcon_ws/install/eng10026_publisher/share/eng10026_publisher/package.ps1'
[0.671s] INFO:colcon.colcon_core.shell:Creating package descriptor '/home/ros/colcon_ws/install/eng10026_publisher/share/eng10026_publisher/package.dsv'
[0.672s] INFO:colcon.colcon_core.shell:Creating package script '/home/ros/colcon_ws/install/eng10026_publisher/share/eng10026_publisher/package.sh'
[0.672s] INFO:colcon.colcon_core.shell:Creating package script '/home/ros/colcon_ws/install/eng10026_publisher/share/eng10026_publisher/package.bash'
[0.672s] INFO:colcon.colcon_core.shell:Creating package script '/home/ros/colcon_ws/install/eng10026_publisher/share/eng10026_publisher/package.zsh'
[0.673s] Level 1:colcon.colcon_core.environment:create_file_with_runtime_dependencies(/home/ros/colcon_ws/install/eng10026_publisher/share/colcon-core/packages/eng10026_publisher)
[0.673s] INFO:colcon.colcon_ros.task.ament_cmake.build:Building ROS package in '/home/ros/colcon_ws/src/q2d/q2d_description' with build type 'ament_cmake'
[0.673s] INFO:colcon.colcon_cmake.task.cmake.build:Building CMake package in '/home/ros/colcon_ws/src/q2d/q2d_description'
[0.674s] INFO:colcon.colcon_core.shell:Skip shell extension 'powershell' for command environment: Not usable outside of PowerShell
[0.674s] DEBUG:colcon.colcon_core.shell:Skip shell extension 'dsv' for command environment
[0.679s] INFO:colcon.colcon_ros.task.ament_cmake.build:Building ROS package in '/home/ros/colcon_ws/src/q2d/q2d_teleop' with build type 'ament_cmake'
[0.680s] INFO:colcon.colcon_cmake.task.cmake.build:Building CMake package in '/home/ros/colcon_ws/src/q2d/q2d_teleop'
[0.681s] INFO:colcon.colcon_core.shell:Skip shell extension 'powershell' for command environment: Not usable outside of PowerShell
[0.681s] DEBUG:colcon.colcon_core.shell:Skip shell extension 'dsv' for command environment
[0.688s] DEBUG:colcon.colcon_core.event_handler.log_command:Invoking command in '/home/ros/colcon_ws/build/q2d_bringup': CMAKE_PREFIX_PATH=${CMAKE_PREFIX_PATH}:/opt/ros/humble /usr/bin/cmake --build /home/ros/colcon_ws/build/q2d_bringup -- -j3 -l3
[0.690s] DEBUG:colcon.colcon_core.event_handler.log_command:Invoking command in '/home/ros/colcon_ws/build/q2d_description': CMAKE_PREFIX_PATH=${CMAKE_PREFIX_PATH}:/opt/ros/humble /usr/bin/cmake --build /home/ros/colcon_ws/build/q2d_description -- -j3 -l3
[0.695s] DEBUG:colcon.colcon_core.event_handler.log_command:Invoking command in '/home/ros/colcon_ws/build/q2d_teleop': CMAKE_PREFIX_PATH=${CMAKE_PREFIX_PATH}:/opt/ros/humble /usr/bin/cmake --build /home/ros/colcon_ws/build/q2d_teleop -- -j3 -l3
[0.718s] DEBUG:colcon.colcon_core.event_handler.log_command:Invoked command in '/home/ros/colcon_ws/build/q2d_bringup' returned '0': CMAKE_PREFIX_PATH=${CMAKE_PREFIX_PATH}:/opt/ros/humble /usr/bin/cmake --build /home/ros/colcon_ws/build/q2d_bringup -- -j3 -l3
[0.722s] DEBUG:colcon.colcon_core.event_handler.log_command:Invoked command in '/home/ros/colcon_ws/build/q2d_description' returned '0': CMAKE_PREFIX_PATH=${CMAKE_PREFIX_PATH}:/opt/ros/humble /usr/bin/cmake --build /home/ros/colcon_ws/build/q2d_description -- -j3 -l3
[0.733s] DEBUG:colcon.colcon_core.event_handler.log_command:Invoking command in '/home/ros/colcon_ws/build/q2d_bringup': CMAKE_PREFIX_PATH=${CMAKE_PREFIX_PATH}:/opt/ros/humble /usr/bin/cmake --install /home/ros/colcon_ws/build/q2d_bringup
[0.747s] DEBUG:colcon.colcon_core.event_handler.log_command:Invoking command in '/home/ros/colcon_ws/build/q2d_description': CMAKE_PREFIX_PATH=${CMAKE_PREFIX_PATH}:/opt/ros/humble /usr/bin/cmake --install /home/ros/colcon_ws/build/q2d_description
[0.749s] Level 1:colcon.colcon_core.environment:create_environment_scripts_only(q2d_bringup)
[0.752s] Level 1:colcon.colcon_core.environment:checking '/home/ros/colcon_ws/install/q2d_bringup' for CMake module files
[0.752s] DEBUG:colcon.colcon_core.event_handler.log_command:Invoked command in '/home/ros/colcon_ws/build/q2d_bringup' returned '0': CMAKE_PREFIX_PATH=${CMAKE_PREFIX_PATH}:/opt/ros/humble /usr/bin/cmake --install /home/ros/colcon_ws/build/q2d_bringup
[0.753s] Level 1:colcon.colcon_core.environment:checking '/home/ros/colcon_ws/install/q2d_bringup' for CMake config files
[0.753s] Level 1:colcon.colcon_core.shell:create_environment_hook('q2d_bringup', 'cmake_prefix_path')
[0.755s] INFO:colcon.colcon_core.shell:Creating environment hook '/home/ros/colcon_ws/install/q2d_bringup/share/q2d_bringup/hook/cmake_prefix_path.ps1'
[0.759s] INFO:colcon.colcon_core.shell:Creating environment descriptor '/home/ros/colcon_ws/install/q2d_bringup/share/q2d_bringup/hook/cmake_prefix_path.dsv'
[0.759s] INFO:colcon.colcon_core.shell:Creating environment hook '/home/ros/colcon_ws/install/q2d_bringup/share/q2d_bringup/hook/cmake_prefix_path.sh'
[0.760s] Level 1:colcon.colcon_core.environment:checking '/home/ros/colcon_ws/install/q2d_bringup/lib'
[0.760s] Level 1:colcon.colcon_core.environment:checking '/home/ros/colcon_ws/install/q2d_bringup/bin'
[0.760s] Level 1:colcon.colcon_core.environment:checking '/home/ros/colcon_ws/install/q2d_bringup/lib/pkgconfig/q2d_bringup.pc'
[0.760s] Level 1:colcon.colcon_core.environment:checking '/home/ros/colcon_ws/install/q2d_bringup/lib/python3.10/site-packages'
[0.760s] Level 1:colcon.colcon_core.environment:checking '/home/ros/colcon_ws/install/q2d_bringup/bin'
[0.762s] INFO:colcon.colcon_core.shell:Creating package script '/home/ros/colcon_ws/install/q2d_bringup/share/q2d_bringup/package.ps1'
[0.762s] INFO:colcon.colcon_core.shell:Creating package descriptor '/home/ros/colcon_ws/install/q2d_bringup/share/q2d_bringup/package.dsv'
[0.763s] INFO:colcon.colcon_core.shell:Creating package script '/home/ros/colcon_ws/install/q2d_bringup/share/q2d_bringup/package.sh'
[0.763s] INFO:colcon.colcon_core.shell:Creating package script '/home/ros/colcon_ws/install/q2d_bringup/share/q2d_bringup/package.bash'
[0.764s] INFO:colcon.colcon_core.shell:Creating package script '/home/ros/colcon_ws/install/q2d_bringup/share/q2d_bringup/package.zsh'
[0.764s] Level 1:colcon.colcon_core.environment:create_file_with_runtime_dependencies(/home/ros/colcon_ws/install/q2d_bringup/share/colcon-core/packages/q2d_bringup)
[0.767s] DEBUG:colcon.colcon_core.event_handler.log_command:Invoked command in '/home/ros/colcon_ws/build/q2d_teleop' returned '0': CMAKE_PREFIX_PATH=${CMAKE_PREFIX_PATH}:/opt/ros/humble /usr/bin/cmake --build /home/ros/colcon_ws/build/q2d_teleop -- -j3 -l3
[0.767s] Level 1:colcon.colcon_core.environment:create_environment_scripts_only(q2d_description)
[0.769s] Level 1:colcon.colcon_core.environment:checking '/home/ros/colcon_ws/install/q2d_description' for CMake module files
[0.769s] Level 1:colcon.colcon_core.environment:checking '/home/ros/colcon_ws/install/q2d_description' for CMake config files
[0.769s] Level 1:colcon.colcon_core.shell:create_environment_hook('q2d_description', 'cmake_prefix_path')
[0.770s] INFO:colcon.colcon_core.shell:Creating environment hook '/home/ros/colcon_ws/install/q2d_description/share/q2d_description/hook/cmake_prefix_path.ps1'
[0.771s] DEBUG:colcon.colcon_core.event_handler.log_command:Invoked command in '/home/ros/colcon_ws/build/q2d_description' returned '0': CMAKE_PREFIX_PATH=${CMAKE_PREFIX_PATH}:/opt/ros/humble /usr/bin/cmake --install /home/ros/colcon_ws/build/q2d_description
[0.771s] INFO:colcon.colcon_core.shell:Creating environment descriptor '/home/ros/colcon_ws/install/q2d_description/share/q2d_description/hook/cmake_prefix_path.dsv'
[0.771s] INFO:colcon.colcon_core.shell:Creating environment hook '/home/ros/colcon_ws/install/q2d_description/share/q2d_description/hook/cmake_prefix_path.sh'
[0.772s] Level 1:colcon.colcon_core.environment:checking '/home/ros/colcon_ws/install/q2d_description/bin'
[0.772s] Level 1:colcon.colcon_core.environment:checking '/home/ros/colcon_ws/install/q2d_description/lib/pkgconfig/q2d_description.pc'
[0.772s] Level 1:colcon.colcon_core.environment:checking '/home/ros/colcon_ws/install/q2d_description/lib/python3.10/site-packages'
[0.772s] Level 1:colcon.colcon_core.environment:checking '/home/ros/colcon_ws/install/q2d_description/bin'
[0.774s] INFO:colcon.colcon_core.shell:Creating package script '/home/ros/colcon_ws/install/q2d_description/share/q2d_description/package.ps1'
[0.774s] INFO:colcon.colcon_core.shell:Creating package descriptor '/home/ros/colcon_ws/install/q2d_description/share/q2d_description/package.dsv'
[0.774s] INFO:colcon.colcon_core.shell:Creating package script '/home/ros/colcon_ws/install/q2d_description/share/q2d_description/package.sh'
[0.775s] INFO:colcon.colcon_core.shell:Creating package script '/home/ros/colcon_ws/install/q2d_description/share/q2d_description/package.bash'
[0.775s] INFO:colcon.colcon_core.shell:Creating package script '/home/ros/colcon_ws/install/q2d_description/share/q2d_description/package.zsh'
[0.775s] Level 1:colcon.colcon_core.environment:create_file_with_runtime_dependencies(/home/ros/colcon_ws/install/q2d_description/share/colcon-core/packages/q2d_description)
[0.778s] Level 1:colcon.colcon_core.environment:create_environment_scripts_only(q2d_bringup)
[0.780s] Level 1:colcon.colcon_core.environment:checking '/home/ros/colcon_ws/install/q2d_bringup' for CMake module files
[0.781s] Level 1:colcon.colcon_core.environment:checking '/home/ros/colcon_ws/install/q2d_bringup' for CMake config files
[0.781s] Level 1:colcon.colcon_core.shell:create_environment_hook('q2d_bringup', 'cmake_prefix_path')
[0.782s] INFO:colcon.colcon_core.shell:Creating environment hook '/home/ros/colcon_ws/install/q2d_bringup/share/q2d_bringup/hook/cmake_prefix_path.ps1'
[0.783s] INFO:colcon.colcon_core.shell:Creating environment descriptor '/home/ros/colcon_ws/install/q2d_bringup/share/q2d_bringup/hook/cmake_prefix_path.dsv'
[0.783s] INFO:colcon.colcon_core.shell:Creating environment hook '/home/ros/colcon_ws/install/q2d_bringup/share/q2d_bringup/hook/cmake_prefix_path.sh'
[0.784s] Level 1:colcon.colcon_core.environment:checking '/home/ros/colcon_ws/install/q2d_bringup/lib'
[0.784s] Level 1:colcon.colcon_core.environment:checking '/home/ros/colcon_ws/install/q2d_bringup/bin'
[0.784s] Level 1:colcon.colcon_core.environment:checking '/home/ros/colcon_ws/install/q2d_bringup/lib/pkgconfig/q2d_bringup.pc'
[0.784s] Level 1:colcon.colcon_core.environment:checking '/home/ros/colcon_ws/install/q2d_bringup/lib/python3.10/site-packages'
[0.784s] Level 1:colcon.colcon_core.environment:checking '/home/ros/colcon_ws/install/q2d_bringup/bin'
[0.786s] INFO:colcon.colcon_core.shell:Creating package script '/home/ros/colcon_ws/install/q2d_bringup/share/q2d_bringup/package.ps1'
[0.786s] INFO:colcon.colcon_core.shell:Creating package descriptor '/home/ros/colcon_ws/install/q2d_bringup/share/q2d_bringup/package.dsv'
[0.786s] INFO:colcon.colcon_core.shell:Creating package script '/home/ros/colcon_ws/install/q2d_bringup/share/q2d_bringup/package.sh'
[0.787s] INFO:colcon.colcon_core.shell:Creating package script '/home/ros/colcon_ws/install/q2d_bringup/share/q2d_bringup/package.bash'
[0.787s] INFO:colcon.colcon_core.shell:Creating package script '/home/ros/colcon_ws/install/q2d_bringup/share/q2d_bringup/package.zsh'
[0.788s] Level 1:colcon.colcon_core.environment:create_file_with_runtime_dependencies(/home/ros/colcon_ws/install/q2d_bringup/share/colcon-core/packages/q2d_bringup)
[0.789s] INFO:colcon.colcon_ros.task.ament_cmake.build:Building ROS package in '/home/ros/colcon_ws/src/q4d_description' with build type 'ament_cmake'
[0.789s] INFO:colcon.colcon_cmake.task.cmake.build:Building CMake package in '/home/ros/colcon_ws/src/q4d_description'
[0.790s] INFO:colcon.colcon_core.shell:Skip shell extension 'powershell' for command environment: Not usable outside of PowerShell
[0.790s] DEBUG:colcon.colcon_core.shell:Skip shell extension 'dsv' for command environment
[0.797s] Level 1:colcon.colcon_core.environment:create_environment_scripts_only(q2d_description)
[0.798s] DEBUG:colcon.colcon_core.event_handler.log_command:Invoking command in '/home/ros/colcon_ws/build/q2d_teleop': CMAKE_PREFIX_PATH=${CMAKE_PREFIX_PATH}:/opt/ros/humble /usr/bin/cmake --install /home/ros/colcon_ws/build/q2d_teleop
[0.799s] Level 1:colcon.colcon_core.environment:checking '/home/ros/colcon_ws/install/q2d_description' for CMake module files
[0.799s] Level 1:colcon.colcon_core.environment:checking '/home/ros/colcon_ws/install/q2d_description' for CMake config files
[0.799s] Level 1:colcon.colcon_core.shell:create_environment_hook('q2d_description', 'cmake_prefix_path')
[0.800s] INFO:colcon.colcon_core.shell:Creating environment hook '/home/ros/colcon_ws/install/q2d_description/share/q2d_description/hook/cmake_prefix_path.ps1'
[0.801s] INFO:colcon.colcon_core.shell:Creating environment descriptor '/home/ros/colcon_ws/install/q2d_description/share/q2d_description/hook/cmake_prefix_path.dsv'
[0.801s] INFO:colcon.colcon_core.shell:Creating environment hook '/home/ros/colcon_ws/install/q2d_description/share/q2d_description/hook/cmake_prefix_path.sh'
[0.801s] Level 1:colcon.colcon_core.environment:checking '/home/ros/colcon_ws/install/q2d_description/bin'
[0.802s] Level 1:colcon.colcon_core.environment:checking '/home/ros/colcon_ws/install/q2d_description/lib/pkgconfig/q2d_description.pc'
[0.802s] Level 1:colcon.colcon_core.environment:checking '/home/ros/colcon_ws/install/q2d_description/lib/python3.10/site-packages'
[0.802s] Level 1:colcon.colcon_core.environment:checking '/home/ros/colcon_ws/install/q2d_description/bin'
[0.804s] INFO:colcon.colcon_core.shell:Creating package script '/home/ros/colcon_ws/install/q2d_description/share/q2d_description/package.ps1'
[0.804s] INFO:colcon.colcon_core.shell:Creating package descriptor '/home/ros/colcon_ws/install/q2d_description/share/q2d_description/package.dsv'
[0.805s] INFO:colcon.colcon_core.shell:Creating package script '/home/ros/colcon_ws/install/q2d_description/share/q2d_description/package.sh'
[0.805s] INFO:colcon.colcon_core.shell:Creating package script '/home/ros/colcon_ws/install/q2d_description/share/q2d_description/package.bash'
[0.805s] INFO:colcon.colcon_core.shell:Creating package script '/home/ros/colcon_ws/install/q2d_description/share/q2d_description/package.zsh'
[0.806s] Level 1:colcon.colcon_core.environment:create_file_with_runtime_dependencies(/home/ros/colcon_ws/install/q2d_description/share/colcon-core/packages/q2d_description)
[0.812s] DEBUG:colcon.colcon_core.event_handler.log_command:Invoking command in '/home/ros/colcon_ws/build/q4d_description': CMAKE_PREFIX_PATH=${CMAKE_PREFIX_PATH}:/opt/ros/humble /usr/bin/cmake --build /home/ros/colcon_ws/build/q4d_description -- -j3 -l3
[0.815s] Level 1:colcon.colcon_core.environment:create_environment_scripts_only(q2d_teleop)
[0.817s] Level 1:colcon.colcon_core.environment:checking '/home/ros/colcon_ws/install/q2d_teleop' for CMake module files
[0.817s] DEBUG:colcon.colcon_core.event_handler.log_command:Invoked command in '/home/ros/colcon_ws/build/q2d_teleop' returned '0': CMAKE_PREFIX_PATH=${CMAKE_PREFIX_PATH}:/opt/ros/humble /usr/bin/cmake --install /home/ros/colcon_ws/build/q2d_teleop
[0.818s] Level 1:colcon.colcon_core.environment:checking '/home/ros/colcon_ws/install/q2d_teleop' for CMake config files
[0.818s] Level 1:colcon.colcon_core.shell:create_environment_hook('q2d_teleop', 'cmake_prefix_path')
[0.819s] INFO:colcon.colcon_core.shell:Creating environment hook '/home/ros/colcon_ws/install/q2d_teleop/share/q2d_teleop/hook/cmake_prefix_path.ps1'
[0.820s] INFO:colcon.colcon_core.shell:Creating environment descriptor '/home/ros/colcon_ws/install/q2d_teleop/share/q2d_teleop/hook/cmake_prefix_path.dsv'
[0.820s] INFO:colcon.colcon_core.shell:Creating environment hook '/home/ros/colcon_ws/install/q2d_teleop/share/q2d_teleop/hook/cmake_prefix_path.sh'
[0.820s] Level 1:colcon.colcon_core.environment:checking '/home/ros/colcon_ws/install/q2d_teleop/lib'
[0.820s] Level 1:colcon.colcon_core.environment:checking '/home/ros/colcon_ws/install/q2d_teleop/bin'
[0.820s] Level 1:colcon.colcon_core.environment:checking '/home/ros/colcon_ws/install/q2d_teleop/lib/pkgconfig/q2d_teleop.pc'
[0.821s] Level 1:colcon.colcon_core.environment:checking '/home/ros/colcon_ws/install/q2d_teleop/lib/python3.10/site-packages'
[0.821s] Level 1:colcon.colcon_core.environment:checking '/home/ros/colcon_ws/install/q2d_teleop/bin'
[0.822s] INFO:colcon.colcon_core.shell:Creating package script '/home/ros/colcon_ws/install/q2d_teleop/share/q2d_teleop/package.ps1'
[0.823s] INFO:colcon.colcon_core.shell:Creating package descriptor '/home/ros/colcon_ws/install/q2d_teleop/share/q2d_teleop/package.dsv'
[0.823s] INFO:colcon.colcon_core.shell:Creating package script '/home/ros/colcon_ws/install/q2d_teleop/share/q2d_teleop/package.sh'
[0.823s] INFO:colcon.colcon_core.shell:Creating package script '/home/ros/colcon_ws/install/q2d_teleop/share/q2d_teleop/package.bash'
[0.823s] INFO:colcon.colcon_core.shell:Creating package script '/home/ros/colcon_ws/install/q2d_teleop/share/q2d_teleop/package.zsh'
[0.824s] Level 1:colcon.colcon_core.environment:create_file_with_runtime_dependencies(/home/ros/colcon_ws/install/q2d_teleop/share/colcon-core/packages/q2d_teleop)
[0.837s] DEBUG:colcon.colcon_core.event_handler.log_command:Invoked command in '/home/ros/colcon_ws/build/q4d_description' returned '0': CMAKE_PREFIX_PATH=${CMAKE_PREFIX_PATH}:/opt/ros/humble /usr/bin/cmake --build /home/ros/colcon_ws/build/q4d_description -- -j3 -l3
[0.846s] Level 1:colcon.colcon_core.environment:create_environment_scripts_only(q2d_teleop)
[0.848s] Level 1:colcon.colcon_core.environment:checking '/home/ros/colcon_ws/install/q2d_teleop' for CMake module files
[0.849s] Level 1:colcon.colcon_core.environment:checking '/home/ros/colcon_ws/install/q2d_teleop' for CMake config files
[0.849s] Level 1:colcon.colcon_core.shell:create_environment_hook('q2d_teleop', 'cmake_prefix_path')
[0.850s] INFO:colcon.colcon_core.shell:Creating environment hook '/home/ros/colcon_ws/install/q2d_teleop/share/q2d_teleop/hook/cmake_prefix_path.ps1'
[0.851s] INFO:colcon.colcon_core.shell:Creating environment descriptor '/home/ros/colcon_ws/install/q2d_teleop/share/q2d_teleop/hook/cmake_prefix_path.dsv'
[0.851s] INFO:colcon.colcon_core.shell:Creating environment hook '/home/ros/colcon_ws/install/q2d_teleop/share/q2d_teleop/hook/cmake_prefix_path.sh'
[0.851s] Level 1:colcon.colcon_core.environment:checking '/home/ros/colcon_ws/install/q2d_teleop/lib'
[0.852s] Level 1:colcon.colcon_core.environment:checking '/home/ros/colcon_ws/install/q2d_teleop/bin'
[0.852s] Level 1:colcon.colcon_core.environment:checking '/home/ros/colcon_ws/install/q2d_teleop/lib/pkgconfig/q2d_teleop.pc'
[0.852s] Level 1:colcon.colcon_core.environment:checking '/home/ros/colcon_ws/install/q2d_teleop/lib/python3.10/site-packages'
[0.852s] Level 1:colcon.colcon_core.environment:checking '/home/ros/colcon_ws/install/q2d_teleop/bin'
[0.853s] INFO:colcon.colcon_core.shell:Creating package script '/home/ros/colcon_ws/install/q2d_teleop/share/q2d_teleop/package.ps1'
[0.854s] INFO:colcon.colcon_core.shell:Creating package descriptor '/home/ros/colcon_ws/install/q2d_teleop/share/q2d_teleop/package.dsv'
[0.854s] INFO:colcon.colcon_core.shell:Creating package script '/home/ros/colcon_ws/install/q2d_teleop/share/q2d_teleop/package.sh'
[0.855s] INFO:colcon.colcon_core.shell:Creating package script '/home/ros/colcon_ws/install/q2d_teleop/share/q2d_teleop/package.bash'
[0.855s] INFO:colcon.colcon_core.shell:Creating package script '/home/ros/colcon_ws/install/q2d_teleop/share/q2d_teleop/package.zsh'
[0.855s] Level 1:colcon.colcon_core.environment:create_file_with_runtime_dependencies(/home/ros/colcon_ws/install/q2d_teleop/share/colcon-core/packages/q2d_teleop)
[0.858s] DEBUG:colcon.colcon_core.event_handler.log_command:Invoking command in '/home/ros/colcon_ws/build/q4d_description': CMAKE_PREFIX_PATH=${CMAKE_PREFIX_PATH}:/opt/ros/humble /usr/bin/cmake --install /home/ros/colcon_ws/build/q4d_description
[0.873s] Level 1:colcon.colcon_core.environment:create_environment_scripts_only(q4d_description)
[0.874s] DEBUG:colcon.colcon_core.event_handler.log_command:Invoked command in '/home/ros/colcon_ws/build/q4d_description' returned '0': CMAKE_PREFIX_PATH=${CMAKE_PREFIX_PATH}:/opt/ros/humble /usr/bin/cmake --install /home/ros/colcon_ws/build/q4d_description
[0.875s] Level 1:colcon.colcon_core.environment:checking '/home/ros/colcon_ws/install/q4d_description' for CMake module files
[0.876s] Level 1:colcon.colcon_core.environment:checking '/home/ros/colcon_ws/install/q4d_description' for CMake config files
[0.876s] Level 1:colcon.colcon_core.shell:create_environment_hook('q4d_description', 'cmake_prefix_path')
[0.877s] INFO:colcon.colcon_core.shell:Creating environment hook '/home/ros/colcon_ws/install/q4d_description/share/q4d_description/hook/cmake_prefix_path.ps1'
[0.877s] INFO:colcon.colcon_core.shell:Creating environment descriptor '/home/ros/colcon_ws/install/q4d_description/share/q4d_description/hook/cmake_prefix_path.dsv'
[0.877s] INFO:colcon.colcon_core.shell:Creating environment hook '/home/ros/colcon_ws/install/q4d_description/share/q4d_description/hook/cmake_prefix_path.sh'
[0.878s] Level 1:colcon.colcon_core.environment:checking '/home/ros/colcon_ws/install/q4d_description/lib'
[0.878s] Level 1:colcon.colcon_core.environment:checking '/home/ros/colcon_ws/install/q4d_description/bin'
[0.878s] Level 1:colcon.colcon_core.environment:checking '/home/ros/colcon_ws/install/q4d_description/lib/pkgconfig/q4d_description.pc'
[0.878s] Level 1:colcon.colcon_core.environment:checking '/home/ros/colcon_ws/install/q4d_description/lib/python3.10/site-packages'
[0.878s] Level 1:colcon.colcon_core.environment:checking '/home/ros/colcon_ws/install/q4d_description/bin'
[0.880s] INFO:colcon.colcon_core.shell:Creating package script '/home/ros/colcon_ws/install/q4d_description/share/q4d_description/package.ps1'
[0.880s] INFO:colcon.colcon_core.shell:Creating package descriptor '/home/ros/colcon_ws/install/q4d_description/share/q4d_description/package.dsv'
[0.880s] INFO:colcon.colcon_core.shell:Creating package script '/home/ros/colcon_ws/install/q4d_description/share/q4d_description/package.sh'
[0.880s] INFO:colcon.colcon_core.shell:Creating package script '/home/ros/colcon_ws/install/q4d_description/share/q4d_description/package.bash'
[0.881s] INFO:colcon.colcon_core.shell:Creating package script '/home/ros/colcon_ws/install/q4d_description/share/q4d_description/package.zsh'
[0.881s] Level 1:colcon.colcon_core.environment:create_file_with_runtime_dependencies(/home/ros/colcon_ws/install/q4d_description/share/colcon-core/packages/q4d_description)
[0.895s] Level 1:colcon.colcon_core.environment:create_environment_scripts_only(q4d_description)
[0.896s] Level 1:colcon.colcon_core.environment:checking '/home/ros/colcon_ws/install/q4d_description' for CMake module files
[0.896s] Level 1:colcon.colcon_core.environment:checking '/home/ros/colcon_ws/install/q4d_description' for CMake config files
[0.896s] Level 1:colcon.colcon_core.shell:create_environment_hook('q4d_description', 'cmake_prefix_path')
[0.897s] INFO:colcon.colcon_core.shell:Creating environment hook '/home/ros/colcon_ws/install/q4d_description/share/q4d_description/hook/cmake_prefix_path.ps1'
[0.897s] INFO:colcon.colcon_core.shell:Creating environment descriptor '/home/ros/colcon_ws/install/q4d_description/share/q4d_description/hook/cmake_prefix_path.dsv'
[0.898s] INFO:colcon.colcon_core.shell:Creating environment hook '/home/ros/colcon_ws/install/q4d_description/share/q4d_description/hook/cmake_prefix_path.sh'
[0.898s] Level 1:colcon.colcon_core.environment:checking '/home/ros/colcon_ws/install/q4d_description/lib'
[0.898s] Level 1:colcon.colcon_core.environment:checking '/home/ros/colcon_ws/install/q4d_description/bin'
[0.898s] Level 1:colcon.colcon_core.environment:checking '/home/ros/colcon_ws/install/q4d_description/lib/pkgconfig/q4d_description.pc'
[0.898s] Level 1:colcon.colcon_core.environment:checking '/home/ros/colcon_ws/install/q4d_description/lib/python3.10/site-packages'
[0.899s] Level 1:colcon.colcon_core.environment:checking '/home/ros/colcon_ws/install/q4d_description/bin'
[0.900s] INFO:colcon.colcon_core.shell:Creating package script '/home/ros/colcon_ws/install/q4d_description/share/q4d_description/package.ps1'
[0.900s] INFO:colcon.colcon_core.shell:Creating package descriptor '/home/ros/colcon_ws/install/q4d_description/share/q4d_description/package.dsv'
[0.901s] INFO:colcon.colcon_core.shell:Creating package script '/home/ros/colcon_ws/install/q4d_description/share/q4d_description/package.sh'
[0.901s] INFO:colcon.colcon_core.shell:Creating package script '/home/ros/colcon_ws/install/q4d_description/share/q4d_description/package.bash'
[0.901s] INFO:colcon.colcon_core.shell:Creating package script '/home/ros/colcon_ws/install/q4d_description/share/q4d_description/package.zsh'
[0.902s] Level 1:colcon.colcon_core.environment:create_file_with_runtime_dependencies(/home/ros/colcon_ws/install/q4d_description/share/colcon-core/packages/q4d_description)
[0.902s] DEBUG:colcon.colcon_parallel_executor.executor.parallel:closing loop
[0.902s] DEBUG:colcon.colcon_parallel_executor.executor.parallel:loop closed
[0.902s] DEBUG:colcon.colcon_parallel_executor.executor.parallel:run_until_complete finished with '0'
[0.902s] DEBUG:colcon.colcon_core.event_reactor:joining thread
[0.911s] INFO:colcon.colcon_core.plugin_system:Skipping extension 'colcon_notification.desktop_notification.terminal_notifier': Not used on non-Darwin systems
[0.911s] INFO:colcon.colcon_core.plugin_system:Skipping extension 'colcon_notification.desktop_notification.win32': Not used on non-Windows systems
[0.911s] INFO:colcon.colcon_notification.desktop_notification:Sending desktop notification using 'notify2'
[0.921s] DEBUG:colcon.colcon_core.event_reactor:joined thread
[0.923s] INFO:colcon.colcon_core.shell:Creating prefix script '/home/ros/colcon_ws/install/local_setup.ps1'
[0.924s] INFO:colcon.colcon_core.shell:Creating prefix util module '/home/ros/colcon_ws/install/_local_setup_util_ps1.py'
[0.925s] INFO:colcon.colcon_core.shell:Creating prefix chain script '/home/ros/colcon_ws/install/setup.ps1'
[0.927s] INFO:colcon.colcon_core.shell:Creating prefix script '/home/ros/colcon_ws/install/local_setup.sh'
[0.927s] INFO:colcon.colcon_core.shell:Creating prefix util module '/home/ros/colcon_ws/install/_local_setup_util_sh.py'
[0.928s] INFO:colcon.colcon_core.shell:Creating prefix chain script '/home/ros/colcon_ws/install/setup.sh'
[0.929s] INFO:colcon.colcon_core.shell:Creating prefix script '/home/ros/colcon_ws/install/local_setup.bash'
[0.930s] INFO:colcon.colcon_core.shell:Creating prefix chain script '/home/ros/colcon_ws/install/setup.bash'
[0.931s] INFO:colcon.colcon_core.shell:Creating prefix script '/home/ros/colcon_ws/install/local_setup.zsh'
[0.932s] INFO:colcon.colcon_core.shell:Creating prefix chain script '/home/ros/colcon_ws/install/setup.zsh'
