[0.022s] Invoking command in '/home/ros/colcon_ws/src/build/q4d_teleop': CMAKE_PREFIX_PATH=${CMAKE_PREFIX_PATH}:/opt/ros/humble /usr/bin/cmake --build /home/ros/colcon_ws/src/build/q4d_teleop -- -j3 -l3
[0.089s] [ 50%] [32mBuilding CXX object CMakeFiles/q4d_teleop_rviz.dir/src/q4d_teleop_rviz.cpp.o[0m
[3.500s] [01m[K/home/ros/colcon_ws/src/q4d_teleop/src/q4d_teleop_rviz.cpp:[m[K In member function ‘[01m[Kvoid Q4dTeleop::hCB(std_msgs::msg::Float64_<std::allocator<void> >::SharedPtr)[m[K’:
[3.500s] [01m[K/home/ros/colcon_ws/src/q4d_teleop/src/q4d_teleop_rviz.cpp:148:16:[m[K [01;35m[Kwarning: [m[Kvariable ‘[01m[Kh_delta[m[K’ set but not used [[01;35m[K]8;;https://gcc.gnu.org/onlinedocs/gcc/Warning-Options.html#index-Wunused-but-set-variable-Wunused-but-set-variable]8;;[m[K]
[3.500s]   148 |         double [01;35m[Kh_delta[m[K;
[3.500s]       |                [01;35m[K^~~~~~~[m[K
[16.169s] [100%] [32m[1mLinking CXX executable q4d_teleop_rviz[0m
[17.056s] [100%] Built target q4d_teleop_rviz
[17.064s] Invoked command in '/home/ros/colcon_ws/src/build/q4d_teleop' returned '0': CMAKE_PREFIX_PATH=${CMAKE_PREFIX_PATH}:/opt/ros/humble /usr/bin/cmake --build /home/ros/colcon_ws/src/build/q4d_teleop -- -j3 -l3
[17.084s] Invoking command in '/home/ros/colcon_ws/src/build/q4d_teleop': CMAKE_PREFIX_PATH=${CMAKE_PREFIX_PATH}:/opt/ros/humble /usr/bin/cmake --install /home/ros/colcon_ws/src/build/q4d_teleop
[17.089s] -- Install configuration: ""
[17.092s] -- Installing: /home/ros/colcon_ws/src/install/q4d_teleop/lib/q4d_teleop/q4d_teleop_rviz
[17.097s] -- Set runtime path of "/home/ros/colcon_ws/src/install/q4d_teleop/lib/q4d_teleop/q4d_teleop_rviz" to ""
[17.097s] -- Up-to-date: /home/ros/colcon_ws/src/install/q4d_teleop/share/q4d_teleop/launch
[17.098s] -- Up-to-date: /home/ros/colcon_ws/src/install/q4d_teleop/share/q4d_teleop/launch/q4d_teleop_rviz.launch.xml
[17.098s] -- Up-to-date: /home/ros/colcon_ws/src/install/q4d_teleop/share/q4d_teleop/launch/display.launch.xml
[17.098s] -- Up-to-date: /home/ros/colcon_ws/src/install/q4d_teleop/share/q4d_teleop/config
[17.098s] -- Up-to-date: /home/ros/colcon_ws/src/install/q4d_teleop/share/q4d_teleop/config/display.rviz
[17.098s] -- Up-to-date: /home/ros/colcon_ws/src/install/q4d_teleop/share/ament_index/resource_index/package_run_dependencies/q4d_teleop
[17.098s] -- Up-to-date: /home/ros/colcon_ws/src/install/q4d_teleop/share/ament_index/resource_index/parent_prefix_path/q4d_teleop
[17.098s] -- Up-to-date: /home/ros/colcon_ws/src/install/q4d_teleop/share/q4d_teleop/environment/ament_prefix_path.sh
[17.098s] -- Up-to-date: /home/ros/colcon_ws/src/install/q4d_teleop/share/q4d_teleop/environment/ament_prefix_path.dsv
[17.098s] -- Up-to-date: /home/ros/colcon_ws/src/install/q4d_teleop/share/q4d_teleop/environment/path.sh
[17.098s] -- Up-to-date: /home/ros/colcon_ws/src/install/q4d_teleop/share/q4d_teleop/environment/path.dsv
[17.098s] -- Up-to-date: /home/ros/colcon_ws/src/install/q4d_teleop/share/q4d_teleop/local_setup.bash
[17.098s] -- Up-to-date: /home/ros/colcon_ws/src/install/q4d_teleop/share/q4d_teleop/local_setup.sh
[17.099s] -- Up-to-date: /home/ros/colcon_ws/src/install/q4d_teleop/share/q4d_teleop/local_setup.zsh
[17.099s] -- Up-to-date: /home/ros/colcon_ws/src/install/q4d_teleop/share/q4d_teleop/local_setup.dsv
[17.099s] -- Installing: /home/ros/colcon_ws/src/install/q4d_teleop/share/q4d_teleop/package.dsv
[17.099s] -- Up-to-date: /home/ros/colcon_ws/src/install/q4d_teleop/share/ament_index/resource_index/packages/q4d_teleop
[17.099s] -- Up-to-date: /home/ros/colcon_ws/src/install/q4d_teleop/share/q4d_teleop/cmake/q4d_teleopConfig.cmake
[17.099s] -- Up-to-date: /home/ros/colcon_ws/src/install/q4d_teleop/share/q4d_teleop/cmake/q4d_teleopConfig-version.cmake
[17.099s] -- Up-to-date: /home/ros/colcon_ws/src/install/q4d_teleop/share/q4d_teleop/package.xml
[17.107s] Invoked command in '/home/ros/colcon_ws/src/build/q4d_teleop' returned '0': CMAKE_PREFIX_PATH=${CMAKE_PREFIX_PATH}:/opt/ros/humble /usr/bin/cmake --install /home/ros/colcon_ws/src/build/q4d_teleop
