[0.029s] Invoking command in '/home/ros/colcon_ws/build/q4d_description': CMAKE_PREFIX_PATH=${CMAKE_PREFIX_PATH}:/opt/ros/humble /usr/bin/cmake --build /home/ros/colcon_ws/build/q4d_description -- -j3 -l3
[0.052s] -- Found ament_cmake: 1.3.3 (/opt/ros/humble/share/ament_cmake/cmake)
[0.184s] -- Override CMake install command with custom implementation using symlinks instead of copying resources
[0.191s] -- Found ament_lint_auto: 0.12.5 (/opt/ros/humble/share/ament_lint_auto/cmake)
[0.260s] -- Added test 'lint_cmake' to check CMake code style
[0.260s] -- Added test 'xmllint' to check XML markup files
[0.261s] -- Configuring done
[0.264s] -- Generating done
[0.265s] -- Build files have been written to: /home/ros/colcon_ws/build/q4d_description
[0.281s] Invoked command in '/home/ros/colcon_ws/build/q4d_description' returned '0': CMAKE_PREFIX_PATH=${CMAKE_PREFIX_PATH}:/opt/ros/humble /usr/bin/cmake --build /home/ros/colcon_ws/build/q4d_description -- -j3 -l3
[0.296s] Invoking command in '/home/ros/colcon_ws/build/q4d_description': CMAKE_PREFIX_PATH=${CMAKE_PREFIX_PATH}:/opt/ros/humble /usr/bin/cmake --install /home/ros/colcon_ws/build/q4d_description
[0.300s] -- Install configuration: ""
[0.300s] -- Execute custom install script
[0.301s] -- Symlinking: /home/ros/colcon_ws/install/q4d_description/share/q4d_description/config/display.rviz
[0.307s] -- Symlinking: /home/ros/colcon_ws/install/q4d_description/share/q4d_description/launch/display.launch.xml
[0.315s] -- Symlinking: /home/ros/colcon_ws/install/q4d_description/share/q4d_description/launch/q4d.launch.xml
[0.321s] -- Symlinking: /home/ros/colcon_ws/install/q4d_description/share/q4d_description/urdf/q4d.urdf.xacro
[0.326s] [31mCMake Error at ament_cmake_symlink_install/ament_cmake_symlink_install.cmake:100 (message):
[0.327s]   ament_cmake_symlink_install_directory() can't find
[0.327s]   '/home/ros/colcon_ws/src/q4d_description/meshes'
[0.327s] Call Stack (most recent call first):
[0.327s]   ament_cmake_symlink_install/ament_cmake_symlink_install.cmake:314 (ament_cmake_symlink_install_directory)
[0.327s]   cmake_install.cmake:46 (include)
[0.327s] 
[0.327s] [0m
[0.328s] Invoked command in '/home/ros/colcon_ws/build/q4d_description' returned '1': CMAKE_PREFIX_PATH=${CMAKE_PREFIX_PATH}:/opt/ros/humble /usr/bin/cmake --install /home/ros/colcon_ws/build/q4d_description
