[35m[1mConsolidate compiler generated dependencies of target q2d_teleop_rviz[0m
[35m[1mConsolidate compiler generated dependencies of target q2d_teleop_tablet[0m
[ 50%] Built target q2d_teleop_tablet
[100%] Built target q2d_teleop_rviz
-- Install configuration: ""
-- Execute custom install script
-- Up-to-date symlink: /home/ros/colcon_ws/install/q2d_teleop/lib/q2d_teleop/q2d_teleop_tablet
-- Up-to-date symlink: /home/ros/colcon_ws/install/q2d_teleop/lib/q2d_teleop/q2d_teleop_rviz
-- Up-to-date symlink: /home/ros/colcon_ws/install/q2d_teleop/share/q2d_teleop/launch/display.launch.xml
-- Up-to-date symlink: /home/ros/colcon_ws/install/q2d_teleop/share/q2d_teleop/launch/gazebo.launch.xml
-- Up-to-date symlink: /home/ros/colcon_ws/install/q2d_teleop/share/q2d_teleop/launch/q2d_teleop_rviz.launch.xml
-- Up-to-date symlink: /home/ros/colcon_ws/install/q2d_teleop/share/q2d_teleop/launch/q2d_teleop_tablet.launch.xml
-- Up-to-date symlink: /home/ros/colcon_ws/install/q2d_teleop/share/q2d_teleop/config/display.rviz
-- Up-to-date symlink: /home/ros/colcon_ws/install/q2d_teleop/share/ament_index/resource_index/package_run_dependencies/q2d_teleop
-- Up-to-date symlink: /home/ros/colcon_ws/install/q2d_teleop/share/ament_index/resource_index/parent_prefix_path/q2d_teleop
-- Up-to-date symlink: /home/ros/colcon_ws/install/q2d_teleop/share/q2d_teleop/environment/ament_prefix_path.sh
-- Up-to-date symlink: /home/ros/colcon_ws/install/q2d_teleop/share/q2d_teleop/environment/ament_prefix_path.dsv
-- Up-to-date symlink: /home/ros/colcon_ws/install/q2d_teleop/share/q2d_teleop/environment/path.sh
-- Up-to-date symlink: /home/ros/colcon_ws/install/q2d_teleop/share/q2d_teleop/environment/path.dsv
-- Up-to-date symlink: /home/ros/colcon_ws/install/q2d_teleop/share/q2d_teleop/local_setup.bash
-- Up-to-date symlink: /home/ros/colcon_ws/install/q2d_teleop/share/q2d_teleop/local_setup.sh
-- Up-to-date symlink: /home/ros/colcon_ws/install/q2d_teleop/share/q2d_teleop/local_setup.zsh
-- Up-to-date symlink: /home/ros/colcon_ws/install/q2d_teleop/share/q2d_teleop/local_setup.dsv
-- Symlinking: /home/ros/colcon_ws/install/q2d_teleop/share/q2d_teleop/package.dsv
-- Up-to-date symlink: /home/ros/colcon_ws/install/q2d_teleop/share/ament_index/resource_index/packages/q2d_teleop
-- Up-to-date symlink: /home/ros/colcon_ws/install/q2d_teleop/share/q2d_teleop/cmake/q2d_teleopConfig.cmake
-- Up-to-date symlink: /home/ros/colcon_ws/install/q2d_teleop/share/q2d_teleop/cmake/q2d_teleopConfig-version.cmake
-- Up-to-date symlink: /home/ros/colcon_ws/install/q2d_teleop/share/q2d_teleop/package.xml
