[0.012s] Invoking command in '/home/ros/colcon_ws/build/q2d_teleop': CMAKE_PREFIX_PATH=${CMAKE_PREFIX_PATH}:/opt/ros/humble /usr/bin/cmake /home/ros/colcon_ws/ros2-q4d/src/q2d/q2d_teleop -DCMAKE_INSTALL_PREFIX=/home/ros/colcon_ws/install/q2d_teleop
[0.092s] -- The C compiler identification is GNU 11.3.0
[0.162s] -- The CXX compiler identification is GNU 11.3.0
[0.174s] -- Detecting C compiler ABI info
[0.306s] -- Detecting C compiler ABI info - done
[0.321s] -- Check for working C compiler: /usr/bin/cc - skipped
[0.322s] -- Detecting C compile features
[0.322s] -- Detecting C compile features - done
[0.326s] -- Detecting CXX compiler ABI info
[0.444s] -- Detecting CXX compiler ABI info - done
[0.454s] -- Check for working CXX compiler: /usr/bin/c++ - skipped
[0.463s] -- Detecting CXX compile features
[0.463s] -- Detecting CXX compile features - done
[0.465s] -- Found ament_cmake: 1.3.3 (/opt/ros/humble/share/ament_cmake/cmake)
[0.697s] -- Found Python3: /usr/bin/python3.10 (found version "3.10.6") found components: Interpreter 
[0.797s] -- Found rclcpp: 16.0.3 (/opt/ros/humble/share/rclcpp/cmake)
[0.853s] -- Found rosidl_generator_c: 3.1.4 (/opt/ros/humble/share/rosidl_generator_c/cmake)
[0.854s] -- Found rosidl_adapter: 3.1.4 (/opt/ros/humble/share/rosidl_adapter/cmake)
[0.878s] -- Found rosidl_generator_cpp: 3.1.4 (/opt/ros/humble/share/rosidl_generator_cpp/cmake)
[0.890s] -- Using all available rosidl_typesupport_c: rosidl_typesupport_fastrtps_c;rosidl_typesupport_introspection_c
[0.905s] -- Using all available rosidl_typesupport_cpp: rosidl_typesupport_fastrtps_cpp;rosidl_typesupport_introspection_cpp
[1.010s] -- Found rmw_implementation_cmake: 6.1.1 (/opt/ros/humble/share/rmw_implementation_cmake/cmake)
[1.011s] -- Found rmw_fastrtps_cpp: 6.2.2 (/opt/ros/humble/share/rmw_fastrtps_cpp/cmake)
[1.170s] -- Found OpenSSL: /usr/lib/x86_64-linux-gnu/libcrypto.so (found version "3.0.2")  
[1.249s] -- Found FastRTPS: /opt/ros/humble/include  
[1.324s] -- Using RMW implementation 'rmw_fastrtps_cpp' as default
[1.337s] -- Looking for pthread.h
[1.433s] -- Looking for pthread.h - found
[1.433s] -- Performing Test CMAKE_HAVE_LIBC_PTHREAD
[1.519s] -- Performing Test CMAKE_HAVE_LIBC_PTHREAD - Success
[1.521s] -- Found Threads: TRUE  
[1.726s] -- Found geometry_msgs: 4.2.3 (/opt/ros/humble/share/geometry_msgs/cmake)
[1.778s] -- Found kdl_parser: 2.6.4 (/opt/ros/humble/share/kdl_parser/cmake)
[1.788s] -- Found eigen3_cmake_module: 0.1.1 (/opt/ros/humble/share/eigen3_cmake_module/cmake)
[1.790s] -- Found Eigen3: TRUE (found version "3.4.0") 
[1.790s] -- Ensuring Eigen3 include directory is part of orocos-kdl CMake target
[1.794s] -- Found sensor_msgs: 4.2.3 (/opt/ros/humble/share/sensor_msgs/cmake)
[1.892s] -- Found urdf: 2.6.0 (/opt/ros/humble/share/urdf/cmake)
[1.927s] -- Found ament_lint_auto: 0.12.5 (/opt/ros/humble/share/ament_lint_auto/cmake)
[2.011s] -- Added test 'copyright' to check source files copyright and LICENSE
[2.012s] -- Added test 'cppcheck' to perform static code analysis on C / C++ code
[2.012s] -- Configured cppcheck include dirs: $<BUILD_INTERFACE:/home/ros/colcon_ws/ros2-q4d/src/q2d/q2d_teleop/include>
[2.012s] -- Configured cppcheck exclude dirs and/or files: 
[2.013s] -- Added test 'cpplint' to check C / C++ code against the Google style
[2.013s] -- Configured cpplint exclude dirs and/or files: 
[2.014s] -- Added test 'lint_cmake' to check CMake code style
[2.015s] -- Added test 'uncrustify' to check C / C++ code style
[2.015s] -- Configured uncrustify additional arguments: 
[2.015s] -- Added test 'xmllint' to check XML markup files
[2.016s] -- Configuring done
[2.034s] -- Generating done
[2.036s] -- Build files have been written to: /home/ros/colcon_ws/build/q2d_teleop
[2.053s] Invoked command in '/home/ros/colcon_ws/build/q2d_teleop' returned '0': CMAKE_PREFIX_PATH=${CMAKE_PREFIX_PATH}:/opt/ros/humble /usr/bin/cmake /home/ros/colcon_ws/ros2-q4d/src/q2d/q2d_teleop -DCMAKE_INSTALL_PREFIX=/home/ros/colcon_ws/install/q2d_teleop
[2.053s] Invoking command in '/home/ros/colcon_ws/build/q2d_teleop': CMAKE_PREFIX_PATH=${CMAKE_PREFIX_PATH}:/opt/ros/humble /usr/bin/cmake --build /home/ros/colcon_ws/build/q2d_teleop -- -j3 -l3
[2.113s] [ 25%] [32mBuilding CXX object CMakeFiles/q2d_teleop_rviz.dir/src/q2d_teleop_rviz.cpp.o[0m
[2.121s] [ 50%] [32mBuilding CXX object CMakeFiles/q2d_teleop_tablet.dir/src/q2d_teleop_tablet.cpp.o[0m
[16.140s] [ 75%] [32m[1mLinking CXX executable q2d_teleop_tablet[0m
[16.507s] [100%] [32m[1mLinking CXX executable q2d_teleop_rviz[0m
[16.953s] [100%] Built target q2d_teleop_tablet
[17.244s] [100%] Built target q2d_teleop_rviz
[17.251s] Invoked command in '/home/ros/colcon_ws/build/q2d_teleop' returned '0': CMAKE_PREFIX_PATH=${CMAKE_PREFIX_PATH}:/opt/ros/humble /usr/bin/cmake --build /home/ros/colcon_ws/build/q2d_teleop -- -j3 -l3
[17.273s] Invoking command in '/home/ros/colcon_ws/build/q2d_teleop': CMAKE_PREFIX_PATH=${CMAKE_PREFIX_PATH}:/opt/ros/humble /usr/bin/cmake --install /home/ros/colcon_ws/build/q2d_teleop
[17.278s] -- Install configuration: ""
[17.278s] -- Installing: /home/ros/colcon_ws/install/q2d_teleop/lib/q2d_teleop/q2d_teleop_tablet
[17.282s] -- Set runtime path of "/home/ros/colcon_ws/install/q2d_teleop/lib/q2d_teleop/q2d_teleop_tablet" to ""
[17.283s] -- Installing: /home/ros/colcon_ws/install/q2d_teleop/lib/q2d_teleop/q2d_teleop_rviz
[17.287s] -- Set runtime path of "/home/ros/colcon_ws/install/q2d_teleop/lib/q2d_teleop/q2d_teleop_rviz" to ""
[17.288s] -- Installing: /home/ros/colcon_ws/install/q2d_teleop/share/q2d_teleop/launch
[17.288s] -- Installing: /home/ros/colcon_ws/install/q2d_teleop/share/q2d_teleop/launch/display.launch.xml
[17.288s] -- Installing: /home/ros/colcon_ws/install/q2d_teleop/share/q2d_teleop/launch/gazebo.launch.xml
[17.288s] -- Installing: /home/ros/colcon_ws/install/q2d_teleop/share/q2d_teleop/launch/q2d_teleop_rviz.launch.xml
[17.288s] -- Installing: /home/ros/colcon_ws/install/q2d_teleop/share/q2d_teleop/launch/q2d_teleop_tablet.launch.xml
[17.288s] -- Installing: /home/ros/colcon_ws/install/q2d_teleop/share/q2d_teleop/config
[17.288s] -- Installing: /home/ros/colcon_ws/install/q2d_teleop/share/q2d_teleop/config/display.rviz
[17.288s] -- Installing: /home/ros/colcon_ws/install/q2d_teleop/share/ament_index/resource_index/package_run_dependencies/q2d_teleop
[17.288s] -- Installing: /home/ros/colcon_ws/install/q2d_teleop/share/ament_index/resource_index/parent_prefix_path/q2d_teleop
[17.288s] -- Installing: /home/ros/colcon_ws/install/q2d_teleop/share/q2d_teleop/environment/ament_prefix_path.sh
[17.288s] -- Installing: /home/ros/colcon_ws/install/q2d_teleop/share/q2d_teleop/environment/ament_prefix_path.dsv
[17.289s] -- Installing: /home/ros/colcon_ws/install/q2d_teleop/share/q2d_teleop/environment/path.sh
[17.289s] -- Installing: /home/ros/colcon_ws/install/q2d_teleop/share/q2d_teleop/environment/path.dsv
[17.289s] -- Installing: /home/ros/colcon_ws/install/q2d_teleop/share/q2d_teleop/local_setup.bash
[17.289s] -- Installing: /home/ros/colcon_ws/install/q2d_teleop/share/q2d_teleop/local_setup.sh
[17.289s] -- Installing: /home/ros/colcon_ws/install/q2d_teleop/share/q2d_teleop/local_setup.zsh
[17.289s] -- Installing: /home/ros/colcon_ws/install/q2d_teleop/share/q2d_teleop/local_setup.dsv
[17.289s] -- Installing: /home/ros/colcon_ws/install/q2d_teleop/share/q2d_teleop/package.dsv
[17.289s] -- Installing: /home/ros/colcon_ws/install/q2d_teleop/share/ament_index/resource_index/packages/q2d_teleop
[17.289s] -- Installing: /home/ros/colcon_ws/install/q2d_teleop/share/q2d_teleop/cmake/q2d_teleopConfig.cmake
[17.289s] -- Installing: /home/ros/colcon_ws/install/q2d_teleop/share/q2d_teleop/cmake/q2d_teleopConfig-version.cmake
[17.290s] -- Installing: /home/ros/colcon_ws/install/q2d_teleop/share/q2d_teleop/package.xml
[17.296s] Invoked command in '/home/ros/colcon_ws/build/q2d_teleop' returned '0': CMAKE_PREFIX_PATH=${CMAKE_PREFIX_PATH}:/opt/ros/humble /usr/bin/cmake --install /home/ros/colcon_ws/build/q2d_teleop
