-- The C compiler identification is GNU 11.3.0
-- The CXX compiler identification is GNU 11.3.0
-- Detecting C compiler ABI info
-- Detecting C compiler ABI info - done
-- Check for working C compiler: /usr/bin/cc - skipped
-- Detecting C compile features
-- Detecting C compile features - done
-- Detecting CXX compiler ABI info
-- Detecting CXX compiler ABI info - done
-- Check for working CXX compiler: /usr/bin/c++ - skipped
-- Detecting CXX compile features
-- Detecting CXX compile features - done
-- Found ament_cmake: 1.3.3 (/opt/ros/humble/share/ament_cmake/cmake)
-- Found Python3: /usr/bin/python3.10 (found version "3.10.6") found components: Interpreter 
-- Found rclcpp: 16.0.3 (/opt/ros/humble/share/rclcpp/cmake)
-- Found rosidl_generator_c: 3.1.4 (/opt/ros/humble/share/rosidl_generator_c/cmake)
-- Found rosidl_adapter: 3.1.4 (/opt/ros/humble/share/rosidl_adapter/cmake)
-- Found rosidl_generator_cpp: 3.1.4 (/opt/ros/humble/share/rosidl_generator_cpp/cmake)
-- Using all available rosidl_typesupport_c: rosidl_typesupport_fastrtps_c;rosidl_typesupport_introspection_c
-- Using all available rosidl_typesupport_cpp: rosidl_typesupport_fastrtps_cpp;rosidl_typesupport_introspection_cpp
-- Found rmw_implementation_cmake: 6.1.1 (/opt/ros/humble/share/rmw_implementation_cmake/cmake)
-- Found rmw_fastrtps_cpp: 6.2.2 (/opt/ros/humble/share/rmw_fastrtps_cpp/cmake)
-- Found OpenSSL: /usr/lib/x86_64-linux-gnu/libcrypto.so (found version "3.0.2")  
-- Found FastRTPS: /opt/ros/humble/include  
-- Using RMW implementation 'rmw_fastrtps_cpp' as default
-- Looking for pthread.h
-- Looking for pthread.h - found
-- Performing Test CMAKE_HAVE_LIBC_PTHREAD
-- Performing Test CMAKE_HAVE_LIBC_PTHREAD - Success
-- Found Threads: TRUE  
-- Found geometry_msgs: 4.2.3 (/opt/ros/humble/share/geometry_msgs/cmake)
-- Found kdl_parser: 2.6.4 (/opt/ros/humble/share/kdl_parser/cmake)
-- Found eigen3_cmake_module: 0.1.1 (/opt/ros/humble/share/eigen3_cmake_module/cmake)
-- Found Eigen3: TRUE (found version "3.4.0") 
-- Ensuring Eigen3 include directory is part of orocos-kdl CMake target
-- Found sensor_msgs: 4.2.3 (/opt/ros/humble/share/sensor_msgs/cmake)
-- Found urdf: 2.6.0 (/opt/ros/humble/share/urdf/cmake)
-- Found ament_lint_auto: 0.12.5 (/opt/ros/humble/share/ament_lint_auto/cmake)
-- Added test 'copyright' to check source files copyright and LICENSE
-- Added test 'cppcheck' to perform static code analysis on C / C++ code
-- Configured cppcheck include dirs: $<BUILD_INTERFACE:/home/ros/colcon_ws/src/q4d_teleop/include>
-- Configured cppcheck exclude dirs and/or files: 
-- Added test 'cpplint' to check C / C++ code against the Google style
-- Configured cpplint exclude dirs and/or files: 
-- Added test 'lint_cmake' to check CMake code style
-- Added test 'uncrustify' to check C / C++ code style
-- Configured uncrustify additional arguments: 
-- Added test 'xmllint' to check XML markup files
-- Configuring done
-- Generating done
-- Build files have been written to: /home/ros/colcon_ws/src/build/q4d_teleop
[ 50%] [32mBuilding CXX object CMakeFiles/q4d_teleop_rviz.dir/src/q4d_teleop_rviz.cpp.o[0m
[100%] [32m[1mLinking CXX executable q4d_teleop_rviz[0m
[100%] Built target q4d_teleop_rviz
-- Install configuration: ""
-- Installing: /home/ros/colcon_ws/src/install/q4d_teleop/lib/q4d_teleop/q4d_teleop_rviz
-- Set runtime path of "/home/ros/colcon_ws/src/install/q4d_teleop/lib/q4d_teleop/q4d_teleop_rviz" to ""
-- Installing: /home/ros/colcon_ws/src/install/q4d_teleop/share/q4d_teleop/launch
-- Installing: /home/ros/colcon_ws/src/install/q4d_teleop/share/q4d_teleop/launch/q4d_teleop_rviz.launch.xml
-- Installing: /home/ros/colcon_ws/src/install/q4d_teleop/share/q4d_teleop/launch/display.launch.xml
-- Installing: /home/ros/colcon_ws/src/install/q4d_teleop/share/q4d_teleop/config
-- Installing: /home/ros/colcon_ws/src/install/q4d_teleop/share/q4d_teleop/config/display.rviz
-- Installing: /home/ros/colcon_ws/src/install/q4d_teleop/share/ament_index/resource_index/package_run_dependencies/q4d_teleop
-- Installing: /home/ros/colcon_ws/src/install/q4d_teleop/share/ament_index/resource_index/parent_prefix_path/q4d_teleop
-- Installing: /home/ros/colcon_ws/src/install/q4d_teleop/share/q4d_teleop/environment/ament_prefix_path.sh
-- Installing: /home/ros/colcon_ws/src/install/q4d_teleop/share/q4d_teleop/environment/ament_prefix_path.dsv
-- Installing: /home/ros/colcon_ws/src/install/q4d_teleop/share/q4d_teleop/environment/path.sh
-- Installing: /home/ros/colcon_ws/src/install/q4d_teleop/share/q4d_teleop/environment/path.dsv
-- Installing: /home/ros/colcon_ws/src/install/q4d_teleop/share/q4d_teleop/local_setup.bash
-- Installing: /home/ros/colcon_ws/src/install/q4d_teleop/share/q4d_teleop/local_setup.sh
-- Installing: /home/ros/colcon_ws/src/install/q4d_teleop/share/q4d_teleop/local_setup.zsh
-- Installing: /home/ros/colcon_ws/src/install/q4d_teleop/share/q4d_teleop/local_setup.dsv
-- Installing: /home/ros/colcon_ws/src/install/q4d_teleop/share/q4d_teleop/package.dsv
-- Installing: /home/ros/colcon_ws/src/install/q4d_teleop/share/ament_index/resource_index/packages/q4d_teleop
-- Installing: /home/ros/colcon_ws/src/install/q4d_teleop/share/q4d_teleop/cmake/q4d_teleopConfig.cmake
-- Installing: /home/ros/colcon_ws/src/install/q4d_teleop/share/q4d_teleop/cmake/q4d_teleopConfig-version.cmake
-- Installing: /home/ros/colcon_ws/src/install/q4d_teleop/share/q4d_teleop/package.xml
