[0.022s] Invoking command in '/home/ros/colcon_ws/build/q2d_bringup': CMAKE_PREFIX_PATH=${CMAKE_PREFIX_PATH}:/opt/ros/humble /usr/bin/cmake /home/ros/colcon_ws/ros2-q4d/src/q2d/q2d_bringup -DCMAKE_INSTALL_PREFIX=/home/ros/colcon_ws/install/q2d_bringup
[0.126s] -- The C compiler identification is GNU 11.3.0
[0.198s] -- The CXX compiler identification is GNU 11.3.0
[0.207s] -- Detecting C compiler ABI info
[0.306s] -- Detecting C compiler ABI info - done
[0.317s] -- Check for working C compiler: /usr/bin/cc - skipped
[0.318s] -- Detecting C compile features
[0.318s] -- Detecting C compile features - done
[0.322s] -- Detecting CXX compiler ABI info
[0.495s] -- Detecting CXX compiler ABI info - done
[0.515s] -- Check for working CXX compiler: /usr/bin/c++ - skipped
[0.515s] -- Detecting CXX compile features
[0.525s] -- Detecting CXX compile features - done
[0.528s] -- Found ament_cmake: 1.3.3 (/opt/ros/humble/share/ament_cmake/cmake)
[0.732s] -- Found Python3: /usr/bin/python3.10 (found version "3.10.6") found components: Interpreter 
[0.868s] -- Found ament_lint_auto: 0.12.5 (/opt/ros/humble/share/ament_lint_auto/cmake)
[0.970s] -- Added test 'copyright' to check source files copyright and LICENSE
[0.970s] -- Added test 'flake8' to check Python code syntax and style conventions
[0.971s] -- Added test 'lint_cmake' to check CMake code style
[0.971s] -- Added test 'pep257' to check Python code against some of the docstring style conventions in PEP 257
[0.977s] -- Added test 'xmllint' to check XML markup files
[0.977s] -- Configuring done
[0.977s] -- Generating done
[0.980s] -- Build files have been written to: /home/ros/colcon_ws/build/q2d_bringup
[0.990s] Invoked command in '/home/ros/colcon_ws/build/q2d_bringup' returned '0': CMAKE_PREFIX_PATH=${CMAKE_PREFIX_PATH}:/opt/ros/humble /usr/bin/cmake /home/ros/colcon_ws/ros2-q4d/src/q2d/q2d_bringup -DCMAKE_INSTALL_PREFIX=/home/ros/colcon_ws/install/q2d_bringup
[0.991s] Invoking command in '/home/ros/colcon_ws/build/q2d_bringup': CMAKE_PREFIX_PATH=${CMAKE_PREFIX_PATH}:/opt/ros/humble /usr/bin/cmake --build /home/ros/colcon_ws/build/q2d_bringup -- -j3 -l3
[1.028s] Invoked command in '/home/ros/colcon_ws/build/q2d_bringup' returned '0': CMAKE_PREFIX_PATH=${CMAKE_PREFIX_PATH}:/opt/ros/humble /usr/bin/cmake --build /home/ros/colcon_ws/build/q2d_bringup -- -j3 -l3
[1.065s] Invoking command in '/home/ros/colcon_ws/build/q2d_bringup': CMAKE_PREFIX_PATH=${CMAKE_PREFIX_PATH}:/opt/ros/humble /usr/bin/cmake --install /home/ros/colcon_ws/build/q2d_bringup
[1.095s] -- Install configuration: ""
[1.096s] -- Installing: /home/ros/colcon_ws/install/q2d_bringup/lib/q2d_bringup/ijc_step.sh
[1.096s] -- Installing: /home/ros/colcon_ws/install/q2d_bringup/lib/q2d_bringup/ijc_square.py
[1.096s] -- Installing: /home/ros/colcon_ws/install/q2d_bringup/share/q2d_bringup/config
[1.096s] -- Installing: /home/ros/colcon_ws/install/q2d_bringup/share/q2d_bringup/config/group_pid.yaml
[1.096s] -- Installing: /home/ros/colcon_ws/install/q2d_bringup/share/q2d_bringup/config/bypass.yaml
[1.096s] -- Installing: /home/ros/colcon_ws/install/q2d_bringup/share/q2d_bringup/config/pid_plus_gravity.yaml
[1.096s] -- Installing: /home/ros/colcon_ws/install/q2d_bringup/share/q2d_bringup/config/pid.yaml
[1.096s] -- Installing: /home/ros/colcon_ws/install/q2d_bringup/share/q2d_bringup/config/computed_torque.yaml
[1.096s] -- Installing: /home/ros/colcon_ws/install/q2d_bringup/share/q2d_bringup/config/group_bypass.yaml
[1.096s] -- Installing: /home/ros/colcon_ws/install/q2d_bringup/share/q2d_bringup/launch
[1.096s] -- Installing: /home/ros/colcon_ws/install/q2d_bringup/share/q2d_bringup/launch/bypass.launch.xml
[1.096s] -- Installing: /home/ros/colcon_ws/install/q2d_bringup/share/q2d_bringup/launch/gazebo.launch.xml
[1.096s] -- Installing: /home/ros/colcon_ws/install/q2d_bringup/share/q2d_bringup/launch/computed_torque.launch.xml
[1.096s] -- Installing: /home/ros/colcon_ws/install/q2d_bringup/share/q2d_bringup/launch/pid.launch.xml
[1.097s] -- Installing: /home/ros/colcon_ws/install/q2d_bringup/share/q2d_bringup/launch/group_bypass.launch.xml
[1.097s] -- Installing: /home/ros/colcon_ws/install/q2d_bringup/share/q2d_bringup/launch/group_pid.launch.xml
[1.097s] -- Installing: /home/ros/colcon_ws/install/q2d_bringup/share/q2d_bringup/launch/pid_plus_gravity.launch.xml
[1.097s] -- Installing: /home/ros/colcon_ws/install/q2d_bringup/share/q2d_bringup/launch/ignition.launch.xml
[1.097s] -- Installing: /home/ros/colcon_ws/install/q2d_bringup/share/ament_index/resource_index/package_run_dependencies/q2d_bringup
[1.097s] -- Installing: /home/ros/colcon_ws/install/q2d_bringup/share/ament_index/resource_index/parent_prefix_path/q2d_bringup
[1.097s] -- Installing: /home/ros/colcon_ws/install/q2d_bringup/share/q2d_bringup/environment/ament_prefix_path.sh
[1.097s] -- Installing: /home/ros/colcon_ws/install/q2d_bringup/share/q2d_bringup/environment/ament_prefix_path.dsv
[1.097s] -- Installing: /home/ros/colcon_ws/install/q2d_bringup/share/q2d_bringup/environment/path.sh
[1.097s] -- Installing: /home/ros/colcon_ws/install/q2d_bringup/share/q2d_bringup/environment/path.dsv
[1.097s] -- Installing: /home/ros/colcon_ws/install/q2d_bringup/share/q2d_bringup/local_setup.bash
[1.097s] -- Installing: /home/ros/colcon_ws/install/q2d_bringup/share/q2d_bringup/local_setup.sh
[1.097s] -- Installing: /home/ros/colcon_ws/install/q2d_bringup/share/q2d_bringup/local_setup.zsh
[1.097s] -- Installing: /home/ros/colcon_ws/install/q2d_bringup/share/q2d_bringup/local_setup.dsv
[1.097s] -- Installing: /home/ros/colcon_ws/install/q2d_bringup/share/q2d_bringup/package.dsv
[1.098s] -- Installing: /home/ros/colcon_ws/install/q2d_bringup/share/ament_index/resource_index/packages/q2d_bringup
[1.105s] -- Installing: /home/ros/colcon_ws/install/q2d_bringup/share/q2d_bringup/cmake/q2d_bringupConfig.cmake
[1.105s] -- Installing: /home/ros/colcon_ws/install/q2d_bringup/share/q2d_bringup/cmake/q2d_bringupConfig-version.cmake
[1.105s] -- Installing: /home/ros/colcon_ws/install/q2d_bringup/share/q2d_bringup/package.xml
[1.105s] Invoked command in '/home/ros/colcon_ws/build/q2d_bringup' returned '0': CMAKE_PREFIX_PATH=${CMAKE_PREFIX_PATH}:/opt/ros/humble /usr/bin/cmake --install /home/ros/colcon_ws/build/q2d_bringup
