[0.329s] DEBUG:colcon:Command line arguments: ['/usr/bin/colcon', 'build', '--symlink-install']
[0.329s] DEBUG:colcon:Parsed command line arguments: Namespace(log_base=None, log_level=None, verb_name='build', build_base='build', install_base='install', merge_install=False, symlink_install=True, test_result_base=None, continue_on_error=False, executor='parallel', parallel_workers=3, event_handlers=None, ignore_user_meta=False, metas=['./colcon.meta'], base_paths=['.'], packages_ignore=None, packages_ignore_regex=None, paths=None, packages_up_to=None, packages_up_to_regex=None, packages_above=None, packages_above_and_dependencies=None, packages_above_depth=None, packages_select_by_dep=None, packages_skip_by_dep=None, packages_skip_up_to=None, packages_select_build_failed=False, packages_skip_build_finished=False, packages_select_test_failures=False, packages_skip_test_passed=False, packages_select=None, packages_skip=None, packages_select_regex=None, packages_skip_regex=None, packages_start=None, packages_end=None, allow_overriding=[], cmake_args=None, cmake_target=None, cmake_target_skip_unavailable=False, cmake_clean_cache=False, cmake_clean_first=False, cmake_force_configure=False, ament_cmake_args=None, catkin_cmake_args=None, catkin_skip_building_tests=False, verb_parser=<colcon_defaults.argument_parser.defaults.DefaultArgumentsDecorator object at 0x7f8f4a5d84f0>, verb_extension=<colcon_core.verb.build.BuildVerb object at 0x7f8f4add2890>, main=<bound method BuildVerb.main of <colcon_core.verb.build.BuildVerb object at 0x7f8f4add2890>>)
[0.361s] Level 1:colcon.colcon_core.package_discovery:discover_packages(colcon_meta) check parameters
[0.361s] Level 1:colcon.colcon_core.package_discovery:discover_packages(recursive) check parameters
[0.361s] Level 1:colcon.colcon_core.package_discovery:discover_packages(ignore) check parameters
[0.361s] Level 1:colcon.colcon_core.package_discovery:discover_packages(path) check parameters
[0.361s] Level 1:colcon.colcon_core.package_discovery:discover_packages(colcon_meta) discover
[0.361s] Level 1:colcon.colcon_core.package_discovery:discover_packages(recursive) discover
[0.361s] INFO:colcon.colcon_core.package_discovery:Crawling recursively for packages in '/home/ros/colcon_ws'
[0.362s] Level 1:colcon.colcon_core.package_identification:_identify(.) by extensions ['ignore', 'ignore_ament_install']
[0.362s] Level 1:colcon.colcon_core.package_identification:_identify(.) by extension 'ignore'
[0.362s] Level 1:colcon.colcon_core.package_identification:_identify(.) by extension 'ignore_ament_install'
[0.362s] Level 1:colcon.colcon_core.package_identification:_identify(.) by extensions ['colcon_pkg']
[0.362s] Level 1:colcon.colcon_core.package_identification:_identify(.) by extension 'colcon_pkg'
[0.362s] Level 1:colcon.colcon_core.package_identification:_identify(.) by extensions ['colcon_meta']
[0.362s] Level 1:colcon.colcon_core.package_identification:_identify(.) by extension 'colcon_meta'
[0.362s] Level 1:colcon.colcon_core.package_identification:_identify(.) by extensions ['ros']
[0.362s] Level 1:colcon.colcon_core.package_identification:_identify(.) by extension 'ros'
[0.373s] Level 1:colcon.colcon_core.package_identification:_identify(.) by extensions ['cmake', 'python']
[0.373s] Level 1:colcon.colcon_core.package_identification:_identify(.) by extension 'cmake'
[0.373s] Level 1:colcon.colcon_core.package_identification:_identify(.) by extension 'python'
[0.373s] Level 1:colcon.colcon_core.package_identification:_identify(.) by extensions ['python_setup_py']
[0.373s] Level 1:colcon.colcon_core.package_identification:_identify(.) by extension 'python_setup_py'
[0.373s] Level 1:colcon.colcon_core.package_identification:_identify(build) by extensions ['ignore', 'ignore_ament_install']
[0.373s] Level 1:colcon.colcon_core.package_identification:_identify(build) by extension 'ignore'
[0.373s] Level 1:colcon.colcon_core.package_identification:_identify(build) ignored
[0.374s] Level 1:colcon.colcon_core.package_identification:_identify(install) by extensions ['ignore', 'ignore_ament_install']
[0.374s] Level 1:colcon.colcon_core.package_identification:_identify(install) by extension 'ignore'
[0.374s] Level 1:colcon.colcon_core.package_identification:_identify(install) ignored
[0.374s] Level 1:colcon.colcon_core.package_identification:_identify(log) by extensions ['ignore', 'ignore_ament_install']
[0.374s] Level 1:colcon.colcon_core.package_identification:_identify(log) by extension 'ignore'
[0.374s] Level 1:colcon.colcon_core.package_identification:_identify(log) ignored
[0.374s] Level 1:colcon.colcon_core.package_identification:_identify(src) by extensions ['ignore', 'ignore_ament_install']
[0.374s] Level 1:colcon.colcon_core.package_identification:_identify(src) by extension 'ignore'
[0.374s] Level 1:colcon.colcon_core.package_identification:_identify(src) by extension 'ignore_ament_install'
[0.374s] Level 1:colcon.colcon_core.package_identification:_identify(src) by extensions ['colcon_pkg']
[0.374s] Level 1:colcon.colcon_core.package_identification:_identify(src) by extension 'colcon_pkg'
[0.374s] Level 1:colcon.colcon_core.package_identification:_identify(src) by extensions ['colcon_meta']
[0.374s] Level 1:colcon.colcon_core.package_identification:_identify(src) by extension 'colcon_meta'
[0.374s] Level 1:colcon.colcon_core.package_identification:_identify(src) by extensions ['ros']
[0.374s] Level 1:colcon.colcon_core.package_identification:_identify(src) by extension 'ros'
[0.374s] Level 1:colcon.colcon_core.package_identification:_identify(src) by extensions ['cmake', 'python']
[0.374s] Level 1:colcon.colcon_core.package_identification:_identify(src) by extension 'cmake'
[0.374s] Level 1:colcon.colcon_core.package_identification:_identify(src) by extension 'python'
[0.375s] Level 1:colcon.colcon_core.package_identification:_identify(src) by extensions ['python_setup_py']
[0.375s] Level 1:colcon.colcon_core.package_identification:_identify(src) by extension 'python_setup_py'
[0.375s] Level 1:colcon.colcon_core.package_identification:_identify(src/eng10026_lab2) by extensions ['ignore', 'ignore_ament_install']
[0.375s] Level 1:colcon.colcon_core.package_identification:_identify(src/eng10026_lab2) by extension 'ignore'
[0.375s] Level 1:colcon.colcon_core.package_identification:_identify(src/eng10026_lab2) by extension 'ignore_ament_install'
[0.375s] Level 1:colcon.colcon_core.package_identification:_identify(src/eng10026_lab2) by extensions ['colcon_pkg']
[0.375s] Level 1:colcon.colcon_core.package_identification:_identify(src/eng10026_lab2) by extension 'colcon_pkg'
[0.375s] Level 1:colcon.colcon_core.package_identification:_identify(src/eng10026_lab2) by extensions ['colcon_meta']
[0.375s] Level 1:colcon.colcon_core.package_identification:_identify(src/eng10026_lab2) by extension 'colcon_meta'
[0.375s] Level 1:colcon.colcon_core.package_identification:_identify(src/eng10026_lab2) by extensions ['ros']
[0.375s] Level 1:colcon.colcon_core.package_identification:_identify(src/eng10026_lab2) by extension 'ros'
[0.378s] DEBUG:colcon.colcon_core.package_identification:Package 'src/eng10026_lab2' with type 'ros.ament_cmake' and name 'eng10026_lab2'
[0.378s] Level 1:colcon.colcon_core.package_identification:_identify(src/eng10026_publisher) by extensions ['ignore', 'ignore_ament_install']
[0.378s] Level 1:colcon.colcon_core.package_identification:_identify(src/eng10026_publisher) by extension 'ignore'
[0.378s] Level 1:colcon.colcon_core.package_identification:_identify(src/eng10026_publisher) by extension 'ignore_ament_install'
[0.378s] Level 1:colcon.colcon_core.package_identification:_identify(src/eng10026_publisher) by extensions ['colcon_pkg']
[0.378s] Level 1:colcon.colcon_core.package_identification:_identify(src/eng10026_publisher) by extension 'colcon_pkg'
[0.378s] Level 1:colcon.colcon_core.package_identification:_identify(src/eng10026_publisher) by extensions ['colcon_meta']
[0.378s] Level 1:colcon.colcon_core.package_identification:_identify(src/eng10026_publisher) by extension 'colcon_meta'
[0.378s] Level 1:colcon.colcon_core.package_identification:_identify(src/eng10026_publisher) by extensions ['ros']
[0.378s] Level 1:colcon.colcon_core.package_identification:_identify(src/eng10026_publisher) by extension 'ros'
[0.379s] DEBUG:colcon.colcon_core.package_identification:Package 'src/eng10026_publisher' with type 'ros.ament_cmake' and name 'eng10026_publisher'
[0.379s] Level 1:colcon.colcon_core.package_identification:_identify(src/eng10026_subscriber) by extensions ['ignore', 'ignore_ament_install']
[0.379s] Level 1:colcon.colcon_core.package_identification:_identify(src/eng10026_subscriber) by extension 'ignore'
[0.379s] Level 1:colcon.colcon_core.package_identification:_identify(src/eng10026_subscriber) by extension 'ignore_ament_install'
[0.379s] Level 1:colcon.colcon_core.package_identification:_identify(src/eng10026_subscriber) by extensions ['colcon_pkg']
[0.379s] Level 1:colcon.colcon_core.package_identification:_identify(src/eng10026_subscriber) by extension 'colcon_pkg'
[0.379s] Level 1:colcon.colcon_core.package_identification:_identify(src/eng10026_subscriber) by extensions ['colcon_meta']
[0.379s] Level 1:colcon.colcon_core.package_identification:_identify(src/eng10026_subscriber) by extension 'colcon_meta'
[0.379s] Level 1:colcon.colcon_core.package_identification:_identify(src/eng10026_subscriber) by extensions ['ros']
[0.379s] Level 1:colcon.colcon_core.package_identification:_identify(src/eng10026_subscriber) by extension 'ros'
[0.380s] DEBUG:colcon.colcon_core.package_identification:Package 'src/eng10026_subscriber' with type 'ros.ament_cmake' and name 'eng10026_subscriber'
[0.380s] Level 1:colcon.colcon_core.package_identification:_identify(src/eng10026_tf2) by extensions ['ignore', 'ignore_ament_install']
[0.380s] Level 1:colcon.colcon_core.package_identification:_identify(src/eng10026_tf2) by extension 'ignore'
[0.380s] Level 1:colcon.colcon_core.package_identification:_identify(src/eng10026_tf2) by extension 'ignore_ament_install'
[0.380s] Level 1:colcon.colcon_core.package_identification:_identify(src/eng10026_tf2) by extensions ['colcon_pkg']
[0.380s] Level 1:colcon.colcon_core.package_identification:_identify(src/eng10026_tf2) by extension 'colcon_pkg'
[0.380s] Level 1:colcon.colcon_core.package_identification:_identify(src/eng10026_tf2) by extensions ['colcon_meta']
[0.380s] Level 1:colcon.colcon_core.package_identification:_identify(src/eng10026_tf2) by extension 'colcon_meta'
[0.380s] Level 1:colcon.colcon_core.package_identification:_identify(src/eng10026_tf2) by extensions ['ros']
[0.381s] Level 1:colcon.colcon_core.package_identification:_identify(src/eng10026_tf2) by extension 'ros'
[0.381s] Level 1:colcon.colcon_core.package_identification:_identify(src/eng10026_tf2) by extensions ['cmake', 'python']
[0.381s] Level 1:colcon.colcon_core.package_identification:_identify(src/eng10026_tf2) by extension 'cmake'
[0.381s] Level 1:colcon.colcon_core.package_identification:_identify(src/eng10026_tf2) by extension 'python'
[0.381s] Level 1:colcon.colcon_core.package_identification:_identify(src/eng10026_tf2) by extensions ['python_setup_py']
[0.381s] Level 1:colcon.colcon_core.package_identification:_identify(src/eng10026_tf2) by extension 'python_setup_py'
[0.381s] Level 1:colcon.colcon_core.package_identification:_identify(src/eng10026_tf2/config) by extensions ['ignore', 'ignore_ament_install']
[0.381s] Level 1:colcon.colcon_core.package_identification:_identify(src/eng10026_tf2/config) by extension 'ignore'
[0.381s] Level 1:colcon.colcon_core.package_identification:_identify(src/eng10026_tf2/config) by extension 'ignore_ament_install'
[0.381s] Level 1:colcon.colcon_core.package_identification:_identify(src/eng10026_tf2/config) by extensions ['colcon_pkg']
[0.381s] Level 1:colcon.colcon_core.package_identification:_identify(src/eng10026_tf2/config) by extension 'colcon_pkg'
[0.381s] Level 1:colcon.colcon_core.package_identification:_identify(src/eng10026_tf2/config) by extensions ['colcon_meta']
[0.381s] Level 1:colcon.colcon_core.package_identification:_identify(src/eng10026_tf2/config) by extension 'colcon_meta'
[0.381s] Level 1:colcon.colcon_core.package_identification:_identify(src/eng10026_tf2/config) by extensions ['ros']
[0.381s] Level 1:colcon.colcon_core.package_identification:_identify(src/eng10026_tf2/config) by extension 'ros'
[0.381s] Level 1:colcon.colcon_core.package_identification:_identify(src/eng10026_tf2/config) by extensions ['cmake', 'python']
[0.381s] Level 1:colcon.colcon_core.package_identification:_identify(src/eng10026_tf2/config) by extension 'cmake'
[0.381s] Level 1:colcon.colcon_core.package_identification:_identify(src/eng10026_tf2/config) by extension 'python'
[0.381s] Level 1:colcon.colcon_core.package_identification:_identify(src/eng10026_tf2/config) by extensions ['python_setup_py']
[0.381s] Level 1:colcon.colcon_core.package_identification:_identify(src/eng10026_tf2/config) by extension 'python_setup_py'
[0.381s] Level 1:colcon.colcon_core.package_identification:_identify(src/q2d) by extensions ['ignore', 'ignore_ament_install']
[0.381s] Level 1:colcon.colcon_core.package_identification:_identify(src/q2d) by extension 'ignore'
[0.382s] Level 1:colcon.colcon_core.package_identification:_identify(src/q2d) by extension 'ignore_ament_install'
[0.382s] Level 1:colcon.colcon_core.package_identification:_identify(src/q2d) by extensions ['colcon_pkg']
[0.382s] Level 1:colcon.colcon_core.package_identification:_identify(src/q2d) by extension 'colcon_pkg'
[0.382s] Level 1:colcon.colcon_core.package_identification:_identify(src/q2d) by extensions ['colcon_meta']
[0.382s] Level 1:colcon.colcon_core.package_identification:_identify(src/q2d) by extension 'colcon_meta'
[0.382s] Level 1:colcon.colcon_core.package_identification:_identify(src/q2d) by extensions ['ros']
[0.382s] Level 1:colcon.colcon_core.package_identification:_identify(src/q2d) by extension 'ros'
[0.382s] Level 1:colcon.colcon_core.package_identification:_identify(src/q2d) by extensions ['cmake', 'python']
[0.382s] Level 1:colcon.colcon_core.package_identification:_identify(src/q2d) by extension 'cmake'
[0.382s] Level 1:colcon.colcon_core.package_identification:_identify(src/q2d) by extension 'python'
[0.382s] Level 1:colcon.colcon_core.package_identification:_identify(src/q2d) by extensions ['python_setup_py']
[0.382s] Level 1:colcon.colcon_core.package_identification:_identify(src/q2d) by extension 'python_setup_py'
[0.382s] Level 1:colcon.colcon_core.package_identification:_identify(src/q2d/q2d_bringup) by extensions ['ignore', 'ignore_ament_install']
[0.382s] Level 1:colcon.colcon_core.package_identification:_identify(src/q2d/q2d_bringup) by extension 'ignore'
[0.382s] Level 1:colcon.colcon_core.package_identification:_identify(src/q2d/q2d_bringup) by extension 'ignore_ament_install'
[0.382s] Level 1:colcon.colcon_core.package_identification:_identify(src/q2d/q2d_bringup) by extensions ['colcon_pkg']
[0.382s] Level 1:colcon.colcon_core.package_identification:_identify(src/q2d/q2d_bringup) by extension 'colcon_pkg'
[0.382s] Level 1:colcon.colcon_core.package_identification:_identify(src/q2d/q2d_bringup) by extensions ['colcon_meta']
[0.382s] Level 1:colcon.colcon_core.package_identification:_identify(src/q2d/q2d_bringup) by extension 'colcon_meta'
[0.382s] Level 1:colcon.colcon_core.package_identification:_identify(src/q2d/q2d_bringup) by extensions ['ros']
[0.382s] Level 1:colcon.colcon_core.package_identification:_identify(src/q2d/q2d_bringup) by extension 'ros'
[0.383s] DEBUG:colcon.colcon_core.package_identification:Package 'src/q2d/q2d_bringup' with type 'ros.ament_cmake' and name 'q2d_bringup'
[0.383s] Level 1:colcon.colcon_core.package_identification:_identify(src/q2d/q2d_description) by extensions ['ignore', 'ignore_ament_install']
[0.383s] Level 1:colcon.colcon_core.package_identification:_identify(src/q2d/q2d_description) by extension 'ignore'
[0.383s] Level 1:colcon.colcon_core.package_identification:_identify(src/q2d/q2d_description) by extension 'ignore_ament_install'
[0.383s] Level 1:colcon.colcon_core.package_identification:_identify(src/q2d/q2d_description) by extensions ['colcon_pkg']
[0.383s] Level 1:colcon.colcon_core.package_identification:_identify(src/q2d/q2d_description) by extension 'colcon_pkg'
[0.383s] Level 1:colcon.colcon_core.package_identification:_identify(src/q2d/q2d_description) by extensions ['colcon_meta']
[0.383s] Level 1:colcon.colcon_core.package_identification:_identify(src/q2d/q2d_description) by extension 'colcon_meta'
[0.383s] Level 1:colcon.colcon_core.package_identification:_identify(src/q2d/q2d_description) by extensions ['ros']
[0.383s] Level 1:colcon.colcon_core.package_identification:_identify(src/q2d/q2d_description) by extension 'ros'
[0.384s] DEBUG:colcon.colcon_core.package_identification:Package 'src/q2d/q2d_description' with type 'ros.ament_cmake' and name 'q2d_description'
[0.384s] Level 1:colcon.colcon_core.package_identification:_identify(src/q2d/q2d_teleop) by extensions ['ignore', 'ignore_ament_install']
[0.384s] Level 1:colcon.colcon_core.package_identification:_identify(src/q2d/q2d_teleop) by extension 'ignore'
[0.384s] Level 1:colcon.colcon_core.package_identification:_identify(src/q2d/q2d_teleop) by extension 'ignore_ament_install'
[0.384s] Level 1:colcon.colcon_core.package_identification:_identify(src/q2d/q2d_teleop) by extensions ['colcon_pkg']
[0.384s] Level 1:colcon.colcon_core.package_identification:_identify(src/q2d/q2d_teleop) by extension 'colcon_pkg'
[0.384s] Level 1:colcon.colcon_core.package_identification:_identify(src/q2d/q2d_teleop) by extensions ['colcon_meta']
[0.384s] Level 1:colcon.colcon_core.package_identification:_identify(src/q2d/q2d_teleop) by extension 'colcon_meta'
[0.384s] Level 1:colcon.colcon_core.package_identification:_identify(src/q2d/q2d_teleop) by extensions ['ros']
[0.384s] Level 1:colcon.colcon_core.package_identification:_identify(src/q2d/q2d_teleop) by extension 'ros'
[0.385s] DEBUG:colcon.colcon_core.package_identification:Package 'src/q2d/q2d_teleop' with type 'ros.ament_cmake' and name 'q2d_teleop'
[0.385s] Level 1:colcon.colcon_core.package_identification:_identify(src/q4d_description) by extensions ['ignore', 'ignore_ament_install']
[0.385s] Level 1:colcon.colcon_core.package_identification:_identify(src/q4d_description) by extension 'ignore'
[0.385s] Level 1:colcon.colcon_core.package_identification:_identify(src/q4d_description) by extension 'ignore_ament_install'
[0.386s] Level 1:colcon.colcon_core.package_identification:_identify(src/q4d_description) by extensions ['colcon_pkg']
[0.386s] Level 1:colcon.colcon_core.package_identification:_identify(src/q4d_description) by extension 'colcon_pkg'
[0.386s] Level 1:colcon.colcon_core.package_identification:_identify(src/q4d_description) by extensions ['colcon_meta']
[0.386s] Level 1:colcon.colcon_core.package_identification:_identify(src/q4d_description) by extension 'colcon_meta'
[0.386s] Level 1:colcon.colcon_core.package_identification:_identify(src/q4d_description) by extensions ['ros']
[0.386s] Level 1:colcon.colcon_core.package_identification:_identify(src/q4d_description) by extension 'ros'
[0.386s] DEBUG:colcon.colcon_core.package_identification:Package 'src/q4d_description' with type 'ros.ament_cmake' and name 'q4d_description'
[0.386s] Level 1:colcon.colcon_core.package_discovery:discover_packages(recursive) using defaults
[0.386s] Level 1:colcon.colcon_core.package_discovery:discover_packages(ignore) discover
[0.386s] Level 1:colcon.colcon_core.package_discovery:discover_packages(ignore) using defaults
[0.386s] Level 1:colcon.colcon_core.package_discovery:discover_packages(path) discover
[0.386s] Level 1:colcon.colcon_core.package_discovery:discover_packages(path) using defaults
[0.411s] Level 1:colcon.colcon_core.package_discovery:discover_packages(prefix_path) check parameters
[0.411s] Level 1:colcon.colcon_core.package_discovery:discover_packages(prefix_path) discover
[0.414s] DEBUG:colcon.colcon_installed_package_information.package_discovery:Found 7 installed packages in /home/ros/colcon_ws/install
[0.416s] DEBUG:colcon.colcon_installed_package_information.package_discovery:Found 308 installed packages in /opt/ros/humble
[0.418s] Level 1:colcon.colcon_core.package_discovery:discover_packages(prefix_path) using defaults
[0.485s] Level 5:colcon.colcon_core.verb:set package 'eng10026_lab2' build argument 'cmake_args' from command line to 'None'
[0.485s] Level 5:colcon.colcon_core.verb:set package 'eng10026_lab2' build argument 'cmake_target' from command line to 'None'
[0.485s] Level 5:colcon.colcon_core.verb:set package 'eng10026_lab2' build argument 'cmake_target_skip_unavailable' from command line to 'False'
[0.485s] Level 5:colcon.colcon_core.verb:set package 'eng10026_lab2' build argument 'cmake_clean_cache' from command line to 'False'
[0.485s] Level 5:colcon.colcon_core.verb:set package 'eng10026_lab2' build argument 'cmake_clean_first' from command line to 'False'
[0.485s] Level 5:colcon.colcon_core.verb:set package 'eng10026_lab2' build argument 'cmake_force_configure' from command line to 'False'
[0.485s] Level 5:colcon.colcon_core.verb:set package 'eng10026_lab2' build argument 'ament_cmake_args' from command line to 'None'
[0.485s] Level 5:colcon.colcon_core.verb:set package 'eng10026_lab2' build argument 'catkin_cmake_args' from command line to 'None'
[0.485s] Level 5:colcon.colcon_core.verb:set package 'eng10026_lab2' build argument 'catkin_skip_building_tests' from command line to 'False'
[0.485s] DEBUG:colcon.colcon_core.verb:Building package 'eng10026_lab2' with the following arguments: {'ament_cmake_args': None, 'build_base': '/home/ros/colcon_ws/build/eng10026_lab2', 'catkin_cmake_args': None, 'catkin_skip_building_tests': False, 'cmake_args': None, 'cmake_clean_cache': False, 'cmake_clean_first': False, 'cmake_force_configure': False, 'cmake_target': None, 'cmake_target_skip_unavailable': False, 'install_base': '/home/ros/colcon_ws/install/eng10026_lab2', 'merge_install': False, 'path': '/home/ros/colcon_ws/src/eng10026_lab2', 'symlink_install': True, 'test_result_base': None}
[0.486s] Level 5:colcon.colcon_core.verb:set package 'eng10026_publisher' build argument 'cmake_args' from command line to 'None'
[0.486s] Level 5:colcon.colcon_core.verb:set package 'eng10026_publisher' build argument 'cmake_target' from command line to 'None'
[0.486s] Level 5:colcon.colcon_core.verb:set package 'eng10026_publisher' build argument 'cmake_target_skip_unavailable' from command line to 'False'
[0.486s] Level 5:colcon.colcon_core.verb:set package 'eng10026_publisher' build argument 'cmake_clean_cache' from command line to 'False'
[0.486s] Level 5:colcon.colcon_core.verb:set package 'eng10026_publisher' build argument 'cmake_clean_first' from command line to 'False'
[0.486s] Level 5:colcon.colcon_core.verb:set package 'eng10026_publisher' build argument 'cmake_force_configure' from command line to 'False'
[0.486s] Level 5:colcon.colcon_core.verb:set package 'eng10026_publisher' build argument 'ament_cmake_args' from command line to 'None'
[0.486s] Level 5:colcon.colcon_core.verb:set package 'eng10026_publisher' build argument 'catkin_cmake_args' from command line to 'None'
[0.486s] Level 5:colcon.colcon_core.verb:set package 'eng10026_publisher' build argument 'catkin_skip_building_tests' from command line to 'False'
[0.486s] DEBUG:colcon.colcon_core.verb:Building package 'eng10026_publisher' with the following arguments: {'ament_cmake_args': None, 'build_base': '/home/ros/colcon_ws/build/eng10026_publisher', 'catkin_cmake_args': None, 'catkin_skip_building_tests': False, 'cmake_args': None, 'cmake_clean_cache': False, 'cmake_clean_first': False, 'cmake_force_configure': False, 'cmake_target': None, 'cmake_target_skip_unavailable': False, 'install_base': '/home/ros/colcon_ws/install/eng10026_publisher', 'merge_install': False, 'path': '/home/ros/colcon_ws/src/eng10026_publisher', 'symlink_install': True, 'test_result_base': None}
[0.487s] Level 5:colcon.colcon_core.verb:set package 'eng10026_subscriber' build argument 'cmake_args' from command line to 'None'
[0.487s] Level 5:colcon.colcon_core.verb:set package 'eng10026_subscriber' build argument 'cmake_target' from command line to 'None'
[0.487s] Level 5:colcon.colcon_core.verb:set package 'eng10026_subscriber' build argument 'cmake_target_skip_unavailable' from command line to 'False'
[0.487s] Level 5:colcon.colcon_core.verb:set package 'eng10026_subscriber' build argument 'cmake_clean_cache' from command line to 'False'
[0.487s] Level 5:colcon.colcon_core.verb:set package 'eng10026_subscriber' build argument 'cmake_clean_first' from command line to 'False'
[0.487s] Level 5:colcon.colcon_core.verb:set package 'eng10026_subscriber' build argument 'cmake_force_configure' from command line to 'False'
[0.487s] Level 5:colcon.colcon_core.verb:set package 'eng10026_subscriber' build argument 'ament_cmake_args' from command line to 'None'
[0.487s] Level 5:colcon.colcon_core.verb:set package 'eng10026_subscriber' build argument 'catkin_cmake_args' from command line to 'None'
[0.487s] Level 5:colcon.colcon_core.verb:set package 'eng10026_subscriber' build argument 'catkin_skip_building_tests' from command line to 'False'
[0.487s] DEBUG:colcon.colcon_core.verb:Building package 'eng10026_subscriber' with the following arguments: {'ament_cmake_args': None, 'build_base': '/home/ros/colcon_ws/build/eng10026_subscriber', 'catkin_cmake_args': None, 'catkin_skip_building_tests': False, 'cmake_args': None, 'cmake_clean_cache': False, 'cmake_clean_first': False, 'cmake_force_configure': False, 'cmake_target': None, 'cmake_target_skip_unavailable': False, 'install_base': '/home/ros/colcon_ws/install/eng10026_subscriber', 'merge_install': False, 'path': '/home/ros/colcon_ws/src/eng10026_subscriber', 'symlink_install': True, 'test_result_base': None}
[0.488s] Level 5:colcon.colcon_core.verb:set package 'q2d_bringup' build argument 'cmake_args' from command line to 'None'
[0.488s] Level 5:colcon.colcon_core.verb:set package 'q2d_bringup' build argument 'cmake_target' from command line to 'None'
[0.488s] Level 5:colcon.colcon_core.verb:set package 'q2d_bringup' build argument 'cmake_target_skip_unavailable' from command line to 'False'
[0.489s] Level 5:colcon.colcon_core.verb:set package 'q2d_bringup' build argument 'cmake_clean_cache' from command line to 'False'
[0.489s] Level 5:colcon.colcon_core.verb:set package 'q2d_bringup' build argument 'cmake_clean_first' from command line to 'False'
[0.489s] Level 5:colcon.colcon_core.verb:set package 'q2d_bringup' build argument 'cmake_force_configure' from command line to 'False'
[0.489s] Level 5:colcon.colcon_core.verb:set package 'q2d_bringup' build argument 'ament_cmake_args' from command line to 'None'
[0.489s] Level 5:colcon.colcon_core.verb:set package 'q2d_bringup' build argument 'catkin_cmake_args' from command line to 'None'
[0.489s] Level 5:colcon.colcon_core.verb:set package 'q2d_bringup' build argument 'catkin_skip_building_tests' from command line to 'False'
[0.489s] DEBUG:colcon.colcon_core.verb:Building package 'q2d_bringup' with the following arguments: {'ament_cmake_args': None, 'build_base': '/home/ros/colcon_ws/build/q2d_bringup', 'catkin_cmake_args': None, 'catkin_skip_building_tests': False, 'cmake_args': None, 'cmake_clean_cache': False, 'cmake_clean_first': False, 'cmake_force_configure': False, 'cmake_target': None, 'cmake_target_skip_unavailable': False, 'install_base': '/home/ros/colcon_ws/install/q2d_bringup', 'merge_install': False, 'path': '/home/ros/colcon_ws/src/q2d/q2d_bringup', 'symlink_install': True, 'test_result_base': None}
[0.490s] Level 5:colcon.colcon_core.verb:set package 'q2d_description' build argument 'cmake_args' from command line to 'None'
[0.490s] Level 5:colcon.colcon_core.verb:set package 'q2d_description' build argument 'cmake_target' from command line to 'None'
[0.490s] Level 5:colcon.colcon_core.verb:set package 'q2d_description' build argument 'cmake_target_skip_unavailable' from command line to 'False'
[0.490s] Level 5:colcon.colcon_core.verb:set package 'q2d_description' build argument 'cmake_clean_cache' from command line to 'False'
[0.490s] Level 5:colcon.colcon_core.verb:set package 'q2d_description' build argument 'cmake_clean_first' from command line to 'False'
[0.490s] Level 5:colcon.colcon_core.verb:set package 'q2d_description' build argument 'cmake_force_configure' from command line to 'False'
[0.490s] Level 5:colcon.colcon_core.verb:set package 'q2d_description' build argument 'ament_cmake_args' from command line to 'None'
[0.490s] Level 5:colcon.colcon_core.verb:set package 'q2d_description' build argument 'catkin_cmake_args' from command line to 'None'
[0.490s] Level 5:colcon.colcon_core.verb:set package 'q2d_description' build argument 'catkin_skip_building_tests' from command line to 'False'
[0.490s] DEBUG:colcon.colcon_core.verb:Building package 'q2d_description' with the following arguments: {'ament_cmake_args': None, 'build_base': '/home/ros/colcon_ws/build/q2d_description', 'catkin_cmake_args': None, 'catkin_skip_building_tests': False, 'cmake_args': None, 'cmake_clean_cache': False, 'cmake_clean_first': False, 'cmake_force_configure': False, 'cmake_target': None, 'cmake_target_skip_unavailable': False, 'install_base': '/home/ros/colcon_ws/install/q2d_description', 'merge_install': False, 'path': '/home/ros/colcon_ws/src/q2d/q2d_description', 'symlink_install': True, 'test_result_base': None}
[0.491s] Level 5:colcon.colcon_core.verb:set package 'q2d_teleop' build argument 'cmake_args' from command line to 'None'
[0.491s] Level 5:colcon.colcon_core.verb:set package 'q2d_teleop' build argument 'cmake_target' from command line to 'None'
[0.491s] Level 5:colcon.colcon_core.verb:set package 'q2d_teleop' build argument 'cmake_target_skip_unavailable' from command line to 'False'
[0.491s] Level 5:colcon.colcon_core.verb:set package 'q2d_teleop' build argument 'cmake_clean_cache' from command line to 'False'
[0.491s] Level 5:colcon.colcon_core.verb:set package 'q2d_teleop' build argument 'cmake_clean_first' from command line to 'False'
[0.491s] Level 5:colcon.colcon_core.verb:set package 'q2d_teleop' build argument 'cmake_force_configure' from command line to 'False'
[0.491s] Level 5:colcon.colcon_core.verb:set package 'q2d_teleop' build argument 'ament_cmake_args' from command line to 'None'
[0.491s] Level 5:colcon.colcon_core.verb:set package 'q2d_teleop' build argument 'catkin_cmake_args' from command line to 'None'
[0.491s] Level 5:colcon.colcon_core.verb:set package 'q2d_teleop' build argument 'catkin_skip_building_tests' from command line to 'False'
[0.491s] DEBUG:colcon.colcon_core.verb:Building package 'q2d_teleop' with the following arguments: {'ament_cmake_args': None, 'build_base': '/home/ros/colcon_ws/build/q2d_teleop', 'catkin_cmake_args': None, 'catkin_skip_building_tests': False, 'cmake_args': None, 'cmake_clean_cache': False, 'cmake_clean_first': False, 'cmake_force_configure': False, 'cmake_target': None, 'cmake_target_skip_unavailable': False, 'install_base': '/home/ros/colcon_ws/install/q2d_teleop', 'merge_install': False, 'path': '/home/ros/colcon_ws/src/q2d/q2d_teleop', 'symlink_install': True, 'test_result_base': None}
[0.492s] Level 5:colcon.colcon_core.verb:set package 'q4d_description' build argument 'cmake_args' from command line to 'None'
[0.492s] Level 5:colcon.colcon_core.verb:set package 'q4d_description' build argument 'cmake_target' from command line to 'None'
[0.492s] Level 5:colcon.colcon_core.verb:set package 'q4d_description' build argument 'cmake_target_skip_unavailable' from command line to 'False'
[0.492s] Level 5:colcon.colcon_core.verb:set package 'q4d_description' build argument 'cmake_clean_cache' from command line to 'False'
[0.492s] Level 5:colcon.colcon_core.verb:set package 'q4d_description' build argument 'cmake_clean_first' from command line to 'False'
[0.492s] Level 5:colcon.colcon_core.verb:set package 'q4d_description' build argument 'cmake_force_configure' from command line to 'False'
[0.492s] Level 5:colcon.colcon_core.verb:set package 'q4d_description' build argument 'ament_cmake_args' from command line to 'None'
[0.492s] Level 5:colcon.colcon_core.verb:set package 'q4d_description' build argument 'catkin_cmake_args' from command line to 'None'
[0.492s] Level 5:colcon.colcon_core.verb:set package 'q4d_description' build argument 'catkin_skip_building_tests' from command line to 'False'
[0.493s] DEBUG:colcon.colcon_core.verb:Building package 'q4d_description' with the following arguments: {'ament_cmake_args': None, 'build_base': '/home/ros/colcon_ws/build/q4d_description', 'catkin_cmake_args': None, 'catkin_skip_building_tests': False, 'cmake_args': None, 'cmake_clean_cache': False, 'cmake_clean_first': False, 'cmake_force_configure': False, 'cmake_target': None, 'cmake_target_skip_unavailable': False, 'install_base': '/home/ros/colcon_ws/install/q4d_description', 'merge_install': False, 'path': '/home/ros/colcon_ws/src/q4d_description', 'symlink_install': True, 'test_result_base': None}
[0.493s] INFO:colcon.colcon_core.executor:Executing jobs using 'parallel' executor
[0.498s] DEBUG:colcon.colcon_parallel_executor.executor.parallel:run_until_complete
[0.498s] INFO:colcon.colcon_ros.task.ament_cmake.build:Building ROS package in '/home/ros/colcon_ws/src/eng10026_lab2' with build type 'ament_cmake'
[0.498s] INFO:colcon.colcon_cmake.task.cmake.build:Building CMake package in '/home/ros/colcon_ws/src/eng10026_lab2'
[0.502s] INFO:colcon.colcon_core.plugin_system:Skipping extension 'colcon_core.shell.bat': Not used on non-Windows systems
[0.503s] INFO:colcon.colcon_core.shell:Skip shell extension 'powershell' for command environment: Not usable outside of PowerShell
[0.503s] DEBUG:colcon.colcon_core.shell:Skip shell extension 'dsv' for command environment
[0.508s] INFO:colcon.colcon_ros.task.ament_cmake.build:Building ROS package in '/home/ros/colcon_ws/src/eng10026_publisher' with build type 'ament_cmake'
[0.508s] INFO:colcon.colcon_cmake.task.cmake.build:Building CMake package in '/home/ros/colcon_ws/src/eng10026_publisher'
[0.510s] INFO:colcon.colcon_core.shell:Skip shell extension 'powershell' for command environment: Not usable outside of PowerShell
[0.511s] DEBUG:colcon.colcon_core.shell:Skip shell extension 'dsv' for command environment
[0.515s] INFO:colcon.colcon_ros.task.ament_cmake.build:Building ROS package in '/home/ros/colcon_ws/src/eng10026_subscriber' with build type 'ament_cmake'
[0.515s] INFO:colcon.colcon_cmake.task.cmake.build:Building CMake package in '/home/ros/colcon_ws/src/eng10026_subscriber'
[0.516s] INFO:colcon.colcon_core.shell:Skip shell extension 'powershell' for command environment: Not usable outside of PowerShell
[0.516s] DEBUG:colcon.colcon_core.shell:Skip shell extension 'dsv' for command environment
[0.524s] DEBUG:colcon.colcon_core.event_handler.log_command:Invoking command in '/home/ros/colcon_ws/build/eng10026_lab2': CMAKE_PREFIX_PATH=${CMAKE_PREFIX_PATH}:/opt/ros/humble /usr/bin/cmake --build /home/ros/colcon_ws/build/eng10026_lab2 -- -j3 -l3
[0.528s] DEBUG:colcon.colcon_core.event_handler.log_command:Invoking command in '/home/ros/colcon_ws/build/eng10026_publisher': CMAKE_PREFIX_PATH=${CMAKE_PREFIX_PATH}:/opt/ros/humble /usr/bin/cmake --build /home/ros/colcon_ws/build/eng10026_publisher -- -j3 -l3
[0.544s] DEBUG:colcon.colcon_core.event_handler.log_command:Invoking command in '/home/ros/colcon_ws/build/eng10026_subscriber': CMAKE_PREFIX_PATH=${CMAKE_PREFIX_PATH}:/opt/ros/humble /usr/bin/cmake --build /home/ros/colcon_ws/build/eng10026_subscriber -- -j3 -l3
[0.574s] DEBUG:colcon.colcon_core.event_handler.log_command:Invoked command in '/home/ros/colcon_ws/build/eng10026_lab2' returned '0': CMAKE_PREFIX_PATH=${CMAKE_PREFIX_PATH}:/opt/ros/humble /usr/bin/cmake --build /home/ros/colcon_ws/build/eng10026_lab2 -- -j3 -l3
[0.586s] DEBUG:colcon.colcon_core.event_handler.log_command:Invoked command in '/home/ros/colcon_ws/build/eng10026_publisher' returned '0': CMAKE_PREFIX_PATH=${CMAKE_PREFIX_PATH}:/opt/ros/humble /usr/bin/cmake --build /home/ros/colcon_ws/build/eng10026_publisher -- -j3 -l3
[0.597s] DEBUG:colcon.colcon_core.event_handler.log_command:Invoking command in '/home/ros/colcon_ws/build/eng10026_lab2': CMAKE_PREFIX_PATH=${CMAKE_PREFIX_PATH}:/opt/ros/humble /usr/bin/cmake --install /home/ros/colcon_ws/build/eng10026_lab2
[0.598s] DEBUG:colcon.colcon_core.event_handler.log_command:Invoked command in '/home/ros/colcon_ws/build/eng10026_subscriber' returned '0': CMAKE_PREFIX_PATH=${CMAKE_PREFIX_PATH}:/opt/ros/humble /usr/bin/cmake --build /home/ros/colcon_ws/build/eng10026_subscriber -- -j3 -l3
[0.605s] DEBUG:colcon.colcon_core.event_handler.log_command:Invoking command in '/home/ros/colcon_ws/build/eng10026_publisher': CMAKE_PREFIX_PATH=${CMAKE_PREFIX_PATH}:/opt/ros/humble /usr/bin/cmake --install /home/ros/colcon_ws/build/eng10026_publisher
[0.617s] Level 1:colcon.colcon_core.environment:create_environment_scripts_only(eng10026_lab2)
[0.621s] DEBUG:colcon.colcon_core.event_handler.log_command:Invoked command in '/home/ros/colcon_ws/build/eng10026_lab2' returned '0': CMAKE_PREFIX_PATH=${CMAKE_PREFIX_PATH}:/opt/ros/humble /usr/bin/cmake --install /home/ros/colcon_ws/build/eng10026_lab2
[0.627s] Level 1:colcon.colcon_core.environment:checking '/home/ros/colcon_ws/install/eng10026_lab2' for CMake module files
[0.627s] Level 1:colcon.colcon_core.environment:checking '/home/ros/colcon_ws/install/eng10026_lab2' for CMake config files
[0.628s] Level 1:colcon.colcon_core.shell:create_environment_hook('eng10026_lab2', 'cmake_prefix_path')
[0.629s] INFO:colcon.colcon_core.shell:Creating environment hook '/home/ros/colcon_ws/install/eng10026_lab2/share/eng10026_lab2/hook/cmake_prefix_path.ps1'
[0.630s] INFO:colcon.colcon_core.shell:Creating environment descriptor '/home/ros/colcon_ws/install/eng10026_lab2/share/eng10026_lab2/hook/cmake_prefix_path.dsv'
[0.630s] INFO:colcon.colcon_core.shell:Creating environment hook '/home/ros/colcon_ws/install/eng10026_lab2/share/eng10026_lab2/hook/cmake_prefix_path.sh'
[0.631s] Level 1:colcon.colcon_core.environment:checking '/home/ros/colcon_ws/install/eng10026_lab2/lib'
[0.631s] Level 1:colcon.colcon_core.environment:checking '/home/ros/colcon_ws/install/eng10026_lab2/bin'
[0.631s] Level 1:colcon.colcon_core.environment:checking '/home/ros/colcon_ws/install/eng10026_lab2/lib/pkgconfig/eng10026_lab2.pc'
[0.632s] Level 1:colcon.colcon_core.environment:checking '/home/ros/colcon_ws/install/eng10026_lab2/lib/python3.10/site-packages'
[0.632s] Level 1:colcon.colcon_core.environment:checking '/home/ros/colcon_ws/install/eng10026_lab2/bin'
[0.634s] INFO:colcon.colcon_core.shell:Creating package script '/home/ros/colcon_ws/install/eng10026_lab2/share/eng10026_lab2/package.ps1'
[0.634s] INFO:colcon.colcon_core.shell:Creating package descriptor '/home/ros/colcon_ws/install/eng10026_lab2/share/eng10026_lab2/package.dsv'
[0.635s] INFO:colcon.colcon_core.shell:Creating package script '/home/ros/colcon_ws/install/eng10026_lab2/share/eng10026_lab2/package.sh'
[0.636s] INFO:colcon.colcon_core.shell:Creating package script '/home/ros/colcon_ws/install/eng10026_lab2/share/eng10026_lab2/package.bash'
[0.636s] INFO:colcon.colcon_core.shell:Creating package script '/home/ros/colcon_ws/install/eng10026_lab2/share/eng10026_lab2/package.zsh'
[0.637s] Level 1:colcon.colcon_core.environment:create_file_with_runtime_dependencies(/home/ros/colcon_ws/install/eng10026_lab2/share/colcon-core/packages/eng10026_lab2)
[0.640s] DEBUG:colcon.colcon_core.event_handler.log_command:Invoking command in '/home/ros/colcon_ws/build/eng10026_subscriber': CMAKE_PREFIX_PATH=${CMAKE_PREFIX_PATH}:/opt/ros/humble /usr/bin/cmake --install /home/ros/colcon_ws/build/eng10026_subscriber
[0.640s] Level 1:colcon.colcon_core.environment:create_environment_scripts_only(eng10026_publisher)
[0.642s] Level 1:colcon.colcon_core.environment:checking '/home/ros/colcon_ws/install/eng10026_publisher' for CMake module files
[0.643s] Level 1:colcon.colcon_core.environment:checking '/home/ros/colcon_ws/install/eng10026_publisher' for CMake config files
[0.643s] Level 1:colcon.colcon_core.shell:create_environment_hook('eng10026_publisher', 'cmake_prefix_path')
[0.645s] INFO:colcon.colcon_core.shell:Creating environment hook '/home/ros/colcon_ws/install/eng10026_publisher/share/eng10026_publisher/hook/cmake_prefix_path.ps1'
[0.646s] DEBUG:colcon.colcon_core.event_handler.log_command:Invoked command in '/home/ros/colcon_ws/build/eng10026_publisher' returned '0': CMAKE_PREFIX_PATH=${CMAKE_PREFIX_PATH}:/opt/ros/humble /usr/bin/cmake --install /home/ros/colcon_ws/build/eng10026_publisher
[0.646s] INFO:colcon.colcon_core.shell:Creating environment descriptor '/home/ros/colcon_ws/install/eng10026_publisher/share/eng10026_publisher/hook/cmake_prefix_path.dsv'
[0.647s] INFO:colcon.colcon_core.shell:Creating environment hook '/home/ros/colcon_ws/install/eng10026_publisher/share/eng10026_publisher/hook/cmake_prefix_path.sh'
[0.647s] Level 1:colcon.colcon_core.environment:checking '/home/ros/colcon_ws/install/eng10026_publisher/lib'
[0.647s] Level 1:colcon.colcon_core.environment:checking '/home/ros/colcon_ws/install/eng10026_publisher/bin'
[0.647s] Level 1:colcon.colcon_core.environment:checking '/home/ros/colcon_ws/install/eng10026_publisher/lib/pkgconfig/eng10026_publisher.pc'
[0.648s] Level 1:colcon.colcon_core.environment:checking '/home/ros/colcon_ws/install/eng10026_publisher/lib/python3.10/site-packages'
[0.648s] Level 1:colcon.colcon_core.environment:checking '/home/ros/colcon_ws/install/eng10026_publisher/bin'
[0.650s] INFO:colcon.colcon_core.shell:Creating package script '/home/ros/colcon_ws/install/eng10026_publisher/share/eng10026_publisher/package.ps1'
[0.650s] INFO:colcon.colcon_core.shell:Creating package descriptor '/home/ros/colcon_ws/install/eng10026_publisher/share/eng10026_publisher/package.dsv'
[0.651s] INFO:colcon.colcon_core.shell:Creating package script '/home/ros/colcon_ws/install/eng10026_publisher/share/eng10026_publisher/package.sh'
[0.651s] INFO:colcon.colcon_core.shell:Creating package script '/home/ros/colcon_ws/install/eng10026_publisher/share/eng10026_publisher/package.bash'
[0.651s] INFO:colcon.colcon_core.shell:Creating package script '/home/ros/colcon_ws/install/eng10026_publisher/share/eng10026_publisher/package.zsh'
[0.652s] Level 1:colcon.colcon_core.environment:create_file_with_runtime_dependencies(/home/ros/colcon_ws/install/eng10026_publisher/share/colcon-core/packages/eng10026_publisher)
[0.660s] Level 1:colcon.colcon_core.environment:create_environment_scripts_only(eng10026_subscriber)
[0.662s] Level 1:colcon.colcon_core.environment:checking '/home/ros/colcon_ws/install/eng10026_subscriber' for CMake module files
[0.663s] Level 1:colcon.colcon_core.environment:checking '/home/ros/colcon_ws/install/eng10026_subscriber' for CMake config files
[0.663s] Level 1:colcon.colcon_core.shell:create_environment_hook('eng10026_subscriber', 'cmake_prefix_path')
[0.665s] INFO:colcon.colcon_core.shell:Creating environment hook '/home/ros/colcon_ws/install/eng10026_subscriber/share/eng10026_subscriber/hook/cmake_prefix_path.ps1'
[0.665s] INFO:colcon.colcon_core.shell:Creating environment descriptor '/home/ros/colcon_ws/install/eng10026_subscriber/share/eng10026_subscriber/hook/cmake_prefix_path.dsv'
[0.665s] DEBUG:colcon.colcon_core.event_handler.log_command:Invoked command in '/home/ros/colcon_ws/build/eng10026_subscriber' returned '0': CMAKE_PREFIX_PATH=${CMAKE_PREFIX_PATH}:/opt/ros/humble /usr/bin/cmake --install /home/ros/colcon_ws/build/eng10026_subscriber
[0.667s] INFO:colcon.colcon_core.shell:Creating environment hook '/home/ros/colcon_ws/install/eng10026_subscriber/share/eng10026_subscriber/hook/cmake_prefix_path.sh'
[0.668s] Level 1:colcon.colcon_core.environment:checking '/home/ros/colcon_ws/install/eng10026_subscriber/lib'
[0.668s] Level 1:colcon.colcon_core.environment:checking '/home/ros/colcon_ws/install/eng10026_subscriber/bin'
[0.668s] Level 1:colcon.colcon_core.environment:checking '/home/ros/colcon_ws/install/eng10026_subscriber/lib/pkgconfig/eng10026_subscriber.pc'
[0.668s] Level 1:colcon.colcon_core.environment:checking '/home/ros/colcon_ws/install/eng10026_subscriber/lib/python3.10/site-packages'
[0.668s] Level 1:colcon.colcon_core.environment:checking '/home/ros/colcon_ws/install/eng10026_subscriber/bin'
[0.670s] INFO:colcon.colcon_core.shell:Creating package script '/home/ros/colcon_ws/install/eng10026_subscriber/share/eng10026_subscriber/package.ps1'
[0.671s] INFO:colcon.colcon_core.shell:Creating package descriptor '/home/ros/colcon_ws/install/eng10026_subscriber/share/eng10026_subscriber/package.dsv'
[0.671s] INFO:colcon.colcon_core.shell:Creating package script '/home/ros/colcon_ws/install/eng10026_subscriber/share/eng10026_subscriber/package.sh'
[0.671s] INFO:colcon.colcon_core.shell:Creating package script '/home/ros/colcon_ws/install/eng10026_subscriber/share/eng10026_subscriber/package.bash'
[0.671s] INFO:colcon.colcon_core.shell:Creating package script '/home/ros/colcon_ws/install/eng10026_subscriber/share/eng10026_subscriber/package.zsh'
[0.672s] Level 1:colcon.colcon_core.environment:create_file_with_runtime_dependencies(/home/ros/colcon_ws/install/eng10026_subscriber/share/colcon-core/packages/eng10026_subscriber)
[0.674s] Level 1:colcon.colcon_core.environment:create_environment_scripts_only(eng10026_publisher)
[0.675s] Level 1:colcon.colcon_core.environment:checking '/home/ros/colcon_ws/install/eng10026_publisher' for CMake module files
[0.675s] Level 1:colcon.colcon_core.environment:checking '/home/ros/colcon_ws/install/eng10026_publisher' for CMake config files
[0.675s] Level 1:colcon.colcon_core.shell:create_environment_hook('eng10026_publisher', 'cmake_prefix_path')
[0.676s] INFO:colcon.colcon_core.shell:Creating environment hook '/home/ros/colcon_ws/install/eng10026_publisher/share/eng10026_publisher/hook/cmake_prefix_path.ps1'
[0.677s] INFO:colcon.colcon_core.shell:Creating environment descriptor '/home/ros/colcon_ws/install/eng10026_publisher/share/eng10026_publisher/hook/cmake_prefix_path.dsv'
[0.677s] INFO:colcon.colcon_core.shell:Creating environment hook '/home/ros/colcon_ws/install/eng10026_publisher/share/eng10026_publisher/hook/cmake_prefix_path.sh'
[0.677s] Level 1:colcon.colcon_core.environment:checking '/home/ros/colcon_ws/install/eng10026_publisher/lib'
[0.677s] Level 1:colcon.colcon_core.environment:checking '/home/ros/colcon_ws/install/eng10026_publisher/bin'
[0.677s] Level 1:colcon.colcon_core.environment:checking '/home/ros/colcon_ws/install/eng10026_publisher/lib/pkgconfig/eng10026_publisher.pc'
[0.678s] Level 1:colcon.colcon_core.environment:checking '/home/ros/colcon_ws/install/eng10026_publisher/lib/python3.10/site-packages'
[0.678s] Level 1:colcon.colcon_core.environment:checking '/home/ros/colcon_ws/install/eng10026_publisher/bin'
[0.679s] INFO:colcon.colcon_core.shell:Creating package script '/home/ros/colcon_ws/install/eng10026_publisher/share/eng10026_publisher/package.ps1'
[0.680s] INFO:colcon.colcon_core.shell:Creating package descriptor '/home/ros/colcon_ws/install/eng10026_publisher/share/eng10026_publisher/package.dsv'
[0.680s] INFO:colcon.colcon_core.shell:Creating package script '/home/ros/colcon_ws/install/eng10026_publisher/share/eng10026_publisher/package.sh'
[0.681s] INFO:colcon.colcon_core.shell:Creating package script '/home/ros/colcon_ws/install/eng10026_publisher/share/eng10026_publisher/package.bash'
[0.681s] INFO:colcon.colcon_core.shell:Creating package script '/home/ros/colcon_ws/install/eng10026_publisher/share/eng10026_publisher/package.zsh'
[0.682s] Level 1:colcon.colcon_core.environment:create_file_with_runtime_dependencies(/home/ros/colcon_ws/install/eng10026_publisher/share/colcon-core/packages/eng10026_publisher)
[0.683s] Level 1:colcon.colcon_core.environment:create_environment_scripts_only(eng10026_lab2)
[0.686s] Level 1:colcon.colcon_core.environment:checking '/home/ros/colcon_ws/install/eng10026_lab2' for CMake module files
[0.686s] Level 1:colcon.colcon_core.environment:checking '/home/ros/colcon_ws/install/eng10026_lab2' for CMake config files
[0.686s] Level 1:colcon.colcon_core.shell:create_environment_hook('eng10026_lab2', 'cmake_prefix_path')
[0.688s] INFO:colcon.colcon_core.shell:Creating environment hook '/home/ros/colcon_ws/install/eng10026_lab2/share/eng10026_lab2/hook/cmake_prefix_path.ps1'
[0.688s] INFO:colcon.colcon_core.shell:Creating environment descriptor '/home/ros/colcon_ws/install/eng10026_lab2/share/eng10026_lab2/hook/cmake_prefix_path.dsv'
[0.688s] INFO:colcon.colcon_core.shell:Creating environment hook '/home/ros/colcon_ws/install/eng10026_lab2/share/eng10026_lab2/hook/cmake_prefix_path.sh'
[0.689s] Level 1:colcon.colcon_core.environment:checking '/home/ros/colcon_ws/install/eng10026_lab2/lib'
[0.689s] Level 1:colcon.colcon_core.environment:checking '/home/ros/colcon_ws/install/eng10026_lab2/bin'
[0.689s] Level 1:colcon.colcon_core.environment:checking '/home/ros/colcon_ws/install/eng10026_lab2/lib/pkgconfig/eng10026_lab2.pc'
[0.689s] Level 1:colcon.colcon_core.environment:checking '/home/ros/colcon_ws/install/eng10026_lab2/lib/python3.10/site-packages'
[0.690s] Level 1:colcon.colcon_core.environment:checking '/home/ros/colcon_ws/install/eng10026_lab2/bin'
[0.691s] INFO:colcon.colcon_core.shell:Creating package script '/home/ros/colcon_ws/install/eng10026_lab2/share/eng10026_lab2/package.ps1'
[0.691s] INFO:colcon.colcon_core.shell:Creating package descriptor '/home/ros/colcon_ws/install/eng10026_lab2/share/eng10026_lab2/package.dsv'
[0.692s] INFO:colcon.colcon_core.shell:Creating package script '/home/ros/colcon_ws/install/eng10026_lab2/share/eng10026_lab2/package.sh'
[0.692s] INFO:colcon.colcon_core.shell:Creating package script '/home/ros/colcon_ws/install/eng10026_lab2/share/eng10026_lab2/package.bash'
[0.692s] INFO:colcon.colcon_core.shell:Creating package script '/home/ros/colcon_ws/install/eng10026_lab2/share/eng10026_lab2/package.zsh'
[0.693s] Level 1:colcon.colcon_core.environment:create_file_with_runtime_dependencies(/home/ros/colcon_ws/install/eng10026_lab2/share/colcon-core/packages/eng10026_lab2)
[0.693s] INFO:colcon.colcon_ros.task.ament_cmake.build:Building ROS package in '/home/ros/colcon_ws/src/q2d/q2d_bringup' with build type 'ament_cmake'
[0.694s] INFO:colcon.colcon_cmake.task.cmake.build:Building CMake package in '/home/ros/colcon_ws/src/q2d/q2d_bringup'
[0.695s] INFO:colcon.colcon_core.shell:Skip shell extension 'powershell' for command environment: Not usable outside of PowerShell
[0.695s] DEBUG:colcon.colcon_core.shell:Skip shell extension 'dsv' for command environment
[0.699s] INFO:colcon.colcon_ros.task.ament_cmake.build:Building ROS package in '/home/ros/colcon_ws/src/q2d/q2d_description' with build type 'ament_cmake'
[0.699s] INFO:colcon.colcon_cmake.task.cmake.build:Building CMake package in '/home/ros/colcon_ws/src/q2d/q2d_description'
[0.700s] INFO:colcon.colcon_core.shell:Skip shell extension 'powershell' for command environment: Not usable outside of PowerShell
[0.700s] DEBUG:colcon.colcon_core.shell:Skip shell extension 'dsv' for command environment
[0.705s] Level 1:colcon.colcon_core.environment:create_environment_scripts_only(eng10026_subscriber)
[0.707s] Level 1:colcon.colcon_core.environment:checking '/home/ros/colcon_ws/install/eng10026_subscriber' for CMake module files
[0.708s] Level 1:colcon.colcon_core.environment:checking '/home/ros/colcon_ws/install/eng10026_subscriber' for CMake config files
[0.709s] Level 1:colcon.colcon_core.shell:create_environment_hook('eng10026_subscriber', 'cmake_prefix_path')
[0.710s] INFO:colcon.colcon_core.shell:Creating environment hook '/home/ros/colcon_ws/install/eng10026_subscriber/share/eng10026_subscriber/hook/cmake_prefix_path.ps1'
[0.711s] INFO:colcon.colcon_core.shell:Creating environment descriptor '/home/ros/colcon_ws/install/eng10026_subscriber/share/eng10026_subscriber/hook/cmake_prefix_path.dsv'
[0.711s] INFO:colcon.colcon_core.shell:Creating environment hook '/home/ros/colcon_ws/install/eng10026_subscriber/share/eng10026_subscriber/hook/cmake_prefix_path.sh'
[0.712s] Level 1:colcon.colcon_core.environment:checking '/home/ros/colcon_ws/install/eng10026_subscriber/lib'
[0.712s] Level 1:colcon.colcon_core.environment:checking '/home/ros/colcon_ws/install/eng10026_subscriber/bin'
[0.712s] Level 1:colcon.colcon_core.environment:checking '/home/ros/colcon_ws/install/eng10026_subscriber/lib/pkgconfig/eng10026_subscriber.pc'
[0.712s] Level 1:colcon.colcon_core.environment:checking '/home/ros/colcon_ws/install/eng10026_subscriber/lib/python3.10/site-packages'
[0.712s] Level 1:colcon.colcon_core.environment:checking '/home/ros/colcon_ws/install/eng10026_subscriber/bin'
[0.714s] INFO:colcon.colcon_core.shell:Creating package script '/home/ros/colcon_ws/install/eng10026_subscriber/share/eng10026_subscriber/package.ps1'
[0.714s] INFO:colcon.colcon_core.shell:Creating package descriptor '/home/ros/colcon_ws/install/eng10026_subscriber/share/eng10026_subscriber/package.dsv'
[0.715s] INFO:colcon.colcon_core.shell:Creating package script '/home/ros/colcon_ws/install/eng10026_subscriber/share/eng10026_subscriber/package.sh'
[0.715s] INFO:colcon.colcon_core.shell:Creating package script '/home/ros/colcon_ws/install/eng10026_subscriber/share/eng10026_subscriber/package.bash'
[0.715s] INFO:colcon.colcon_core.shell:Creating package script '/home/ros/colcon_ws/install/eng10026_subscriber/share/eng10026_subscriber/package.zsh'
[0.716s] Level 1:colcon.colcon_core.environment:create_file_with_runtime_dependencies(/home/ros/colcon_ws/install/eng10026_subscriber/share/colcon-core/packages/eng10026_subscriber)
[0.716s] INFO:colcon.colcon_ros.task.ament_cmake.build:Building ROS package in '/home/ros/colcon_ws/src/q2d/q2d_teleop' with build type 'ament_cmake'
[0.717s] INFO:colcon.colcon_cmake.task.cmake.build:Building CMake package in '/home/ros/colcon_ws/src/q2d/q2d_teleop'
[0.718s] INFO:colcon.colcon_core.shell:Skip shell extension 'powershell' for command environment: Not usable outside of PowerShell
[0.718s] DEBUG:colcon.colcon_core.shell:Skip shell extension 'dsv' for command environment
[0.726s] DEBUG:colcon.colcon_core.event_handler.log_command:Invoking command in '/home/ros/colcon_ws/build/q2d_bringup': CMAKE_PREFIX_PATH=${CMAKE_PREFIX_PATH}:/opt/ros/humble /usr/bin/cmake --build /home/ros/colcon_ws/build/q2d_bringup -- -j3 -l3
[0.729s] DEBUG:colcon.colcon_core.event_handler.log_command:Invoking command in '/home/ros/colcon_ws/build/q2d_description': CMAKE_PREFIX_PATH=${CMAKE_PREFIX_PATH}:/opt/ros/humble /usr/bin/cmake --build /home/ros/colcon_ws/build/q2d_description -- -j3 -l3
[0.734s] DEBUG:colcon.colcon_core.event_handler.log_command:Invoking command in '/home/ros/colcon_ws/build/q2d_teleop': CMAKE_PREFIX_PATH=${CMAKE_PREFIX_PATH}:/opt/ros/humble /usr/bin/cmake --build /home/ros/colcon_ws/build/q2d_teleop -- -j3 -l3
[0.764s] DEBUG:colcon.colcon_core.event_handler.log_command:Invoked command in '/home/ros/colcon_ws/build/q2d_description' returned '0': CMAKE_PREFIX_PATH=${CMAKE_PREFIX_PATH}:/opt/ros/humble /usr/bin/cmake --build /home/ros/colcon_ws/build/q2d_description -- -j3 -l3
[0.770s] DEBUG:colcon.colcon_core.event_handler.log_command:Invoked command in '/home/ros/colcon_ws/build/q2d_bringup' returned '0': CMAKE_PREFIX_PATH=${CMAKE_PREFIX_PATH}:/opt/ros/humble /usr/bin/cmake --build /home/ros/colcon_ws/build/q2d_bringup -- -j3 -l3
[0.786s] DEBUG:colcon.colcon_core.event_handler.log_command:Invoking command in '/home/ros/colcon_ws/build/q2d_description': CMAKE_PREFIX_PATH=${CMAKE_PREFIX_PATH}:/opt/ros/humble /usr/bin/cmake --install /home/ros/colcon_ws/build/q2d_description
[0.791s] DEBUG:colcon.colcon_core.event_handler.log_command:Invoking command in '/home/ros/colcon_ws/build/q2d_bringup': CMAKE_PREFIX_PATH=${CMAKE_PREFIX_PATH}:/opt/ros/humble /usr/bin/cmake --install /home/ros/colcon_ws/build/q2d_bringup
[0.792s] DEBUG:colcon.colcon_core.event_handler.log_command:Invoked command in '/home/ros/colcon_ws/build/q2d_teleop' returned '0': CMAKE_PREFIX_PATH=${CMAKE_PREFIX_PATH}:/opt/ros/humble /usr/bin/cmake --build /home/ros/colcon_ws/build/q2d_teleop -- -j3 -l3
[0.804s] Level 1:colcon.colcon_core.environment:create_environment_scripts_only(q2d_description)
[0.805s] Level 1:colcon.colcon_core.environment:checking '/home/ros/colcon_ws/install/q2d_description' for CMake module files
[0.806s] Level 1:colcon.colcon_core.environment:checking '/home/ros/colcon_ws/install/q2d_description' for CMake config files
[0.806s] Level 1:colcon.colcon_core.shell:create_environment_hook('q2d_description', 'cmake_prefix_path')
[0.807s] INFO:colcon.colcon_core.shell:Creating environment hook '/home/ros/colcon_ws/install/q2d_description/share/q2d_description/hook/cmake_prefix_path.ps1'
[0.808s] INFO:colcon.colcon_core.shell:Creating environment descriptor '/home/ros/colcon_ws/install/q2d_description/share/q2d_description/hook/cmake_prefix_path.dsv'
[0.808s] INFO:colcon.colcon_core.shell:Creating environment hook '/home/ros/colcon_ws/install/q2d_description/share/q2d_description/hook/cmake_prefix_path.sh'
[0.808s] Level 1:colcon.colcon_core.environment:checking '/home/ros/colcon_ws/install/q2d_description/bin'
[0.809s] Level 1:colcon.colcon_core.environment:checking '/home/ros/colcon_ws/install/q2d_description/lib/pkgconfig/q2d_description.pc'
[0.809s] Level 1:colcon.colcon_core.environment:checking '/home/ros/colcon_ws/install/q2d_description/lib/python3.10/site-packages'
[0.809s] Level 1:colcon.colcon_core.environment:checking '/home/ros/colcon_ws/install/q2d_description/bin'
[0.810s] INFO:colcon.colcon_core.shell:Creating package script '/home/ros/colcon_ws/install/q2d_description/share/q2d_description/package.ps1'
[0.811s] INFO:colcon.colcon_core.shell:Creating package descriptor '/home/ros/colcon_ws/install/q2d_description/share/q2d_description/package.dsv'
[0.811s] INFO:colcon.colcon_core.shell:Creating package script '/home/ros/colcon_ws/install/q2d_description/share/q2d_description/package.sh'
[0.811s] INFO:colcon.colcon_core.shell:Creating package script '/home/ros/colcon_ws/install/q2d_description/share/q2d_description/package.bash'
[0.812s] DEBUG:colcon.colcon_core.event_handler.log_command:Invoked command in '/home/ros/colcon_ws/build/q2d_description' returned '0': CMAKE_PREFIX_PATH=${CMAKE_PREFIX_PATH}:/opt/ros/humble /usr/bin/cmake --install /home/ros/colcon_ws/build/q2d_description
[0.813s] INFO:colcon.colcon_core.shell:Creating package script '/home/ros/colcon_ws/install/q2d_description/share/q2d_description/package.zsh'
[0.813s] Level 1:colcon.colcon_core.environment:create_file_with_runtime_dependencies(/home/ros/colcon_ws/install/q2d_description/share/colcon-core/packages/q2d_description)
[0.815s] Level 1:colcon.colcon_core.environment:create_environment_scripts_only(q2d_bringup)
[0.817s] Level 1:colcon.colcon_core.environment:checking '/home/ros/colcon_ws/install/q2d_bringup' for CMake module files
[0.817s] Level 1:colcon.colcon_core.environment:checking '/home/ros/colcon_ws/install/q2d_bringup' for CMake config files
[0.818s] Level 1:colcon.colcon_core.shell:create_environment_hook('q2d_bringup', 'cmake_prefix_path')
[0.818s] INFO:colcon.colcon_core.shell:Creating environment hook '/home/ros/colcon_ws/install/q2d_bringup/share/q2d_bringup/hook/cmake_prefix_path.ps1'
[0.819s] INFO:colcon.colcon_core.shell:Creating environment descriptor '/home/ros/colcon_ws/install/q2d_bringup/share/q2d_bringup/hook/cmake_prefix_path.dsv'
[0.819s] INFO:colcon.colcon_core.shell:Creating environment hook '/home/ros/colcon_ws/install/q2d_bringup/share/q2d_bringup/hook/cmake_prefix_path.sh'
[0.819s] Level 1:colcon.colcon_core.environment:checking '/home/ros/colcon_ws/install/q2d_bringup/lib'
[0.820s] Level 1:colcon.colcon_core.environment:checking '/home/ros/colcon_ws/install/q2d_bringup/bin'
[0.820s] Level 1:colcon.colcon_core.environment:checking '/home/ros/colcon_ws/install/q2d_bringup/lib/pkgconfig/q2d_bringup.pc'
[0.820s] Level 1:colcon.colcon_core.environment:checking '/home/ros/colcon_ws/install/q2d_bringup/lib/python3.10/site-packages'
[0.820s] Level 1:colcon.colcon_core.environment:checking '/home/ros/colcon_ws/install/q2d_bringup/bin'
[0.821s] INFO:colcon.colcon_core.shell:Creating package script '/home/ros/colcon_ws/install/q2d_bringup/share/q2d_bringup/package.ps1'
[0.822s] DEBUG:colcon.colcon_core.event_handler.log_command:Invoked command in '/home/ros/colcon_ws/build/q2d_bringup' returned '0': CMAKE_PREFIX_PATH=${CMAKE_PREFIX_PATH}:/opt/ros/humble /usr/bin/cmake --install /home/ros/colcon_ws/build/q2d_bringup
[0.822s] INFO:colcon.colcon_core.shell:Creating package descriptor '/home/ros/colcon_ws/install/q2d_bringup/share/q2d_bringup/package.dsv'
[0.822s] INFO:colcon.colcon_core.shell:Creating package script '/home/ros/colcon_ws/install/q2d_bringup/share/q2d_bringup/package.sh'
[0.824s] INFO:colcon.colcon_core.shell:Creating package script '/home/ros/colcon_ws/install/q2d_bringup/share/q2d_bringup/package.bash'
[0.824s] INFO:colcon.colcon_core.shell:Creating package script '/home/ros/colcon_ws/install/q2d_bringup/share/q2d_bringup/package.zsh'
[0.824s] Level 1:colcon.colcon_core.environment:create_file_with_runtime_dependencies(/home/ros/colcon_ws/install/q2d_bringup/share/colcon-core/packages/q2d_bringup)
[0.826s] DEBUG:colcon.colcon_core.event_handler.log_command:Invoking command in '/home/ros/colcon_ws/build/q2d_teleop': CMAKE_PREFIX_PATH=${CMAKE_PREFIX_PATH}:/opt/ros/humble /usr/bin/cmake --install /home/ros/colcon_ws/build/q2d_teleop
[0.840s] Level 1:colcon.colcon_core.environment:create_environment_scripts_only(q2d_description)
[0.842s] Level 1:colcon.colcon_core.environment:checking '/home/ros/colcon_ws/install/q2d_description' for CMake module files
[0.844s] Level 1:colcon.colcon_core.environment:checking '/home/ros/colcon_ws/install/q2d_description' for CMake config files
[0.844s] Level 1:colcon.colcon_core.shell:create_environment_hook('q2d_description', 'cmake_prefix_path')
[0.845s] INFO:colcon.colcon_core.shell:Creating environment hook '/home/ros/colcon_ws/install/q2d_description/share/q2d_description/hook/cmake_prefix_path.ps1'
[0.846s] INFO:colcon.colcon_core.shell:Creating environment descriptor '/home/ros/colcon_ws/install/q2d_description/share/q2d_description/hook/cmake_prefix_path.dsv'
[0.847s] INFO:colcon.colcon_core.shell:Creating environment hook '/home/ros/colcon_ws/install/q2d_description/share/q2d_description/hook/cmake_prefix_path.sh'
[0.847s] Level 1:colcon.colcon_core.environment:checking '/home/ros/colcon_ws/install/q2d_description/bin'
[0.847s] Level 1:colcon.colcon_core.environment:checking '/home/ros/colcon_ws/install/q2d_description/lib/pkgconfig/q2d_description.pc'
[0.847s] Level 1:colcon.colcon_core.environment:checking '/home/ros/colcon_ws/install/q2d_description/lib/python3.10/site-packages'
[0.848s] Level 1:colcon.colcon_core.environment:checking '/home/ros/colcon_ws/install/q2d_description/bin'
[0.849s] INFO:colcon.colcon_core.shell:Creating package script '/home/ros/colcon_ws/install/q2d_description/share/q2d_description/package.ps1'
[0.850s] INFO:colcon.colcon_core.shell:Creating package descriptor '/home/ros/colcon_ws/install/q2d_description/share/q2d_description/package.dsv'
[0.850s] INFO:colcon.colcon_core.shell:Creating package script '/home/ros/colcon_ws/install/q2d_description/share/q2d_description/package.sh'
[0.850s] INFO:colcon.colcon_core.shell:Creating package script '/home/ros/colcon_ws/install/q2d_description/share/q2d_description/package.bash'
[0.851s] INFO:colcon.colcon_core.shell:Creating package script '/home/ros/colcon_ws/install/q2d_description/share/q2d_description/package.zsh'
[0.851s] Level 1:colcon.colcon_core.environment:create_file_with_runtime_dependencies(/home/ros/colcon_ws/install/q2d_description/share/colcon-core/packages/q2d_description)
[0.852s] INFO:colcon.colcon_ros.task.ament_cmake.build:Building ROS package in '/home/ros/colcon_ws/src/q4d_description' with build type 'ament_cmake'
[0.852s] INFO:colcon.colcon_cmake.task.cmake.build:Building CMake package in '/home/ros/colcon_ws/src/q4d_description'
[0.853s] INFO:colcon.colcon_core.shell:Skip shell extension 'powershell' for command environment: Not usable outside of PowerShell
[0.853s] DEBUG:colcon.colcon_core.shell:Skip shell extension 'dsv' for command environment
[0.860s] Level 1:colcon.colcon_core.environment:create_environment_scripts_only(q2d_teleop)
[0.862s] Level 1:colcon.colcon_core.environment:checking '/home/ros/colcon_ws/install/q2d_teleop' for CMake module files
[0.863s] DEBUG:colcon.colcon_core.event_handler.log_command:Invoked command in '/home/ros/colcon_ws/build/q2d_teleop' returned '0': CMAKE_PREFIX_PATH=${CMAKE_PREFIX_PATH}:/opt/ros/humble /usr/bin/cmake --install /home/ros/colcon_ws/build/q2d_teleop
[0.863s] Level 1:colcon.colcon_core.environment:checking '/home/ros/colcon_ws/install/q2d_teleop' for CMake config files
[0.864s] Level 1:colcon.colcon_core.shell:create_environment_hook('q2d_teleop', 'cmake_prefix_path')
[0.864s] INFO:colcon.colcon_core.shell:Creating environment hook '/home/ros/colcon_ws/install/q2d_teleop/share/q2d_teleop/hook/cmake_prefix_path.ps1'
[0.865s] INFO:colcon.colcon_core.shell:Creating environment descriptor '/home/ros/colcon_ws/install/q2d_teleop/share/q2d_teleop/hook/cmake_prefix_path.dsv'
[0.866s] INFO:colcon.colcon_core.shell:Creating environment hook '/home/ros/colcon_ws/install/q2d_teleop/share/q2d_teleop/hook/cmake_prefix_path.sh'
[0.866s] Level 1:colcon.colcon_core.environment:checking '/home/ros/colcon_ws/install/q2d_teleop/lib'
[0.866s] Level 1:colcon.colcon_core.environment:checking '/home/ros/colcon_ws/install/q2d_teleop/bin'
[0.866s] Level 1:colcon.colcon_core.environment:checking '/home/ros/colcon_ws/install/q2d_teleop/lib/pkgconfig/q2d_teleop.pc'
[0.866s] Level 1:colcon.colcon_core.environment:checking '/home/ros/colcon_ws/install/q2d_teleop/lib/python3.10/site-packages'
[0.867s] Level 1:colcon.colcon_core.environment:checking '/home/ros/colcon_ws/install/q2d_teleop/bin'
[0.868s] INFO:colcon.colcon_core.shell:Creating package script '/home/ros/colcon_ws/install/q2d_teleop/share/q2d_teleop/package.ps1'
[0.869s] INFO:colcon.colcon_core.shell:Creating package descriptor '/home/ros/colcon_ws/install/q2d_teleop/share/q2d_teleop/package.dsv'
[0.869s] INFO:colcon.colcon_core.shell:Creating package script '/home/ros/colcon_ws/install/q2d_teleop/share/q2d_teleop/package.sh'
[0.869s] INFO:colcon.colcon_core.shell:Creating package script '/home/ros/colcon_ws/install/q2d_teleop/share/q2d_teleop/package.bash'
[0.870s] INFO:colcon.colcon_core.shell:Creating package script '/home/ros/colcon_ws/install/q2d_teleop/share/q2d_teleop/package.zsh'
[0.870s] Level 1:colcon.colcon_core.environment:create_file_with_runtime_dependencies(/home/ros/colcon_ws/install/q2d_teleop/share/colcon-core/packages/q2d_teleop)
[0.872s] Level 1:colcon.colcon_core.environment:create_environment_scripts_only(q2d_bringup)
[0.874s] Level 1:colcon.colcon_core.environment:checking '/home/ros/colcon_ws/install/q2d_bringup' for CMake module files
[0.874s] Level 1:colcon.colcon_core.environment:checking '/home/ros/colcon_ws/install/q2d_bringup' for CMake config files
[0.874s] Level 1:colcon.colcon_core.shell:create_environment_hook('q2d_bringup', 'cmake_prefix_path')
[0.876s] INFO:colcon.colcon_core.shell:Creating environment hook '/home/ros/colcon_ws/install/q2d_bringup/share/q2d_bringup/hook/cmake_prefix_path.ps1'
[0.876s] INFO:colcon.colcon_core.shell:Creating environment descriptor '/home/ros/colcon_ws/install/q2d_bringup/share/q2d_bringup/hook/cmake_prefix_path.dsv'
[0.877s] INFO:colcon.colcon_core.shell:Creating environment hook '/home/ros/colcon_ws/install/q2d_bringup/share/q2d_bringup/hook/cmake_prefix_path.sh'
[0.877s] Level 1:colcon.colcon_core.environment:checking '/home/ros/colcon_ws/install/q2d_bringup/lib'
[0.877s] Level 1:colcon.colcon_core.environment:checking '/home/ros/colcon_ws/install/q2d_bringup/bin'
[0.877s] Level 1:colcon.colcon_core.environment:checking '/home/ros/colcon_ws/install/q2d_bringup/lib/pkgconfig/q2d_bringup.pc'
[0.877s] Level 1:colcon.colcon_core.environment:checking '/home/ros/colcon_ws/install/q2d_bringup/lib/python3.10/site-packages'
[0.878s] Level 1:colcon.colcon_core.environment:checking '/home/ros/colcon_ws/install/q2d_bringup/bin'
[0.879s] INFO:colcon.colcon_core.shell:Creating package script '/home/ros/colcon_ws/install/q2d_bringup/share/q2d_bringup/package.ps1'
[0.879s] INFO:colcon.colcon_core.shell:Creating package descriptor '/home/ros/colcon_ws/install/q2d_bringup/share/q2d_bringup/package.dsv'
[0.880s] INFO:colcon.colcon_core.shell:Creating package script '/home/ros/colcon_ws/install/q2d_bringup/share/q2d_bringup/package.sh'
[0.880s] INFO:colcon.colcon_core.shell:Creating package script '/home/ros/colcon_ws/install/q2d_bringup/share/q2d_bringup/package.bash'
[0.881s] INFO:colcon.colcon_core.shell:Creating package script '/home/ros/colcon_ws/install/q2d_bringup/share/q2d_bringup/package.zsh'
[0.881s] Level 1:colcon.colcon_core.environment:create_file_with_runtime_dependencies(/home/ros/colcon_ws/install/q2d_bringup/share/colcon-core/packages/q2d_bringup)
[0.885s] DEBUG:colcon.colcon_core.event_handler.log_command:Invoking command in '/home/ros/colcon_ws/build/q4d_description': CMAKE_PREFIX_PATH=${CMAKE_PREFIX_PATH}:/opt/ros/humble /usr/bin/cmake --build /home/ros/colcon_ws/build/q4d_description -- -j3 -l3
[0.889s] Level 1:colcon.colcon_core.environment:create_environment_scripts_only(q2d_teleop)
[0.891s] Level 1:colcon.colcon_core.environment:checking '/home/ros/colcon_ws/install/q2d_teleop' for CMake module files
[0.891s] Level 1:colcon.colcon_core.environment:checking '/home/ros/colcon_ws/install/q2d_teleop' for CMake config files
[0.891s] Level 1:colcon.colcon_core.shell:create_environment_hook('q2d_teleop', 'cmake_prefix_path')
[0.893s] INFO:colcon.colcon_core.shell:Creating environment hook '/home/ros/colcon_ws/install/q2d_teleop/share/q2d_teleop/hook/cmake_prefix_path.ps1'
[0.893s] INFO:colcon.colcon_core.shell:Creating environment descriptor '/home/ros/colcon_ws/install/q2d_teleop/share/q2d_teleop/hook/cmake_prefix_path.dsv'
[0.894s] INFO:colcon.colcon_core.shell:Creating environment hook '/home/ros/colcon_ws/install/q2d_teleop/share/q2d_teleop/hook/cmake_prefix_path.sh'
[0.894s] Level 1:colcon.colcon_core.environment:checking '/home/ros/colcon_ws/install/q2d_teleop/lib'
[0.894s] Level 1:colcon.colcon_core.environment:checking '/home/ros/colcon_ws/install/q2d_teleop/bin'
[0.895s] Level 1:colcon.colcon_core.environment:checking '/home/ros/colcon_ws/install/q2d_teleop/lib/pkgconfig/q2d_teleop.pc'
[0.895s] Level 1:colcon.colcon_core.environment:checking '/home/ros/colcon_ws/install/q2d_teleop/lib/python3.10/site-packages'
[0.895s] Level 1:colcon.colcon_core.environment:checking '/home/ros/colcon_ws/install/q2d_teleop/bin'
[0.897s] INFO:colcon.colcon_core.shell:Creating package script '/home/ros/colcon_ws/install/q2d_teleop/share/q2d_teleop/package.ps1'
[0.897s] INFO:colcon.colcon_core.shell:Creating package descriptor '/home/ros/colcon_ws/install/q2d_teleop/share/q2d_teleop/package.dsv'
[0.898s] INFO:colcon.colcon_core.shell:Creating package script '/home/ros/colcon_ws/install/q2d_teleop/share/q2d_teleop/package.sh'
[0.898s] INFO:colcon.colcon_core.shell:Creating package script '/home/ros/colcon_ws/install/q2d_teleop/share/q2d_teleop/package.bash'
[0.899s] INFO:colcon.colcon_core.shell:Creating package script '/home/ros/colcon_ws/install/q2d_teleop/share/q2d_teleop/package.zsh'
[0.899s] Level 1:colcon.colcon_core.environment:create_file_with_runtime_dependencies(/home/ros/colcon_ws/install/q2d_teleop/share/colcon-core/packages/q2d_teleop)
[0.915s] DEBUG:colcon.colcon_core.event_handler.log_command:Invoked command in '/home/ros/colcon_ws/build/q4d_description' returned '0': CMAKE_PREFIX_PATH=${CMAKE_PREFIX_PATH}:/opt/ros/humble /usr/bin/cmake --build /home/ros/colcon_ws/build/q4d_description -- -j3 -l3
[0.929s] DEBUG:colcon.colcon_core.event_handler.log_command:Invoking command in '/home/ros/colcon_ws/build/q4d_description': CMAKE_PREFIX_PATH=${CMAKE_PREFIX_PATH}:/opt/ros/humble /usr/bin/cmake --install /home/ros/colcon_ws/build/q4d_description
[0.946s] Level 1:colcon.colcon_core.environment:create_environment_scripts_only(q4d_description)
[0.949s] Level 1:colcon.colcon_core.environment:checking '/home/ros/colcon_ws/install/q4d_description' for CMake module files
[0.949s] DEBUG:colcon.colcon_core.event_handler.log_command:Invoked command in '/home/ros/colcon_ws/build/q4d_description' returned '0': CMAKE_PREFIX_PATH=${CMAKE_PREFIX_PATH}:/opt/ros/humble /usr/bin/cmake --install /home/ros/colcon_ws/build/q4d_description
[0.950s] Level 1:colcon.colcon_core.environment:checking '/home/ros/colcon_ws/install/q4d_description' for CMake config files
[0.950s] Level 1:colcon.colcon_core.shell:create_environment_hook('q4d_description', 'cmake_prefix_path')
[0.951s] INFO:colcon.colcon_core.shell:Creating environment hook '/home/ros/colcon_ws/install/q4d_description/share/q4d_description/hook/cmake_prefix_path.ps1'
[0.951s] INFO:colcon.colcon_core.shell:Creating environment descriptor '/home/ros/colcon_ws/install/q4d_description/share/q4d_description/hook/cmake_prefix_path.dsv'
[0.951s] INFO:colcon.colcon_core.shell:Creating environment hook '/home/ros/colcon_ws/install/q4d_description/share/q4d_description/hook/cmake_prefix_path.sh'
[0.952s] Level 1:colcon.colcon_core.environment:checking '/home/ros/colcon_ws/install/q4d_description/lib'
[0.952s] Level 1:colcon.colcon_core.environment:checking '/home/ros/colcon_ws/install/q4d_description/bin'
[0.952s] Level 1:colcon.colcon_core.environment:checking '/home/ros/colcon_ws/install/q4d_description/lib/pkgconfig/q4d_description.pc'
[0.952s] Level 1:colcon.colcon_core.environment:checking '/home/ros/colcon_ws/install/q4d_description/lib/python3.10/site-packages'
[0.952s] Level 1:colcon.colcon_core.environment:checking '/home/ros/colcon_ws/install/q4d_description/bin'
[0.954s] INFO:colcon.colcon_core.shell:Creating package script '/home/ros/colcon_ws/install/q4d_description/share/q4d_description/package.ps1'
[0.954s] INFO:colcon.colcon_core.shell:Creating package descriptor '/home/ros/colcon_ws/install/q4d_description/share/q4d_description/package.dsv'
[0.955s] INFO:colcon.colcon_core.shell:Creating package script '/home/ros/colcon_ws/install/q4d_description/share/q4d_description/package.sh'
[0.955s] INFO:colcon.colcon_core.shell:Creating package script '/home/ros/colcon_ws/install/q4d_description/share/q4d_description/package.bash'
[0.955s] INFO:colcon.colcon_core.shell:Creating package script '/home/ros/colcon_ws/install/q4d_description/share/q4d_description/package.zsh'
[0.956s] Level 1:colcon.colcon_core.environment:create_file_with_runtime_dependencies(/home/ros/colcon_ws/install/q4d_description/share/colcon-core/packages/q4d_description)
[0.971s] Level 1:colcon.colcon_core.environment:create_environment_scripts_only(q4d_description)
[0.973s] Level 1:colcon.colcon_core.environment:checking '/home/ros/colcon_ws/install/q4d_description' for CMake module files
[0.974s] Level 1:colcon.colcon_core.environment:checking '/home/ros/colcon_ws/install/q4d_description' for CMake config files
[0.974s] Level 1:colcon.colcon_core.shell:create_environment_hook('q4d_description', 'cmake_prefix_path')
[0.975s] INFO:colcon.colcon_core.shell:Creating environment hook '/home/ros/colcon_ws/install/q4d_description/share/q4d_description/hook/cmake_prefix_path.ps1'
[0.976s] INFO:colcon.colcon_core.shell:Creating environment descriptor '/home/ros/colcon_ws/install/q4d_description/share/q4d_description/hook/cmake_prefix_path.dsv'
[0.976s] INFO:colcon.colcon_core.shell:Creating environment hook '/home/ros/colcon_ws/install/q4d_description/share/q4d_description/hook/cmake_prefix_path.sh'
[0.977s] Level 1:colcon.colcon_core.environment:checking '/home/ros/colcon_ws/install/q4d_description/lib'
[0.977s] Level 1:colcon.colcon_core.environment:checking '/home/ros/colcon_ws/install/q4d_description/bin'
[0.977s] Level 1:colcon.colcon_core.environment:checking '/home/ros/colcon_ws/install/q4d_description/lib/pkgconfig/q4d_description.pc'
[0.977s] Level 1:colcon.colcon_core.environment:checking '/home/ros/colcon_ws/install/q4d_description/lib/python3.10/site-packages'
[0.978s] Level 1:colcon.colcon_core.environment:checking '/home/ros/colcon_ws/install/q4d_description/bin'
[0.979s] INFO:colcon.colcon_core.shell:Creating package script '/home/ros/colcon_ws/install/q4d_description/share/q4d_description/package.ps1'
[0.979s] INFO:colcon.colcon_core.shell:Creating package descriptor '/home/ros/colcon_ws/install/q4d_description/share/q4d_description/package.dsv'
[0.980s] INFO:colcon.colcon_core.shell:Creating package script '/home/ros/colcon_ws/install/q4d_description/share/q4d_description/package.sh'
[0.980s] INFO:colcon.colcon_core.shell:Creating package script '/home/ros/colcon_ws/install/q4d_description/share/q4d_description/package.bash'
[0.981s] INFO:colcon.colcon_core.shell:Creating package script '/home/ros/colcon_ws/install/q4d_description/share/q4d_description/package.zsh'
[0.981s] Level 1:colcon.colcon_core.environment:create_file_with_runtime_dependencies(/home/ros/colcon_ws/install/q4d_description/share/colcon-core/packages/q4d_description)
[0.981s] DEBUG:colcon.colcon_parallel_executor.executor.parallel:closing loop
[0.982s] DEBUG:colcon.colcon_parallel_executor.executor.parallel:loop closed
[0.982s] DEBUG:colcon.colcon_parallel_executor.executor.parallel:run_until_complete finished with '0'
[0.982s] DEBUG:colcon.colcon_core.event_reactor:joining thread
[0.986s] INFO:colcon.colcon_core.plugin_system:Skipping extension 'colcon_notification.desktop_notification.terminal_notifier': Not used on non-Darwin systems
[0.987s] INFO:colcon.colcon_core.plugin_system:Skipping extension 'colcon_notification.desktop_notification.win32': Not used on non-Windows systems
[0.987s] INFO:colcon.colcon_notification.desktop_notification:Sending desktop notification using 'notify2'
[0.997s] DEBUG:colcon.colcon_core.event_reactor:joined thread
[0.999s] INFO:colcon.colcon_core.shell:Creating prefix script '/home/ros/colcon_ws/install/local_setup.ps1'
[1.000s] INFO:colcon.colcon_core.shell:Creating prefix util module '/home/ros/colcon_ws/install/_local_setup_util_ps1.py'
[1.002s] INFO:colcon.colcon_core.shell:Creating prefix chain script '/home/ros/colcon_ws/install/setup.ps1'
[1.003s] INFO:colcon.colcon_core.shell:Creating prefix script '/home/ros/colcon_ws/install/local_setup.sh'
[1.004s] INFO:colcon.colcon_core.shell:Creating prefix util module '/home/ros/colcon_ws/install/_local_setup_util_sh.py'
[1.004s] INFO:colcon.colcon_core.shell:Creating prefix chain script '/home/ros/colcon_ws/install/setup.sh'
[1.006s] INFO:colcon.colcon_core.shell:Creating prefix script '/home/ros/colcon_ws/install/local_setup.bash'
[1.006s] INFO:colcon.colcon_core.shell:Creating prefix chain script '/home/ros/colcon_ws/install/setup.bash'
[1.008s] INFO:colcon.colcon_core.shell:Creating prefix script '/home/ros/colcon_ws/install/local_setup.zsh'
[1.008s] INFO:colcon.colcon_core.shell:Creating prefix chain script '/home/ros/colcon_ws/install/setup.zsh'
