[0.049s] Invoking command in '/home/ros/colcon_ws/src/build/q2d_teleop': CMAKE_PREFIX_PATH=${CMAKE_PREFIX_PATH}:/opt/ros/humble /usr/bin/cmake --build /home/ros/colcon_ws/src/build/q2d_teleop -- -j3 -l3
[0.124s] [35m[1mConsolidate compiler generated dependencies of target q2d_teleop_rviz[0m
[0.125s] [35m[1mConsolidate compiler generated dependencies of target q2d_teleop_tablet[0m
[0.162s] [ 50%] Built target q2d_teleop_tablet
[0.169s] [100%] Built target q2d_teleop_rviz
[0.193s] Invoked command in '/home/ros/colcon_ws/src/build/q2d_teleop' returned '0': CMAKE_PREFIX_PATH=${CMAKE_PREFIX_PATH}:/opt/ros/humble /usr/bin/cmake --build /home/ros/colcon_ws/src/build/q2d_teleop -- -j3 -l3
[0.253s] Invoking command in '/home/ros/colcon_ws/src/build/q2d_teleop': CMAKE_PREFIX_PATH=${CMAKE_PREFIX_PATH}:/opt/ros/humble /usr/bin/cmake --install /home/ros/colcon_ws/src/build/q2d_teleop
[0.265s] -- Install configuration: ""
[0.268s] -- Up-to-date: /home/ros/colcon_ws/src/install/q2d_teleop/lib/q2d_teleop/q2d_teleop_tablet
[0.269s] -- Up-to-date: /home/ros/colcon_ws/src/install/q2d_teleop/lib/q2d_teleop/q2d_teleop_rviz
[0.269s] -- Up-to-date: /home/ros/colcon_ws/src/install/q2d_teleop/share/q2d_teleop/launch
[0.269s] -- Up-to-date: /home/ros/colcon_ws/src/install/q2d_teleop/share/q2d_teleop/launch/display.launch.xml
[0.269s] -- Up-to-date: /home/ros/colcon_ws/src/install/q2d_teleop/share/q2d_teleop/launch/gazebo.launch.xml
[0.269s] -- Up-to-date: /home/ros/colcon_ws/src/install/q2d_teleop/share/q2d_teleop/launch/q2d_teleop_rviz.launch.xml
[0.269s] -- Up-to-date: /home/ros/colcon_ws/src/install/q2d_teleop/share/q2d_teleop/launch/q2d_teleop_tablet.launch.xml
[0.269s] -- Up-to-date: /home/ros/colcon_ws/src/install/q2d_teleop/share/q2d_teleop/config
[0.269s] -- Up-to-date: /home/ros/colcon_ws/src/install/q2d_teleop/share/q2d_teleop/config/display.rviz
[0.269s] -- Up-to-date: /home/ros/colcon_ws/src/install/q2d_teleop/share/ament_index/resource_index/package_run_dependencies/q2d_teleop
[0.269s] -- Up-to-date: /home/ros/colcon_ws/src/install/q2d_teleop/share/ament_index/resource_index/parent_prefix_path/q2d_teleop
[0.269s] -- Up-to-date: /home/ros/colcon_ws/src/install/q2d_teleop/share/q2d_teleop/environment/ament_prefix_path.sh
[0.269s] -- Up-to-date: /home/ros/colcon_ws/src/install/q2d_teleop/share/q2d_teleop/environment/ament_prefix_path.dsv
[0.269s] -- Up-to-date: /home/ros/colcon_ws/src/install/q2d_teleop/share/q2d_teleop/environment/path.sh
[0.269s] -- Up-to-date: /home/ros/colcon_ws/src/install/q2d_teleop/share/q2d_teleop/environment/path.dsv
[0.269s] -- Up-to-date: /home/ros/colcon_ws/src/install/q2d_teleop/share/q2d_teleop/local_setup.bash
[0.270s] -- Up-to-date: /home/ros/colcon_ws/src/install/q2d_teleop/share/q2d_teleop/local_setup.sh
[0.270s] -- Up-to-date: /home/ros/colcon_ws/src/install/q2d_teleop/share/q2d_teleop/local_setup.zsh
[0.270s] -- Up-to-date: /home/ros/colcon_ws/src/install/q2d_teleop/share/q2d_teleop/local_setup.dsv
[0.270s] -- Installing: /home/ros/colcon_ws/src/install/q2d_teleop/share/q2d_teleop/package.dsv
[0.270s] -- Up-to-date: /home/ros/colcon_ws/src/install/q2d_teleop/share/ament_index/resource_index/packages/q2d_teleop
[0.270s] -- Up-to-date: /home/ros/colcon_ws/src/install/q2d_teleop/share/q2d_teleop/cmake/q2d_teleopConfig.cmake
[0.270s] -- Up-to-date: /home/ros/colcon_ws/src/install/q2d_teleop/share/q2d_teleop/cmake/q2d_teleopConfig-version.cmake
[0.270s] -- Up-to-date: /home/ros/colcon_ws/src/install/q2d_teleop/share/q2d_teleop/package.xml
[0.286s] Invoked command in '/home/ros/colcon_ws/src/build/q2d_teleop' returned '0': CMAKE_PREFIX_PATH=${CMAKE_PREFIX_PATH}:/opt/ros/humble /usr/bin/cmake --install /home/ros/colcon_ws/src/build/q2d_teleop
