[0.037s] Invoking command in '/home/ros/colcon_ws/build/q2d_bringup': CMAKE_PREFIX_PATH=/opt/ros/humble /usr/bin/cmake /home/ros/colcon_ws/src/q2d/q2d_bringup -DAMENT_CMAKE_SYMLINK_INSTALL=1 -DCMAKE_INSTALL_PREFIX=/home/ros/colcon_ws/install/q2d_bringup
[0.130s] -- The C compiler identification is GNU 11.3.0
[0.231s] -- The CXX compiler identification is GNU 11.3.0
[0.238s] -- Detecting C compiler ABI info
[0.301s] -- Detecting C compiler ABI info - done
[0.310s] -- Check for working C compiler: /usr/bin/cc - skipped
[0.311s] -- Detecting C compile features
[0.311s] -- Detecting C compile features - done
[0.315s] -- Detecting CXX compiler ABI info
[0.387s] -- Detecting CXX compiler ABI info - done
[0.392s] -- Check for working CXX compiler: /usr/bin/c++ - skipped
[0.393s] -- Detecting CXX compile features
[0.393s] -- Detecting CXX compile features - done
[0.397s] -- Found ament_cmake: 1.3.3 (/opt/ros/humble/share/ament_cmake/cmake)
[0.553s] -- Found Python3: /usr/bin/python3.10 (found version "3.10.6") found components: Interpreter 
[0.619s] -- Override CMake install command with custom implementation using symlinks instead of copying resources
[0.647s] -- Found ament_lint_auto: 0.12.5 (/opt/ros/humble/share/ament_lint_auto/cmake)
[0.730s] -- Added test 'copyright' to check source files copyright and LICENSE
[0.732s] -- Added test 'flake8' to check Python code syntax and style conventions
[0.733s] -- Added test 'lint_cmake' to check CMake code style
[0.734s] -- Added test 'pep257' to check Python code against some of the docstring style conventions in PEP 257
[0.735s] -- Added test 'xmllint' to check XML markup files
[0.737s] -- Configuring done
[0.739s] -- Generating done
[0.740s] -- Build files have been written to: /home/ros/colcon_ws/build/q2d_bringup
[0.745s] Invoked command in '/home/ros/colcon_ws/build/q2d_bringup' returned '0': CMAKE_PREFIX_PATH=/opt/ros/humble /usr/bin/cmake /home/ros/colcon_ws/src/q2d/q2d_bringup -DAMENT_CMAKE_SYMLINK_INSTALL=1 -DCMAKE_INSTALL_PREFIX=/home/ros/colcon_ws/install/q2d_bringup
[0.746s] Invoking command in '/home/ros/colcon_ws/build/q2d_bringup': CMAKE_PREFIX_PATH=/opt/ros/humble /usr/bin/cmake --build /home/ros/colcon_ws/build/q2d_bringup -- -j3 -l3
[0.777s] Invoked command in '/home/ros/colcon_ws/build/q2d_bringup' returned '0': CMAKE_PREFIX_PATH=/opt/ros/humble /usr/bin/cmake --build /home/ros/colcon_ws/build/q2d_bringup -- -j3 -l3
[0.793s] Invoking command in '/home/ros/colcon_ws/build/q2d_bringup': CMAKE_PREFIX_PATH=/opt/ros/humble /usr/bin/cmake --install /home/ros/colcon_ws/build/q2d_bringup
[0.798s] -- Install configuration: ""
[0.798s] -- Execute custom install script
[0.799s] -- Symlinking: /home/ros/colcon_ws/install/q2d_bringup/lib/q2d_bringup/ijc_step.sh
[0.805s] -- Symlinking: /home/ros/colcon_ws/install/q2d_bringup/lib/q2d_bringup/ijc_square.py
[0.812s] -- Symlinking: /home/ros/colcon_ws/install/q2d_bringup/share/q2d_bringup/config/bypass.yaml
[0.817s] -- Symlinking: /home/ros/colcon_ws/install/q2d_bringup/share/q2d_bringup/config/computed_torque.yaml
[0.824s] -- Symlinking: /home/ros/colcon_ws/install/q2d_bringup/share/q2d_bringup/config/group_bypass.yaml
[0.831s] -- Symlinking: /home/ros/colcon_ws/install/q2d_bringup/share/q2d_bringup/config/group_pid.yaml
[0.837s] -- Symlinking: /home/ros/colcon_ws/install/q2d_bringup/share/q2d_bringup/config/pid.yaml
[0.843s] -- Symlinking: /home/ros/colcon_ws/install/q2d_bringup/share/q2d_bringup/config/pid_plus_gravity.yaml
[0.849s] -- Symlinking: /home/ros/colcon_ws/install/q2d_bringup/share/q2d_bringup/launch/bypass.launch.xml
[0.856s] -- Symlinking: /home/ros/colcon_ws/install/q2d_bringup/share/q2d_bringup/launch/computed_torque.launch.xml
[0.862s] -- Symlinking: /home/ros/colcon_ws/install/q2d_bringup/share/q2d_bringup/launch/gazebo.launch.xml
[0.867s] -- Symlinking: /home/ros/colcon_ws/install/q2d_bringup/share/q2d_bringup/launch/group_bypass.launch.xml
[0.874s] -- Symlinking: /home/ros/colcon_ws/install/q2d_bringup/share/q2d_bringup/launch/group_pid.launch.xml
[0.880s] -- Symlinking: /home/ros/colcon_ws/install/q2d_bringup/share/q2d_bringup/launch/ignition.launch.xml
[0.885s] -- Symlinking: /home/ros/colcon_ws/install/q2d_bringup/share/q2d_bringup/launch/pid.launch.xml
[0.896s] -- Symlinking: /home/ros/colcon_ws/install/q2d_bringup/share/q2d_bringup/launch/pid_plus_gravity.launch.xml
[0.901s] -- Symlinking: /home/ros/colcon_ws/install/q2d_bringup/share/ament_index/resource_index/package_run_dependencies/q2d_bringup
[0.907s] -- Symlinking: /home/ros/colcon_ws/install/q2d_bringup/share/ament_index/resource_index/parent_prefix_path/q2d_bringup
[0.920s] -- Symlinking: /home/ros/colcon_ws/install/q2d_bringup/share/q2d_bringup/environment/ament_prefix_path.sh
[0.926s] -- Symlinking: /home/ros/colcon_ws/install/q2d_bringup/share/q2d_bringup/environment/ament_prefix_path.dsv
[0.932s] -- Symlinking: /home/ros/colcon_ws/install/q2d_bringup/share/q2d_bringup/environment/path.sh
[0.939s] -- Symlinking: /home/ros/colcon_ws/install/q2d_bringup/share/q2d_bringup/environment/path.dsv
[0.945s] -- Symlinking: /home/ros/colcon_ws/install/q2d_bringup/share/q2d_bringup/local_setup.bash
[0.950s] -- Symlinking: /home/ros/colcon_ws/install/q2d_bringup/share/q2d_bringup/local_setup.sh
[0.956s] -- Symlinking: /home/ros/colcon_ws/install/q2d_bringup/share/q2d_bringup/local_setup.zsh
[0.962s] -- Symlinking: /home/ros/colcon_ws/install/q2d_bringup/share/q2d_bringup/local_setup.dsv
[0.967s] -- Symlinking: /home/ros/colcon_ws/install/q2d_bringup/share/q2d_bringup/package.dsv
[0.973s] -- Symlinking: /home/ros/colcon_ws/install/q2d_bringup/share/ament_index/resource_index/packages/q2d_bringup
[0.979s] -- Symlinking: /home/ros/colcon_ws/install/q2d_bringup/share/q2d_bringup/cmake/q2d_bringupConfig.cmake
[0.985s] -- Symlinking: /home/ros/colcon_ws/install/q2d_bringup/share/q2d_bringup/cmake/q2d_bringupConfig-version.cmake
[0.990s] -- Symlinking: /home/ros/colcon_ws/install/q2d_bringup/share/q2d_bringup/package.xml
[0.997s] Invoked command in '/home/ros/colcon_ws/build/q2d_bringup' returned '0': CMAKE_PREFIX_PATH=/opt/ros/humble /usr/bin/cmake --install /home/ros/colcon_ws/build/q2d_bringup
