[0.029s] Invoking command in '/home/ros/colcon_ws/build/q4d_teleop': CMAKE_PREFIX_PATH=${CMAKE_PREFIX_PATH}:/opt/ros/humble /usr/bin/cmake --build /home/ros/colcon_ws/build/q4d_teleop -- -j3 -l3
[0.075s] [ 50%] [32mBuilding CXX object CMakeFiles/q4d_teleop_rviz.dir/src/q4d_teleop_rviz.cpp.o[0m
[12.383s] [100%] [32m[1mLinking CXX executable q4d_teleop_rviz[0m
[13.049s] [100%] Built target q4d_teleop_rviz
[13.057s] Invoked command in '/home/ros/colcon_ws/build/q4d_teleop' returned '0': CMAKE_PREFIX_PATH=${CMAKE_PREFIX_PATH}:/opt/ros/humble /usr/bin/cmake --build /home/ros/colcon_ws/build/q4d_teleop -- -j3 -l3
[13.073s] Invoking command in '/home/ros/colcon_ws/build/q4d_teleop': CMAKE_PREFIX_PATH=${CMAKE_PREFIX_PATH}:/opt/ros/humble /usr/bin/cmake --install /home/ros/colcon_ws/build/q4d_teleop
[13.080s] -- Install configuration: ""
[13.080s] -- Execute custom install script
[13.080s] -- Up-to-date symlink: /home/ros/colcon_ws/install/q4d_teleop/lib/q4d_teleop/q4d_teleop_rviz
[13.081s] -- Up-to-date symlink: /home/ros/colcon_ws/install/q4d_teleop/share/q4d_teleop/launch/display.launch.xml
[13.081s] -- Up-to-date symlink: /home/ros/colcon_ws/install/q4d_teleop/share/q4d_teleop/launch/q4d_teleop_rviz.launch.xml
[13.081s] -- Up-to-date symlink: /home/ros/colcon_ws/install/q4d_teleop/share/q4d_teleop/config/display.rviz
[13.087s] -- Up-to-date symlink: /home/ros/colcon_ws/install/q4d_teleop/share/ament_index/resource_index/package_run_dependencies/q4d_teleop
[13.087s] -- Up-to-date symlink: /home/ros/colcon_ws/install/q4d_teleop/share/ament_index/resource_index/parent_prefix_path/q4d_teleop
[13.087s] -- Up-to-date symlink: /home/ros/colcon_ws/install/q4d_teleop/share/q4d_teleop/environment/ament_prefix_path.sh
[13.087s] -- Up-to-date symlink: /home/ros/colcon_ws/install/q4d_teleop/share/q4d_teleop/environment/ament_prefix_path.dsv
[13.087s] -- Up-to-date symlink: /home/ros/colcon_ws/install/q4d_teleop/share/q4d_teleop/environment/path.sh
[13.087s] -- Up-to-date symlink: /home/ros/colcon_ws/install/q4d_teleop/share/q4d_teleop/environment/path.dsv
[13.087s] -- Up-to-date symlink: /home/ros/colcon_ws/install/q4d_teleop/share/q4d_teleop/local_setup.bash
[13.088s] -- Up-to-date symlink: /home/ros/colcon_ws/install/q4d_teleop/share/q4d_teleop/local_setup.sh
[13.088s] -- Up-to-date symlink: /home/ros/colcon_ws/install/q4d_teleop/share/q4d_teleop/local_setup.zsh
[13.088s] -- Up-to-date symlink: /home/ros/colcon_ws/install/q4d_teleop/share/q4d_teleop/local_setup.dsv
[13.088s] -- Symlinking: /home/ros/colcon_ws/install/q4d_teleop/share/q4d_teleop/package.dsv
[13.090s] -- Up-to-date symlink: /home/ros/colcon_ws/install/q4d_teleop/share/ament_index/resource_index/packages/q4d_teleop
[13.090s] -- Up-to-date symlink: /home/ros/colcon_ws/install/q4d_teleop/share/q4d_teleop/cmake/q4d_teleopConfig.cmake
[13.090s] -- Up-to-date symlink: /home/ros/colcon_ws/install/q4d_teleop/share/q4d_teleop/cmake/q4d_teleopConfig-version.cmake
[13.090s] -- Up-to-date symlink: /home/ros/colcon_ws/install/q4d_teleop/share/q4d_teleop/package.xml
[13.091s] Invoked command in '/home/ros/colcon_ws/build/q4d_teleop' returned '0': CMAKE_PREFIX_PATH=${CMAKE_PREFIX_PATH}:/opt/ros/humble /usr/bin/cmake --install /home/ros/colcon_ws/build/q4d_teleop
