[0.031s] Invoking command in '/home/ros/colcon_ws/build/q4d_teleop': CMAKE_PREFIX_PATH=${CMAKE_PREFIX_PATH}:/opt/ros/humble /usr/bin/cmake --build /home/ros/colcon_ws/build/q4d_teleop -- -j3 -l3
[0.070s] [35m[1mConsolidate compiler generated dependencies of target q4d_teleop_rviz[0m
[0.106s] [100%] Built target q4d_teleop_rviz
[0.144s] Invoked command in '/home/ros/colcon_ws/build/q4d_teleop' returned '0': CMAKE_PREFIX_PATH=${CMAKE_PREFIX_PATH}:/opt/ros/humble /usr/bin/cmake --build /home/ros/colcon_ws/build/q4d_teleop -- -j3 -l3
[0.190s] Invoking command in '/home/ros/colcon_ws/build/q4d_teleop': CMAKE_PREFIX_PATH=${CMAKE_PREFIX_PATH}:/opt/ros/humble /usr/bin/cmake --install /home/ros/colcon_ws/build/q4d_teleop
[0.205s] -- Install configuration: ""
[0.205s] -- Up-to-date: /home/ros/colcon_ws/install/q4d_teleop/lib/q4d_teleop/q4d_teleop_rviz
[0.205s] -- Up-to-date: /home/ros/colcon_ws/install/q4d_teleop/share/q4d_teleop/launch
[0.205s] -- Up-to-date: /home/ros/colcon_ws/install/q4d_teleop/share/q4d_teleop/launch/q4d_teleop_rviz.launch.xml
[0.205s] -- Up-to-date: /home/ros/colcon_ws/install/q4d_teleop/share/q4d_teleop/launch/display.launch.xml
[0.205s] -- Up-to-date: /home/ros/colcon_ws/install/q4d_teleop/share/q4d_teleop/config
[0.205s] -- Up-to-date: /home/ros/colcon_ws/install/q4d_teleop/share/q4d_teleop/config/display.rviz
[0.205s] -- Up-to-date: /home/ros/colcon_ws/install/q4d_teleop/share/ament_index/resource_index/package_run_dependencies/q4d_teleop
[0.205s] -- Up-to-date: /home/ros/colcon_ws/install/q4d_teleop/share/ament_index/resource_index/parent_prefix_path/q4d_teleop
[0.205s] -- Up-to-date: /home/ros/colcon_ws/install/q4d_teleop/share/q4d_teleop/environment/ament_prefix_path.sh
[0.205s] -- Up-to-date: /home/ros/colcon_ws/install/q4d_teleop/share/q4d_teleop/environment/ament_prefix_path.dsv
[0.205s] -- Up-to-date: /home/ros/colcon_ws/install/q4d_teleop/share/q4d_teleop/environment/path.sh
[0.205s] -- Up-to-date: /home/ros/colcon_ws/install/q4d_teleop/share/q4d_teleop/environment/path.dsv
[0.205s] -- Up-to-date: /home/ros/colcon_ws/install/q4d_teleop/share/q4d_teleop/local_setup.bash
[0.206s] -- Up-to-date: /home/ros/colcon_ws/install/q4d_teleop/share/q4d_teleop/local_setup.sh
[0.206s] -- Up-to-date: /home/ros/colcon_ws/install/q4d_teleop/share/q4d_teleop/local_setup.zsh
[0.206s] -- Up-to-date: /home/ros/colcon_ws/install/q4d_teleop/share/q4d_teleop/local_setup.dsv
[0.206s] -- Installing: /home/ros/colcon_ws/install/q4d_teleop/share/q4d_teleop/package.dsv
[0.206s] -- Up-to-date: /home/ros/colcon_ws/install/q4d_teleop/share/ament_index/resource_index/packages/q4d_teleop
[0.206s] -- Up-to-date: /home/ros/colcon_ws/install/q4d_teleop/share/q4d_teleop/cmake/q4d_teleopConfig.cmake
[0.206s] -- Up-to-date: /home/ros/colcon_ws/install/q4d_teleop/share/q4d_teleop/cmake/q4d_teleopConfig-version.cmake
[0.206s] -- Up-to-date: /home/ros/colcon_ws/install/q4d_teleop/share/q4d_teleop/package.xml
[0.222s] Invoked command in '/home/ros/colcon_ws/build/q4d_teleop' returned '0': CMAKE_PREFIX_PATH=${CMAKE_PREFIX_PATH}:/opt/ros/humble /usr/bin/cmake --install /home/ros/colcon_ws/build/q4d_teleop
