[0.030s] Invoking command in '/home/ros/colcon_ws/src/build/q4d_teleop': CMAKE_PREFIX_PATH=${CMAKE_PREFIX_PATH}:/opt/ros/humble /usr/bin/cmake /home/ros/colcon_ws/src/q4d_teleop -DAMENT_CMAKE_SYMLINK_INSTALL=1 -DCMAKE_INSTALL_PREFIX=/home/ros/colcon_ws/src/install/q4d_teleop
[0.050s] -- Found ament_cmake: 1.3.3 (/opt/ros/humble/share/ament_cmake/cmake)
[0.278s] -- Override CMake install command with custom implementation using symlinks instead of copying resources
[0.278s] -- Found rclcpp: 16.0.3 (/opt/ros/humble/share/rclcpp/cmake)
[0.328s] -- Found rosidl_generator_c: 3.1.4 (/opt/ros/humble/share/rosidl_generator_c/cmake)
[0.328s] -- Found rosidl_adapter: 3.1.4 (/opt/ros/humble/share/rosidl_adapter/cmake)
[0.328s] -- Found rosidl_generator_cpp: 3.1.4 (/opt/ros/humble/share/rosidl_generator_cpp/cmake)
[0.344s] -- Using all available rosidl_typesupport_c: rosidl_typesupport_fastrtps_c;rosidl_typesupport_introspection_c
[0.364s] -- Using all available rosidl_typesupport_cpp: rosidl_typesupport_fastrtps_cpp;rosidl_typesupport_introspection_cpp
[0.436s] -- Found rmw_implementation_cmake: 6.1.1 (/opt/ros/humble/share/rmw_implementation_cmake/cmake)
[0.445s] -- Found rmw_fastrtps_cpp: 6.2.2 (/opt/ros/humble/share/rmw_fastrtps_cpp/cmake)
[0.693s] -- Using RMW implementation 'rmw_fastrtps_cpp' as default
[0.938s] -- Found geometry_msgs: 4.2.3 (/opt/ros/humble/share/geometry_msgs/cmake)
[0.990s] -- Found kdl_parser: 2.6.4 (/opt/ros/humble/share/kdl_parser/cmake)
[0.992s] -- Found eigen3_cmake_module: 0.1.1 (/opt/ros/humble/share/eigen3_cmake_module/cmake)
[0.994s] -- Ensuring Eigen3 include directory is part of orocos-kdl CMake target
[0.999s] -- Found sensor_msgs: 4.2.3 (/opt/ros/humble/share/sensor_msgs/cmake)
[1.114s] -- Found urdf: 2.6.0 (/opt/ros/humble/share/urdf/cmake)
[1.145s] -- Found ament_lint_auto: 0.12.5 (/opt/ros/humble/share/ament_lint_auto/cmake)
[1.229s] -- Added test 'copyright' to check source files copyright and LICENSE
[1.230s] -- Added test 'cppcheck' to perform static code analysis on C / C++ code
[1.232s] -- Configured cppcheck include dirs: $<BUILD_INTERFACE:/home/ros/colcon_ws/src/q4d_teleop/include>
[1.232s] -- Configured cppcheck exclude dirs and/or files: 
[1.233s] -- Added test 'cpplint' to check C / C++ code against the Google style
[1.234s] -- Configured cpplint exclude dirs and/or files: 
[1.235s] -- Added test 'lint_cmake' to check CMake code style
[1.237s] -- Added test 'uncrustify' to check C / C++ code style
[1.237s] -- Configured uncrustify additional arguments: 
[1.238s] -- Added test 'xmllint' to check XML markup files
[1.242s] -- Configuring done
[1.266s] -- Generating done
[1.270s] -- Build files have been written to: /home/ros/colcon_ws/src/build/q4d_teleop
[1.281s] Invoked command in '/home/ros/colcon_ws/src/build/q4d_teleop' returned '0': CMAKE_PREFIX_PATH=${CMAKE_PREFIX_PATH}:/opt/ros/humble /usr/bin/cmake /home/ros/colcon_ws/src/q4d_teleop -DAMENT_CMAKE_SYMLINK_INSTALL=1 -DCMAKE_INSTALL_PREFIX=/home/ros/colcon_ws/src/install/q4d_teleop
[1.282s] Invoking command in '/home/ros/colcon_ws/src/build/q4d_teleop': CMAKE_PREFIX_PATH=${CMAKE_PREFIX_PATH}:/opt/ros/humble /usr/bin/cmake --build /home/ros/colcon_ws/src/build/q4d_teleop -- -j3 -l3
[1.316s] [35m[1mConsolidate compiler generated dependencies of target q4d_teleop_rviz[0m
[1.344s] [ 50%] [32m[1mLinking CXX executable q4d_teleop_rviz[0m
[2.492s] [100%] Built target q4d_teleop_rviz
[2.504s] Invoked command in '/home/ros/colcon_ws/src/build/q4d_teleop' returned '0': CMAKE_PREFIX_PATH=${CMAKE_PREFIX_PATH}:/opt/ros/humble /usr/bin/cmake --build /home/ros/colcon_ws/src/build/q4d_teleop -- -j3 -l3
[2.529s] Invoking command in '/home/ros/colcon_ws/src/build/q4d_teleop': CMAKE_PREFIX_PATH=${CMAKE_PREFIX_PATH}:/opt/ros/humble /usr/bin/cmake --install /home/ros/colcon_ws/src/build/q4d_teleop
[2.533s] -- Install configuration: ""
[2.534s] -- Execute custom install script
[2.535s] -- Symlinking: /home/ros/colcon_ws/src/install/q4d_teleop/lib/q4d_teleop/q4d_teleop_rviz
[2.543s] -- Symlinking: /home/ros/colcon_ws/src/install/q4d_teleop/share/q4d_teleop/launch/display.launch.xml
[2.554s] -- Symlinking: /home/ros/colcon_ws/src/install/q4d_teleop/share/q4d_teleop/launch/q4d_teleop_rviz.launch.xml
[2.565s] -- Symlinking: /home/ros/colcon_ws/src/install/q4d_teleop/share/q4d_teleop/config/display.rviz
[2.580s] -- Symlinking: /home/ros/colcon_ws/src/install/q4d_teleop/share/ament_index/resource_index/package_run_dependencies/q4d_teleop
[2.588s] -- Symlinking: /home/ros/colcon_ws/src/install/q4d_teleop/share/ament_index/resource_index/parent_prefix_path/q4d_teleop
[2.596s] -- Symlinking: /home/ros/colcon_ws/src/install/q4d_teleop/share/q4d_teleop/environment/ament_prefix_path.sh
[2.603s] -- Symlinking: /home/ros/colcon_ws/src/install/q4d_teleop/share/q4d_teleop/environment/ament_prefix_path.dsv
[2.611s] -- Symlinking: /home/ros/colcon_ws/src/install/q4d_teleop/share/q4d_teleop/environment/path.sh
[2.620s] -- Symlinking: /home/ros/colcon_ws/src/install/q4d_teleop/share/q4d_teleop/environment/path.dsv
[2.628s] -- Symlinking: /home/ros/colcon_ws/src/install/q4d_teleop/share/q4d_teleop/local_setup.bash
[2.635s] -- Symlinking: /home/ros/colcon_ws/src/install/q4d_teleop/share/q4d_teleop/local_setup.sh
[2.641s] -- Symlinking: /home/ros/colcon_ws/src/install/q4d_teleop/share/q4d_teleop/local_setup.zsh
[2.647s] -- Symlinking: /home/ros/colcon_ws/src/install/q4d_teleop/share/q4d_teleop/local_setup.dsv
[2.656s] -- Symlinking: /home/ros/colcon_ws/src/install/q4d_teleop/share/q4d_teleop/package.dsv
[2.663s] -- Symlinking: /home/ros/colcon_ws/src/install/q4d_teleop/share/ament_index/resource_index/packages/q4d_teleop
[2.669s] -- Symlinking: /home/ros/colcon_ws/src/install/q4d_teleop/share/q4d_teleop/cmake/q4d_teleopConfig.cmake
[2.676s] -- Symlinking: /home/ros/colcon_ws/src/install/q4d_teleop/share/q4d_teleop/cmake/q4d_teleopConfig-version.cmake
[2.683s] -- Symlinking: /home/ros/colcon_ws/src/install/q4d_teleop/share/q4d_teleop/package.xml
[2.697s] Invoked command in '/home/ros/colcon_ws/src/build/q4d_teleop' returned '0': CMAKE_PREFIX_PATH=${CMAKE_PREFIX_PATH}:/opt/ros/humble /usr/bin/cmake --install /home/ros/colcon_ws/src/build/q4d_teleop
