[0.026s] Invoking command in '/home/ros/colcon_ws/build/q4d_teleop': CMAKE_PREFIX_PATH=${CMAKE_PREFIX_PATH}:/opt/ros/humble /usr/bin/cmake --build /home/ros/colcon_ws/build/q4d_teleop -- -j3 -l3
[0.074s] [35m[1mConsolidate compiler generated dependencies of target q4d_teleop_rviz[0m
[0.088s] [ 50%] [32mBuilding CXX object CMakeFiles/q4d_teleop_rviz.dir/src/q4d_teleop_rviz.cpp.o[0m
[2.981s] [01m[K/home/ros/colcon_ws/src/q4d_teleop/src/q4d_teleop_rviz.cpp:[m[K In constructor ‘[01m[KQ4dTeleop::Q4dTeleop()[m[K’:
[2.981s] [01m[K/home/ros/colcon_ws/src/q4d_teleop/src/q4d_teleop_rviz.cpp:74:26:[m[K [01;31m[Kerror: [m[K‘[01m[Kusing _name_type = class std::vector<std::__cxx11::basic_string<char> >[m[K’ {aka ‘[01m[Kclass std::vector<std::__cxx11::basic_string<char> >[m[K’} has no member named ‘[01m[Kreside[m[K’; did you mean ‘[01m[Kresize[m[K’?
[2.981s]    74 |         joint_state.name.[01;31m[Kreside[m[K(5);
[2.981s]       |                          [01;31m[K^~~~~~[m[K
[2.981s]       |                          [32m[Kresize[m[K
[3.050s] [01m[K/home/ros/colcon_ws/src/q4d_teleop/src/q4d_teleop_rviz.cpp:[m[K In member function ‘[01m[Kvoid Q4dTeleop::clickCB(geometry_msgs::msg::PoseStamped_<std::allocator<void> >::SharedPtr)[m[K’:
[3.050s] [01m[K/home/ros/colcon_ws/src/q4d_teleop/src/q4d_teleop_rviz.cpp:121:9:[m[K [01;31m[Kerror: [m[K‘[01m[Kgoal[m[K’ was not declared in this scope; did you mean ‘[01m[Kgoal_[m[K’?
[3.050s]   121 |         [01;31m[Kgoal[m[K = KDL::Frame(KDL::Rotation::Quaternion(click->pose.orientation.x,
[3.050s]       |         [01;31m[K^~~~[m[K
[3.050s]       |         [32m[Kgoal_[m[K
[3.062s] [01m[K/home/ros/colcon_ws/src/q4d_teleop/src/q4d_teleop_rviz.cpp:125:45:[m[K [01;31m[Kerror: [m[K‘[01m[Kpose[m[K’ was not declared in this scope
[3.062s]   125 |                           KDL::Vector(click>[01;31m[Kpose[m[K.position.x,click>pose.position.y,click->pose.position.z));
[3.062s]       |                                             [01;31m[K^~~~[m[K
[6.613s] gmake[2]: *** [CMakeFiles/q4d_teleop_rviz.dir/build.make:76: CMakeFiles/q4d_teleop_rviz.dir/src/q4d_teleop_rviz.cpp.o] Error 1
[6.613s] gmake[1]: *** [CMakeFiles/Makefile2:137: CMakeFiles/q4d_teleop_rviz.dir/all] Error 2
[6.613s] gmake: *** [Makefile:146: all] Error 2
[6.616s] Invoked command in '/home/ros/colcon_ws/build/q4d_teleop' returned '2': CMAKE_PREFIX_PATH=${CMAKE_PREFIX_PATH}:/opt/ros/humble /usr/bin/cmake --build /home/ros/colcon_ws/build/q4d_teleop -- -j3 -l3
