[0.028s] Invoking command in '/home/ros/colcon_ws/src/build/q2d_description': CMAKE_PREFIX_PATH=${CMAKE_PREFIX_PATH}:/opt/ros/humble /usr/bin/cmake /home/ros/colcon_ws/src/q2d/q2d_description -DCMAKE_INSTALL_PREFIX=/home/ros/colcon_ws/src/install/q2d_description
[0.110s] -- The C compiler identification is GNU 11.3.0
[0.180s] -- The CXX compiler identification is GNU 11.3.0
[0.189s] -- Detecting C compiler ABI info
[0.282s] -- Detecting C compiler ABI info - done
[0.282s] -- Check for working C compiler: /usr/bin/cc - skipped
[0.283s] -- Detecting C compile features
[0.283s] -- Detecting C compile features - done
[0.288s] -- Detecting CXX compiler ABI info
[0.400s] -- Detecting CXX compiler ABI info - done
[0.406s] -- Check for working CXX compiler: /usr/bin/c++ - skipped
[0.406s] -- Detecting CXX compile features
[0.406s] -- Detecting CXX compile features - done
[0.409s] -- Found ament_cmake: 1.3.3 (/opt/ros/humble/share/ament_cmake/cmake)
[0.645s] -- Found Python3: /usr/bin/python3.10 (found version "3.10.6") found components: Interpreter 
[0.819s] -- Found ament_lint_auto: 0.12.5 (/opt/ros/humble/share/ament_lint_auto/cmake)
[0.918s] -- Added test 'copyright' to check source files copyright and LICENSE
[0.925s] -- Added test 'flake8' to check Python code syntax and style conventions
[0.927s] -- Added test 'lint_cmake' to check CMake code style
[0.929s] -- Added test 'pep257' to check Python code against some of the docstring style conventions in PEP 257
[0.931s] -- Added test 'xmllint' to check XML markup files
[0.935s] -- Configuring done
[0.937s] -- Generating done
[0.938s] -- Build files have been written to: /home/ros/colcon_ws/src/build/q2d_description
[0.966s] Invoked command in '/home/ros/colcon_ws/src/build/q2d_description' returned '0': CMAKE_PREFIX_PATH=${CMAKE_PREFIX_PATH}:/opt/ros/humble /usr/bin/cmake /home/ros/colcon_ws/src/q2d/q2d_description -DCMAKE_INSTALL_PREFIX=/home/ros/colcon_ws/src/install/q2d_description
[0.967s] Invoking command in '/home/ros/colcon_ws/src/build/q2d_description': CMAKE_PREFIX_PATH=${CMAKE_PREFIX_PATH}:/opt/ros/humble /usr/bin/cmake --build /home/ros/colcon_ws/src/build/q2d_description -- -j3 -l3
[1.007s] Invoked command in '/home/ros/colcon_ws/src/build/q2d_description' returned '0': CMAKE_PREFIX_PATH=${CMAKE_PREFIX_PATH}:/opt/ros/humble /usr/bin/cmake --build /home/ros/colcon_ws/src/build/q2d_description -- -j3 -l3
[1.023s] Invoking command in '/home/ros/colcon_ws/src/build/q2d_description': CMAKE_PREFIX_PATH=${CMAKE_PREFIX_PATH}:/opt/ros/humble /usr/bin/cmake --install /home/ros/colcon_ws/src/build/q2d_description
[1.047s] -- Install configuration: ""
[1.047s] -- Installing: /home/ros/colcon_ws/src/install/q2d_description/share/q2d_description/config
[1.047s] -- Installing: /home/ros/colcon_ws/src/install/q2d_description/share/q2d_description/config/gazebo.yaml
[1.048s] -- Installing: /home/ros/colcon_ws/src/install/q2d_description/share/q2d_description/config/controller_manager.yaml
[1.048s] -- Installing: /home/ros/colcon_ws/src/install/q2d_description/share/q2d_description/config/display.rviz
[1.048s] -- Installing: /home/ros/colcon_ws/src/install/q2d_description/share/q2d_description/launch
[1.048s] -- Installing: /home/ros/colcon_ws/src/install/q2d_description/share/q2d_description/launch/display.launch.xml
[1.048s] -- Installing: /home/ros/colcon_ws/src/install/q2d_description/share/q2d_description/launch/gazebo.launch.xml
[1.048s] -- Installing: /home/ros/colcon_ws/src/install/q2d_description/share/q2d_description/launch/display.launch.py
[1.048s] -- Installing: /home/ros/colcon_ws/src/install/q2d_description/share/q2d_description/launch/q2d.launch.xml
[1.048s] -- Installing: /home/ros/colcon_ws/src/install/q2d_description/share/q2d_description/launch/ignition.launch.xml
[1.048s] -- Installing: /home/ros/colcon_ws/src/install/q2d_description/share/q2d_description/urdf
[1.048s] -- Installing: /home/ros/colcon_ws/src/install/q2d_description/share/q2d_description/urdf/q2d.urdf
[1.048s] -- Installing: /home/ros/colcon_ws/src/install/q2d_description/share/q2d_description/meshes
[1.048s] -- Installing: /home/ros/colcon_ws/src/install/q2d_description/share/q2d_description/meshes/elbow_active.STL
[1.048s] -- Installing: /home/ros/colcon_ws/src/install/q2d_description/share/q2d_description/meshes/elbow_passive.STL
[1.057s] -- Installing: /home/ros/colcon_ws/src/install/q2d_description/share/q2d_description/meshes/base.STL
[1.072s] -- Installing: /home/ros/colcon_ws/src/install/q2d_description/share/q2d_description/meshes/shoulder_active.STL
[1.073s] -- Installing: /home/ros/colcon_ws/src/install/q2d_description/share/q2d_description/meshes/shoulder_passive.STL
[1.078s] -- Installing: /home/ros/colcon_ws/src/install/q2d_description/share/q2d_description/meshes/collision
[1.078s] -- Installing: /home/ros/colcon_ws/src/install/q2d_description/share/q2d_description/meshes/collision/elbow_active.STL
[1.079s] -- Installing: /home/ros/colcon_ws/src/install/q2d_description/share/q2d_description/meshes/collision/elbow_passive.STL
[1.079s] -- Installing: /home/ros/colcon_ws/src/install/q2d_description/share/q2d_description/meshes/collision/shoulder_active.STL
[1.079s] -- Installing: /home/ros/colcon_ws/src/install/q2d_description/share/q2d_description/meshes/collision/shoulder_passive.STL
[1.080s] -- Installing: /home/ros/colcon_ws/src/install/q2d_description/share/q2d_description/environment/q2d_description.dsv
[1.080s] -- Installing: /home/ros/colcon_ws/src/install/q2d_description/share/ament_index/resource_index/package_run_dependencies/q2d_description
[1.080s] -- Installing: /home/ros/colcon_ws/src/install/q2d_description/share/ament_index/resource_index/parent_prefix_path/q2d_description
[1.080s] -- Installing: /home/ros/colcon_ws/src/install/q2d_description/share/q2d_description/environment/ament_prefix_path.sh
[1.080s] -- Installing: /home/ros/colcon_ws/src/install/q2d_description/share/q2d_description/environment/ament_prefix_path.dsv
[1.080s] -- Installing: /home/ros/colcon_ws/src/install/q2d_description/share/q2d_description/environment/path.sh
[1.081s] -- Installing: /home/ros/colcon_ws/src/install/q2d_description/share/q2d_description/environment/path.dsv
[1.081s] -- Installing: /home/ros/colcon_ws/src/install/q2d_description/share/q2d_description/local_setup.bash
[1.081s] -- Installing: /home/ros/colcon_ws/src/install/q2d_description/share/q2d_description/local_setup.sh
[1.081s] -- Installing: /home/ros/colcon_ws/src/install/q2d_description/share/q2d_description/local_setup.zsh
[1.081s] -- Installing: /home/ros/colcon_ws/src/install/q2d_description/share/q2d_description/local_setup.dsv
[1.081s] -- Installing: /home/ros/colcon_ws/src/install/q2d_description/share/q2d_description/package.dsv
[1.086s] -- Installing: /home/ros/colcon_ws/src/install/q2d_description/share/ament_index/resource_index/packages/q2d_description
[1.086s] -- Installing: /home/ros/colcon_ws/src/install/q2d_description/share/q2d_description/cmake/q2d_descriptionConfig.cmake
[1.087s] -- Installing: /home/ros/colcon_ws/src/install/q2d_description/share/q2d_description/cmake/q2d_descriptionConfig-version.cmake
[1.087s] -- Installing: /home/ros/colcon_ws/src/install/q2d_description/share/q2d_description/package.xml
[1.114s] Invoked command in '/home/ros/colcon_ws/src/build/q2d_description' returned '0': CMAKE_PREFIX_PATH=${CMAKE_PREFIX_PATH}:/opt/ros/humble /usr/bin/cmake --install /home/ros/colcon_ws/src/build/q2d_description
