-- Found ament_cmake: 1.3.3 (/opt/ros/humble/share/ament_cmake/cmake)
-- Override CMake install command with custom implementation using symlinks instead of copying resources
-- Found ament_lint_auto: 0.12.5 (/opt/ros/humble/share/ament_lint_auto/cmake)
-- Added test 'lint_cmake' to check CMake code style
-- Added test 'xmllint' to check XML markup files
-- Configuring done
-- Generating done
-- Build files have been written to: /home/ros/colcon_ws/build/q4d_description
-- Install configuration: ""
-- Execute custom install script
-- Up-to-date symlink: /home/ros/colcon_ws/install/q4d_description/share/q4d_description/config/display.rviz
-- Up-to-date symlink: /home/ros/colcon_ws/install/q4d_description/share/q4d_description/launch/display.launch.xml
-- Up-to-date symlink: /home/ros/colcon_ws/install/q4d_description/share/q4d_description/launch/q4d.launch.xml
-- Up-to-date symlink: /home/ros/colcon_ws/install/q4d_description/share/q4d_description/urdf/q4d.urdf.xacro
-- Symlinking: /home/ros/colcon_ws/install/q4d_description/share/q4d_description/environment/q4d_description.dsv
-- Up-to-date symlink: /home/ros/colcon_ws/install/q4d_description/share/ament_index/resource_index/package_run_dependencies/q4d_description
-- Up-to-date symlink: /home/ros/colcon_ws/install/q4d_description/share/ament_index/resource_index/parent_prefix_path/q4d_description
-- Up-to-date symlink: /home/ros/colcon_ws/install/q4d_description/share/q4d_description/environment/ament_prefix_path.sh
-- Up-to-date symlink: /home/ros/colcon_ws/install/q4d_description/share/q4d_description/environment/ament_prefix_path.dsv
-- Up-to-date symlink: /home/ros/colcon_ws/install/q4d_description/share/q4d_description/environment/path.sh
-- Up-to-date symlink: /home/ros/colcon_ws/install/q4d_description/share/q4d_description/environment/path.dsv
-- Up-to-date symlink: /home/ros/colcon_ws/install/q4d_description/share/q4d_description/local_setup.bash
-- Up-to-date symlink: /home/ros/colcon_ws/install/q4d_description/share/q4d_description/local_setup.sh
-- Up-to-date symlink: /home/ros/colcon_ws/install/q4d_description/share/q4d_description/local_setup.zsh
-- Up-to-date symlink: /home/ros/colcon_ws/install/q4d_description/share/q4d_description/local_setup.dsv
-- Symlinking: /home/ros/colcon_ws/install/q4d_description/share/q4d_description/package.dsv
-- Up-to-date symlink: /home/ros/colcon_ws/install/q4d_description/share/ament_index/resource_index/packages/q4d_description
-- Up-to-date symlink: /home/ros/colcon_ws/install/q4d_description/share/q4d_description/cmake/q4d_descriptionConfig.cmake
-- Up-to-date symlink: /home/ros/colcon_ws/install/q4d_description/share/q4d_description/cmake/q4d_descriptionConfig-version.cmake
-- Up-to-date symlink: /home/ros/colcon_ws/install/q4d_description/share/q4d_description/package.xml
