[0.040s] Invoking command in '/home/ros/colcon_ws/build/q4d_description': CMAKE_PREFIX_PATH=${CMAKE_PREFIX_PATH}:/opt/ros/humble /usr/bin/cmake --build /home/ros/colcon_ws/build/q4d_description -- -j3 -l3
[0.060s] -- Found ament_cmake: 1.3.3 (/opt/ros/humble/share/ament_cmake/cmake)
[0.188s] -- Override CMake install command with custom implementation using symlinks instead of copying resources
[0.195s] -- Found ament_lint_auto: 0.12.5 (/opt/ros/humble/share/ament_lint_auto/cmake)
[0.260s] -- Added test 'lint_cmake' to check CMake code style
[0.261s] -- Added test 'xmllint' to check XML markup files
[0.262s] -- Configuring done
[0.264s] -- Generating done
[0.265s] -- Build files have been written to: /home/ros/colcon_ws/build/q4d_description
[0.283s] Invoked command in '/home/ros/colcon_ws/build/q4d_description' returned '0': CMAKE_PREFIX_PATH=${CMAKE_PREFIX_PATH}:/opt/ros/humble /usr/bin/cmake --build /home/ros/colcon_ws/build/q4d_description -- -j3 -l3
[0.298s] Invoking command in '/home/ros/colcon_ws/build/q4d_description': CMAKE_PREFIX_PATH=${CMAKE_PREFIX_PATH}:/opt/ros/humble /usr/bin/cmake --install /home/ros/colcon_ws/build/q4d_description
[0.303s] -- Install configuration: ""
[0.303s] -- Execute custom install script
[0.304s] -- Up-to-date symlink: /home/ros/colcon_ws/install/q4d_description/share/q4d_description/config/display.rviz
[0.304s] -- Up-to-date symlink: /home/ros/colcon_ws/install/q4d_description/share/q4d_description/launch/display.launch.xml
[0.304s] -- Up-to-date symlink: /home/ros/colcon_ws/install/q4d_description/share/q4d_description/launch/q4d.launch.xml
[0.304s] -- Up-to-date symlink: /home/ros/colcon_ws/install/q4d_description/share/q4d_description/urdf/q4d.urdf.xacro
[0.304s] -- Symlinking: /home/ros/colcon_ws/install/q4d_description/share/q4d_description/environment/q4d_description.dsv
[0.313s] -- Up-to-date symlink: /home/ros/colcon_ws/install/q4d_description/share/ament_index/resource_index/package_run_dependencies/q4d_description
[0.313s] -- Up-to-date symlink: /home/ros/colcon_ws/install/q4d_description/share/ament_index/resource_index/parent_prefix_path/q4d_description
[0.314s] -- Up-to-date symlink: /home/ros/colcon_ws/install/q4d_description/share/q4d_description/environment/ament_prefix_path.sh
[0.314s] -- Up-to-date symlink: /home/ros/colcon_ws/install/q4d_description/share/q4d_description/environment/ament_prefix_path.dsv
[0.314s] -- Up-to-date symlink: /home/ros/colcon_ws/install/q4d_description/share/q4d_description/environment/path.sh
[0.314s] -- Up-to-date symlink: /home/ros/colcon_ws/install/q4d_description/share/q4d_description/environment/path.dsv
[0.314s] -- Up-to-date symlink: /home/ros/colcon_ws/install/q4d_description/share/q4d_description/local_setup.bash
[0.314s] -- Up-to-date symlink: /home/ros/colcon_ws/install/q4d_description/share/q4d_description/local_setup.sh
[0.315s] -- Up-to-date symlink: /home/ros/colcon_ws/install/q4d_description/share/q4d_description/local_setup.zsh
[0.315s] -- Up-to-date symlink: /home/ros/colcon_ws/install/q4d_description/share/q4d_description/local_setup.dsv
[0.315s] -- Symlinking: /home/ros/colcon_ws/install/q4d_description/share/q4d_description/package.dsv
[0.321s] -- Up-to-date symlink: /home/ros/colcon_ws/install/q4d_description/share/ament_index/resource_index/packages/q4d_description
[0.321s] -- Up-to-date symlink: /home/ros/colcon_ws/install/q4d_description/share/q4d_description/cmake/q4d_descriptionConfig.cmake
[0.321s] -- Up-to-date symlink: /home/ros/colcon_ws/install/q4d_description/share/q4d_description/cmake/q4d_descriptionConfig-version.cmake
[0.322s] -- Up-to-date symlink: /home/ros/colcon_ws/install/q4d_description/share/q4d_description/package.xml
[0.326s] Invoked command in '/home/ros/colcon_ws/build/q4d_description' returned '0': CMAKE_PREFIX_PATH=${CMAKE_PREFIX_PATH}:/opt/ros/humble /usr/bin/cmake --install /home/ros/colcon_ws/build/q4d_description
