-- Install configuration: ""
-- Execute custom install script
-- Up-to-date symlink: /home/ros/colcon_ws/install/q4d_description/share/q4d_description/config/display.rviz
-- Up-to-date symlink: /home/ros/colcon_ws/install/q4d_description/share/q4d_description/launch/display.launch.xml
-- Up-to-date symlink: /home/ros/colcon_ws/install/q4d_description/share/q4d_description/launch/q4d.launch.xml
-- Up-to-date symlink: /home/ros/colcon_ws/install/q4d_description/share/q4d_description/urdf/q4d.urdf.xacro
-- Up-to-date symlink: /home/ros/colcon_ws/install/q4d_description/share/q4d_description/urdf/q4d_aux.urdf.xacro
-- Up-to-date symlink: /home/ros/colcon_ws/install/q4d_description/share/q4d_description/urdf/q4d_claw.xacro
-- Up-to-date symlink: /home/ros/colcon_ws/install/q4d_description/share/q4d_description/urdf/q4d_prismatic.urdf.xacro
-- Up-to-date symlink: /home/ros/colcon_ws/install/q4d_description/share/q4d_description/urdf/q4d_revolute.urdf.xacro
-- Up-to-date symlink: /home/ros/colcon_ws/install/q4d_description/share/q4d_description/environment/q4d_description.dsv
-- Up-to-date symlink: /home/ros/colcon_ws/install/q4d_description/share/ament_index/resource_index/package_run_dependencies/q4d_description
-- Up-to-date symlink: /home/ros/colcon_ws/install/q4d_description/share/ament_index/resource_index/parent_prefix_path/q4d_description
-- Up-to-date symlink: /home/ros/colcon_ws/install/q4d_description/share/q4d_description/environment/ament_prefix_path.sh
-- Up-to-date symlink: /home/ros/colcon_ws/install/q4d_description/share/q4d_description/environment/ament_prefix_path.dsv
-- Up-to-date symlink: /home/ros/colcon_ws/install/q4d_description/share/q4d_description/environment/path.sh
-- Up-to-date symlink: /home/ros/colcon_ws/install/q4d_description/share/q4d_description/environment/path.dsv
-- Up-to-date symlink: /home/ros/colcon_ws/install/q4d_description/share/q4d_description/local_setup.bash
-- Up-to-date symlink: /home/ros/colcon_ws/install/q4d_description/share/q4d_description/local_setup.sh
-- Up-to-date symlink: /home/ros/colcon_ws/install/q4d_description/share/q4d_description/local_setup.zsh
-- Up-to-date symlink: /home/ros/colcon_ws/install/q4d_description/share/q4d_description/local_setup.dsv
-- Symlinking: /home/ros/colcon_ws/install/q4d_description/share/q4d_description/package.dsv
-- Up-to-date symlink: /home/ros/colcon_ws/install/q4d_description/share/ament_index/resource_index/packages/q4d_description
-- Up-to-date symlink: /home/ros/colcon_ws/install/q4d_description/share/q4d_description/cmake/q4d_descriptionConfig.cmake
-- Up-to-date symlink: /home/ros/colcon_ws/install/q4d_description/share/q4d_description/cmake/q4d_descriptionConfig-version.cmake
-- Up-to-date symlink: /home/ros/colcon_ws/install/q4d_description/share/q4d_description/package.xml
