[0.019s] Invoking command in '/home/ros/colcon_ws/build/q4d_description': CMAKE_PREFIX_PATH=${CMAKE_PREFIX_PATH}:/opt/ros/humble /usr/bin/cmake --build /home/ros/colcon_ws/build/q4d_description -- -j3 -l3
[0.056s] Invoked command in '/home/ros/colcon_ws/build/q4d_description' returned '0': CMAKE_PREFIX_PATH=${CMAKE_PREFIX_PATH}:/opt/ros/humble /usr/bin/cmake --build /home/ros/colcon_ws/build/q4d_description -- -j3 -l3
[0.068s] Invoking command in '/home/ros/colcon_ws/build/q4d_description': CMAKE_PREFIX_PATH=${CMAKE_PREFIX_PATH}:/opt/ros/humble /usr/bin/cmake --install /home/ros/colcon_ws/build/q4d_description
[0.075s] -- Install configuration: ""
[0.075s] -- Execute custom install script
[0.075s] -- Up-to-date symlink: /home/ros/colcon_ws/install/q4d_description/share/q4d_description/config/display.rviz
[0.076s] -- Up-to-date symlink: /home/ros/colcon_ws/install/q4d_description/share/q4d_description/launch/display.launch.xml
[0.076s] -- Up-to-date symlink: /home/ros/colcon_ws/install/q4d_description/share/q4d_description/launch/q4d.launch.xml
[0.077s] -- Up-to-date symlink: /home/ros/colcon_ws/install/q4d_description/share/q4d_description/urdf/q4d.urdf.xacro
[0.077s] -- Up-to-date symlink: /home/ros/colcon_ws/install/q4d_description/share/q4d_description/urdf/q4d_aux.urdf.xacro
[0.077s] -- Up-to-date symlink: /home/ros/colcon_ws/install/q4d_description/share/q4d_description/urdf/q4d_claw.urdf.xacro
[0.078s] -- Up-to-date symlink: /home/ros/colcon_ws/install/q4d_description/share/q4d_description/urdf/q4d_prismatic.urdf.xacro
[0.078s] -- Up-to-date symlink: /home/ros/colcon_ws/install/q4d_description/share/q4d_description/urdf/q4d_revolute.urdf.xacro
[0.078s] -- Up-to-date symlink: /home/ros/colcon_ws/install/q4d_description/share/q4d_description/environment/q4d_description.dsv
[0.078s] -- Up-to-date symlink: /home/ros/colcon_ws/install/q4d_description/share/ament_index/resource_index/package_run_dependencies/q4d_description
[0.079s] -- Up-to-date symlink: /home/ros/colcon_ws/install/q4d_description/share/ament_index/resource_index/parent_prefix_path/q4d_description
[0.079s] -- Up-to-date symlink: /home/ros/colcon_ws/install/q4d_description/share/q4d_description/environment/ament_prefix_path.sh
[0.079s] -- Up-to-date symlink: /home/ros/colcon_ws/install/q4d_description/share/q4d_description/environment/ament_prefix_path.dsv
[0.080s] -- Up-to-date symlink: /home/ros/colcon_ws/install/q4d_description/share/q4d_description/environment/path.sh
[0.080s] -- Up-to-date symlink: /home/ros/colcon_ws/install/q4d_description/share/q4d_description/environment/path.dsv
[0.080s] -- Up-to-date symlink: /home/ros/colcon_ws/install/q4d_description/share/q4d_description/local_setup.bash
[0.080s] -- Up-to-date symlink: /home/ros/colcon_ws/install/q4d_description/share/q4d_description/local_setup.sh
[0.082s] -- Up-to-date symlink: /home/ros/colcon_ws/install/q4d_description/share/q4d_description/local_setup.zsh
[0.082s] -- Up-to-date symlink: /home/ros/colcon_ws/install/q4d_description/share/q4d_description/local_setup.dsv
[0.082s] -- Symlinking: /home/ros/colcon_ws/install/q4d_description/share/q4d_description/package.dsv
[0.087s] -- Up-to-date symlink: /home/ros/colcon_ws/install/q4d_description/share/ament_index/resource_index/packages/q4d_description
[0.087s] -- Up-to-date symlink: /home/ros/colcon_ws/install/q4d_description/share/q4d_description/cmake/q4d_descriptionConfig.cmake
[0.088s] -- Up-to-date symlink: /home/ros/colcon_ws/install/q4d_description/share/q4d_description/cmake/q4d_descriptionConfig-version.cmake
[0.088s] -- Up-to-date symlink: /home/ros/colcon_ws/install/q4d_description/share/q4d_description/package.xml
[0.090s] Invoked command in '/home/ros/colcon_ws/build/q4d_description' returned '0': CMAKE_PREFIX_PATH=${CMAKE_PREFIX_PATH}:/opt/ros/humble /usr/bin/cmake --install /home/ros/colcon_ws/build/q4d_description
