[0.338s] DEBUG:colcon:Command line arguments: ['/usr/bin/colcon', 'build']
[0.338s] DEBUG:colcon:Parsed command line arguments: Namespace(log_base=None, log_level=None, verb_name='build', build_base='build', install_base='install', merge_install=False, symlink_install=False, test_result_base=None, continue_on_error=False, executor='parallel', parallel_workers=3, event_handlers=None, ignore_user_meta=False, metas=['./colcon.meta'], base_paths=['.'], packages_ignore=None, packages_ignore_regex=None, paths=None, packages_up_to=None, packages_up_to_regex=None, packages_above=None, packages_above_and_dependencies=None, packages_above_depth=None, packages_select_by_dep=None, packages_skip_by_dep=None, packages_skip_up_to=None, packages_select_build_failed=False, packages_skip_build_finished=False, packages_select_test_failures=False, packages_skip_test_passed=False, packages_select=None, packages_skip=None, packages_select_regex=None, packages_skip_regex=None, packages_start=None, packages_end=None, allow_overriding=[], cmake_args=None, cmake_target=None, cmake_target_skip_unavailable=False, cmake_clean_cache=False, cmake_clean_first=False, cmake_force_configure=False, ament_cmake_args=None, catkin_cmake_args=None, catkin_skip_building_tests=False, verb_parser=<colcon_defaults.argument_parser.defaults.DefaultArgumentsDecorator object at 0x7f9068390700>, verb_extension=<colcon_core.verb.build.BuildVerb object at 0x7f9068b5dcf0>, main=<bound method BuildVerb.main of <colcon_core.verb.build.BuildVerb object at 0x7f9068b5dcf0>>)
[0.370s] Level 1:colcon.colcon_core.package_discovery:discover_packages(colcon_meta) check parameters
[0.370s] Level 1:colcon.colcon_core.package_discovery:discover_packages(recursive) check parameters
[0.370s] Level 1:colcon.colcon_core.package_discovery:discover_packages(ignore) check parameters
[0.370s] Level 1:colcon.colcon_core.package_discovery:discover_packages(path) check parameters
[0.370s] Level 1:colcon.colcon_core.package_discovery:discover_packages(colcon_meta) discover
[0.370s] Level 1:colcon.colcon_core.package_discovery:discover_packages(recursive) discover
[0.370s] INFO:colcon.colcon_core.package_discovery:Crawling recursively for packages in '/home/ros/colcon_ws/src'
[0.370s] Level 1:colcon.colcon_core.package_identification:_identify(.) by extensions ['ignore', 'ignore_ament_install']
[0.371s] Level 1:colcon.colcon_core.package_identification:_identify(.) by extension 'ignore'
[0.371s] Level 1:colcon.colcon_core.package_identification:_identify(.) by extension 'ignore_ament_install'
[0.371s] Level 1:colcon.colcon_core.package_identification:_identify(.) by extensions ['colcon_pkg']
[0.371s] Level 1:colcon.colcon_core.package_identification:_identify(.) by extension 'colcon_pkg'
[0.371s] Level 1:colcon.colcon_core.package_identification:_identify(.) by extensions ['colcon_meta']
[0.371s] Level 1:colcon.colcon_core.package_identification:_identify(.) by extension 'colcon_meta'
[0.371s] Level 1:colcon.colcon_core.package_identification:_identify(.) by extensions ['ros']
[0.371s] Level 1:colcon.colcon_core.package_identification:_identify(.) by extension 'ros'
[0.382s] Level 1:colcon.colcon_core.package_identification:_identify(.) by extensions ['cmake', 'python']
[0.382s] Level 1:colcon.colcon_core.package_identification:_identify(.) by extension 'cmake'
[0.382s] Level 1:colcon.colcon_core.package_identification:_identify(.) by extension 'python'
[0.382s] Level 1:colcon.colcon_core.package_identification:_identify(.) by extensions ['python_setup_py']
[0.382s] Level 1:colcon.colcon_core.package_identification:_identify(.) by extension 'python_setup_py'
[0.383s] Level 1:colcon.colcon_core.package_identification:_identify(build) by extensions ['ignore', 'ignore_ament_install']
[0.383s] Level 1:colcon.colcon_core.package_identification:_identify(build) by extension 'ignore'
[0.383s] Level 1:colcon.colcon_core.package_identification:_identify(build) ignored
[0.383s] Level 1:colcon.colcon_core.package_identification:_identify(install) by extensions ['ignore', 'ignore_ament_install']
[0.383s] Level 1:colcon.colcon_core.package_identification:_identify(install) by extension 'ignore'
[0.383s] Level 1:colcon.colcon_core.package_identification:_identify(install) ignored
[0.383s] Level 1:colcon.colcon_core.package_identification:_identify(log) by extensions ['ignore', 'ignore_ament_install']
[0.383s] Level 1:colcon.colcon_core.package_identification:_identify(log) by extension 'ignore'
[0.383s] Level 1:colcon.colcon_core.package_identification:_identify(log) ignored
[0.383s] Level 1:colcon.colcon_core.package_identification:_identify(q2d) by extensions ['ignore', 'ignore_ament_install']
[0.383s] Level 1:colcon.colcon_core.package_identification:_identify(q2d) by extension 'ignore'
[0.383s] Level 1:colcon.colcon_core.package_identification:_identify(q2d) by extension 'ignore_ament_install'
[0.383s] Level 1:colcon.colcon_core.package_identification:_identify(q2d) by extensions ['colcon_pkg']
[0.383s] Level 1:colcon.colcon_core.package_identification:_identify(q2d) by extension 'colcon_pkg'
[0.384s] Level 1:colcon.colcon_core.package_identification:_identify(q2d) by extensions ['colcon_meta']
[0.384s] Level 1:colcon.colcon_core.package_identification:_identify(q2d) by extension 'colcon_meta'
[0.384s] Level 1:colcon.colcon_core.package_identification:_identify(q2d) by extensions ['ros']
[0.384s] Level 1:colcon.colcon_core.package_identification:_identify(q2d) by extension 'ros'
[0.384s] Level 1:colcon.colcon_core.package_identification:_identify(q2d) by extensions ['cmake', 'python']
[0.384s] Level 1:colcon.colcon_core.package_identification:_identify(q2d) by extension 'cmake'
[0.384s] Level 1:colcon.colcon_core.package_identification:_identify(q2d) by extension 'python'
[0.384s] Level 1:colcon.colcon_core.package_identification:_identify(q2d) by extensions ['python_setup_py']
[0.384s] Level 1:colcon.colcon_core.package_identification:_identify(q2d) by extension 'python_setup_py'
[0.384s] Level 1:colcon.colcon_core.package_identification:_identify(q2d/q2d_bringup) by extensions ['ignore', 'ignore_ament_install']
[0.384s] Level 1:colcon.colcon_core.package_identification:_identify(q2d/q2d_bringup) by extension 'ignore'
[0.384s] Level 1:colcon.colcon_core.package_identification:_identify(q2d/q2d_bringup) by extension 'ignore_ament_install'
[0.384s] Level 1:colcon.colcon_core.package_identification:_identify(q2d/q2d_bringup) by extensions ['colcon_pkg']
[0.384s] Level 1:colcon.colcon_core.package_identification:_identify(q2d/q2d_bringup) by extension 'colcon_pkg'
[0.384s] Level 1:colcon.colcon_core.package_identification:_identify(q2d/q2d_bringup) by extensions ['colcon_meta']
[0.384s] Level 1:colcon.colcon_core.package_identification:_identify(q2d/q2d_bringup) by extension 'colcon_meta'
[0.384s] Level 1:colcon.colcon_core.package_identification:_identify(q2d/q2d_bringup) by extensions ['ros']
[0.384s] Level 1:colcon.colcon_core.package_identification:_identify(q2d/q2d_bringup) by extension 'ros'
[0.387s] DEBUG:colcon.colcon_core.package_identification:Package 'q2d/q2d_bringup' with type 'ros.ament_cmake' and name 'q2d_bringup'
[0.387s] Level 1:colcon.colcon_core.package_identification:_identify(q2d/q2d_description) by extensions ['ignore', 'ignore_ament_install']
[0.387s] Level 1:colcon.colcon_core.package_identification:_identify(q2d/q2d_description) by extension 'ignore'
[0.387s] Level 1:colcon.colcon_core.package_identification:_identify(q2d/q2d_description) by extension 'ignore_ament_install'
[0.387s] Level 1:colcon.colcon_core.package_identification:_identify(q2d/q2d_description) by extensions ['colcon_pkg']
[0.387s] Level 1:colcon.colcon_core.package_identification:_identify(q2d/q2d_description) by extension 'colcon_pkg'
[0.387s] Level 1:colcon.colcon_core.package_identification:_identify(q2d/q2d_description) by extensions ['colcon_meta']
[0.387s] Level 1:colcon.colcon_core.package_identification:_identify(q2d/q2d_description) by extension 'colcon_meta'
[0.387s] Level 1:colcon.colcon_core.package_identification:_identify(q2d/q2d_description) by extensions ['ros']
[0.387s] Level 1:colcon.colcon_core.package_identification:_identify(q2d/q2d_description) by extension 'ros'
[0.388s] DEBUG:colcon.colcon_core.package_identification:Package 'q2d/q2d_description' with type 'ros.ament_cmake' and name 'q2d_description'
[0.388s] Level 1:colcon.colcon_core.package_identification:_identify(q2d/q2d_teleop) by extensions ['ignore', 'ignore_ament_install']
[0.388s] Level 1:colcon.colcon_core.package_identification:_identify(q2d/q2d_teleop) by extension 'ignore'
[0.388s] Level 1:colcon.colcon_core.package_identification:_identify(q2d/q2d_teleop) by extension 'ignore_ament_install'
[0.388s] Level 1:colcon.colcon_core.package_identification:_identify(q2d/q2d_teleop) by extensions ['colcon_pkg']
[0.388s] Level 1:colcon.colcon_core.package_identification:_identify(q2d/q2d_teleop) by extension 'colcon_pkg'
[0.388s] Level 1:colcon.colcon_core.package_identification:_identify(q2d/q2d_teleop) by extensions ['colcon_meta']
[0.388s] Level 1:colcon.colcon_core.package_identification:_identify(q2d/q2d_teleop) by extension 'colcon_meta'
[0.388s] Level 1:colcon.colcon_core.package_identification:_identify(q2d/q2d_teleop) by extensions ['ros']
[0.388s] Level 1:colcon.colcon_core.package_identification:_identify(q2d/q2d_teleop) by extension 'ros'
[0.390s] DEBUG:colcon.colcon_core.package_identification:Package 'q2d/q2d_teleop' with type 'ros.ament_cmake' and name 'q2d_teleop'
[0.390s] Level 1:colcon.colcon_core.package_identification:_identify(q4d_description) by extensions ['ignore', 'ignore_ament_install']
[0.390s] Level 1:colcon.colcon_core.package_identification:_identify(q4d_description) by extension 'ignore'
[0.390s] Level 1:colcon.colcon_core.package_identification:_identify(q4d_description) by extension 'ignore_ament_install'
[0.390s] Level 1:colcon.colcon_core.package_identification:_identify(q4d_description) by extensions ['colcon_pkg']
[0.390s] Level 1:colcon.colcon_core.package_identification:_identify(q4d_description) by extension 'colcon_pkg'
[0.390s] Level 1:colcon.colcon_core.package_identification:_identify(q4d_description) by extensions ['colcon_meta']
[0.390s] Level 1:colcon.colcon_core.package_identification:_identify(q4d_description) by extension 'colcon_meta'
[0.390s] Level 1:colcon.colcon_core.package_identification:_identify(q4d_description) by extensions ['ros']
[0.390s] Level 1:colcon.colcon_core.package_identification:_identify(q4d_description) by extension 'ros'
[0.390s] DEBUG:colcon.colcon_core.package_identification:Package 'q4d_description' with type 'ros.ament_cmake' and name 'q4d_description'
[0.391s] Level 1:colcon.colcon_core.package_identification:_identify(q4d_teleop) by extensions ['ignore', 'ignore_ament_install']
[0.391s] Level 1:colcon.colcon_core.package_identification:_identify(q4d_teleop) by extension 'ignore'
[0.391s] Level 1:colcon.colcon_core.package_identification:_identify(q4d_teleop) by extension 'ignore_ament_install'
[0.391s] Level 1:colcon.colcon_core.package_identification:_identify(q4d_teleop) by extensions ['colcon_pkg']
[0.391s] Level 1:colcon.colcon_core.package_identification:_identify(q4d_teleop) by extension 'colcon_pkg'
[0.391s] Level 1:colcon.colcon_core.package_identification:_identify(q4d_teleop) by extensions ['colcon_meta']
[0.391s] Level 1:colcon.colcon_core.package_identification:_identify(q4d_teleop) by extension 'colcon_meta'
[0.391s] Level 1:colcon.colcon_core.package_identification:_identify(q4d_teleop) by extensions ['ros']
[0.391s] Level 1:colcon.colcon_core.package_identification:_identify(q4d_teleop) by extension 'ros'
[0.392s] DEBUG:colcon.colcon_core.package_identification:Package 'q4d_teleop' with type 'ros.ament_cmake' and name 'q4d_teleop'
[0.392s] Level 1:colcon.colcon_core.package_discovery:discover_packages(recursive) using defaults
[0.392s] Level 1:colcon.colcon_core.package_discovery:discover_packages(ignore) discover
[0.392s] Level 1:colcon.colcon_core.package_discovery:discover_packages(ignore) using defaults
[0.392s] Level 1:colcon.colcon_core.package_discovery:discover_packages(path) discover
[0.392s] Level 1:colcon.colcon_core.package_discovery:discover_packages(path) using defaults
[0.416s] Level 1:colcon.colcon_core.package_discovery:discover_packages(prefix_path) check parameters
[0.416s] Level 1:colcon.colcon_core.package_discovery:discover_packages(prefix_path) discover
[0.419s] DEBUG:colcon.colcon_installed_package_information.package_discovery:Found 6 installed packages in /home/ros/colcon_ws/install
[0.421s] DEBUG:colcon.colcon_installed_package_information.package_discovery:Found 308 installed packages in /opt/ros/humble
[0.423s] Level 1:colcon.colcon_core.package_discovery:discover_packages(prefix_path) using defaults
[0.491s] Level 5:colcon.colcon_core.verb:set package 'q2d_bringup' build argument 'cmake_args' from command line to 'None'
[0.491s] Level 5:colcon.colcon_core.verb:set package 'q2d_bringup' build argument 'cmake_target' from command line to 'None'
[0.491s] Level 5:colcon.colcon_core.verb:set package 'q2d_bringup' build argument 'cmake_target_skip_unavailable' from command line to 'False'
[0.492s] Level 5:colcon.colcon_core.verb:set package 'q2d_bringup' build argument 'cmake_clean_cache' from command line to 'False'
[0.492s] Level 5:colcon.colcon_core.verb:set package 'q2d_bringup' build argument 'cmake_clean_first' from command line to 'False'
[0.492s] Level 5:colcon.colcon_core.verb:set package 'q2d_bringup' build argument 'cmake_force_configure' from command line to 'False'
[0.492s] Level 5:colcon.colcon_core.verb:set package 'q2d_bringup' build argument 'ament_cmake_args' from command line to 'None'
[0.492s] Level 5:colcon.colcon_core.verb:set package 'q2d_bringup' build argument 'catkin_cmake_args' from command line to 'None'
[0.492s] Level 5:colcon.colcon_core.verb:set package 'q2d_bringup' build argument 'catkin_skip_building_tests' from command line to 'False'
[0.492s] DEBUG:colcon.colcon_core.verb:Building package 'q2d_bringup' with the following arguments: {'ament_cmake_args': None, 'build_base': '/home/ros/colcon_ws/src/build/q2d_bringup', 'catkin_cmake_args': None, 'catkin_skip_building_tests': False, 'cmake_args': None, 'cmake_clean_cache': False, 'cmake_clean_first': False, 'cmake_force_configure': False, 'cmake_target': None, 'cmake_target_skip_unavailable': False, 'install_base': '/home/ros/colcon_ws/src/install/q2d_bringup', 'merge_install': False, 'path': '/home/ros/colcon_ws/src/q2d/q2d_bringup', 'symlink_install': False, 'test_result_base': None}
[0.493s] Level 5:colcon.colcon_core.verb:set package 'q2d_description' build argument 'cmake_args' from command line to 'None'
[0.493s] Level 5:colcon.colcon_core.verb:set package 'q2d_description' build argument 'cmake_target' from command line to 'None'
[0.493s] Level 5:colcon.colcon_core.verb:set package 'q2d_description' build argument 'cmake_target_skip_unavailable' from command line to 'False'
[0.493s] Level 5:colcon.colcon_core.verb:set package 'q2d_description' build argument 'cmake_clean_cache' from command line to 'False'
[0.493s] Level 5:colcon.colcon_core.verb:set package 'q2d_description' build argument 'cmake_clean_first' from command line to 'False'
[0.493s] Level 5:colcon.colcon_core.verb:set package 'q2d_description' build argument 'cmake_force_configure' from command line to 'False'
[0.493s] Level 5:colcon.colcon_core.verb:set package 'q2d_description' build argument 'ament_cmake_args' from command line to 'None'
[0.493s] Level 5:colcon.colcon_core.verb:set package 'q2d_description' build argument 'catkin_cmake_args' from command line to 'None'
[0.493s] Level 5:colcon.colcon_core.verb:set package 'q2d_description' build argument 'catkin_skip_building_tests' from command line to 'False'
[0.493s] DEBUG:colcon.colcon_core.verb:Building package 'q2d_description' with the following arguments: {'ament_cmake_args': None, 'build_base': '/home/ros/colcon_ws/src/build/q2d_description', 'catkin_cmake_args': None, 'catkin_skip_building_tests': False, 'cmake_args': None, 'cmake_clean_cache': False, 'cmake_clean_first': False, 'cmake_force_configure': False, 'cmake_target': None, 'cmake_target_skip_unavailable': False, 'install_base': '/home/ros/colcon_ws/src/install/q2d_description', 'merge_install': False, 'path': '/home/ros/colcon_ws/src/q2d/q2d_description', 'symlink_install': False, 'test_result_base': None}
[0.494s] Level 5:colcon.colcon_core.verb:set package 'q2d_teleop' build argument 'cmake_args' from command line to 'None'
[0.494s] Level 5:colcon.colcon_core.verb:set package 'q2d_teleop' build argument 'cmake_target' from command line to 'None'
[0.494s] Level 5:colcon.colcon_core.verb:set package 'q2d_teleop' build argument 'cmake_target_skip_unavailable' from command line to 'False'
[0.494s] Level 5:colcon.colcon_core.verb:set package 'q2d_teleop' build argument 'cmake_clean_cache' from command line to 'False'
[0.494s] Level 5:colcon.colcon_core.verb:set package 'q2d_teleop' build argument 'cmake_clean_first' from command line to 'False'
[0.494s] Level 5:colcon.colcon_core.verb:set package 'q2d_teleop' build argument 'cmake_force_configure' from command line to 'False'
[0.494s] Level 5:colcon.colcon_core.verb:set package 'q2d_teleop' build argument 'ament_cmake_args' from command line to 'None'
[0.495s] Level 5:colcon.colcon_core.verb:set package 'q2d_teleop' build argument 'catkin_cmake_args' from command line to 'None'
[0.495s] Level 5:colcon.colcon_core.verb:set package 'q2d_teleop' build argument 'catkin_skip_building_tests' from command line to 'False'
[0.495s] DEBUG:colcon.colcon_core.verb:Building package 'q2d_teleop' with the following arguments: {'ament_cmake_args': None, 'build_base': '/home/ros/colcon_ws/src/build/q2d_teleop', 'catkin_cmake_args': None, 'catkin_skip_building_tests': False, 'cmake_args': None, 'cmake_clean_cache': False, 'cmake_clean_first': False, 'cmake_force_configure': False, 'cmake_target': None, 'cmake_target_skip_unavailable': False, 'install_base': '/home/ros/colcon_ws/src/install/q2d_teleop', 'merge_install': False, 'path': '/home/ros/colcon_ws/src/q2d/q2d_teleop', 'symlink_install': False, 'test_result_base': None}
[0.496s] Level 5:colcon.colcon_core.verb:set package 'q4d_description' build argument 'cmake_args' from command line to 'None'
[0.496s] Level 5:colcon.colcon_core.verb:set package 'q4d_description' build argument 'cmake_target' from command line to 'None'
[0.496s] Level 5:colcon.colcon_core.verb:set package 'q4d_description' build argument 'cmake_target_skip_unavailable' from command line to 'False'
[0.496s] Level 5:colcon.colcon_core.verb:set package 'q4d_description' build argument 'cmake_clean_cache' from command line to 'False'
[0.496s] Level 5:colcon.colcon_core.verb:set package 'q4d_description' build argument 'cmake_clean_first' from command line to 'False'
[0.496s] Level 5:colcon.colcon_core.verb:set package 'q4d_description' build argument 'cmake_force_configure' from command line to 'False'
[0.496s] Level 5:colcon.colcon_core.verb:set package 'q4d_description' build argument 'ament_cmake_args' from command line to 'None'
[0.496s] Level 5:colcon.colcon_core.verb:set package 'q4d_description' build argument 'catkin_cmake_args' from command line to 'None'
[0.496s] Level 5:colcon.colcon_core.verb:set package 'q4d_description' build argument 'catkin_skip_building_tests' from command line to 'False'
[0.496s] DEBUG:colcon.colcon_core.verb:Building package 'q4d_description' with the following arguments: {'ament_cmake_args': None, 'build_base': '/home/ros/colcon_ws/src/build/q4d_description', 'catkin_cmake_args': None, 'catkin_skip_building_tests': False, 'cmake_args': None, 'cmake_clean_cache': False, 'cmake_clean_first': False, 'cmake_force_configure': False, 'cmake_target': None, 'cmake_target_skip_unavailable': False, 'install_base': '/home/ros/colcon_ws/src/install/q4d_description', 'merge_install': False, 'path': '/home/ros/colcon_ws/src/q4d_description', 'symlink_install': False, 'test_result_base': None}
[0.497s] Level 5:colcon.colcon_core.verb:set package 'q4d_teleop' build argument 'cmake_args' from command line to 'None'
[0.497s] Level 5:colcon.colcon_core.verb:set package 'q4d_teleop' build argument 'cmake_target' from command line to 'None'
[0.497s] Level 5:colcon.colcon_core.verb:set package 'q4d_teleop' build argument 'cmake_target_skip_unavailable' from command line to 'False'
[0.497s] Level 5:colcon.colcon_core.verb:set package 'q4d_teleop' build argument 'cmake_clean_cache' from command line to 'False'
[0.497s] Level 5:colcon.colcon_core.verb:set package 'q4d_teleop' build argument 'cmake_clean_first' from command line to 'False'
[0.497s] Level 5:colcon.colcon_core.verb:set package 'q4d_teleop' build argument 'cmake_force_configure' from command line to 'False'
[0.497s] Level 5:colcon.colcon_core.verb:set package 'q4d_teleop' build argument 'ament_cmake_args' from command line to 'None'
[0.497s] Level 5:colcon.colcon_core.verb:set package 'q4d_teleop' build argument 'catkin_cmake_args' from command line to 'None'
[0.497s] Level 5:colcon.colcon_core.verb:set package 'q4d_teleop' build argument 'catkin_skip_building_tests' from command line to 'False'
[0.497s] DEBUG:colcon.colcon_core.verb:Building package 'q4d_teleop' with the following arguments: {'ament_cmake_args': None, 'build_base': '/home/ros/colcon_ws/src/build/q4d_teleop', 'catkin_cmake_args': None, 'catkin_skip_building_tests': False, 'cmake_args': None, 'cmake_clean_cache': False, 'cmake_clean_first': False, 'cmake_force_configure': False, 'cmake_target': None, 'cmake_target_skip_unavailable': False, 'install_base': '/home/ros/colcon_ws/src/install/q4d_teleop', 'merge_install': False, 'path': '/home/ros/colcon_ws/src/q4d_teleop', 'symlink_install': False, 'test_result_base': None}
[0.498s] INFO:colcon.colcon_core.executor:Executing jobs using 'parallel' executor
[0.502s] DEBUG:colcon.colcon_parallel_executor.executor.parallel:run_until_complete
[0.502s] INFO:colcon.colcon_ros.task.ament_cmake.build:Building ROS package in '/home/ros/colcon_ws/src/q2d/q2d_bringup' with build type 'ament_cmake'
[0.503s] INFO:colcon.colcon_cmake.task.cmake.build:Building CMake package in '/home/ros/colcon_ws/src/q2d/q2d_bringup'
[0.507s] INFO:colcon.colcon_core.plugin_system:Skipping extension 'colcon_core.shell.bat': Not used on non-Windows systems
[0.507s] INFO:colcon.colcon_core.shell:Skip shell extension 'powershell' for command environment: Not usable outside of PowerShell
[0.507s] DEBUG:colcon.colcon_core.shell:Skip shell extension 'dsv' for command environment
[0.516s] INFO:colcon.colcon_ros.task.ament_cmake.build:Building ROS package in '/home/ros/colcon_ws/src/q2d/q2d_description' with build type 'ament_cmake'
[0.516s] INFO:colcon.colcon_cmake.task.cmake.build:Building CMake package in '/home/ros/colcon_ws/src/q2d/q2d_description'
[0.517s] INFO:colcon.colcon_core.shell:Skip shell extension 'powershell' for command environment: Not usable outside of PowerShell
[0.517s] DEBUG:colcon.colcon_core.shell:Skip shell extension 'dsv' for command environment
[0.522s] INFO:colcon.colcon_ros.task.ament_cmake.build:Building ROS package in '/home/ros/colcon_ws/src/q2d/q2d_teleop' with build type 'ament_cmake'
[0.523s] INFO:colcon.colcon_cmake.task.cmake.build:Building CMake package in '/home/ros/colcon_ws/src/q2d/q2d_teleop'
[0.524s] INFO:colcon.colcon_core.shell:Skip shell extension 'powershell' for command environment: Not usable outside of PowerShell
[0.524s] DEBUG:colcon.colcon_core.shell:Skip shell extension 'dsv' for command environment
[0.536s] DEBUG:colcon.colcon_core.event_handler.log_command:Invoking command in '/home/ros/colcon_ws/src/build/q2d_bringup': CMAKE_PREFIX_PATH=${CMAKE_PREFIX_PATH}:/opt/ros/humble /usr/bin/cmake --build /home/ros/colcon_ws/src/build/q2d_bringup -- -j3 -l3
[0.545s] DEBUG:colcon.colcon_core.event_handler.log_command:Invoking command in '/home/ros/colcon_ws/src/build/q2d_description': CMAKE_PREFIX_PATH=${CMAKE_PREFIX_PATH}:/opt/ros/humble /usr/bin/cmake --build /home/ros/colcon_ws/src/build/q2d_description -- -j3 -l3
[0.557s] DEBUG:colcon.colcon_core.event_handler.log_command:Invoking command in '/home/ros/colcon_ws/src/build/q2d_teleop': CMAKE_PREFIX_PATH=${CMAKE_PREFIX_PATH}:/opt/ros/humble /usr/bin/cmake --build /home/ros/colcon_ws/src/build/q2d_teleop -- -j3 -l3
[0.592s] DEBUG:colcon.colcon_core.event_handler.log_command:Invoked command in '/home/ros/colcon_ws/src/build/q2d_bringup' returned '0': CMAKE_PREFIX_PATH=${CMAKE_PREFIX_PATH}:/opt/ros/humble /usr/bin/cmake --build /home/ros/colcon_ws/src/build/q2d_bringup -- -j3 -l3
[0.599s] DEBUG:colcon.colcon_core.event_handler.log_command:Invoked command in '/home/ros/colcon_ws/src/build/q2d_description' returned '0': CMAKE_PREFIX_PATH=${CMAKE_PREFIX_PATH}:/opt/ros/humble /usr/bin/cmake --build /home/ros/colcon_ws/src/build/q2d_description -- -j3 -l3
[0.651s] DEBUG:colcon.colcon_core.event_handler.log_command:Invoking command in '/home/ros/colcon_ws/src/build/q2d_description': CMAKE_PREFIX_PATH=${CMAKE_PREFIX_PATH}:/opt/ros/humble /usr/bin/cmake --install /home/ros/colcon_ws/src/build/q2d_description
[0.654s] DEBUG:colcon.colcon_core.event_handler.log_command:Invoking command in '/home/ros/colcon_ws/src/build/q2d_bringup': CMAKE_PREFIX_PATH=${CMAKE_PREFIX_PATH}:/opt/ros/humble /usr/bin/cmake --install /home/ros/colcon_ws/src/build/q2d_bringup
[0.670s] Level 1:colcon.colcon_core.environment:create_environment_scripts_only(q2d_description)
[0.683s] DEBUG:colcon.colcon_core.event_handler.log_command:Invoked command in '/home/ros/colcon_ws/src/build/q2d_description' returned '0': CMAKE_PREFIX_PATH=${CMAKE_PREFIX_PATH}:/opt/ros/humble /usr/bin/cmake --install /home/ros/colcon_ws/src/build/q2d_description
[0.685s] Level 1:colcon.colcon_core.environment:checking '/home/ros/colcon_ws/src/install/q2d_description' for CMake module files
[0.686s] Level 1:colcon.colcon_core.environment:checking '/home/ros/colcon_ws/src/install/q2d_description' for CMake config files
[0.686s] Level 1:colcon.colcon_core.shell:create_environment_hook('q2d_description', 'cmake_prefix_path')
[0.688s] INFO:colcon.colcon_core.shell:Creating environment hook '/home/ros/colcon_ws/src/install/q2d_description/share/q2d_description/hook/cmake_prefix_path.ps1'
[0.690s] INFO:colcon.colcon_core.shell:Creating environment descriptor '/home/ros/colcon_ws/src/install/q2d_description/share/q2d_description/hook/cmake_prefix_path.dsv'
[0.699s] INFO:colcon.colcon_core.shell:Creating environment hook '/home/ros/colcon_ws/src/install/q2d_description/share/q2d_description/hook/cmake_prefix_path.sh'
[0.703s] Level 1:colcon.colcon_core.environment:checking '/home/ros/colcon_ws/src/install/q2d_description/bin'
[0.703s] Level 1:colcon.colcon_core.environment:checking '/home/ros/colcon_ws/src/install/q2d_description/lib/pkgconfig/q2d_description.pc'
[0.703s] Level 1:colcon.colcon_core.environment:checking '/home/ros/colcon_ws/src/install/q2d_description/lib/python3.10/site-packages'
[0.703s] Level 1:colcon.colcon_core.environment:checking '/home/ros/colcon_ws/src/install/q2d_description/bin'
[0.704s] INFO:colcon.colcon_core.shell:Creating package script '/home/ros/colcon_ws/src/install/q2d_description/share/q2d_description/package.ps1'
[0.706s] INFO:colcon.colcon_core.shell:Creating package descriptor '/home/ros/colcon_ws/src/install/q2d_description/share/q2d_description/package.dsv'
[0.706s] INFO:colcon.colcon_core.shell:Creating package script '/home/ros/colcon_ws/src/install/q2d_description/share/q2d_description/package.sh'
[0.707s] INFO:colcon.colcon_core.shell:Creating package script '/home/ros/colcon_ws/src/install/q2d_description/share/q2d_description/package.bash'
[0.708s] INFO:colcon.colcon_core.shell:Creating package script '/home/ros/colcon_ws/src/install/q2d_description/share/q2d_description/package.zsh'
[0.710s] Level 1:colcon.colcon_core.environment:create_file_with_runtime_dependencies(/home/ros/colcon_ws/src/install/q2d_description/share/colcon-core/packages/q2d_description)
[0.713s] Level 1:colcon.colcon_core.environment:create_environment_scripts_only(q2d_bringup)
[0.715s] Level 1:colcon.colcon_core.environment:checking '/home/ros/colcon_ws/src/install/q2d_bringup' for CMake module files
[0.715s] Level 1:colcon.colcon_core.environment:checking '/home/ros/colcon_ws/src/install/q2d_bringup' for CMake config files
[0.716s] Level 1:colcon.colcon_core.shell:create_environment_hook('q2d_bringup', 'cmake_prefix_path')
[0.717s] INFO:colcon.colcon_core.shell:Creating environment hook '/home/ros/colcon_ws/src/install/q2d_bringup/share/q2d_bringup/hook/cmake_prefix_path.ps1'
[0.718s] DEBUG:colcon.colcon_core.event_handler.log_command:Invoked command in '/home/ros/colcon_ws/src/build/q2d_bringup' returned '0': CMAKE_PREFIX_PATH=${CMAKE_PREFIX_PATH}:/opt/ros/humble /usr/bin/cmake --install /home/ros/colcon_ws/src/build/q2d_bringup
[0.719s] INFO:colcon.colcon_core.shell:Creating environment descriptor '/home/ros/colcon_ws/src/install/q2d_bringup/share/q2d_bringup/hook/cmake_prefix_path.dsv'
[0.726s] INFO:colcon.colcon_core.shell:Creating environment hook '/home/ros/colcon_ws/src/install/q2d_bringup/share/q2d_bringup/hook/cmake_prefix_path.sh'
[0.727s] Level 1:colcon.colcon_core.environment:checking '/home/ros/colcon_ws/src/install/q2d_bringup/lib'
[0.727s] Level 1:colcon.colcon_core.environment:checking '/home/ros/colcon_ws/src/install/q2d_bringup/bin'
[0.727s] Level 1:colcon.colcon_core.environment:checking '/home/ros/colcon_ws/src/install/q2d_bringup/lib/pkgconfig/q2d_bringup.pc'
[0.728s] Level 1:colcon.colcon_core.environment:checking '/home/ros/colcon_ws/src/install/q2d_bringup/lib/python3.10/site-packages'
[0.728s] Level 1:colcon.colcon_core.environment:checking '/home/ros/colcon_ws/src/install/q2d_bringup/bin'
[0.730s] INFO:colcon.colcon_core.shell:Creating package script '/home/ros/colcon_ws/src/install/q2d_bringup/share/q2d_bringup/package.ps1'
[0.730s] INFO:colcon.colcon_core.shell:Creating package descriptor '/home/ros/colcon_ws/src/install/q2d_bringup/share/q2d_bringup/package.dsv'
[0.732s] INFO:colcon.colcon_core.shell:Creating package script '/home/ros/colcon_ws/src/install/q2d_bringup/share/q2d_bringup/package.sh'
[0.733s] INFO:colcon.colcon_core.shell:Creating package script '/home/ros/colcon_ws/src/install/q2d_bringup/share/q2d_bringup/package.bash'
[0.737s] INFO:colcon.colcon_core.shell:Creating package script '/home/ros/colcon_ws/src/install/q2d_bringup/share/q2d_bringup/package.zsh'
[0.737s] Level 1:colcon.colcon_core.environment:create_file_with_runtime_dependencies(/home/ros/colcon_ws/src/install/q2d_bringup/share/colcon-core/packages/q2d_bringup)
[0.742s] DEBUG:colcon.colcon_core.event_handler.log_command:Invoked command in '/home/ros/colcon_ws/src/build/q2d_teleop' returned '0': CMAKE_PREFIX_PATH=${CMAKE_PREFIX_PATH}:/opt/ros/humble /usr/bin/cmake --build /home/ros/colcon_ws/src/build/q2d_teleop -- -j3 -l3
[0.760s] Level 1:colcon.colcon_core.environment:create_environment_scripts_only(q2d_description)
[0.765s] Level 1:colcon.colcon_core.environment:checking '/home/ros/colcon_ws/src/install/q2d_description' for CMake module files
[0.766s] Level 1:colcon.colcon_core.environment:checking '/home/ros/colcon_ws/src/install/q2d_description' for CMake config files
[0.766s] Level 1:colcon.colcon_core.shell:create_environment_hook('q2d_description', 'cmake_prefix_path')
[0.768s] INFO:colcon.colcon_core.shell:Creating environment hook '/home/ros/colcon_ws/src/install/q2d_description/share/q2d_description/hook/cmake_prefix_path.ps1'
[0.769s] INFO:colcon.colcon_core.shell:Creating environment descriptor '/home/ros/colcon_ws/src/install/q2d_description/share/q2d_description/hook/cmake_prefix_path.dsv'
[0.769s] INFO:colcon.colcon_core.shell:Creating environment hook '/home/ros/colcon_ws/src/install/q2d_description/share/q2d_description/hook/cmake_prefix_path.sh'
[0.769s] Level 1:colcon.colcon_core.environment:checking '/home/ros/colcon_ws/src/install/q2d_description/bin'
[0.770s] Level 1:colcon.colcon_core.environment:checking '/home/ros/colcon_ws/src/install/q2d_description/lib/pkgconfig/q2d_description.pc'
[0.770s] Level 1:colcon.colcon_core.environment:checking '/home/ros/colcon_ws/src/install/q2d_description/lib/python3.10/site-packages'
[0.770s] Level 1:colcon.colcon_core.environment:checking '/home/ros/colcon_ws/src/install/q2d_description/bin'
[0.772s] INFO:colcon.colcon_core.shell:Creating package script '/home/ros/colcon_ws/src/install/q2d_description/share/q2d_description/package.ps1'
[0.772s] INFO:colcon.colcon_core.shell:Creating package descriptor '/home/ros/colcon_ws/src/install/q2d_description/share/q2d_description/package.dsv'
[0.773s] INFO:colcon.colcon_core.shell:Creating package script '/home/ros/colcon_ws/src/install/q2d_description/share/q2d_description/package.sh'
[0.773s] INFO:colcon.colcon_core.shell:Creating package script '/home/ros/colcon_ws/src/install/q2d_description/share/q2d_description/package.bash'
[0.774s] INFO:colcon.colcon_core.shell:Creating package script '/home/ros/colcon_ws/src/install/q2d_description/share/q2d_description/package.zsh'
[0.774s] Level 1:colcon.colcon_core.environment:create_file_with_runtime_dependencies(/home/ros/colcon_ws/src/install/q2d_description/share/colcon-core/packages/q2d_description)
[0.775s] INFO:colcon.colcon_ros.task.ament_cmake.build:Building ROS package in '/home/ros/colcon_ws/src/q4d_description' with build type 'ament_cmake'
[0.776s] INFO:colcon.colcon_cmake.task.cmake.build:Building CMake package in '/home/ros/colcon_ws/src/q4d_description'
[0.777s] INFO:colcon.colcon_core.shell:Skip shell extension 'powershell' for command environment: Not usable outside of PowerShell
[0.778s] DEBUG:colcon.colcon_core.shell:Skip shell extension 'dsv' for command environment
[0.787s] DEBUG:colcon.colcon_core.event_handler.log_command:Invoking command in '/home/ros/colcon_ws/src/build/q2d_teleop': CMAKE_PREFIX_PATH=${CMAKE_PREFIX_PATH}:/opt/ros/humble /usr/bin/cmake --install /home/ros/colcon_ws/src/build/q2d_teleop
[0.789s] Level 1:colcon.colcon_core.environment:create_environment_scripts_only(q2d_bringup)
[0.790s] Level 1:colcon.colcon_core.environment:checking '/home/ros/colcon_ws/src/install/q2d_bringup' for CMake module files
[0.791s] Level 1:colcon.colcon_core.environment:checking '/home/ros/colcon_ws/src/install/q2d_bringup' for CMake config files
[0.791s] Level 1:colcon.colcon_core.shell:create_environment_hook('q2d_bringup', 'cmake_prefix_path')
[0.792s] INFO:colcon.colcon_core.shell:Creating environment hook '/home/ros/colcon_ws/src/install/q2d_bringup/share/q2d_bringup/hook/cmake_prefix_path.ps1'
[0.793s] INFO:colcon.colcon_core.shell:Creating environment descriptor '/home/ros/colcon_ws/src/install/q2d_bringup/share/q2d_bringup/hook/cmake_prefix_path.dsv'
[0.794s] INFO:colcon.colcon_core.shell:Creating environment hook '/home/ros/colcon_ws/src/install/q2d_bringup/share/q2d_bringup/hook/cmake_prefix_path.sh'
[0.794s] Level 1:colcon.colcon_core.environment:checking '/home/ros/colcon_ws/src/install/q2d_bringup/lib'
[0.794s] Level 1:colcon.colcon_core.environment:checking '/home/ros/colcon_ws/src/install/q2d_bringup/bin'
[0.795s] Level 1:colcon.colcon_core.environment:checking '/home/ros/colcon_ws/src/install/q2d_bringup/lib/pkgconfig/q2d_bringup.pc'
[0.795s] Level 1:colcon.colcon_core.environment:checking '/home/ros/colcon_ws/src/install/q2d_bringup/lib/python3.10/site-packages'
[0.795s] Level 1:colcon.colcon_core.environment:checking '/home/ros/colcon_ws/src/install/q2d_bringup/bin'
[0.797s] INFO:colcon.colcon_core.shell:Creating package script '/home/ros/colcon_ws/src/install/q2d_bringup/share/q2d_bringup/package.ps1'
[0.797s] INFO:colcon.colcon_core.shell:Creating package descriptor '/home/ros/colcon_ws/src/install/q2d_bringup/share/q2d_bringup/package.dsv'
[0.797s] INFO:colcon.colcon_core.shell:Creating package script '/home/ros/colcon_ws/src/install/q2d_bringup/share/q2d_bringup/package.sh'
[0.798s] INFO:colcon.colcon_core.shell:Creating package script '/home/ros/colcon_ws/src/install/q2d_bringup/share/q2d_bringup/package.bash'
[0.798s] INFO:colcon.colcon_core.shell:Creating package script '/home/ros/colcon_ws/src/install/q2d_bringup/share/q2d_bringup/package.zsh'
[0.799s] Level 1:colcon.colcon_core.environment:create_file_with_runtime_dependencies(/home/ros/colcon_ws/src/install/q2d_bringup/share/colcon-core/packages/q2d_bringup)
[0.800s] INFO:colcon.colcon_ros.task.ament_cmake.build:Building ROS package in '/home/ros/colcon_ws/src/q4d_teleop' with build type 'ament_cmake'
[0.803s] INFO:colcon.colcon_cmake.task.cmake.build:Building CMake package in '/home/ros/colcon_ws/src/q4d_teleop'
[0.805s] INFO:colcon.colcon_core.shell:Skip shell extension 'powershell' for command environment: Not usable outside of PowerShell
[0.805s] DEBUG:colcon.colcon_core.shell:Skip shell extension 'dsv' for command environment
[0.816s] DEBUG:colcon.colcon_core.event_handler.log_command:Invoking command in '/home/ros/colcon_ws/src/build/q4d_description': CMAKE_PREFIX_PATH=${CMAKE_PREFIX_PATH}:/opt/ros/humble /usr/bin/cmake --build /home/ros/colcon_ws/src/build/q4d_description -- -j3 -l3
[0.819s] Level 1:colcon.colcon_core.environment:create_environment_scripts_only(q2d_teleop)
[0.821s] Level 1:colcon.colcon_core.environment:checking '/home/ros/colcon_ws/src/install/q2d_teleop' for CMake module files
[0.822s] DEBUG:colcon.colcon_core.event_handler.log_command:Invoked command in '/home/ros/colcon_ws/src/build/q2d_teleop' returned '0': CMAKE_PREFIX_PATH=${CMAKE_PREFIX_PATH}:/opt/ros/humble /usr/bin/cmake --install /home/ros/colcon_ws/src/build/q2d_teleop
[0.823s] Level 1:colcon.colcon_core.environment:checking '/home/ros/colcon_ws/src/install/q2d_teleop' for CMake config files
[0.823s] Level 1:colcon.colcon_core.shell:create_environment_hook('q2d_teleop', 'cmake_prefix_path')
[0.825s] INFO:colcon.colcon_core.shell:Creating environment hook '/home/ros/colcon_ws/src/install/q2d_teleop/share/q2d_teleop/hook/cmake_prefix_path.ps1'
[0.826s] INFO:colcon.colcon_core.shell:Creating environment descriptor '/home/ros/colcon_ws/src/install/q2d_teleop/share/q2d_teleop/hook/cmake_prefix_path.dsv'
[0.827s] INFO:colcon.colcon_core.shell:Creating environment hook '/home/ros/colcon_ws/src/install/q2d_teleop/share/q2d_teleop/hook/cmake_prefix_path.sh'
[0.827s] Level 1:colcon.colcon_core.environment:checking '/home/ros/colcon_ws/src/install/q2d_teleop/lib'
[0.828s] Level 1:colcon.colcon_core.environment:checking '/home/ros/colcon_ws/src/install/q2d_teleop/bin'
[0.828s] Level 1:colcon.colcon_core.environment:checking '/home/ros/colcon_ws/src/install/q2d_teleop/lib/pkgconfig/q2d_teleop.pc'
[0.828s] Level 1:colcon.colcon_core.environment:checking '/home/ros/colcon_ws/src/install/q2d_teleop/lib/python3.10/site-packages'
[0.828s] Level 1:colcon.colcon_core.environment:checking '/home/ros/colcon_ws/src/install/q2d_teleop/bin'
[0.830s] INFO:colcon.colcon_core.shell:Creating package script '/home/ros/colcon_ws/src/install/q2d_teleop/share/q2d_teleop/package.ps1'
[0.831s] INFO:colcon.colcon_core.shell:Creating package descriptor '/home/ros/colcon_ws/src/install/q2d_teleop/share/q2d_teleop/package.dsv'
[0.832s] INFO:colcon.colcon_core.shell:Creating package script '/home/ros/colcon_ws/src/install/q2d_teleop/share/q2d_teleop/package.sh'
[0.833s] INFO:colcon.colcon_core.shell:Creating package script '/home/ros/colcon_ws/src/install/q2d_teleop/share/q2d_teleop/package.bash'
[0.833s] INFO:colcon.colcon_core.shell:Creating package script '/home/ros/colcon_ws/src/install/q2d_teleop/share/q2d_teleop/package.zsh'
[0.834s] Level 1:colcon.colcon_core.environment:create_file_with_runtime_dependencies(/home/ros/colcon_ws/src/install/q2d_teleop/share/colcon-core/packages/q2d_teleop)
[0.849s] DEBUG:colcon.colcon_core.event_handler.log_command:Invoking command in '/home/ros/colcon_ws/src/build/q4d_teleop': CMAKE_PREFIX_PATH=${CMAKE_PREFIX_PATH}:/opt/ros/humble /usr/bin/cmake --build /home/ros/colcon_ws/src/build/q4d_teleop -- -j3 -l3
[0.863s] DEBUG:colcon.colcon_core.event_handler.log_command:Invoked command in '/home/ros/colcon_ws/src/build/q4d_description' returned '0': CMAKE_PREFIX_PATH=${CMAKE_PREFIX_PATH}:/opt/ros/humble /usr/bin/cmake --build /home/ros/colcon_ws/src/build/q4d_description -- -j3 -l3
[0.881s] Level 1:colcon.colcon_core.environment:create_environment_scripts_only(q2d_teleop)
[0.883s] Level 1:colcon.colcon_core.environment:checking '/home/ros/colcon_ws/src/install/q2d_teleop' for CMake module files
[0.884s] Level 1:colcon.colcon_core.environment:checking '/home/ros/colcon_ws/src/install/q2d_teleop' for CMake config files
[0.884s] Level 1:colcon.colcon_core.shell:create_environment_hook('q2d_teleop', 'cmake_prefix_path')
[0.891s] INFO:colcon.colcon_core.shell:Creating environment hook '/home/ros/colcon_ws/src/install/q2d_teleop/share/q2d_teleop/hook/cmake_prefix_path.ps1'
[0.892s] INFO:colcon.colcon_core.shell:Creating environment descriptor '/home/ros/colcon_ws/src/install/q2d_teleop/share/q2d_teleop/hook/cmake_prefix_path.dsv'
[0.892s] INFO:colcon.colcon_core.shell:Creating environment hook '/home/ros/colcon_ws/src/install/q2d_teleop/share/q2d_teleop/hook/cmake_prefix_path.sh'
[0.893s] Level 1:colcon.colcon_core.environment:checking '/home/ros/colcon_ws/src/install/q2d_teleop/lib'
[0.893s] Level 1:colcon.colcon_core.environment:checking '/home/ros/colcon_ws/src/install/q2d_teleop/bin'
[0.893s] Level 1:colcon.colcon_core.environment:checking '/home/ros/colcon_ws/src/install/q2d_teleop/lib/pkgconfig/q2d_teleop.pc'
[0.894s] Level 1:colcon.colcon_core.environment:checking '/home/ros/colcon_ws/src/install/q2d_teleop/lib/python3.10/site-packages'
[0.894s] Level 1:colcon.colcon_core.environment:checking '/home/ros/colcon_ws/src/install/q2d_teleop/bin'
[0.895s] INFO:colcon.colcon_core.shell:Creating package script '/home/ros/colcon_ws/src/install/q2d_teleop/share/q2d_teleop/package.ps1'
[0.896s] INFO:colcon.colcon_core.shell:Creating package descriptor '/home/ros/colcon_ws/src/install/q2d_teleop/share/q2d_teleop/package.dsv'
[0.897s] INFO:colcon.colcon_core.shell:Creating package script '/home/ros/colcon_ws/src/install/q2d_teleop/share/q2d_teleop/package.sh'
[0.897s] INFO:colcon.colcon_core.shell:Creating package script '/home/ros/colcon_ws/src/install/q2d_teleop/share/q2d_teleop/package.bash'
[0.897s] INFO:colcon.colcon_core.shell:Creating package script '/home/ros/colcon_ws/src/install/q2d_teleop/share/q2d_teleop/package.zsh'
[0.898s] Level 1:colcon.colcon_core.environment:create_file_with_runtime_dependencies(/home/ros/colcon_ws/src/install/q2d_teleop/share/colcon-core/packages/q2d_teleop)
[0.901s] DEBUG:colcon.colcon_core.event_handler.log_command:Invoking command in '/home/ros/colcon_ws/src/build/q4d_description': CMAKE_PREFIX_PATH=${CMAKE_PREFIX_PATH}:/opt/ros/humble /usr/bin/cmake --install /home/ros/colcon_ws/src/build/q4d_description
[0.918s] DEBUG:colcon.colcon_core.event_handler.log_command:Invoked command in '/home/ros/colcon_ws/src/build/q4d_teleop' returned '0': CMAKE_PREFIX_PATH=${CMAKE_PREFIX_PATH}:/opt/ros/humble /usr/bin/cmake --build /home/ros/colcon_ws/src/build/q4d_teleop -- -j3 -l3
[0.920s] Level 1:colcon.colcon_core.environment:create_environment_scripts_only(q4d_description)
[0.922s] Level 1:colcon.colcon_core.environment:checking '/home/ros/colcon_ws/src/install/q4d_description' for CMake module files
[0.922s] Level 1:colcon.colcon_core.environment:checking '/home/ros/colcon_ws/src/install/q4d_description' for CMake config files
[0.923s] Level 1:colcon.colcon_core.shell:create_environment_hook('q4d_description', 'cmake_prefix_path')
[0.924s] INFO:colcon.colcon_core.shell:Creating environment hook '/home/ros/colcon_ws/src/install/q4d_description/share/q4d_description/hook/cmake_prefix_path.ps1'
[0.924s] INFO:colcon.colcon_core.shell:Creating environment descriptor '/home/ros/colcon_ws/src/install/q4d_description/share/q4d_description/hook/cmake_prefix_path.dsv'
[0.925s] INFO:colcon.colcon_core.shell:Creating environment hook '/home/ros/colcon_ws/src/install/q4d_description/share/q4d_description/hook/cmake_prefix_path.sh'
[0.925s] Level 1:colcon.colcon_core.environment:checking '/home/ros/colcon_ws/src/install/q4d_description/bin'
[0.925s] Level 1:colcon.colcon_core.environment:checking '/home/ros/colcon_ws/src/install/q4d_description/lib/pkgconfig/q4d_description.pc'
[0.926s] Level 1:colcon.colcon_core.environment:checking '/home/ros/colcon_ws/src/install/q4d_description/lib/python3.10/site-packages'
[0.926s] Level 1:colcon.colcon_core.environment:checking '/home/ros/colcon_ws/src/install/q4d_description/bin'
[0.927s] INFO:colcon.colcon_core.shell:Creating package script '/home/ros/colcon_ws/src/install/q4d_description/share/q4d_description/package.ps1'
[0.928s] INFO:colcon.colcon_core.shell:Creating package descriptor '/home/ros/colcon_ws/src/install/q4d_description/share/q4d_description/package.dsv'
[0.928s] INFO:colcon.colcon_core.shell:Creating package script '/home/ros/colcon_ws/src/install/q4d_description/share/q4d_description/package.sh'
[0.929s] INFO:colcon.colcon_core.shell:Creating package script '/home/ros/colcon_ws/src/install/q4d_description/share/q4d_description/package.bash'
[0.929s] INFO:colcon.colcon_core.shell:Creating package script '/home/ros/colcon_ws/src/install/q4d_description/share/q4d_description/package.zsh'
[0.929s] Level 1:colcon.colcon_core.environment:create_file_with_runtime_dependencies(/home/ros/colcon_ws/src/install/q4d_description/share/colcon-core/packages/q4d_description)
[0.941s] DEBUG:colcon.colcon_core.event_handler.log_command:Invoked command in '/home/ros/colcon_ws/src/build/q4d_description' returned '0': CMAKE_PREFIX_PATH=${CMAKE_PREFIX_PATH}:/opt/ros/humble /usr/bin/cmake --install /home/ros/colcon_ws/src/build/q4d_description
[0.966s] DEBUG:colcon.colcon_core.event_handler.log_command:Invoking command in '/home/ros/colcon_ws/src/build/q4d_teleop': CMAKE_PREFIX_PATH=${CMAKE_PREFIX_PATH}:/opt/ros/humble /usr/bin/cmake --install /home/ros/colcon_ws/src/build/q4d_teleop
[0.968s] Level 1:colcon.colcon_core.environment:create_environment_scripts_only(q4d_description)
[0.970s] Level 1:colcon.colcon_core.environment:checking '/home/ros/colcon_ws/src/install/q4d_description' for CMake module files
[0.975s] Level 1:colcon.colcon_core.environment:checking '/home/ros/colcon_ws/src/install/q4d_description' for CMake config files
[0.975s] Level 1:colcon.colcon_core.shell:create_environment_hook('q4d_description', 'cmake_prefix_path')
[0.977s] INFO:colcon.colcon_core.shell:Creating environment hook '/home/ros/colcon_ws/src/install/q4d_description/share/q4d_description/hook/cmake_prefix_path.ps1'
[0.978s] INFO:colcon.colcon_core.shell:Creating environment descriptor '/home/ros/colcon_ws/src/install/q4d_description/share/q4d_description/hook/cmake_prefix_path.dsv'
[0.978s] INFO:colcon.colcon_core.shell:Creating environment hook '/home/ros/colcon_ws/src/install/q4d_description/share/q4d_description/hook/cmake_prefix_path.sh'
[0.978s] Level 1:colcon.colcon_core.environment:checking '/home/ros/colcon_ws/src/install/q4d_description/bin'
[0.978s] Level 1:colcon.colcon_core.environment:checking '/home/ros/colcon_ws/src/install/q4d_description/lib/pkgconfig/q4d_description.pc'
[0.979s] Level 1:colcon.colcon_core.environment:checking '/home/ros/colcon_ws/src/install/q4d_description/lib/python3.10/site-packages'
[0.979s] Level 1:colcon.colcon_core.environment:checking '/home/ros/colcon_ws/src/install/q4d_description/bin'
[0.980s] INFO:colcon.colcon_core.shell:Creating package script '/home/ros/colcon_ws/src/install/q4d_description/share/q4d_description/package.ps1'
[0.981s] INFO:colcon.colcon_core.shell:Creating package descriptor '/home/ros/colcon_ws/src/install/q4d_description/share/q4d_description/package.dsv'
[0.981s] INFO:colcon.colcon_core.shell:Creating package script '/home/ros/colcon_ws/src/install/q4d_description/share/q4d_description/package.sh'
[0.982s] INFO:colcon.colcon_core.shell:Creating package script '/home/ros/colcon_ws/src/install/q4d_description/share/q4d_description/package.bash'
[0.982s] INFO:colcon.colcon_core.shell:Creating package script '/home/ros/colcon_ws/src/install/q4d_description/share/q4d_description/package.zsh'
[0.982s] Level 1:colcon.colcon_core.environment:create_file_with_runtime_dependencies(/home/ros/colcon_ws/src/install/q4d_description/share/colcon-core/packages/q4d_description)
[0.983s] Level 1:colcon.colcon_core.environment:create_environment_scripts_only(q4d_teleop)
[0.985s] Level 1:colcon.colcon_core.environment:checking '/home/ros/colcon_ws/src/install/q4d_teleop' for CMake module files
[0.986s] DEBUG:colcon.colcon_core.event_handler.log_command:Invoked command in '/home/ros/colcon_ws/src/build/q4d_teleop' returned '0': CMAKE_PREFIX_PATH=${CMAKE_PREFIX_PATH}:/opt/ros/humble /usr/bin/cmake --install /home/ros/colcon_ws/src/build/q4d_teleop
[0.989s] Level 1:colcon.colcon_core.environment:checking '/home/ros/colcon_ws/src/install/q4d_teleop' for CMake config files
[0.990s] Level 1:colcon.colcon_core.shell:create_environment_hook('q4d_teleop', 'cmake_prefix_path')
[0.991s] INFO:colcon.colcon_core.shell:Creating environment hook '/home/ros/colcon_ws/src/install/q4d_teleop/share/q4d_teleop/hook/cmake_prefix_path.ps1'
[0.992s] INFO:colcon.colcon_core.shell:Creating environment descriptor '/home/ros/colcon_ws/src/install/q4d_teleop/share/q4d_teleop/hook/cmake_prefix_path.dsv'
[0.992s] INFO:colcon.colcon_core.shell:Creating environment hook '/home/ros/colcon_ws/src/install/q4d_teleop/share/q4d_teleop/hook/cmake_prefix_path.sh'
[0.993s] Level 1:colcon.colcon_core.environment:checking '/home/ros/colcon_ws/src/install/q4d_teleop/lib'
[0.993s] Level 1:colcon.colcon_core.environment:checking '/home/ros/colcon_ws/src/install/q4d_teleop/bin'
[0.993s] Level 1:colcon.colcon_core.environment:checking '/home/ros/colcon_ws/src/install/q4d_teleop/lib/pkgconfig/q4d_teleop.pc'
[0.993s] Level 1:colcon.colcon_core.environment:checking '/home/ros/colcon_ws/src/install/q4d_teleop/lib/python3.10/site-packages'
[0.994s] Level 1:colcon.colcon_core.environment:checking '/home/ros/colcon_ws/src/install/q4d_teleop/bin'
[0.996s] INFO:colcon.colcon_core.shell:Creating package script '/home/ros/colcon_ws/src/install/q4d_teleop/share/q4d_teleop/package.ps1'
[0.997s] INFO:colcon.colcon_core.shell:Creating package descriptor '/home/ros/colcon_ws/src/install/q4d_teleop/share/q4d_teleop/package.dsv'
[0.998s] INFO:colcon.colcon_core.shell:Creating package script '/home/ros/colcon_ws/src/install/q4d_teleop/share/q4d_teleop/package.sh'
[0.998s] INFO:colcon.colcon_core.shell:Creating package script '/home/ros/colcon_ws/src/install/q4d_teleop/share/q4d_teleop/package.bash'
[0.999s] INFO:colcon.colcon_core.shell:Creating package script '/home/ros/colcon_ws/src/install/q4d_teleop/share/q4d_teleop/package.zsh'
[1.000s] Level 1:colcon.colcon_core.environment:create_file_with_runtime_dependencies(/home/ros/colcon_ws/src/install/q4d_teleop/share/colcon-core/packages/q4d_teleop)
[1.023s] Level 1:colcon.colcon_core.environment:create_environment_scripts_only(q4d_teleop)
[1.025s] Level 1:colcon.colcon_core.environment:checking '/home/ros/colcon_ws/src/install/q4d_teleop' for CMake module files
[1.026s] Level 1:colcon.colcon_core.environment:checking '/home/ros/colcon_ws/src/install/q4d_teleop' for CMake config files
[1.026s] Level 1:colcon.colcon_core.shell:create_environment_hook('q4d_teleop', 'cmake_prefix_path')
[1.028s] INFO:colcon.colcon_core.shell:Creating environment hook '/home/ros/colcon_ws/src/install/q4d_teleop/share/q4d_teleop/hook/cmake_prefix_path.ps1'
[1.030s] INFO:colcon.colcon_core.shell:Creating environment descriptor '/home/ros/colcon_ws/src/install/q4d_teleop/share/q4d_teleop/hook/cmake_prefix_path.dsv'
[1.031s] INFO:colcon.colcon_core.shell:Creating environment hook '/home/ros/colcon_ws/src/install/q4d_teleop/share/q4d_teleop/hook/cmake_prefix_path.sh'
[1.031s] Level 1:colcon.colcon_core.environment:checking '/home/ros/colcon_ws/src/install/q4d_teleop/lib'
[1.032s] Level 1:colcon.colcon_core.environment:checking '/home/ros/colcon_ws/src/install/q4d_teleop/bin'
[1.032s] Level 1:colcon.colcon_core.environment:checking '/home/ros/colcon_ws/src/install/q4d_teleop/lib/pkgconfig/q4d_teleop.pc'
[1.032s] Level 1:colcon.colcon_core.environment:checking '/home/ros/colcon_ws/src/install/q4d_teleop/lib/python3.10/site-packages'
[1.033s] Level 1:colcon.colcon_core.environment:checking '/home/ros/colcon_ws/src/install/q4d_teleop/bin'
[1.035s] INFO:colcon.colcon_core.shell:Creating package script '/home/ros/colcon_ws/src/install/q4d_teleop/share/q4d_teleop/package.ps1'
[1.035s] INFO:colcon.colcon_core.shell:Creating package descriptor '/home/ros/colcon_ws/src/install/q4d_teleop/share/q4d_teleop/package.dsv'
[1.036s] INFO:colcon.colcon_core.shell:Creating package script '/home/ros/colcon_ws/src/install/q4d_teleop/share/q4d_teleop/package.sh'
[1.036s] INFO:colcon.colcon_core.shell:Creating package script '/home/ros/colcon_ws/src/install/q4d_teleop/share/q4d_teleop/package.bash'
[1.036s] INFO:colcon.colcon_core.shell:Creating package script '/home/ros/colcon_ws/src/install/q4d_teleop/share/q4d_teleop/package.zsh'
[1.037s] Level 1:colcon.colcon_core.environment:create_file_with_runtime_dependencies(/home/ros/colcon_ws/src/install/q4d_teleop/share/colcon-core/packages/q4d_teleop)
[1.037s] DEBUG:colcon.colcon_parallel_executor.executor.parallel:closing loop
[1.038s] DEBUG:colcon.colcon_parallel_executor.executor.parallel:loop closed
[1.038s] DEBUG:colcon.colcon_parallel_executor.executor.parallel:run_until_complete finished with '0'
[1.038s] DEBUG:colcon.colcon_core.event_reactor:joining thread
[1.044s] INFO:colcon.colcon_core.plugin_system:Skipping extension 'colcon_notification.desktop_notification.terminal_notifier': Not used on non-Darwin systems
[1.044s] INFO:colcon.colcon_core.plugin_system:Skipping extension 'colcon_notification.desktop_notification.win32': Not used on non-Windows systems
[1.044s] INFO:colcon.colcon_notification.desktop_notification:Sending desktop notification using 'notify2'
[1.063s] DEBUG:colcon.colcon_core.event_reactor:joined thread
[1.065s] INFO:colcon.colcon_core.shell:Creating prefix script '/home/ros/colcon_ws/src/install/local_setup.ps1'
[1.071s] INFO:colcon.colcon_core.shell:Creating prefix util module '/home/ros/colcon_ws/src/install/_local_setup_util_ps1.py'
[1.073s] INFO:colcon.colcon_core.shell:Creating prefix chain script '/home/ros/colcon_ws/src/install/setup.ps1'
[1.076s] INFO:colcon.colcon_core.shell:Creating prefix script '/home/ros/colcon_ws/src/install/local_setup.sh'
[1.077s] INFO:colcon.colcon_core.shell:Creating prefix util module '/home/ros/colcon_ws/src/install/_local_setup_util_sh.py'
[1.078s] INFO:colcon.colcon_core.shell:Creating prefix chain script '/home/ros/colcon_ws/src/install/setup.sh'
[1.080s] INFO:colcon.colcon_core.shell:Creating prefix script '/home/ros/colcon_ws/src/install/local_setup.bash'
[1.081s] INFO:colcon.colcon_core.shell:Creating prefix chain script '/home/ros/colcon_ws/src/install/setup.bash'
[1.083s] INFO:colcon.colcon_core.shell:Creating prefix script '/home/ros/colcon_ws/src/install/local_setup.zsh'
[1.083s] INFO:colcon.colcon_core.shell:Creating prefix chain script '/home/ros/colcon_ws/src/install/setup.zsh'
