[0.017s] Invoking command in '/home/ros/colcon_ws/build/eng10026_publisher': CMAKE_PREFIX_PATH=${CMAKE_PREFIX_PATH}:/opt/ros/humble /usr/bin/cmake --build /home/ros/colcon_ws/build/eng10026_publisher -- -j3 -l3
[0.065s] [100%] Built target p2_publisher
[0.074s] Invoked command in '/home/ros/colcon_ws/build/eng10026_publisher' returned '0': CMAKE_PREFIX_PATH=${CMAKE_PREFIX_PATH}:/opt/ros/humble /usr/bin/cmake --build /home/ros/colcon_ws/build/eng10026_publisher -- -j3 -l3
[0.093s] Invoking command in '/home/ros/colcon_ws/build/eng10026_publisher': CMAKE_PREFIX_PATH=${CMAKE_PREFIX_PATH}:/opt/ros/humble /usr/bin/cmake --install /home/ros/colcon_ws/build/eng10026_publisher
[0.099s] -- Install configuration: ""
[0.100s] -- Execute custom install script
[0.109s] -- Up-to-date symlink: /home/ros/colcon_ws/install/eng10026_publisher/lib/eng10026_publisher/p2_publisher
[0.109s] -- Up-to-date symlink: /home/ros/colcon_ws/install/eng10026_publisher/share/eng10026_publisher/launch/display.launch.xml
[0.109s] -- Up-to-date symlink: /home/ros/colcon_ws/install/eng10026_publisher/share/eng10026_publisher/launch/p2.launch.xml
[0.110s] -- Up-to-date symlink: /home/ros/colcon_ws/install/eng10026_publisher/share/eng10026_publisher/config/p1_p2.rviz
[0.110s] -- Up-to-date symlink: /home/ros/colcon_ws/install/eng10026_publisher/share/ament_index/resource_index/package_run_dependencies/eng10026_publisher
[0.110s] -- Up-to-date symlink: /home/ros/colcon_ws/install/eng10026_publisher/share/ament_index/resource_index/parent_prefix_path/eng10026_publisher
[0.111s] -- Up-to-date symlink: /home/ros/colcon_ws/install/eng10026_publisher/share/eng10026_publisher/environment/ament_prefix_path.sh
[0.111s] -- Up-to-date symlink: /home/ros/colcon_ws/install/eng10026_publisher/share/eng10026_publisher/environment/ament_prefix_path.dsv
[0.113s] -- Up-to-date symlink: /home/ros/colcon_ws/install/eng10026_publisher/share/eng10026_publisher/environment/path.sh
[0.113s] -- Up-to-date symlink: /home/ros/colcon_ws/install/eng10026_publisher/share/eng10026_publisher/environment/path.dsv
[0.113s] -- Up-to-date symlink: /home/ros/colcon_ws/install/eng10026_publisher/share/eng10026_publisher/local_setup.bash
[0.113s] -- Up-to-date symlink: /home/ros/colcon_ws/install/eng10026_publisher/share/eng10026_publisher/local_setup.sh
[0.113s] -- Up-to-date symlink: /home/ros/colcon_ws/install/eng10026_publisher/share/eng10026_publisher/local_setup.zsh
[0.113s] -- Up-to-date symlink: /home/ros/colcon_ws/install/eng10026_publisher/share/eng10026_publisher/local_setup.dsv
[0.113s] -- Symlinking: /home/ros/colcon_ws/install/eng10026_publisher/share/eng10026_publisher/package.dsv
[0.121s] -- Up-to-date symlink: /home/ros/colcon_ws/install/eng10026_publisher/share/ament_index/resource_index/packages/eng10026_publisher
[0.121s] -- Up-to-date symlink: /home/ros/colcon_ws/install/eng10026_publisher/share/eng10026_publisher/cmake/eng10026_publisherConfig.cmake
[0.121s] -- Up-to-date symlink: /home/ros/colcon_ws/install/eng10026_publisher/share/eng10026_publisher/cmake/eng10026_publisherConfig-version.cmake
[0.121s] -- Up-to-date symlink: /home/ros/colcon_ws/install/eng10026_publisher/share/eng10026_publisher/package.xml
[0.140s] Invoked command in '/home/ros/colcon_ws/build/eng10026_publisher' returned '0': CMAKE_PREFIX_PATH=${CMAKE_PREFIX_PATH}:/opt/ros/humble /usr/bin/cmake --install /home/ros/colcon_ws/build/eng10026_publisher
