[0.333s] DEBUG:colcon:Command line arguments: ['/usr/bin/colcon', 'build']
[0.333s] DEBUG:colcon:Parsed command line arguments: Namespace(log_base=None, log_level=None, verb_name='build', build_base='build', install_base='install', merge_install=False, symlink_install=False, test_result_base=None, continue_on_error=False, executor='parallel', parallel_workers=3, event_handlers=None, ignore_user_meta=False, metas=['./colcon.meta'], base_paths=['.'], packages_ignore=None, packages_ignore_regex=None, paths=None, packages_up_to=None, packages_up_to_regex=None, packages_above=None, packages_above_and_dependencies=None, packages_above_depth=None, packages_select_by_dep=None, packages_skip_by_dep=None, packages_skip_up_to=None, packages_select_build_failed=False, packages_skip_build_finished=False, packages_select_test_failures=False, packages_skip_test_passed=False, packages_select=None, packages_skip=None, packages_select_regex=None, packages_skip_regex=None, packages_start=None, packages_end=None, allow_overriding=[], cmake_args=None, cmake_target=None, cmake_target_skip_unavailable=False, cmake_clean_cache=False, cmake_clean_first=False, cmake_force_configure=False, ament_cmake_args=None, catkin_cmake_args=None, catkin_skip_building_tests=False, verb_parser=<colcon_defaults.argument_parser.defaults.DefaultArgumentsDecorator object at 0x7f470b9d4970>, verb_extension=<colcon_core.verb.build.BuildVerb object at 0x7f470c1cdbd0>, main=<bound method BuildVerb.main of <colcon_core.verb.build.BuildVerb object at 0x7f470c1cdbd0>>)
[0.365s] Level 1:colcon.colcon_core.package_discovery:discover_packages(colcon_meta) check parameters
[0.365s] Level 1:colcon.colcon_core.package_discovery:discover_packages(recursive) check parameters
[0.365s] Level 1:colcon.colcon_core.package_discovery:discover_packages(ignore) check parameters
[0.365s] Level 1:colcon.colcon_core.package_discovery:discover_packages(path) check parameters
[0.365s] Level 1:colcon.colcon_core.package_discovery:discover_packages(colcon_meta) discover
[0.365s] Level 1:colcon.colcon_core.package_discovery:discover_packages(recursive) discover
[0.366s] INFO:colcon.colcon_core.package_discovery:Crawling recursively for packages in '/home/ros/colcon_ws/src'
[0.366s] Level 1:colcon.colcon_core.package_identification:_identify(.) by extensions ['ignore', 'ignore_ament_install']
[0.366s] Level 1:colcon.colcon_core.package_identification:_identify(.) by extension 'ignore'
[0.366s] Level 1:colcon.colcon_core.package_identification:_identify(.) by extension 'ignore_ament_install'
[0.366s] Level 1:colcon.colcon_core.package_identification:_identify(.) by extensions ['colcon_pkg']
[0.366s] Level 1:colcon.colcon_core.package_identification:_identify(.) by extension 'colcon_pkg'
[0.366s] Level 1:colcon.colcon_core.package_identification:_identify(.) by extensions ['colcon_meta']
[0.366s] Level 1:colcon.colcon_core.package_identification:_identify(.) by extension 'colcon_meta'
[0.366s] Level 1:colcon.colcon_core.package_identification:_identify(.) by extensions ['ros']
[0.366s] Level 1:colcon.colcon_core.package_identification:_identify(.) by extension 'ros'
[0.377s] Level 1:colcon.colcon_core.package_identification:_identify(.) by extensions ['cmake', 'python']
[0.377s] Level 1:colcon.colcon_core.package_identification:_identify(.) by extension 'cmake'
[0.377s] Level 1:colcon.colcon_core.package_identification:_identify(.) by extension 'python'
[0.377s] Level 1:colcon.colcon_core.package_identification:_identify(.) by extensions ['python_setup_py']
[0.377s] Level 1:colcon.colcon_core.package_identification:_identify(.) by extension 'python_setup_py'
[0.377s] Level 1:colcon.colcon_core.package_identification:_identify(build) by extensions ['ignore', 'ignore_ament_install']
[0.377s] Level 1:colcon.colcon_core.package_identification:_identify(build) by extension 'ignore'
[0.377s] Level 1:colcon.colcon_core.package_identification:_identify(build) ignored
[0.377s] Level 1:colcon.colcon_core.package_identification:_identify(install) by extensions ['ignore', 'ignore_ament_install']
[0.378s] Level 1:colcon.colcon_core.package_identification:_identify(install) by extension 'ignore'
[0.378s] Level 1:colcon.colcon_core.package_identification:_identify(install) ignored
[0.378s] Level 1:colcon.colcon_core.package_identification:_identify(log) by extensions ['ignore', 'ignore_ament_install']
[0.378s] Level 1:colcon.colcon_core.package_identification:_identify(log) by extension 'ignore'
[0.378s] Level 1:colcon.colcon_core.package_identification:_identify(log) ignored
[0.378s] Level 1:colcon.colcon_core.package_identification:_identify(q2d) by extensions ['ignore', 'ignore_ament_install']
[0.378s] Level 1:colcon.colcon_core.package_identification:_identify(q2d) by extension 'ignore'
[0.378s] Level 1:colcon.colcon_core.package_identification:_identify(q2d) by extension 'ignore_ament_install'
[0.378s] Level 1:colcon.colcon_core.package_identification:_identify(q2d) by extensions ['colcon_pkg']
[0.378s] Level 1:colcon.colcon_core.package_identification:_identify(q2d) by extension 'colcon_pkg'
[0.378s] Level 1:colcon.colcon_core.package_identification:_identify(q2d) by extensions ['colcon_meta']
[0.378s] Level 1:colcon.colcon_core.package_identification:_identify(q2d) by extension 'colcon_meta'
[0.378s] Level 1:colcon.colcon_core.package_identification:_identify(q2d) by extensions ['ros']
[0.378s] Level 1:colcon.colcon_core.package_identification:_identify(q2d) by extension 'ros'
[0.378s] Level 1:colcon.colcon_core.package_identification:_identify(q2d) by extensions ['cmake', 'python']
[0.378s] Level 1:colcon.colcon_core.package_identification:_identify(q2d) by extension 'cmake'
[0.378s] Level 1:colcon.colcon_core.package_identification:_identify(q2d) by extension 'python'
[0.378s] Level 1:colcon.colcon_core.package_identification:_identify(q2d) by extensions ['python_setup_py']
[0.378s] Level 1:colcon.colcon_core.package_identification:_identify(q2d) by extension 'python_setup_py'
[0.379s] Level 1:colcon.colcon_core.package_identification:_identify(q2d/q2d_bringup) by extensions ['ignore', 'ignore_ament_install']
[0.379s] Level 1:colcon.colcon_core.package_identification:_identify(q2d/q2d_bringup) by extension 'ignore'
[0.379s] Level 1:colcon.colcon_core.package_identification:_identify(q2d/q2d_bringup) by extension 'ignore_ament_install'
[0.379s] Level 1:colcon.colcon_core.package_identification:_identify(q2d/q2d_bringup) by extensions ['colcon_pkg']
[0.379s] Level 1:colcon.colcon_core.package_identification:_identify(q2d/q2d_bringup) by extension 'colcon_pkg'
[0.379s] Level 1:colcon.colcon_core.package_identification:_identify(q2d/q2d_bringup) by extensions ['colcon_meta']
[0.379s] Level 1:colcon.colcon_core.package_identification:_identify(q2d/q2d_bringup) by extension 'colcon_meta'
[0.379s] Level 1:colcon.colcon_core.package_identification:_identify(q2d/q2d_bringup) by extensions ['ros']
[0.379s] Level 1:colcon.colcon_core.package_identification:_identify(q2d/q2d_bringup) by extension 'ros'
[0.381s] DEBUG:colcon.colcon_core.package_identification:Package 'q2d/q2d_bringup' with type 'ros.ament_cmake' and name 'q2d_bringup'
[0.381s] Level 1:colcon.colcon_core.package_identification:_identify(q2d/q2d_description) by extensions ['ignore', 'ignore_ament_install']
[0.382s] Level 1:colcon.colcon_core.package_identification:_identify(q2d/q2d_description) by extension 'ignore'
[0.382s] Level 1:colcon.colcon_core.package_identification:_identify(q2d/q2d_description) by extension 'ignore_ament_install'
[0.382s] Level 1:colcon.colcon_core.package_identification:_identify(q2d/q2d_description) by extensions ['colcon_pkg']
[0.382s] Level 1:colcon.colcon_core.package_identification:_identify(q2d/q2d_description) by extension 'colcon_pkg'
[0.382s] Level 1:colcon.colcon_core.package_identification:_identify(q2d/q2d_description) by extensions ['colcon_meta']
[0.382s] Level 1:colcon.colcon_core.package_identification:_identify(q2d/q2d_description) by extension 'colcon_meta'
[0.382s] Level 1:colcon.colcon_core.package_identification:_identify(q2d/q2d_description) by extensions ['ros']
[0.382s] Level 1:colcon.colcon_core.package_identification:_identify(q2d/q2d_description) by extension 'ros'
[0.382s] DEBUG:colcon.colcon_core.package_identification:Package 'q2d/q2d_description' with type 'ros.ament_cmake' and name 'q2d_description'
[0.382s] Level 1:colcon.colcon_core.package_identification:_identify(q2d/q2d_teleop) by extensions ['ignore', 'ignore_ament_install']
[0.383s] Level 1:colcon.colcon_core.package_identification:_identify(q2d/q2d_teleop) by extension 'ignore'
[0.383s] Level 1:colcon.colcon_core.package_identification:_identify(q2d/q2d_teleop) by extension 'ignore_ament_install'
[0.383s] Level 1:colcon.colcon_core.package_identification:_identify(q2d/q2d_teleop) by extensions ['colcon_pkg']
[0.383s] Level 1:colcon.colcon_core.package_identification:_identify(q2d/q2d_teleop) by extension 'colcon_pkg'
[0.383s] Level 1:colcon.colcon_core.package_identification:_identify(q2d/q2d_teleop) by extensions ['colcon_meta']
[0.383s] Level 1:colcon.colcon_core.package_identification:_identify(q2d/q2d_teleop) by extension 'colcon_meta'
[0.383s] Level 1:colcon.colcon_core.package_identification:_identify(q2d/q2d_teleop) by extensions ['ros']
[0.383s] Level 1:colcon.colcon_core.package_identification:_identify(q2d/q2d_teleop) by extension 'ros'
[0.384s] DEBUG:colcon.colcon_core.package_identification:Package 'q2d/q2d_teleop' with type 'ros.ament_cmake' and name 'q2d_teleop'
[0.384s] Level 1:colcon.colcon_core.package_identification:_identify(q4d_description) by extensions ['ignore', 'ignore_ament_install']
[0.384s] Level 1:colcon.colcon_core.package_identification:_identify(q4d_description) by extension 'ignore'
[0.384s] Level 1:colcon.colcon_core.package_identification:_identify(q4d_description) by extension 'ignore_ament_install'
[0.384s] Level 1:colcon.colcon_core.package_identification:_identify(q4d_description) by extensions ['colcon_pkg']
[0.384s] Level 1:colcon.colcon_core.package_identification:_identify(q4d_description) by extension 'colcon_pkg'
[0.384s] Level 1:colcon.colcon_core.package_identification:_identify(q4d_description) by extensions ['colcon_meta']
[0.384s] Level 1:colcon.colcon_core.package_identification:_identify(q4d_description) by extension 'colcon_meta'
[0.385s] Level 1:colcon.colcon_core.package_identification:_identify(q4d_description) by extensions ['ros']
[0.385s] Level 1:colcon.colcon_core.package_identification:_identify(q4d_description) by extension 'ros'
[0.385s] DEBUG:colcon.colcon_core.package_identification:Package 'q4d_description' with type 'ros.ament_cmake' and name 'q4d_description'
[0.385s] Level 1:colcon.colcon_core.package_identification:_identify(q4d_teleop) by extensions ['ignore', 'ignore_ament_install']
[0.385s] Level 1:colcon.colcon_core.package_identification:_identify(q4d_teleop) by extension 'ignore'
[0.385s] Level 1:colcon.colcon_core.package_identification:_identify(q4d_teleop) by extension 'ignore_ament_install'
[0.385s] Level 1:colcon.colcon_core.package_identification:_identify(q4d_teleop) by extensions ['colcon_pkg']
[0.385s] Level 1:colcon.colcon_core.package_identification:_identify(q4d_teleop) by extension 'colcon_pkg'
[0.385s] Level 1:colcon.colcon_core.package_identification:_identify(q4d_teleop) by extensions ['colcon_meta']
[0.385s] Level 1:colcon.colcon_core.package_identification:_identify(q4d_teleop) by extension 'colcon_meta'
[0.385s] Level 1:colcon.colcon_core.package_identification:_identify(q4d_teleop) by extensions ['ros']
[0.385s] Level 1:colcon.colcon_core.package_identification:_identify(q4d_teleop) by extension 'ros'
[0.387s] DEBUG:colcon.colcon_core.package_identification:Package 'q4d_teleop' with type 'ros.ament_cmake' and name 'q4d_teleop'
[0.387s] Level 1:colcon.colcon_core.package_discovery:discover_packages(recursive) using defaults
[0.387s] Level 1:colcon.colcon_core.package_discovery:discover_packages(ignore) discover
[0.387s] Level 1:colcon.colcon_core.package_discovery:discover_packages(ignore) using defaults
[0.387s] Level 1:colcon.colcon_core.package_discovery:discover_packages(path) discover
[0.387s] Level 1:colcon.colcon_core.package_discovery:discover_packages(path) using defaults
[0.410s] Level 1:colcon.colcon_core.package_discovery:discover_packages(prefix_path) check parameters
[0.410s] Level 1:colcon.colcon_core.package_discovery:discover_packages(prefix_path) discover
[0.413s] DEBUG:colcon.colcon_installed_package_information.package_discovery:Found 6 installed packages in /home/ros/colcon_ws/install
[0.415s] DEBUG:colcon.colcon_installed_package_information.package_discovery:Found 308 installed packages in /opt/ros/humble
[0.417s] Level 1:colcon.colcon_core.package_discovery:discover_packages(prefix_path) using defaults
[0.485s] Level 5:colcon.colcon_core.verb:set package 'q2d_bringup' build argument 'cmake_args' from command line to 'None'
[0.485s] Level 5:colcon.colcon_core.verb:set package 'q2d_bringup' build argument 'cmake_target' from command line to 'None'
[0.485s] Level 5:colcon.colcon_core.verb:set package 'q2d_bringup' build argument 'cmake_target_skip_unavailable' from command line to 'False'
[0.485s] Level 5:colcon.colcon_core.verb:set package 'q2d_bringup' build argument 'cmake_clean_cache' from command line to 'False'
[0.485s] Level 5:colcon.colcon_core.verb:set package 'q2d_bringup' build argument 'cmake_clean_first' from command line to 'False'
[0.485s] Level 5:colcon.colcon_core.verb:set package 'q2d_bringup' build argument 'cmake_force_configure' from command line to 'False'
[0.485s] Level 5:colcon.colcon_core.verb:set package 'q2d_bringup' build argument 'ament_cmake_args' from command line to 'None'
[0.485s] Level 5:colcon.colcon_core.verb:set package 'q2d_bringup' build argument 'catkin_cmake_args' from command line to 'None'
[0.485s] Level 5:colcon.colcon_core.verb:set package 'q2d_bringup' build argument 'catkin_skip_building_tests' from command line to 'False'
[0.485s] DEBUG:colcon.colcon_core.verb:Building package 'q2d_bringup' with the following arguments: {'ament_cmake_args': None, 'build_base': '/home/ros/colcon_ws/src/build/q2d_bringup', 'catkin_cmake_args': None, 'catkin_skip_building_tests': False, 'cmake_args': None, 'cmake_clean_cache': False, 'cmake_clean_first': False, 'cmake_force_configure': False, 'cmake_target': None, 'cmake_target_skip_unavailable': False, 'install_base': '/home/ros/colcon_ws/src/install/q2d_bringup', 'merge_install': False, 'path': '/home/ros/colcon_ws/src/q2d/q2d_bringup', 'symlink_install': False, 'test_result_base': None}
[0.486s] Level 5:colcon.colcon_core.verb:set package 'q2d_description' build argument 'cmake_args' from command line to 'None'
[0.486s] Level 5:colcon.colcon_core.verb:set package 'q2d_description' build argument 'cmake_target' from command line to 'None'
[0.486s] Level 5:colcon.colcon_core.verb:set package 'q2d_description' build argument 'cmake_target_skip_unavailable' from command line to 'False'
[0.486s] Level 5:colcon.colcon_core.verb:set package 'q2d_description' build argument 'cmake_clean_cache' from command line to 'False'
[0.486s] Level 5:colcon.colcon_core.verb:set package 'q2d_description' build argument 'cmake_clean_first' from command line to 'False'
[0.486s] Level 5:colcon.colcon_core.verb:set package 'q2d_description' build argument 'cmake_force_configure' from command line to 'False'
[0.486s] Level 5:colcon.colcon_core.verb:set package 'q2d_description' build argument 'ament_cmake_args' from command line to 'None'
[0.486s] Level 5:colcon.colcon_core.verb:set package 'q2d_description' build argument 'catkin_cmake_args' from command line to 'None'
[0.486s] Level 5:colcon.colcon_core.verb:set package 'q2d_description' build argument 'catkin_skip_building_tests' from command line to 'False'
[0.486s] DEBUG:colcon.colcon_core.verb:Building package 'q2d_description' with the following arguments: {'ament_cmake_args': None, 'build_base': '/home/ros/colcon_ws/src/build/q2d_description', 'catkin_cmake_args': None, 'catkin_skip_building_tests': False, 'cmake_args': None, 'cmake_clean_cache': False, 'cmake_clean_first': False, 'cmake_force_configure': False, 'cmake_target': None, 'cmake_target_skip_unavailable': False, 'install_base': '/home/ros/colcon_ws/src/install/q2d_description', 'merge_install': False, 'path': '/home/ros/colcon_ws/src/q2d/q2d_description', 'symlink_install': False, 'test_result_base': None}
[0.488s] Level 5:colcon.colcon_core.verb:set package 'q2d_teleop' build argument 'cmake_args' from command line to 'None'
[0.488s] Level 5:colcon.colcon_core.verb:set package 'q2d_teleop' build argument 'cmake_target' from command line to 'None'
[0.488s] Level 5:colcon.colcon_core.verb:set package 'q2d_teleop' build argument 'cmake_target_skip_unavailable' from command line to 'False'
[0.488s] Level 5:colcon.colcon_core.verb:set package 'q2d_teleop' build argument 'cmake_clean_cache' from command line to 'False'
[0.488s] Level 5:colcon.colcon_core.verb:set package 'q2d_teleop' build argument 'cmake_clean_first' from command line to 'False'
[0.488s] Level 5:colcon.colcon_core.verb:set package 'q2d_teleop' build argument 'cmake_force_configure' from command line to 'False'
[0.488s] Level 5:colcon.colcon_core.verb:set package 'q2d_teleop' build argument 'ament_cmake_args' from command line to 'None'
[0.488s] Level 5:colcon.colcon_core.verb:set package 'q2d_teleop' build argument 'catkin_cmake_args' from command line to 'None'
[0.488s] Level 5:colcon.colcon_core.verb:set package 'q2d_teleop' build argument 'catkin_skip_building_tests' from command line to 'False'
[0.488s] DEBUG:colcon.colcon_core.verb:Building package 'q2d_teleop' with the following arguments: {'ament_cmake_args': None, 'build_base': '/home/ros/colcon_ws/src/build/q2d_teleop', 'catkin_cmake_args': None, 'catkin_skip_building_tests': False, 'cmake_args': None, 'cmake_clean_cache': False, 'cmake_clean_first': False, 'cmake_force_configure': False, 'cmake_target': None, 'cmake_target_skip_unavailable': False, 'install_base': '/home/ros/colcon_ws/src/install/q2d_teleop', 'merge_install': False, 'path': '/home/ros/colcon_ws/src/q2d/q2d_teleop', 'symlink_install': False, 'test_result_base': None}
[0.489s] Level 5:colcon.colcon_core.verb:set package 'q4d_description' build argument 'cmake_args' from command line to 'None'
[0.489s] Level 5:colcon.colcon_core.verb:set package 'q4d_description' build argument 'cmake_target' from command line to 'None'
[0.489s] Level 5:colcon.colcon_core.verb:set package 'q4d_description' build argument 'cmake_target_skip_unavailable' from command line to 'False'
[0.489s] Level 5:colcon.colcon_core.verb:set package 'q4d_description' build argument 'cmake_clean_cache' from command line to 'False'
[0.489s] Level 5:colcon.colcon_core.verb:set package 'q4d_description' build argument 'cmake_clean_first' from command line to 'False'
[0.489s] Level 5:colcon.colcon_core.verb:set package 'q4d_description' build argument 'cmake_force_configure' from command line to 'False'
[0.489s] Level 5:colcon.colcon_core.verb:set package 'q4d_description' build argument 'ament_cmake_args' from command line to 'None'
[0.489s] Level 5:colcon.colcon_core.verb:set package 'q4d_description' build argument 'catkin_cmake_args' from command line to 'None'
[0.489s] Level 5:colcon.colcon_core.verb:set package 'q4d_description' build argument 'catkin_skip_building_tests' from command line to 'False'
[0.489s] DEBUG:colcon.colcon_core.verb:Building package 'q4d_description' with the following arguments: {'ament_cmake_args': None, 'build_base': '/home/ros/colcon_ws/src/build/q4d_description', 'catkin_cmake_args': None, 'catkin_skip_building_tests': False, 'cmake_args': None, 'cmake_clean_cache': False, 'cmake_clean_first': False, 'cmake_force_configure': False, 'cmake_target': None, 'cmake_target_skip_unavailable': False, 'install_base': '/home/ros/colcon_ws/src/install/q4d_description', 'merge_install': False, 'path': '/home/ros/colcon_ws/src/q4d_description', 'symlink_install': False, 'test_result_base': None}
[0.490s] Level 5:colcon.colcon_core.verb:set package 'q4d_teleop' build argument 'cmake_args' from command line to 'None'
[0.490s] Level 5:colcon.colcon_core.verb:set package 'q4d_teleop' build argument 'cmake_target' from command line to 'None'
[0.490s] Level 5:colcon.colcon_core.verb:set package 'q4d_teleop' build argument 'cmake_target_skip_unavailable' from command line to 'False'
[0.490s] Level 5:colcon.colcon_core.verb:set package 'q4d_teleop' build argument 'cmake_clean_cache' from command line to 'False'
[0.490s] Level 5:colcon.colcon_core.verb:set package 'q4d_teleop' build argument 'cmake_clean_first' from command line to 'False'
[0.490s] Level 5:colcon.colcon_core.verb:set package 'q4d_teleop' build argument 'cmake_force_configure' from command line to 'False'
[0.490s] Level 5:colcon.colcon_core.verb:set package 'q4d_teleop' build argument 'ament_cmake_args' from command line to 'None'
[0.490s] Level 5:colcon.colcon_core.verb:set package 'q4d_teleop' build argument 'catkin_cmake_args' from command line to 'None'
[0.490s] Level 5:colcon.colcon_core.verb:set package 'q4d_teleop' build argument 'catkin_skip_building_tests' from command line to 'False'
[0.490s] DEBUG:colcon.colcon_core.verb:Building package 'q4d_teleop' with the following arguments: {'ament_cmake_args': None, 'build_base': '/home/ros/colcon_ws/src/build/q4d_teleop', 'catkin_cmake_args': None, 'catkin_skip_building_tests': False, 'cmake_args': None, 'cmake_clean_cache': False, 'cmake_clean_first': False, 'cmake_force_configure': False, 'cmake_target': None, 'cmake_target_skip_unavailable': False, 'install_base': '/home/ros/colcon_ws/src/install/q4d_teleop', 'merge_install': False, 'path': '/home/ros/colcon_ws/src/q4d_teleop', 'symlink_install': False, 'test_result_base': None}
[0.491s] INFO:colcon.colcon_core.executor:Executing jobs using 'parallel' executor
[0.495s] DEBUG:colcon.colcon_parallel_executor.executor.parallel:run_until_complete
[0.495s] INFO:colcon.colcon_ros.task.ament_cmake.build:Building ROS package in '/home/ros/colcon_ws/src/q2d/q2d_bringup' with build type 'ament_cmake'
[0.495s] INFO:colcon.colcon_cmake.task.cmake.build:Building CMake package in '/home/ros/colcon_ws/src/q2d/q2d_bringup'
[0.500s] INFO:colcon.colcon_core.plugin_system:Skipping extension 'colcon_core.shell.bat': Not used on non-Windows systems
[0.500s] INFO:colcon.colcon_core.shell:Skip shell extension 'powershell' for command environment: Not usable outside of PowerShell
[0.501s] DEBUG:colcon.colcon_core.shell:Skip shell extension 'dsv' for command environment
[0.509s] INFO:colcon.colcon_ros.task.ament_cmake.build:Building ROS package in '/home/ros/colcon_ws/src/q2d/q2d_description' with build type 'ament_cmake'
[0.514s] INFO:colcon.colcon_cmake.task.cmake.build:Building CMake package in '/home/ros/colcon_ws/src/q2d/q2d_description'
[0.516s] INFO:colcon.colcon_core.shell:Skip shell extension 'powershell' for command environment: Not usable outside of PowerShell
[0.516s] DEBUG:colcon.colcon_core.shell:Skip shell extension 'dsv' for command environment
[0.530s] INFO:colcon.colcon_ros.task.ament_cmake.build:Building ROS package in '/home/ros/colcon_ws/src/q2d/q2d_teleop' with build type 'ament_cmake'
[0.530s] INFO:colcon.colcon_cmake.task.cmake.build:Building CMake package in '/home/ros/colcon_ws/src/q2d/q2d_teleop'
[0.532s] INFO:colcon.colcon_core.shell:Skip shell extension 'powershell' for command environment: Not usable outside of PowerShell
[0.532s] DEBUG:colcon.colcon_core.shell:Skip shell extension 'dsv' for command environment
[0.548s] DEBUG:colcon.colcon_core.event_handler.log_command:Invoking command in '/home/ros/colcon_ws/src/build/q2d_bringup': CMAKE_PREFIX_PATH=${CMAKE_PREFIX_PATH}:/opt/ros/humble /usr/bin/cmake --build /home/ros/colcon_ws/src/build/q2d_bringup -- -j3 -l3
[0.563s] DEBUG:colcon.colcon_core.event_handler.log_command:Invoking command in '/home/ros/colcon_ws/src/build/q2d_description': CMAKE_PREFIX_PATH=${CMAKE_PREFIX_PATH}:/opt/ros/humble /usr/bin/cmake --build /home/ros/colcon_ws/src/build/q2d_description -- -j3 -l3
[0.582s] DEBUG:colcon.colcon_core.event_handler.log_command:Invoking command in '/home/ros/colcon_ws/src/build/q2d_teleop': CMAKE_PREFIX_PATH=${CMAKE_PREFIX_PATH}:/opt/ros/humble /usr/bin/cmake --build /home/ros/colcon_ws/src/build/q2d_teleop -- -j3 -l3
[0.608s] DEBUG:colcon.colcon_core.event_handler.log_command:Invoked command in '/home/ros/colcon_ws/src/build/q2d_description' returned '0': CMAKE_PREFIX_PATH=${CMAKE_PREFIX_PATH}:/opt/ros/humble /usr/bin/cmake --build /home/ros/colcon_ws/src/build/q2d_description -- -j3 -l3
[0.620s] DEBUG:colcon.colcon_core.event_handler.log_command:Invoked command in '/home/ros/colcon_ws/src/build/q2d_bringup' returned '0': CMAKE_PREFIX_PATH=${CMAKE_PREFIX_PATH}:/opt/ros/humble /usr/bin/cmake --build /home/ros/colcon_ws/src/build/q2d_bringup -- -j3 -l3
[0.640s] DEBUG:colcon.colcon_core.event_handler.log_command:Invoking command in '/home/ros/colcon_ws/src/build/q2d_description': CMAKE_PREFIX_PATH=${CMAKE_PREFIX_PATH}:/opt/ros/humble /usr/bin/cmake --install /home/ros/colcon_ws/src/build/q2d_description
[0.658s] Level 1:colcon.colcon_core.environment:create_environment_scripts_only(q2d_description)
[0.680s] Level 1:colcon.colcon_core.environment:checking '/home/ros/colcon_ws/src/install/q2d_description' for CMake module files
[0.682s] DEBUG:colcon.colcon_core.event_handler.log_command:Invoked command in '/home/ros/colcon_ws/src/build/q2d_description' returned '0': CMAKE_PREFIX_PATH=${CMAKE_PREFIX_PATH}:/opt/ros/humble /usr/bin/cmake --install /home/ros/colcon_ws/src/build/q2d_description
[0.686s] Level 1:colcon.colcon_core.environment:checking '/home/ros/colcon_ws/src/install/q2d_description' for CMake config files
[0.687s] Level 1:colcon.colcon_core.shell:create_environment_hook('q2d_description', 'cmake_prefix_path')
[0.691s] INFO:colcon.colcon_core.shell:Creating environment hook '/home/ros/colcon_ws/src/install/q2d_description/share/q2d_description/hook/cmake_prefix_path.ps1'
[0.696s] INFO:colcon.colcon_core.shell:Creating environment descriptor '/home/ros/colcon_ws/src/install/q2d_description/share/q2d_description/hook/cmake_prefix_path.dsv'
[0.696s] INFO:colcon.colcon_core.shell:Creating environment hook '/home/ros/colcon_ws/src/install/q2d_description/share/q2d_description/hook/cmake_prefix_path.sh'
[0.698s] Level 1:colcon.colcon_core.environment:checking '/home/ros/colcon_ws/src/install/q2d_description/bin'
[0.698s] Level 1:colcon.colcon_core.environment:checking '/home/ros/colcon_ws/src/install/q2d_description/lib/pkgconfig/q2d_description.pc'
[0.698s] Level 1:colcon.colcon_core.environment:checking '/home/ros/colcon_ws/src/install/q2d_description/lib/python3.10/site-packages'
[0.699s] Level 1:colcon.colcon_core.environment:checking '/home/ros/colcon_ws/src/install/q2d_description/bin'
[0.701s] INFO:colcon.colcon_core.shell:Creating package script '/home/ros/colcon_ws/src/install/q2d_description/share/q2d_description/package.ps1'
[0.702s] INFO:colcon.colcon_core.shell:Creating package descriptor '/home/ros/colcon_ws/src/install/q2d_description/share/q2d_description/package.dsv'
[0.703s] INFO:colcon.colcon_core.shell:Creating package script '/home/ros/colcon_ws/src/install/q2d_description/share/q2d_description/package.sh'
[0.704s] INFO:colcon.colcon_core.shell:Creating package script '/home/ros/colcon_ws/src/install/q2d_description/share/q2d_description/package.bash'
[0.705s] INFO:colcon.colcon_core.shell:Creating package script '/home/ros/colcon_ws/src/install/q2d_description/share/q2d_description/package.zsh'
[0.705s] Level 1:colcon.colcon_core.environment:create_file_with_runtime_dependencies(/home/ros/colcon_ws/src/install/q2d_description/share/colcon-core/packages/q2d_description)
[0.713s] DEBUG:colcon.colcon_core.event_handler.log_command:Invoking command in '/home/ros/colcon_ws/src/build/q2d_bringup': CMAKE_PREFIX_PATH=${CMAKE_PREFIX_PATH}:/opt/ros/humble /usr/bin/cmake --install /home/ros/colcon_ws/src/build/q2d_bringup
[0.726s] DEBUG:colcon.colcon_core.event_handler.log_command:Invoked command in '/home/ros/colcon_ws/src/build/q2d_teleop' returned '0': CMAKE_PREFIX_PATH=${CMAKE_PREFIX_PATH}:/opt/ros/humble /usr/bin/cmake --build /home/ros/colcon_ws/src/build/q2d_teleop -- -j3 -l3
[0.731s] Level 1:colcon.colcon_core.environment:create_environment_scripts_only(q2d_bringup)
[0.733s] Level 1:colcon.colcon_core.environment:checking '/home/ros/colcon_ws/src/install/q2d_bringup' for CMake module files
[0.734s] Level 1:colcon.colcon_core.environment:checking '/home/ros/colcon_ws/src/install/q2d_bringup' for CMake config files
[0.734s] Level 1:colcon.colcon_core.shell:create_environment_hook('q2d_bringup', 'cmake_prefix_path')
[0.736s] INFO:colcon.colcon_core.shell:Creating environment hook '/home/ros/colcon_ws/src/install/q2d_bringup/share/q2d_bringup/hook/cmake_prefix_path.ps1'
[0.736s] INFO:colcon.colcon_core.shell:Creating environment descriptor '/home/ros/colcon_ws/src/install/q2d_bringup/share/q2d_bringup/hook/cmake_prefix_path.dsv'
[0.737s] INFO:colcon.colcon_core.shell:Creating environment hook '/home/ros/colcon_ws/src/install/q2d_bringup/share/q2d_bringup/hook/cmake_prefix_path.sh'
[0.737s] Level 1:colcon.colcon_core.environment:checking '/home/ros/colcon_ws/src/install/q2d_bringup/lib'
[0.737s] Level 1:colcon.colcon_core.environment:checking '/home/ros/colcon_ws/src/install/q2d_bringup/bin'
[0.741s] DEBUG:colcon.colcon_core.event_handler.log_command:Invoked command in '/home/ros/colcon_ws/src/build/q2d_bringup' returned '0': CMAKE_PREFIX_PATH=${CMAKE_PREFIX_PATH}:/opt/ros/humble /usr/bin/cmake --install /home/ros/colcon_ws/src/build/q2d_bringup
[0.742s] Level 1:colcon.colcon_core.environment:checking '/home/ros/colcon_ws/src/install/q2d_bringup/lib/pkgconfig/q2d_bringup.pc'
[0.743s] Level 1:colcon.colcon_core.environment:checking '/home/ros/colcon_ws/src/install/q2d_bringup/lib/python3.10/site-packages'
[0.743s] Level 1:colcon.colcon_core.environment:checking '/home/ros/colcon_ws/src/install/q2d_bringup/bin'
[0.745s] INFO:colcon.colcon_core.shell:Creating package script '/home/ros/colcon_ws/src/install/q2d_bringup/share/q2d_bringup/package.ps1'
[0.745s] INFO:colcon.colcon_core.shell:Creating package descriptor '/home/ros/colcon_ws/src/install/q2d_bringup/share/q2d_bringup/package.dsv'
[0.746s] INFO:colcon.colcon_core.shell:Creating package script '/home/ros/colcon_ws/src/install/q2d_bringup/share/q2d_bringup/package.sh'
[0.746s] INFO:colcon.colcon_core.shell:Creating package script '/home/ros/colcon_ws/src/install/q2d_bringup/share/q2d_bringup/package.bash'
[0.746s] INFO:colcon.colcon_core.shell:Creating package script '/home/ros/colcon_ws/src/install/q2d_bringup/share/q2d_bringup/package.zsh'
[0.747s] Level 1:colcon.colcon_core.environment:create_file_with_runtime_dependencies(/home/ros/colcon_ws/src/install/q2d_bringup/share/colcon-core/packages/q2d_bringup)
[0.760s] Level 1:colcon.colcon_core.environment:create_environment_scripts_only(q2d_description)
[0.763s] Level 1:colcon.colcon_core.environment:checking '/home/ros/colcon_ws/src/install/q2d_description' for CMake module files
[0.763s] Level 1:colcon.colcon_core.environment:checking '/home/ros/colcon_ws/src/install/q2d_description' for CMake config files
[0.763s] Level 1:colcon.colcon_core.shell:create_environment_hook('q2d_description', 'cmake_prefix_path')
[0.766s] INFO:colcon.colcon_core.shell:Creating environment hook '/home/ros/colcon_ws/src/install/q2d_description/share/q2d_description/hook/cmake_prefix_path.ps1'
[0.767s] INFO:colcon.colcon_core.shell:Creating environment descriptor '/home/ros/colcon_ws/src/install/q2d_description/share/q2d_description/hook/cmake_prefix_path.dsv'
[0.768s] INFO:colcon.colcon_core.shell:Creating environment hook '/home/ros/colcon_ws/src/install/q2d_description/share/q2d_description/hook/cmake_prefix_path.sh'
[0.768s] Level 1:colcon.colcon_core.environment:checking '/home/ros/colcon_ws/src/install/q2d_description/bin'
[0.768s] Level 1:colcon.colcon_core.environment:checking '/home/ros/colcon_ws/src/install/q2d_description/lib/pkgconfig/q2d_description.pc'
[0.769s] Level 1:colcon.colcon_core.environment:checking '/home/ros/colcon_ws/src/install/q2d_description/lib/python3.10/site-packages'
[0.769s] Level 1:colcon.colcon_core.environment:checking '/home/ros/colcon_ws/src/install/q2d_description/bin'
[0.771s] INFO:colcon.colcon_core.shell:Creating package script '/home/ros/colcon_ws/src/install/q2d_description/share/q2d_description/package.ps1'
[0.771s] INFO:colcon.colcon_core.shell:Creating package descriptor '/home/ros/colcon_ws/src/install/q2d_description/share/q2d_description/package.dsv'
[0.772s] INFO:colcon.colcon_core.shell:Creating package script '/home/ros/colcon_ws/src/install/q2d_description/share/q2d_description/package.sh'
[0.773s] INFO:colcon.colcon_core.shell:Creating package script '/home/ros/colcon_ws/src/install/q2d_description/share/q2d_description/package.bash'
[0.774s] INFO:colcon.colcon_core.shell:Creating package script '/home/ros/colcon_ws/src/install/q2d_description/share/q2d_description/package.zsh'
[0.774s] Level 1:colcon.colcon_core.environment:create_file_with_runtime_dependencies(/home/ros/colcon_ws/src/install/q2d_description/share/colcon-core/packages/q2d_description)
[0.775s] INFO:colcon.colcon_ros.task.ament_cmake.build:Building ROS package in '/home/ros/colcon_ws/src/q4d_description' with build type 'ament_cmake'
[0.775s] INFO:colcon.colcon_cmake.task.cmake.build:Building CMake package in '/home/ros/colcon_ws/src/q4d_description'
[0.778s] INFO:colcon.colcon_core.shell:Skip shell extension 'powershell' for command environment: Not usable outside of PowerShell
[0.778s] DEBUG:colcon.colcon_core.shell:Skip shell extension 'dsv' for command environment
[0.786s] DEBUG:colcon.colcon_core.event_handler.log_command:Invoking command in '/home/ros/colcon_ws/src/build/q2d_teleop': CMAKE_PREFIX_PATH=${CMAKE_PREFIX_PATH}:/opt/ros/humble /usr/bin/cmake --install /home/ros/colcon_ws/src/build/q2d_teleop
[0.789s] Level 1:colcon.colcon_core.environment:create_environment_scripts_only(q2d_bringup)
[0.791s] Level 1:colcon.colcon_core.environment:checking '/home/ros/colcon_ws/src/install/q2d_bringup' for CMake module files
[0.791s] Level 1:colcon.colcon_core.environment:checking '/home/ros/colcon_ws/src/install/q2d_bringup' for CMake config files
[0.792s] Level 1:colcon.colcon_core.shell:create_environment_hook('q2d_bringup', 'cmake_prefix_path')
[0.793s] INFO:colcon.colcon_core.shell:Creating environment hook '/home/ros/colcon_ws/src/install/q2d_bringup/share/q2d_bringup/hook/cmake_prefix_path.ps1'
[0.794s] INFO:colcon.colcon_core.shell:Creating environment descriptor '/home/ros/colcon_ws/src/install/q2d_bringup/share/q2d_bringup/hook/cmake_prefix_path.dsv'
[0.794s] INFO:colcon.colcon_core.shell:Creating environment hook '/home/ros/colcon_ws/src/install/q2d_bringup/share/q2d_bringup/hook/cmake_prefix_path.sh'
[0.796s] Level 1:colcon.colcon_core.environment:checking '/home/ros/colcon_ws/src/install/q2d_bringup/lib'
[0.796s] Level 1:colcon.colcon_core.environment:checking '/home/ros/colcon_ws/src/install/q2d_bringup/bin'
[0.797s] Level 1:colcon.colcon_core.environment:checking '/home/ros/colcon_ws/src/install/q2d_bringup/lib/pkgconfig/q2d_bringup.pc'
[0.797s] Level 1:colcon.colcon_core.environment:checking '/home/ros/colcon_ws/src/install/q2d_bringup/lib/python3.10/site-packages'
[0.798s] Level 1:colcon.colcon_core.environment:checking '/home/ros/colcon_ws/src/install/q2d_bringup/bin'
[0.801s] INFO:colcon.colcon_core.shell:Creating package script '/home/ros/colcon_ws/src/install/q2d_bringup/share/q2d_bringup/package.ps1'
[0.803s] INFO:colcon.colcon_core.shell:Creating package descriptor '/home/ros/colcon_ws/src/install/q2d_bringup/share/q2d_bringup/package.dsv'
[0.804s] INFO:colcon.colcon_core.shell:Creating package script '/home/ros/colcon_ws/src/install/q2d_bringup/share/q2d_bringup/package.sh'
[0.804s] INFO:colcon.colcon_core.shell:Creating package script '/home/ros/colcon_ws/src/install/q2d_bringup/share/q2d_bringup/package.bash'
[0.805s] INFO:colcon.colcon_core.shell:Creating package script '/home/ros/colcon_ws/src/install/q2d_bringup/share/q2d_bringup/package.zsh'
[0.805s] Level 1:colcon.colcon_core.environment:create_file_with_runtime_dependencies(/home/ros/colcon_ws/src/install/q2d_bringup/share/colcon-core/packages/q2d_bringup)
[0.807s] INFO:colcon.colcon_ros.task.ament_cmake.build:Building ROS package in '/home/ros/colcon_ws/src/q4d_teleop' with build type 'ament_cmake'
[0.807s] INFO:colcon.colcon_cmake.task.cmake.build:Building CMake package in '/home/ros/colcon_ws/src/q4d_teleop'
[0.809s] INFO:colcon.colcon_core.shell:Skip shell extension 'powershell' for command environment: Not usable outside of PowerShell
[0.809s] DEBUG:colcon.colcon_core.shell:Skip shell extension 'dsv' for command environment
[0.816s] Level 1:colcon.colcon_core.environment:create_environment_scripts_only(q2d_teleop)
[0.819s] Level 1:colcon.colcon_core.environment:checking '/home/ros/colcon_ws/src/install/q2d_teleop' for CMake module files
[0.819s] DEBUG:colcon.colcon_core.event_handler.log_command:Invoked command in '/home/ros/colcon_ws/src/build/q2d_teleop' returned '0': CMAKE_PREFIX_PATH=${CMAKE_PREFIX_PATH}:/opt/ros/humble /usr/bin/cmake --install /home/ros/colcon_ws/src/build/q2d_teleop
[0.821s] Level 1:colcon.colcon_core.environment:checking '/home/ros/colcon_ws/src/install/q2d_teleop' for CMake config files
[0.821s] Level 1:colcon.colcon_core.shell:create_environment_hook('q2d_teleop', 'cmake_prefix_path')
[0.824s] INFO:colcon.colcon_core.shell:Creating environment hook '/home/ros/colcon_ws/src/install/q2d_teleop/share/q2d_teleop/hook/cmake_prefix_path.ps1'
[0.825s] INFO:colcon.colcon_core.shell:Creating environment descriptor '/home/ros/colcon_ws/src/install/q2d_teleop/share/q2d_teleop/hook/cmake_prefix_path.dsv'
[0.826s] INFO:colcon.colcon_core.shell:Creating environment hook '/home/ros/colcon_ws/src/install/q2d_teleop/share/q2d_teleop/hook/cmake_prefix_path.sh'
[0.827s] Level 1:colcon.colcon_core.environment:checking '/home/ros/colcon_ws/src/install/q2d_teleop/lib'
[0.827s] Level 1:colcon.colcon_core.environment:checking '/home/ros/colcon_ws/src/install/q2d_teleop/bin'
[0.827s] Level 1:colcon.colcon_core.environment:checking '/home/ros/colcon_ws/src/install/q2d_teleop/lib/pkgconfig/q2d_teleop.pc'
[0.827s] Level 1:colcon.colcon_core.environment:checking '/home/ros/colcon_ws/src/install/q2d_teleop/lib/python3.10/site-packages'
[0.827s] Level 1:colcon.colcon_core.environment:checking '/home/ros/colcon_ws/src/install/q2d_teleop/bin'
[0.829s] INFO:colcon.colcon_core.shell:Creating package script '/home/ros/colcon_ws/src/install/q2d_teleop/share/q2d_teleop/package.ps1'
[0.829s] INFO:colcon.colcon_core.shell:Creating package descriptor '/home/ros/colcon_ws/src/install/q2d_teleop/share/q2d_teleop/package.dsv'
[0.830s] INFO:colcon.colcon_core.shell:Creating package script '/home/ros/colcon_ws/src/install/q2d_teleop/share/q2d_teleop/package.sh'
[0.830s] INFO:colcon.colcon_core.shell:Creating package script '/home/ros/colcon_ws/src/install/q2d_teleop/share/q2d_teleop/package.bash'
[0.830s] INFO:colcon.colcon_core.shell:Creating package script '/home/ros/colcon_ws/src/install/q2d_teleop/share/q2d_teleop/package.zsh'
[0.831s] Level 1:colcon.colcon_core.environment:create_file_with_runtime_dependencies(/home/ros/colcon_ws/src/install/q2d_teleop/share/colcon-core/packages/q2d_teleop)
[0.839s] DEBUG:colcon.colcon_core.event_handler.log_command:Invoking command in '/home/ros/colcon_ws/src/build/q4d_description': CMAKE_PREFIX_PATH=${CMAKE_PREFIX_PATH}:/opt/ros/humble /usr/bin/cmake --build /home/ros/colcon_ws/src/build/q4d_description -- -j3 -l3
[0.852s] DEBUG:colcon.colcon_core.event_handler.log_command:Invoking command in '/home/ros/colcon_ws/src/build/q4d_teleop': CMAKE_PREFIX_PATH=${CMAKE_PREFIX_PATH}:/opt/ros/humble /usr/bin/cmake --build /home/ros/colcon_ws/src/build/q4d_teleop -- -j3 -l3
[0.870s] Level 1:colcon.colcon_core.environment:create_environment_scripts_only(q2d_teleop)
[0.872s] Level 1:colcon.colcon_core.environment:checking '/home/ros/colcon_ws/src/install/q2d_teleop' for CMake module files
[0.873s] Level 1:colcon.colcon_core.environment:checking '/home/ros/colcon_ws/src/install/q2d_teleop' for CMake config files
[0.873s] Level 1:colcon.colcon_core.shell:create_environment_hook('q2d_teleop', 'cmake_prefix_path')
[0.874s] INFO:colcon.colcon_core.shell:Creating environment hook '/home/ros/colcon_ws/src/install/q2d_teleop/share/q2d_teleop/hook/cmake_prefix_path.ps1'
[0.875s] INFO:colcon.colcon_core.shell:Creating environment descriptor '/home/ros/colcon_ws/src/install/q2d_teleop/share/q2d_teleop/hook/cmake_prefix_path.dsv'
[0.875s] INFO:colcon.colcon_core.shell:Creating environment hook '/home/ros/colcon_ws/src/install/q2d_teleop/share/q2d_teleop/hook/cmake_prefix_path.sh'
[0.876s] Level 1:colcon.colcon_core.environment:checking '/home/ros/colcon_ws/src/install/q2d_teleop/lib'
[0.876s] Level 1:colcon.colcon_core.environment:checking '/home/ros/colcon_ws/src/install/q2d_teleop/bin'
[0.876s] Level 1:colcon.colcon_core.environment:checking '/home/ros/colcon_ws/src/install/q2d_teleop/lib/pkgconfig/q2d_teleop.pc'
[0.876s] Level 1:colcon.colcon_core.environment:checking '/home/ros/colcon_ws/src/install/q2d_teleop/lib/python3.10/site-packages'
[0.878s] Level 1:colcon.colcon_core.environment:checking '/home/ros/colcon_ws/src/install/q2d_teleop/bin'
[0.879s] INFO:colcon.colcon_core.shell:Creating package script '/home/ros/colcon_ws/src/install/q2d_teleop/share/q2d_teleop/package.ps1'
[0.883s] INFO:colcon.colcon_core.shell:Creating package descriptor '/home/ros/colcon_ws/src/install/q2d_teleop/share/q2d_teleop/package.dsv'
[0.884s] INFO:colcon.colcon_core.shell:Creating package script '/home/ros/colcon_ws/src/install/q2d_teleop/share/q2d_teleop/package.sh'
[0.885s] INFO:colcon.colcon_core.shell:Creating package script '/home/ros/colcon_ws/src/install/q2d_teleop/share/q2d_teleop/package.bash'
[0.885s] INFO:colcon.colcon_core.shell:Creating package script '/home/ros/colcon_ws/src/install/q2d_teleop/share/q2d_teleop/package.zsh'
[0.886s] Level 1:colcon.colcon_core.environment:create_file_with_runtime_dependencies(/home/ros/colcon_ws/src/install/q2d_teleop/share/colcon-core/packages/q2d_teleop)
[0.895s] DEBUG:colcon.colcon_core.event_handler.log_command:Invoked command in '/home/ros/colcon_ws/src/build/q4d_description' returned '0': CMAKE_PREFIX_PATH=${CMAKE_PREFIX_PATH}:/opt/ros/humble /usr/bin/cmake --build /home/ros/colcon_ws/src/build/q4d_description -- -j3 -l3
[0.938s] DEBUG:colcon.colcon_core.event_handler.log_command:Invoking command in '/home/ros/colcon_ws/src/build/q4d_description': CMAKE_PREFIX_PATH=${CMAKE_PREFIX_PATH}:/opt/ros/humble /usr/bin/cmake --install /home/ros/colcon_ws/src/build/q4d_description
[0.947s] DEBUG:colcon.colcon_core.event_handler.log_command:Invoked command in '/home/ros/colcon_ws/src/build/q4d_teleop' returned '0': CMAKE_PREFIX_PATH=${CMAKE_PREFIX_PATH}:/opt/ros/humble /usr/bin/cmake --build /home/ros/colcon_ws/src/build/q4d_teleop -- -j3 -l3
[0.957s] Level 1:colcon.colcon_core.environment:create_environment_scripts_only(q4d_description)
[0.959s] Level 1:colcon.colcon_core.environment:checking '/home/ros/colcon_ws/src/install/q4d_description' for CMake module files
[0.960s] Level 1:colcon.colcon_core.environment:checking '/home/ros/colcon_ws/src/install/q4d_description' for CMake config files
[0.960s] Level 1:colcon.colcon_core.shell:create_environment_hook('q4d_description', 'cmake_prefix_path')
[0.962s] INFO:colcon.colcon_core.shell:Creating environment hook '/home/ros/colcon_ws/src/install/q4d_description/share/q4d_description/hook/cmake_prefix_path.ps1'
[0.962s] DEBUG:colcon.colcon_core.event_handler.log_command:Invoked command in '/home/ros/colcon_ws/src/build/q4d_description' returned '0': CMAKE_PREFIX_PATH=${CMAKE_PREFIX_PATH}:/opt/ros/humble /usr/bin/cmake --install /home/ros/colcon_ws/src/build/q4d_description
[0.963s] INFO:colcon.colcon_core.shell:Creating environment descriptor '/home/ros/colcon_ws/src/install/q4d_description/share/q4d_description/hook/cmake_prefix_path.dsv'
[0.963s] INFO:colcon.colcon_core.shell:Creating environment hook '/home/ros/colcon_ws/src/install/q4d_description/share/q4d_description/hook/cmake_prefix_path.sh'
[0.963s] Level 1:colcon.colcon_core.environment:checking '/home/ros/colcon_ws/src/install/q4d_description/bin'
[0.964s] Level 1:colcon.colcon_core.environment:checking '/home/ros/colcon_ws/src/install/q4d_description/lib/pkgconfig/q4d_description.pc'
[0.964s] Level 1:colcon.colcon_core.environment:checking '/home/ros/colcon_ws/src/install/q4d_description/lib/python3.10/site-packages'
[0.964s] Level 1:colcon.colcon_core.environment:checking '/home/ros/colcon_ws/src/install/q4d_description/bin'
[0.966s] INFO:colcon.colcon_core.shell:Creating package script '/home/ros/colcon_ws/src/install/q4d_description/share/q4d_description/package.ps1'
[0.966s] INFO:colcon.colcon_core.shell:Creating package descriptor '/home/ros/colcon_ws/src/install/q4d_description/share/q4d_description/package.dsv'
[0.967s] INFO:colcon.colcon_core.shell:Creating package script '/home/ros/colcon_ws/src/install/q4d_description/share/q4d_description/package.sh'
[0.967s] INFO:colcon.colcon_core.shell:Creating package script '/home/ros/colcon_ws/src/install/q4d_description/share/q4d_description/package.bash'
[0.968s] INFO:colcon.colcon_core.shell:Creating package script '/home/ros/colcon_ws/src/install/q4d_description/share/q4d_description/package.zsh'
[0.968s] Level 1:colcon.colcon_core.environment:create_file_with_runtime_dependencies(/home/ros/colcon_ws/src/install/q4d_description/share/colcon-core/packages/q4d_description)
[0.975s] DEBUG:colcon.colcon_core.event_handler.log_command:Invoking command in '/home/ros/colcon_ws/src/build/q4d_teleop': CMAKE_PREFIX_PATH=${CMAKE_PREFIX_PATH}:/opt/ros/humble /usr/bin/cmake --install /home/ros/colcon_ws/src/build/q4d_teleop
[0.996s] Level 1:colcon.colcon_core.environment:create_environment_scripts_only(q4d_teleop)
[1.002s] Level 1:colcon.colcon_core.environment:checking '/home/ros/colcon_ws/src/install/q4d_teleop' for CMake module files
[1.003s] DEBUG:colcon.colcon_core.event_handler.log_command:Invoked command in '/home/ros/colcon_ws/src/build/q4d_teleop' returned '0': CMAKE_PREFIX_PATH=${CMAKE_PREFIX_PATH}:/opt/ros/humble /usr/bin/cmake --install /home/ros/colcon_ws/src/build/q4d_teleop
[1.004s] Level 1:colcon.colcon_core.environment:checking '/home/ros/colcon_ws/src/install/q4d_teleop' for CMake config files
[1.005s] Level 1:colcon.colcon_core.shell:create_environment_hook('q4d_teleop', 'cmake_prefix_path')
[1.006s] INFO:colcon.colcon_core.shell:Creating environment hook '/home/ros/colcon_ws/src/install/q4d_teleop/share/q4d_teleop/hook/cmake_prefix_path.ps1'
[1.007s] INFO:colcon.colcon_core.shell:Creating environment descriptor '/home/ros/colcon_ws/src/install/q4d_teleop/share/q4d_teleop/hook/cmake_prefix_path.dsv'
[1.007s] INFO:colcon.colcon_core.shell:Creating environment hook '/home/ros/colcon_ws/src/install/q4d_teleop/share/q4d_teleop/hook/cmake_prefix_path.sh'
[1.008s] Level 1:colcon.colcon_core.environment:checking '/home/ros/colcon_ws/src/install/q4d_teleop/lib'
[1.008s] Level 1:colcon.colcon_core.environment:checking '/home/ros/colcon_ws/src/install/q4d_teleop/bin'
[1.008s] Level 1:colcon.colcon_core.environment:checking '/home/ros/colcon_ws/src/install/q4d_teleop/lib/pkgconfig/q4d_teleop.pc'
[1.008s] Level 1:colcon.colcon_core.environment:checking '/home/ros/colcon_ws/src/install/q4d_teleop/lib/python3.10/site-packages'
[1.008s] Level 1:colcon.colcon_core.environment:checking '/home/ros/colcon_ws/src/install/q4d_teleop/bin'
[1.010s] INFO:colcon.colcon_core.shell:Creating package script '/home/ros/colcon_ws/src/install/q4d_teleop/share/q4d_teleop/package.ps1'
[1.010s] INFO:colcon.colcon_core.shell:Creating package descriptor '/home/ros/colcon_ws/src/install/q4d_teleop/share/q4d_teleop/package.dsv'
[1.011s] INFO:colcon.colcon_core.shell:Creating package script '/home/ros/colcon_ws/src/install/q4d_teleop/share/q4d_teleop/package.sh'
[1.011s] INFO:colcon.colcon_core.shell:Creating package script '/home/ros/colcon_ws/src/install/q4d_teleop/share/q4d_teleop/package.bash'
[1.011s] INFO:colcon.colcon_core.shell:Creating package script '/home/ros/colcon_ws/src/install/q4d_teleop/share/q4d_teleop/package.zsh'
[1.012s] Level 1:colcon.colcon_core.environment:create_file_with_runtime_dependencies(/home/ros/colcon_ws/src/install/q4d_teleop/share/colcon-core/packages/q4d_teleop)
[1.014s] Level 1:colcon.colcon_core.environment:create_environment_scripts_only(q4d_description)
[1.016s] Level 1:colcon.colcon_core.environment:checking '/home/ros/colcon_ws/src/install/q4d_description' for CMake module files
[1.016s] Level 1:colcon.colcon_core.environment:checking '/home/ros/colcon_ws/src/install/q4d_description' for CMake config files
[1.017s] Level 1:colcon.colcon_core.shell:create_environment_hook('q4d_description', 'cmake_prefix_path')
[1.018s] INFO:colcon.colcon_core.shell:Creating environment hook '/home/ros/colcon_ws/src/install/q4d_description/share/q4d_description/hook/cmake_prefix_path.ps1'
[1.019s] INFO:colcon.colcon_core.shell:Creating environment descriptor '/home/ros/colcon_ws/src/install/q4d_description/share/q4d_description/hook/cmake_prefix_path.dsv'
[1.019s] INFO:colcon.colcon_core.shell:Creating environment hook '/home/ros/colcon_ws/src/install/q4d_description/share/q4d_description/hook/cmake_prefix_path.sh'
[1.019s] Level 1:colcon.colcon_core.environment:checking '/home/ros/colcon_ws/src/install/q4d_description/bin'
[1.020s] Level 1:colcon.colcon_core.environment:checking '/home/ros/colcon_ws/src/install/q4d_description/lib/pkgconfig/q4d_description.pc'
[1.020s] Level 1:colcon.colcon_core.environment:checking '/home/ros/colcon_ws/src/install/q4d_description/lib/python3.10/site-packages'
[1.020s] Level 1:colcon.colcon_core.environment:checking '/home/ros/colcon_ws/src/install/q4d_description/bin'
[1.022s] INFO:colcon.colcon_core.shell:Creating package script '/home/ros/colcon_ws/src/install/q4d_description/share/q4d_description/package.ps1'
[1.022s] INFO:colcon.colcon_core.shell:Creating package descriptor '/home/ros/colcon_ws/src/install/q4d_description/share/q4d_description/package.dsv'
[1.023s] INFO:colcon.colcon_core.shell:Creating package script '/home/ros/colcon_ws/src/install/q4d_description/share/q4d_description/package.sh'
[1.023s] INFO:colcon.colcon_core.shell:Creating package script '/home/ros/colcon_ws/src/install/q4d_description/share/q4d_description/package.bash'
[1.023s] INFO:colcon.colcon_core.shell:Creating package script '/home/ros/colcon_ws/src/install/q4d_description/share/q4d_description/package.zsh'
[1.024s] Level 1:colcon.colcon_core.environment:create_file_with_runtime_dependencies(/home/ros/colcon_ws/src/install/q4d_description/share/colcon-core/packages/q4d_description)
[1.034s] Level 1:colcon.colcon_core.environment:create_environment_scripts_only(q4d_teleop)
[1.036s] Level 1:colcon.colcon_core.environment:checking '/home/ros/colcon_ws/src/install/q4d_teleop' for CMake module files
[1.037s] Level 1:colcon.colcon_core.environment:checking '/home/ros/colcon_ws/src/install/q4d_teleop' for CMake config files
[1.037s] Level 1:colcon.colcon_core.shell:create_environment_hook('q4d_teleop', 'cmake_prefix_path')
[1.039s] INFO:colcon.colcon_core.shell:Creating environment hook '/home/ros/colcon_ws/src/install/q4d_teleop/share/q4d_teleop/hook/cmake_prefix_path.ps1'
[1.039s] INFO:colcon.colcon_core.shell:Creating environment descriptor '/home/ros/colcon_ws/src/install/q4d_teleop/share/q4d_teleop/hook/cmake_prefix_path.dsv'
[1.040s] INFO:colcon.colcon_core.shell:Creating environment hook '/home/ros/colcon_ws/src/install/q4d_teleop/share/q4d_teleop/hook/cmake_prefix_path.sh'
[1.041s] Level 1:colcon.colcon_core.environment:checking '/home/ros/colcon_ws/src/install/q4d_teleop/lib'
[1.041s] Level 1:colcon.colcon_core.environment:checking '/home/ros/colcon_ws/src/install/q4d_teleop/bin'
[1.041s] Level 1:colcon.colcon_core.environment:checking '/home/ros/colcon_ws/src/install/q4d_teleop/lib/pkgconfig/q4d_teleop.pc'
[1.041s] Level 1:colcon.colcon_core.environment:checking '/home/ros/colcon_ws/src/install/q4d_teleop/lib/python3.10/site-packages'
[1.041s] Level 1:colcon.colcon_core.environment:checking '/home/ros/colcon_ws/src/install/q4d_teleop/bin'
[1.043s] INFO:colcon.colcon_core.shell:Creating package script '/home/ros/colcon_ws/src/install/q4d_teleop/share/q4d_teleop/package.ps1'
[1.043s] INFO:colcon.colcon_core.shell:Creating package descriptor '/home/ros/colcon_ws/src/install/q4d_teleop/share/q4d_teleop/package.dsv'
[1.044s] INFO:colcon.colcon_core.shell:Creating package script '/home/ros/colcon_ws/src/install/q4d_teleop/share/q4d_teleop/package.sh'
[1.045s] INFO:colcon.colcon_core.shell:Creating package script '/home/ros/colcon_ws/src/install/q4d_teleop/share/q4d_teleop/package.bash'
[1.045s] INFO:colcon.colcon_core.shell:Creating package script '/home/ros/colcon_ws/src/install/q4d_teleop/share/q4d_teleop/package.zsh'
[1.046s] Level 1:colcon.colcon_core.environment:create_file_with_runtime_dependencies(/home/ros/colcon_ws/src/install/q4d_teleop/share/colcon-core/packages/q4d_teleop)
[1.047s] DEBUG:colcon.colcon_parallel_executor.executor.parallel:closing loop
[1.047s] DEBUG:colcon.colcon_parallel_executor.executor.parallel:loop closed
[1.047s] DEBUG:colcon.colcon_parallel_executor.executor.parallel:run_until_complete finished with '0'
[1.047s] DEBUG:colcon.colcon_core.event_reactor:joining thread
[1.054s] INFO:colcon.colcon_core.plugin_system:Skipping extension 'colcon_notification.desktop_notification.terminal_notifier': Not used on non-Darwin systems
[1.055s] INFO:colcon.colcon_core.plugin_system:Skipping extension 'colcon_notification.desktop_notification.win32': Not used on non-Windows systems
[1.055s] INFO:colcon.colcon_notification.desktop_notification:Sending desktop notification using 'notify2'
[1.070s] DEBUG:colcon.colcon_core.event_reactor:joined thread
[1.072s] INFO:colcon.colcon_core.shell:Creating prefix script '/home/ros/colcon_ws/src/install/local_setup.ps1'
[1.075s] INFO:colcon.colcon_core.shell:Creating prefix util module '/home/ros/colcon_ws/src/install/_local_setup_util_ps1.py'
[1.077s] INFO:colcon.colcon_core.shell:Creating prefix chain script '/home/ros/colcon_ws/src/install/setup.ps1'
[1.079s] INFO:colcon.colcon_core.shell:Creating prefix script '/home/ros/colcon_ws/src/install/local_setup.sh'
[1.079s] INFO:colcon.colcon_core.shell:Creating prefix util module '/home/ros/colcon_ws/src/install/_local_setup_util_sh.py'
[1.080s] INFO:colcon.colcon_core.shell:Creating prefix chain script '/home/ros/colcon_ws/src/install/setup.sh'
[1.082s] INFO:colcon.colcon_core.shell:Creating prefix script '/home/ros/colcon_ws/src/install/local_setup.bash'
[1.084s] INFO:colcon.colcon_core.shell:Creating prefix chain script '/home/ros/colcon_ws/src/install/setup.bash'
[1.087s] INFO:colcon.colcon_core.shell:Creating prefix script '/home/ros/colcon_ws/src/install/local_setup.zsh'
[1.087s] INFO:colcon.colcon_core.shell:Creating prefix chain script '/home/ros/colcon_ws/src/install/setup.zsh'
