[0.334s] DEBUG:colcon:Command line arguments: ['/usr/bin/colcon', 'build', '--symlink-install']
[0.334s] DEBUG:colcon:Parsed command line arguments: Namespace(log_base=None, log_level=None, verb_name='build', build_base='build', install_base='install', merge_install=False, symlink_install=True, test_result_base=None, continue_on_error=False, executor='parallel', parallel_workers=3, event_handlers=None, ignore_user_meta=False, metas=['./colcon.meta'], base_paths=['.'], packages_ignore=None, packages_ignore_regex=None, paths=None, packages_up_to=None, packages_up_to_regex=None, packages_above=None, packages_above_and_dependencies=None, packages_above_depth=None, packages_select_by_dep=None, packages_skip_by_dep=None, packages_skip_up_to=None, packages_select_build_failed=False, packages_skip_build_finished=False, packages_select_test_failures=False, packages_skip_test_passed=False, packages_select=None, packages_skip=None, packages_select_regex=None, packages_skip_regex=None, packages_start=None, packages_end=None, allow_overriding=[], cmake_args=None, cmake_target=None, cmake_target_skip_unavailable=False, cmake_clean_cache=False, cmake_clean_first=False, cmake_force_configure=False, ament_cmake_args=None, catkin_cmake_args=None, catkin_skip_building_tests=False, verb_parser=<colcon_defaults.argument_parser.defaults.DefaultArgumentsDecorator object at 0x7f02a43d4640>, verb_extension=<colcon_core.verb.build.BuildVerb object at 0x7f02a4c35b10>, main=<bound method BuildVerb.main of <colcon_core.verb.build.BuildVerb object at 0x7f02a4c35b10>>)
[0.368s] Level 1:colcon.colcon_core.package_discovery:discover_packages(colcon_meta) check parameters
[0.368s] Level 1:colcon.colcon_core.package_discovery:discover_packages(recursive) check parameters
[0.368s] Level 1:colcon.colcon_core.package_discovery:discover_packages(ignore) check parameters
[0.368s] Level 1:colcon.colcon_core.package_discovery:discover_packages(path) check parameters
[0.368s] Level 1:colcon.colcon_core.package_discovery:discover_packages(colcon_meta) discover
[0.369s] Level 1:colcon.colcon_core.package_discovery:discover_packages(recursive) discover
[0.369s] INFO:colcon.colcon_core.package_discovery:Crawling recursively for packages in '/home/ros/colcon_ws'
[0.369s] Level 1:colcon.colcon_core.package_identification:_identify(.) by extensions ['ignore', 'ignore_ament_install']
[0.369s] Level 1:colcon.colcon_core.package_identification:_identify(.) by extension 'ignore'
[0.369s] Level 1:colcon.colcon_core.package_identification:_identify(.) by extension 'ignore_ament_install'
[0.369s] Level 1:colcon.colcon_core.package_identification:_identify(.) by extensions ['colcon_pkg']
[0.369s] Level 1:colcon.colcon_core.package_identification:_identify(.) by extension 'colcon_pkg'
[0.369s] Level 1:colcon.colcon_core.package_identification:_identify(.) by extensions ['colcon_meta']
[0.369s] Level 1:colcon.colcon_core.package_identification:_identify(.) by extension 'colcon_meta'
[0.369s] Level 1:colcon.colcon_core.package_identification:_identify(.) by extensions ['ros']
[0.369s] Level 1:colcon.colcon_core.package_identification:_identify(.) by extension 'ros'
[0.380s] Level 1:colcon.colcon_core.package_identification:_identify(.) by extensions ['cmake', 'python']
[0.380s] Level 1:colcon.colcon_core.package_identification:_identify(.) by extension 'cmake'
[0.380s] Level 1:colcon.colcon_core.package_identification:_identify(.) by extension 'python'
[0.380s] Level 1:colcon.colcon_core.package_identification:_identify(.) by extensions ['python_setup_py']
[0.380s] Level 1:colcon.colcon_core.package_identification:_identify(.) by extension 'python_setup_py'
[0.380s] Level 1:colcon.colcon_core.package_identification:_identify(build) by extensions ['ignore', 'ignore_ament_install']
[0.380s] Level 1:colcon.colcon_core.package_identification:_identify(build) by extension 'ignore'
[0.380s] Level 1:colcon.colcon_core.package_identification:_identify(build) ignored
[0.380s] Level 1:colcon.colcon_core.package_identification:_identify(install) by extensions ['ignore', 'ignore_ament_install']
[0.381s] Level 1:colcon.colcon_core.package_identification:_identify(install) by extension 'ignore'
[0.381s] Level 1:colcon.colcon_core.package_identification:_identify(install) ignored
[0.381s] Level 1:colcon.colcon_core.package_identification:_identify(log) by extensions ['ignore', 'ignore_ament_install']
[0.381s] Level 1:colcon.colcon_core.package_identification:_identify(log) by extension 'ignore'
[0.381s] Level 1:colcon.colcon_core.package_identification:_identify(log) ignored
[0.381s] Level 1:colcon.colcon_core.package_identification:_identify(src) by extensions ['ignore', 'ignore_ament_install']
[0.381s] Level 1:colcon.colcon_core.package_identification:_identify(src) by extension 'ignore'
[0.381s] Level 1:colcon.colcon_core.package_identification:_identify(src) by extension 'ignore_ament_install'
[0.381s] Level 1:colcon.colcon_core.package_identification:_identify(src) by extensions ['colcon_pkg']
[0.381s] Level 1:colcon.colcon_core.package_identification:_identify(src) by extension 'colcon_pkg'
[0.381s] Level 1:colcon.colcon_core.package_identification:_identify(src) by extensions ['colcon_meta']
[0.381s] Level 1:colcon.colcon_core.package_identification:_identify(src) by extension 'colcon_meta'
[0.381s] Level 1:colcon.colcon_core.package_identification:_identify(src) by extensions ['ros']
[0.381s] Level 1:colcon.colcon_core.package_identification:_identify(src) by extension 'ros'
[0.381s] Level 1:colcon.colcon_core.package_identification:_identify(src) by extensions ['cmake', 'python']
[0.381s] Level 1:colcon.colcon_core.package_identification:_identify(src) by extension 'cmake'
[0.381s] Level 1:colcon.colcon_core.package_identification:_identify(src) by extension 'python'
[0.381s] Level 1:colcon.colcon_core.package_identification:_identify(src) by extensions ['python_setup_py']
[0.381s] Level 1:colcon.colcon_core.package_identification:_identify(src) by extension 'python_setup_py'
[0.382s] Level 1:colcon.colcon_core.package_identification:_identify(src/eng10026_lab2) by extensions ['ignore', 'ignore_ament_install']
[0.382s] Level 1:colcon.colcon_core.package_identification:_identify(src/eng10026_lab2) by extension 'ignore'
[0.382s] Level 1:colcon.colcon_core.package_identification:_identify(src/eng10026_lab2) by extension 'ignore_ament_install'
[0.382s] Level 1:colcon.colcon_core.package_identification:_identify(src/eng10026_lab2) by extensions ['colcon_pkg']
[0.382s] Level 1:colcon.colcon_core.package_identification:_identify(src/eng10026_lab2) by extension 'colcon_pkg'
[0.382s] Level 1:colcon.colcon_core.package_identification:_identify(src/eng10026_lab2) by extensions ['colcon_meta']
[0.382s] Level 1:colcon.colcon_core.package_identification:_identify(src/eng10026_lab2) by extension 'colcon_meta'
[0.382s] Level 1:colcon.colcon_core.package_identification:_identify(src/eng10026_lab2) by extensions ['ros']
[0.382s] Level 1:colcon.colcon_core.package_identification:_identify(src/eng10026_lab2) by extension 'ros'
[0.384s] DEBUG:colcon.colcon_core.package_identification:Package 'src/eng10026_lab2' with type 'ros.ament_cmake' and name 'eng10026_lab2'
[0.384s] Level 1:colcon.colcon_core.package_identification:_identify(src/eng10026_publisher) by extensions ['ignore', 'ignore_ament_install']
[0.385s] Level 1:colcon.colcon_core.package_identification:_identify(src/eng10026_publisher) by extension 'ignore'
[0.385s] Level 1:colcon.colcon_core.package_identification:_identify(src/eng10026_publisher) by extension 'ignore_ament_install'
[0.385s] Level 1:colcon.colcon_core.package_identification:_identify(src/eng10026_publisher) by extensions ['colcon_pkg']
[0.385s] Level 1:colcon.colcon_core.package_identification:_identify(src/eng10026_publisher) by extension 'colcon_pkg'
[0.385s] Level 1:colcon.colcon_core.package_identification:_identify(src/eng10026_publisher) by extensions ['colcon_meta']
[0.385s] Level 1:colcon.colcon_core.package_identification:_identify(src/eng10026_publisher) by extension 'colcon_meta'
[0.385s] Level 1:colcon.colcon_core.package_identification:_identify(src/eng10026_publisher) by extensions ['ros']
[0.385s] Level 1:colcon.colcon_core.package_identification:_identify(src/eng10026_publisher) by extension 'ros'
[0.386s] DEBUG:colcon.colcon_core.package_identification:Package 'src/eng10026_publisher' with type 'ros.ament_cmake' and name 'eng10026_publisher'
[0.386s] Level 1:colcon.colcon_core.package_identification:_identify(src/eng10026_subscriber) by extensions ['ignore', 'ignore_ament_install']
[0.386s] Level 1:colcon.colcon_core.package_identification:_identify(src/eng10026_subscriber) by extension 'ignore'
[0.386s] Level 1:colcon.colcon_core.package_identification:_identify(src/eng10026_subscriber) by extension 'ignore_ament_install'
[0.386s] Level 1:colcon.colcon_core.package_identification:_identify(src/eng10026_subscriber) by extensions ['colcon_pkg']
[0.386s] Level 1:colcon.colcon_core.package_identification:_identify(src/eng10026_subscriber) by extension 'colcon_pkg'
[0.386s] Level 1:colcon.colcon_core.package_identification:_identify(src/eng10026_subscriber) by extensions ['colcon_meta']
[0.386s] Level 1:colcon.colcon_core.package_identification:_identify(src/eng10026_subscriber) by extension 'colcon_meta'
[0.386s] Level 1:colcon.colcon_core.package_identification:_identify(src/eng10026_subscriber) by extensions ['ros']
[0.386s] Level 1:colcon.colcon_core.package_identification:_identify(src/eng10026_subscriber) by extension 'ros'
[0.387s] DEBUG:colcon.colcon_core.package_identification:Package 'src/eng10026_subscriber' with type 'ros.ament_cmake' and name 'eng10026_subscriber'
[0.387s] Level 1:colcon.colcon_core.package_identification:_identify(src/eng10026_tf2) by extensions ['ignore', 'ignore_ament_install']
[0.387s] Level 1:colcon.colcon_core.package_identification:_identify(src/eng10026_tf2) by extension 'ignore'
[0.387s] Level 1:colcon.colcon_core.package_identification:_identify(src/eng10026_tf2) by extension 'ignore_ament_install'
[0.387s] Level 1:colcon.colcon_core.package_identification:_identify(src/eng10026_tf2) by extensions ['colcon_pkg']
[0.387s] Level 1:colcon.colcon_core.package_identification:_identify(src/eng10026_tf2) by extension 'colcon_pkg'
[0.387s] Level 1:colcon.colcon_core.package_identification:_identify(src/eng10026_tf2) by extensions ['colcon_meta']
[0.387s] Level 1:colcon.colcon_core.package_identification:_identify(src/eng10026_tf2) by extension 'colcon_meta'
[0.387s] Level 1:colcon.colcon_core.package_identification:_identify(src/eng10026_tf2) by extensions ['ros']
[0.387s] Level 1:colcon.colcon_core.package_identification:_identify(src/eng10026_tf2) by extension 'ros'
[0.387s] Level 1:colcon.colcon_core.package_identification:_identify(src/eng10026_tf2) by extensions ['cmake', 'python']
[0.387s] Level 1:colcon.colcon_core.package_identification:_identify(src/eng10026_tf2) by extension 'cmake'
[0.387s] Level 1:colcon.colcon_core.package_identification:_identify(src/eng10026_tf2) by extension 'python'
[0.387s] Level 1:colcon.colcon_core.package_identification:_identify(src/eng10026_tf2) by extensions ['python_setup_py']
[0.387s] Level 1:colcon.colcon_core.package_identification:_identify(src/eng10026_tf2) by extension 'python_setup_py'
[0.387s] Level 1:colcon.colcon_core.package_identification:_identify(src/eng10026_tf2/config) by extensions ['ignore', 'ignore_ament_install']
[0.387s] Level 1:colcon.colcon_core.package_identification:_identify(src/eng10026_tf2/config) by extension 'ignore'
[0.387s] Level 1:colcon.colcon_core.package_identification:_identify(src/eng10026_tf2/config) by extension 'ignore_ament_install'
[0.387s] Level 1:colcon.colcon_core.package_identification:_identify(src/eng10026_tf2/config) by extensions ['colcon_pkg']
[0.387s] Level 1:colcon.colcon_core.package_identification:_identify(src/eng10026_tf2/config) by extension 'colcon_pkg'
[0.388s] Level 1:colcon.colcon_core.package_identification:_identify(src/eng10026_tf2/config) by extensions ['colcon_meta']
[0.388s] Level 1:colcon.colcon_core.package_identification:_identify(src/eng10026_tf2/config) by extension 'colcon_meta'
[0.388s] Level 1:colcon.colcon_core.package_identification:_identify(src/eng10026_tf2/config) by extensions ['ros']
[0.388s] Level 1:colcon.colcon_core.package_identification:_identify(src/eng10026_tf2/config) by extension 'ros'
[0.388s] Level 1:colcon.colcon_core.package_identification:_identify(src/eng10026_tf2/config) by extensions ['cmake', 'python']
[0.388s] Level 1:colcon.colcon_core.package_identification:_identify(src/eng10026_tf2/config) by extension 'cmake'
[0.388s] Level 1:colcon.colcon_core.package_identification:_identify(src/eng10026_tf2/config) by extension 'python'
[0.388s] Level 1:colcon.colcon_core.package_identification:_identify(src/eng10026_tf2/config) by extensions ['python_setup_py']
[0.388s] Level 1:colcon.colcon_core.package_identification:_identify(src/eng10026_tf2/config) by extension 'python_setup_py'
[0.388s] Level 1:colcon.colcon_core.package_identification:_identify(src/q2d) by extensions ['ignore', 'ignore_ament_install']
[0.388s] Level 1:colcon.colcon_core.package_identification:_identify(src/q2d) by extension 'ignore'
[0.388s] Level 1:colcon.colcon_core.package_identification:_identify(src/q2d) by extension 'ignore_ament_install'
[0.388s] Level 1:colcon.colcon_core.package_identification:_identify(src/q2d) by extensions ['colcon_pkg']
[0.388s] Level 1:colcon.colcon_core.package_identification:_identify(src/q2d) by extension 'colcon_pkg'
[0.388s] Level 1:colcon.colcon_core.package_identification:_identify(src/q2d) by extensions ['colcon_meta']
[0.388s] Level 1:colcon.colcon_core.package_identification:_identify(src/q2d) by extension 'colcon_meta'
[0.388s] Level 1:colcon.colcon_core.package_identification:_identify(src/q2d) by extensions ['ros']
[0.388s] Level 1:colcon.colcon_core.package_identification:_identify(src/q2d) by extension 'ros'
[0.388s] Level 1:colcon.colcon_core.package_identification:_identify(src/q2d) by extensions ['cmake', 'python']
[0.388s] Level 1:colcon.colcon_core.package_identification:_identify(src/q2d) by extension 'cmake'
[0.388s] Level 1:colcon.colcon_core.package_identification:_identify(src/q2d) by extension 'python'
[0.388s] Level 1:colcon.colcon_core.package_identification:_identify(src/q2d) by extensions ['python_setup_py']
[0.388s] Level 1:colcon.colcon_core.package_identification:_identify(src/q2d) by extension 'python_setup_py'
[0.389s] Level 1:colcon.colcon_core.package_identification:_identify(src/q2d/q2d_bringup) by extensions ['ignore', 'ignore_ament_install']
[0.389s] Level 1:colcon.colcon_core.package_identification:_identify(src/q2d/q2d_bringup) by extension 'ignore'
[0.389s] Level 1:colcon.colcon_core.package_identification:_identify(src/q2d/q2d_bringup) by extension 'ignore_ament_install'
[0.389s] Level 1:colcon.colcon_core.package_identification:_identify(src/q2d/q2d_bringup) by extensions ['colcon_pkg']
[0.389s] Level 1:colcon.colcon_core.package_identification:_identify(src/q2d/q2d_bringup) by extension 'colcon_pkg'
[0.389s] Level 1:colcon.colcon_core.package_identification:_identify(src/q2d/q2d_bringup) by extensions ['colcon_meta']
[0.389s] Level 1:colcon.colcon_core.package_identification:_identify(src/q2d/q2d_bringup) by extension 'colcon_meta'
[0.389s] Level 1:colcon.colcon_core.package_identification:_identify(src/q2d/q2d_bringup) by extensions ['ros']
[0.389s] Level 1:colcon.colcon_core.package_identification:_identify(src/q2d/q2d_bringup) by extension 'ros'
[0.390s] DEBUG:colcon.colcon_core.package_identification:Package 'src/q2d/q2d_bringup' with type 'ros.ament_cmake' and name 'q2d_bringup'
[0.390s] Level 1:colcon.colcon_core.package_identification:_identify(src/q2d/q2d_description) by extensions ['ignore', 'ignore_ament_install']
[0.390s] Level 1:colcon.colcon_core.package_identification:_identify(src/q2d/q2d_description) by extension 'ignore'
[0.390s] Level 1:colcon.colcon_core.package_identification:_identify(src/q2d/q2d_description) by extension 'ignore_ament_install'
[0.390s] Level 1:colcon.colcon_core.package_identification:_identify(src/q2d/q2d_description) by extensions ['colcon_pkg']
[0.390s] Level 1:colcon.colcon_core.package_identification:_identify(src/q2d/q2d_description) by extension 'colcon_pkg'
[0.390s] Level 1:colcon.colcon_core.package_identification:_identify(src/q2d/q2d_description) by extensions ['colcon_meta']
[0.390s] Level 1:colcon.colcon_core.package_identification:_identify(src/q2d/q2d_description) by extension 'colcon_meta'
[0.390s] Level 1:colcon.colcon_core.package_identification:_identify(src/q2d/q2d_description) by extensions ['ros']
[0.390s] Level 1:colcon.colcon_core.package_identification:_identify(src/q2d/q2d_description) by extension 'ros'
[0.391s] DEBUG:colcon.colcon_core.package_identification:Package 'src/q2d/q2d_description' with type 'ros.ament_cmake' and name 'q2d_description'
[0.391s] Level 1:colcon.colcon_core.package_identification:_identify(src/q2d/q2d_teleop) by extensions ['ignore', 'ignore_ament_install']
[0.391s] Level 1:colcon.colcon_core.package_identification:_identify(src/q2d/q2d_teleop) by extension 'ignore'
[0.391s] Level 1:colcon.colcon_core.package_identification:_identify(src/q2d/q2d_teleop) by extension 'ignore_ament_install'
[0.391s] Level 1:colcon.colcon_core.package_identification:_identify(src/q2d/q2d_teleop) by extensions ['colcon_pkg']
[0.391s] Level 1:colcon.colcon_core.package_identification:_identify(src/q2d/q2d_teleop) by extension 'colcon_pkg'
[0.391s] Level 1:colcon.colcon_core.package_identification:_identify(src/q2d/q2d_teleop) by extensions ['colcon_meta']
[0.391s] Level 1:colcon.colcon_core.package_identification:_identify(src/q2d/q2d_teleop) by extension 'colcon_meta'
[0.391s] Level 1:colcon.colcon_core.package_identification:_identify(src/q2d/q2d_teleop) by extensions ['ros']
[0.391s] Level 1:colcon.colcon_core.package_identification:_identify(src/q2d/q2d_teleop) by extension 'ros'
[0.392s] DEBUG:colcon.colcon_core.package_identification:Package 'src/q2d/q2d_teleop' with type 'ros.ament_cmake' and name 'q2d_teleop'
[0.393s] Level 1:colcon.colcon_core.package_identification:_identify(src/q4d_description) by extensions ['ignore', 'ignore_ament_install']
[0.393s] Level 1:colcon.colcon_core.package_identification:_identify(src/q4d_description) by extension 'ignore'
[0.393s] Level 1:colcon.colcon_core.package_identification:_identify(src/q4d_description) by extension 'ignore_ament_install'
[0.393s] Level 1:colcon.colcon_core.package_identification:_identify(src/q4d_description) by extensions ['colcon_pkg']
[0.393s] Level 1:colcon.colcon_core.package_identification:_identify(src/q4d_description) by extension 'colcon_pkg'
[0.393s] Level 1:colcon.colcon_core.package_identification:_identify(src/q4d_description) by extensions ['colcon_meta']
[0.393s] Level 1:colcon.colcon_core.package_identification:_identify(src/q4d_description) by extension 'colcon_meta'
[0.393s] Level 1:colcon.colcon_core.package_identification:_identify(src/q4d_description) by extensions ['ros']
[0.393s] Level 1:colcon.colcon_core.package_identification:_identify(src/q4d_description) by extension 'ros'
[0.394s] DEBUG:colcon.colcon_core.package_identification:Package 'src/q4d_description' with type 'ros.ament_cmake' and name 'q4d_description'
[0.394s] Level 1:colcon.colcon_core.package_discovery:discover_packages(recursive) using defaults
[0.394s] Level 1:colcon.colcon_core.package_discovery:discover_packages(ignore) discover
[0.394s] Level 1:colcon.colcon_core.package_discovery:discover_packages(ignore) using defaults
[0.394s] Level 1:colcon.colcon_core.package_discovery:discover_packages(path) discover
[0.394s] Level 1:colcon.colcon_core.package_discovery:discover_packages(path) using defaults
[0.418s] Level 1:colcon.colcon_core.package_discovery:discover_packages(prefix_path) check parameters
[0.418s] Level 1:colcon.colcon_core.package_discovery:discover_packages(prefix_path) discover
[0.421s] DEBUG:colcon.colcon_installed_package_information.package_discovery:Found 7 installed packages in /home/ros/colcon_ws/install
[0.423s] DEBUG:colcon.colcon_installed_package_information.package_discovery:Found 308 installed packages in /opt/ros/humble
[0.425s] Level 1:colcon.colcon_core.package_discovery:discover_packages(prefix_path) using defaults
[0.499s] Level 5:colcon.colcon_core.verb:set package 'eng10026_lab2' build argument 'cmake_args' from command line to 'None'
[0.499s] Level 5:colcon.colcon_core.verb:set package 'eng10026_lab2' build argument 'cmake_target' from command line to 'None'
[0.500s] Level 5:colcon.colcon_core.verb:set package 'eng10026_lab2' build argument 'cmake_target_skip_unavailable' from command line to 'False'
[0.500s] Level 5:colcon.colcon_core.verb:set package 'eng10026_lab2' build argument 'cmake_clean_cache' from command line to 'False'
[0.500s] Level 5:colcon.colcon_core.verb:set package 'eng10026_lab2' build argument 'cmake_clean_first' from command line to 'False'
[0.500s] Level 5:colcon.colcon_core.verb:set package 'eng10026_lab2' build argument 'cmake_force_configure' from command line to 'False'
[0.500s] Level 5:colcon.colcon_core.verb:set package 'eng10026_lab2' build argument 'ament_cmake_args' from command line to 'None'
[0.500s] Level 5:colcon.colcon_core.verb:set package 'eng10026_lab2' build argument 'catkin_cmake_args' from command line to 'None'
[0.500s] Level 5:colcon.colcon_core.verb:set package 'eng10026_lab2' build argument 'catkin_skip_building_tests' from command line to 'False'
[0.500s] DEBUG:colcon.colcon_core.verb:Building package 'eng10026_lab2' with the following arguments: {'ament_cmake_args': None, 'build_base': '/home/ros/colcon_ws/build/eng10026_lab2', 'catkin_cmake_args': None, 'catkin_skip_building_tests': False, 'cmake_args': None, 'cmake_clean_cache': False, 'cmake_clean_first': False, 'cmake_force_configure': False, 'cmake_target': None, 'cmake_target_skip_unavailable': False, 'install_base': '/home/ros/colcon_ws/install/eng10026_lab2', 'merge_install': False, 'path': '/home/ros/colcon_ws/src/eng10026_lab2', 'symlink_install': True, 'test_result_base': None}
[0.501s] Level 5:colcon.colcon_core.verb:set package 'eng10026_publisher' build argument 'cmake_args' from command line to 'None'
[0.501s] Level 5:colcon.colcon_core.verb:set package 'eng10026_publisher' build argument 'cmake_target' from command line to 'None'
[0.501s] Level 5:colcon.colcon_core.verb:set package 'eng10026_publisher' build argument 'cmake_target_skip_unavailable' from command line to 'False'
[0.501s] Level 5:colcon.colcon_core.verb:set package 'eng10026_publisher' build argument 'cmake_clean_cache' from command line to 'False'
[0.501s] Level 5:colcon.colcon_core.verb:set package 'eng10026_publisher' build argument 'cmake_clean_first' from command line to 'False'
[0.501s] Level 5:colcon.colcon_core.verb:set package 'eng10026_publisher' build argument 'cmake_force_configure' from command line to 'False'
[0.501s] Level 5:colcon.colcon_core.verb:set package 'eng10026_publisher' build argument 'ament_cmake_args' from command line to 'None'
[0.501s] Level 5:colcon.colcon_core.verb:set package 'eng10026_publisher' build argument 'catkin_cmake_args' from command line to 'None'
[0.501s] Level 5:colcon.colcon_core.verb:set package 'eng10026_publisher' build argument 'catkin_skip_building_tests' from command line to 'False'
[0.501s] DEBUG:colcon.colcon_core.verb:Building package 'eng10026_publisher' with the following arguments: {'ament_cmake_args': None, 'build_base': '/home/ros/colcon_ws/build/eng10026_publisher', 'catkin_cmake_args': None, 'catkin_skip_building_tests': False, 'cmake_args': None, 'cmake_clean_cache': False, 'cmake_clean_first': False, 'cmake_force_configure': False, 'cmake_target': None, 'cmake_target_skip_unavailable': False, 'install_base': '/home/ros/colcon_ws/install/eng10026_publisher', 'merge_install': False, 'path': '/home/ros/colcon_ws/src/eng10026_publisher', 'symlink_install': True, 'test_result_base': None}
[0.502s] Level 5:colcon.colcon_core.verb:set package 'eng10026_subscriber' build argument 'cmake_args' from command line to 'None'
[0.502s] Level 5:colcon.colcon_core.verb:set package 'eng10026_subscriber' build argument 'cmake_target' from command line to 'None'
[0.502s] Level 5:colcon.colcon_core.verb:set package 'eng10026_subscriber' build argument 'cmake_target_skip_unavailable' from command line to 'False'
[0.502s] Level 5:colcon.colcon_core.verb:set package 'eng10026_subscriber' build argument 'cmake_clean_cache' from command line to 'False'
[0.502s] Level 5:colcon.colcon_core.verb:set package 'eng10026_subscriber' build argument 'cmake_clean_first' from command line to 'False'
[0.502s] Level 5:colcon.colcon_core.verb:set package 'eng10026_subscriber' build argument 'cmake_force_configure' from command line to 'False'
[0.502s] Level 5:colcon.colcon_core.verb:set package 'eng10026_subscriber' build argument 'ament_cmake_args' from command line to 'None'
[0.502s] Level 5:colcon.colcon_core.verb:set package 'eng10026_subscriber' build argument 'catkin_cmake_args' from command line to 'None'
[0.502s] Level 5:colcon.colcon_core.verb:set package 'eng10026_subscriber' build argument 'catkin_skip_building_tests' from command line to 'False'
[0.502s] DEBUG:colcon.colcon_core.verb:Building package 'eng10026_subscriber' with the following arguments: {'ament_cmake_args': None, 'build_base': '/home/ros/colcon_ws/build/eng10026_subscriber', 'catkin_cmake_args': None, 'catkin_skip_building_tests': False, 'cmake_args': None, 'cmake_clean_cache': False, 'cmake_clean_first': False, 'cmake_force_configure': False, 'cmake_target': None, 'cmake_target_skip_unavailable': False, 'install_base': '/home/ros/colcon_ws/install/eng10026_subscriber', 'merge_install': False, 'path': '/home/ros/colcon_ws/src/eng10026_subscriber', 'symlink_install': True, 'test_result_base': None}
[0.504s] Level 5:colcon.colcon_core.verb:set package 'q2d_bringup' build argument 'cmake_args' from command line to 'None'
[0.504s] Level 5:colcon.colcon_core.verb:set package 'q2d_bringup' build argument 'cmake_target' from command line to 'None'
[0.504s] Level 5:colcon.colcon_core.verb:set package 'q2d_bringup' build argument 'cmake_target_skip_unavailable' from command line to 'False'
[0.504s] Level 5:colcon.colcon_core.verb:set package 'q2d_bringup' build argument 'cmake_clean_cache' from command line to 'False'
[0.504s] Level 5:colcon.colcon_core.verb:set package 'q2d_bringup' build argument 'cmake_clean_first' from command line to 'False'
[0.504s] Level 5:colcon.colcon_core.verb:set package 'q2d_bringup' build argument 'cmake_force_configure' from command line to 'False'
[0.504s] Level 5:colcon.colcon_core.verb:set package 'q2d_bringup' build argument 'ament_cmake_args' from command line to 'None'
[0.504s] Level 5:colcon.colcon_core.verb:set package 'q2d_bringup' build argument 'catkin_cmake_args' from command line to 'None'
[0.504s] Level 5:colcon.colcon_core.verb:set package 'q2d_bringup' build argument 'catkin_skip_building_tests' from command line to 'False'
[0.504s] DEBUG:colcon.colcon_core.verb:Building package 'q2d_bringup' with the following arguments: {'ament_cmake_args': None, 'build_base': '/home/ros/colcon_ws/build/q2d_bringup', 'catkin_cmake_args': None, 'catkin_skip_building_tests': False, 'cmake_args': None, 'cmake_clean_cache': False, 'cmake_clean_first': False, 'cmake_force_configure': False, 'cmake_target': None, 'cmake_target_skip_unavailable': False, 'install_base': '/home/ros/colcon_ws/install/q2d_bringup', 'merge_install': False, 'path': '/home/ros/colcon_ws/src/q2d/q2d_bringup', 'symlink_install': True, 'test_result_base': None}
[0.505s] Level 5:colcon.colcon_core.verb:set package 'q2d_description' build argument 'cmake_args' from command line to 'None'
[0.505s] Level 5:colcon.colcon_core.verb:set package 'q2d_description' build argument 'cmake_target' from command line to 'None'
[0.505s] Level 5:colcon.colcon_core.verb:set package 'q2d_description' build argument 'cmake_target_skip_unavailable' from command line to 'False'
[0.505s] Level 5:colcon.colcon_core.verb:set package 'q2d_description' build argument 'cmake_clean_cache' from command line to 'False'
[0.505s] Level 5:colcon.colcon_core.verb:set package 'q2d_description' build argument 'cmake_clean_first' from command line to 'False'
[0.505s] Level 5:colcon.colcon_core.verb:set package 'q2d_description' build argument 'cmake_force_configure' from command line to 'False'
[0.505s] Level 5:colcon.colcon_core.verb:set package 'q2d_description' build argument 'ament_cmake_args' from command line to 'None'
[0.505s] Level 5:colcon.colcon_core.verb:set package 'q2d_description' build argument 'catkin_cmake_args' from command line to 'None'
[0.505s] Level 5:colcon.colcon_core.verb:set package 'q2d_description' build argument 'catkin_skip_building_tests' from command line to 'False'
[0.505s] DEBUG:colcon.colcon_core.verb:Building package 'q2d_description' with the following arguments: {'ament_cmake_args': None, 'build_base': '/home/ros/colcon_ws/build/q2d_description', 'catkin_cmake_args': None, 'catkin_skip_building_tests': False, 'cmake_args': None, 'cmake_clean_cache': False, 'cmake_clean_first': False, 'cmake_force_configure': False, 'cmake_target': None, 'cmake_target_skip_unavailable': False, 'install_base': '/home/ros/colcon_ws/install/q2d_description', 'merge_install': False, 'path': '/home/ros/colcon_ws/src/q2d/q2d_description', 'symlink_install': True, 'test_result_base': None}
[0.506s] Level 5:colcon.colcon_core.verb:set package 'q2d_teleop' build argument 'cmake_args' from command line to 'None'
[0.506s] Level 5:colcon.colcon_core.verb:set package 'q2d_teleop' build argument 'cmake_target' from command line to 'None'
[0.506s] Level 5:colcon.colcon_core.verb:set package 'q2d_teleop' build argument 'cmake_target_skip_unavailable' from command line to 'False'
[0.506s] Level 5:colcon.colcon_core.verb:set package 'q2d_teleop' build argument 'cmake_clean_cache' from command line to 'False'
[0.506s] Level 5:colcon.colcon_core.verb:set package 'q2d_teleop' build argument 'cmake_clean_first' from command line to 'False'
[0.506s] Level 5:colcon.colcon_core.verb:set package 'q2d_teleop' build argument 'cmake_force_configure' from command line to 'False'
[0.506s] Level 5:colcon.colcon_core.verb:set package 'q2d_teleop' build argument 'ament_cmake_args' from command line to 'None'
[0.506s] Level 5:colcon.colcon_core.verb:set package 'q2d_teleop' build argument 'catkin_cmake_args' from command line to 'None'
[0.506s] Level 5:colcon.colcon_core.verb:set package 'q2d_teleop' build argument 'catkin_skip_building_tests' from command line to 'False'
[0.506s] DEBUG:colcon.colcon_core.verb:Building package 'q2d_teleop' with the following arguments: {'ament_cmake_args': None, 'build_base': '/home/ros/colcon_ws/build/q2d_teleop', 'catkin_cmake_args': None, 'catkin_skip_building_tests': False, 'cmake_args': None, 'cmake_clean_cache': False, 'cmake_clean_first': False, 'cmake_force_configure': False, 'cmake_target': None, 'cmake_target_skip_unavailable': False, 'install_base': '/home/ros/colcon_ws/install/q2d_teleop', 'merge_install': False, 'path': '/home/ros/colcon_ws/src/q2d/q2d_teleop', 'symlink_install': True, 'test_result_base': None}
[0.507s] Level 5:colcon.colcon_core.verb:set package 'q4d_description' build argument 'cmake_args' from command line to 'None'
[0.507s] Level 5:colcon.colcon_core.verb:set package 'q4d_description' build argument 'cmake_target' from command line to 'None'
[0.507s] Level 5:colcon.colcon_core.verb:set package 'q4d_description' build argument 'cmake_target_skip_unavailable' from command line to 'False'
[0.507s] Level 5:colcon.colcon_core.verb:set package 'q4d_description' build argument 'cmake_clean_cache' from command line to 'False'
[0.507s] Level 5:colcon.colcon_core.verb:set package 'q4d_description' build argument 'cmake_clean_first' from command line to 'False'
[0.508s] Level 5:colcon.colcon_core.verb:set package 'q4d_description' build argument 'cmake_force_configure' from command line to 'False'
[0.508s] Level 5:colcon.colcon_core.verb:set package 'q4d_description' build argument 'ament_cmake_args' from command line to 'None'
[0.508s] Level 5:colcon.colcon_core.verb:set package 'q4d_description' build argument 'catkin_cmake_args' from command line to 'None'
[0.508s] Level 5:colcon.colcon_core.verb:set package 'q4d_description' build argument 'catkin_skip_building_tests' from command line to 'False'
[0.508s] DEBUG:colcon.colcon_core.verb:Building package 'q4d_description' with the following arguments: {'ament_cmake_args': None, 'build_base': '/home/ros/colcon_ws/build/q4d_description', 'catkin_cmake_args': None, 'catkin_skip_building_tests': False, 'cmake_args': None, 'cmake_clean_cache': False, 'cmake_clean_first': False, 'cmake_force_configure': False, 'cmake_target': None, 'cmake_target_skip_unavailable': False, 'install_base': '/home/ros/colcon_ws/install/q4d_description', 'merge_install': False, 'path': '/home/ros/colcon_ws/src/q4d_description', 'symlink_install': True, 'test_result_base': None}
[0.508s] INFO:colcon.colcon_core.executor:Executing jobs using 'parallel' executor
[0.512s] DEBUG:colcon.colcon_parallel_executor.executor.parallel:run_until_complete
[0.512s] INFO:colcon.colcon_ros.task.ament_cmake.build:Building ROS package in '/home/ros/colcon_ws/src/eng10026_lab2' with build type 'ament_cmake'
[0.512s] INFO:colcon.colcon_cmake.task.cmake.build:Building CMake package in '/home/ros/colcon_ws/src/eng10026_lab2'
[0.516s] INFO:colcon.colcon_core.plugin_system:Skipping extension 'colcon_core.shell.bat': Not used on non-Windows systems
[0.516s] INFO:colcon.colcon_core.shell:Skip shell extension 'powershell' for command environment: Not usable outside of PowerShell
[0.516s] DEBUG:colcon.colcon_core.shell:Skip shell extension 'dsv' for command environment
[0.520s] INFO:colcon.colcon_ros.task.ament_cmake.build:Building ROS package in '/home/ros/colcon_ws/src/eng10026_publisher' with build type 'ament_cmake'
[0.520s] INFO:colcon.colcon_cmake.task.cmake.build:Building CMake package in '/home/ros/colcon_ws/src/eng10026_publisher'
[0.521s] INFO:colcon.colcon_core.shell:Skip shell extension 'powershell' for command environment: Not usable outside of PowerShell
[0.521s] DEBUG:colcon.colcon_core.shell:Skip shell extension 'dsv' for command environment
[0.526s] INFO:colcon.colcon_ros.task.ament_cmake.build:Building ROS package in '/home/ros/colcon_ws/src/eng10026_subscriber' with build type 'ament_cmake'
[0.526s] INFO:colcon.colcon_cmake.task.cmake.build:Building CMake package in '/home/ros/colcon_ws/src/eng10026_subscriber'
[0.527s] INFO:colcon.colcon_core.shell:Skip shell extension 'powershell' for command environment: Not usable outside of PowerShell
[0.527s] DEBUG:colcon.colcon_core.shell:Skip shell extension 'dsv' for command environment
[0.538s] DEBUG:colcon.colcon_core.event_handler.log_command:Invoking command in '/home/ros/colcon_ws/build/eng10026_lab2': CMAKE_PREFIX_PATH=${CMAKE_PREFIX_PATH}:/opt/ros/humble /usr/bin/cmake --build /home/ros/colcon_ws/build/eng10026_lab2 -- -j3 -l3
[0.539s] DEBUG:colcon.colcon_core.event_handler.log_command:Invoking command in '/home/ros/colcon_ws/build/eng10026_publisher': CMAKE_PREFIX_PATH=${CMAKE_PREFIX_PATH}:/opt/ros/humble /usr/bin/cmake --build /home/ros/colcon_ws/build/eng10026_publisher -- -j3 -l3
[0.542s] DEBUG:colcon.colcon_core.event_handler.log_command:Invoking command in '/home/ros/colcon_ws/build/eng10026_subscriber': CMAKE_PREFIX_PATH=${CMAKE_PREFIX_PATH}:/opt/ros/humble /usr/bin/cmake --build /home/ros/colcon_ws/build/eng10026_subscriber -- -j3 -l3
[0.600s] DEBUG:colcon.colcon_core.event_handler.log_command:Invoked command in '/home/ros/colcon_ws/build/eng10026_lab2' returned '0': CMAKE_PREFIX_PATH=${CMAKE_PREFIX_PATH}:/opt/ros/humble /usr/bin/cmake --build /home/ros/colcon_ws/build/eng10026_lab2 -- -j3 -l3
[0.609s] DEBUG:colcon.colcon_core.event_handler.log_command:Invoked command in '/home/ros/colcon_ws/build/eng10026_subscriber' returned '0': CMAKE_PREFIX_PATH=${CMAKE_PREFIX_PATH}:/opt/ros/humble /usr/bin/cmake --build /home/ros/colcon_ws/build/eng10026_subscriber -- -j3 -l3
[0.614s] DEBUG:colcon.colcon_core.event_handler.log_command:Invoked command in '/home/ros/colcon_ws/build/eng10026_publisher' returned '0': CMAKE_PREFIX_PATH=${CMAKE_PREFIX_PATH}:/opt/ros/humble /usr/bin/cmake --build /home/ros/colcon_ws/build/eng10026_publisher -- -j3 -l3
[0.626s] DEBUG:colcon.colcon_core.event_handler.log_command:Invoking command in '/home/ros/colcon_ws/build/eng10026_lab2': CMAKE_PREFIX_PATH=${CMAKE_PREFIX_PATH}:/opt/ros/humble /usr/bin/cmake --install /home/ros/colcon_ws/build/eng10026_lab2
[0.628s] DEBUG:colcon.colcon_core.event_handler.log_command:Invoking command in '/home/ros/colcon_ws/build/eng10026_subscriber': CMAKE_PREFIX_PATH=${CMAKE_PREFIX_PATH}:/opt/ros/humble /usr/bin/cmake --install /home/ros/colcon_ws/build/eng10026_subscriber
[0.633s] DEBUG:colcon.colcon_core.event_handler.log_command:Invoking command in '/home/ros/colcon_ws/build/eng10026_publisher': CMAKE_PREFIX_PATH=${CMAKE_PREFIX_PATH}:/opt/ros/humble /usr/bin/cmake --install /home/ros/colcon_ws/build/eng10026_publisher
[0.651s] Level 1:colcon.colcon_core.environment:create_environment_scripts_only(eng10026_subscriber)
[0.658s] DEBUG:colcon.colcon_core.event_handler.log_command:Invoked command in '/home/ros/colcon_ws/build/eng10026_subscriber' returned '0': CMAKE_PREFIX_PATH=${CMAKE_PREFIX_PATH}:/opt/ros/humble /usr/bin/cmake --install /home/ros/colcon_ws/build/eng10026_subscriber
[0.663s] Level 1:colcon.colcon_core.environment:checking '/home/ros/colcon_ws/install/eng10026_subscriber' for CMake module files
[0.663s] Level 1:colcon.colcon_core.environment:checking '/home/ros/colcon_ws/install/eng10026_subscriber' for CMake config files
[0.663s] Level 1:colcon.colcon_core.shell:create_environment_hook('eng10026_subscriber', 'cmake_prefix_path')
[0.665s] INFO:colcon.colcon_core.shell:Creating environment hook '/home/ros/colcon_ws/install/eng10026_subscriber/share/eng10026_subscriber/hook/cmake_prefix_path.ps1'
[0.667s] INFO:colcon.colcon_core.shell:Creating environment descriptor '/home/ros/colcon_ws/install/eng10026_subscriber/share/eng10026_subscriber/hook/cmake_prefix_path.dsv'
[0.667s] INFO:colcon.colcon_core.shell:Creating environment hook '/home/ros/colcon_ws/install/eng10026_subscriber/share/eng10026_subscriber/hook/cmake_prefix_path.sh'
[0.668s] Level 1:colcon.colcon_core.environment:checking '/home/ros/colcon_ws/install/eng10026_subscriber/lib'
[0.668s] Level 1:colcon.colcon_core.environment:checking '/home/ros/colcon_ws/install/eng10026_subscriber/bin'
[0.668s] Level 1:colcon.colcon_core.environment:checking '/home/ros/colcon_ws/install/eng10026_subscriber/lib/pkgconfig/eng10026_subscriber.pc'
[0.668s] Level 1:colcon.colcon_core.environment:checking '/home/ros/colcon_ws/install/eng10026_subscriber/lib/python3.10/site-packages'
[0.669s] Level 1:colcon.colcon_core.environment:checking '/home/ros/colcon_ws/install/eng10026_subscriber/bin'
[0.670s] INFO:colcon.colcon_core.shell:Creating package script '/home/ros/colcon_ws/install/eng10026_subscriber/share/eng10026_subscriber/package.ps1'
[0.671s] INFO:colcon.colcon_core.shell:Creating package descriptor '/home/ros/colcon_ws/install/eng10026_subscriber/share/eng10026_subscriber/package.dsv'
[0.671s] INFO:colcon.colcon_core.shell:Creating package script '/home/ros/colcon_ws/install/eng10026_subscriber/share/eng10026_subscriber/package.sh'
[0.672s] INFO:colcon.colcon_core.shell:Creating package script '/home/ros/colcon_ws/install/eng10026_subscriber/share/eng10026_subscriber/package.bash'
[0.673s] INFO:colcon.colcon_core.shell:Creating package script '/home/ros/colcon_ws/install/eng10026_subscriber/share/eng10026_subscriber/package.zsh'
[0.674s] Level 1:colcon.colcon_core.environment:create_file_with_runtime_dependencies(/home/ros/colcon_ws/install/eng10026_subscriber/share/colcon-core/packages/eng10026_subscriber)
[0.676s] Level 1:colcon.colcon_core.environment:create_environment_scripts_only(eng10026_lab2)
[0.678s] Level 1:colcon.colcon_core.environment:checking '/home/ros/colcon_ws/install/eng10026_lab2' for CMake module files
[0.679s] Level 1:colcon.colcon_core.environment:checking '/home/ros/colcon_ws/install/eng10026_lab2' for CMake config files
[0.679s] DEBUG:colcon.colcon_core.event_handler.log_command:Invoked command in '/home/ros/colcon_ws/build/eng10026_lab2' returned '0': CMAKE_PREFIX_PATH=${CMAKE_PREFIX_PATH}:/opt/ros/humble /usr/bin/cmake --install /home/ros/colcon_ws/build/eng10026_lab2
[0.679s] Level 1:colcon.colcon_core.shell:create_environment_hook('eng10026_lab2', 'cmake_prefix_path')
[0.681s] INFO:colcon.colcon_core.shell:Creating environment hook '/home/ros/colcon_ws/install/eng10026_lab2/share/eng10026_lab2/hook/cmake_prefix_path.ps1'
[0.681s] INFO:colcon.colcon_core.shell:Creating environment descriptor '/home/ros/colcon_ws/install/eng10026_lab2/share/eng10026_lab2/hook/cmake_prefix_path.dsv'
[0.682s] INFO:colcon.colcon_core.shell:Creating environment hook '/home/ros/colcon_ws/install/eng10026_lab2/share/eng10026_lab2/hook/cmake_prefix_path.sh'
[0.682s] Level 1:colcon.colcon_core.environment:checking '/home/ros/colcon_ws/install/eng10026_lab2/lib'
[0.682s] Level 1:colcon.colcon_core.environment:checking '/home/ros/colcon_ws/install/eng10026_lab2/bin'
[0.682s] Level 1:colcon.colcon_core.environment:checking '/home/ros/colcon_ws/install/eng10026_lab2/lib/pkgconfig/eng10026_lab2.pc'
[0.683s] Level 1:colcon.colcon_core.environment:checking '/home/ros/colcon_ws/install/eng10026_lab2/lib/python3.10/site-packages'
[0.683s] Level 1:colcon.colcon_core.environment:checking '/home/ros/colcon_ws/install/eng10026_lab2/bin'
[0.684s] INFO:colcon.colcon_core.shell:Creating package script '/home/ros/colcon_ws/install/eng10026_lab2/share/eng10026_lab2/package.ps1'
[0.685s] INFO:colcon.colcon_core.shell:Creating package descriptor '/home/ros/colcon_ws/install/eng10026_lab2/share/eng10026_lab2/package.dsv'
[0.685s] INFO:colcon.colcon_core.shell:Creating package script '/home/ros/colcon_ws/install/eng10026_lab2/share/eng10026_lab2/package.sh'
[0.686s] INFO:colcon.colcon_core.shell:Creating package script '/home/ros/colcon_ws/install/eng10026_lab2/share/eng10026_lab2/package.bash'
[0.686s] INFO:colcon.colcon_core.shell:Creating package script '/home/ros/colcon_ws/install/eng10026_lab2/share/eng10026_lab2/package.zsh'
[0.686s] Level 1:colcon.colcon_core.environment:create_file_with_runtime_dependencies(/home/ros/colcon_ws/install/eng10026_lab2/share/colcon-core/packages/eng10026_lab2)
[0.688s] Level 1:colcon.colcon_core.environment:create_environment_scripts_only(eng10026_publisher)
[0.690s] Level 1:colcon.colcon_core.environment:checking '/home/ros/colcon_ws/install/eng10026_publisher' for CMake module files
[0.690s] DEBUG:colcon.colcon_core.event_handler.log_command:Invoked command in '/home/ros/colcon_ws/build/eng10026_publisher' returned '0': CMAKE_PREFIX_PATH=${CMAKE_PREFIX_PATH}:/opt/ros/humble /usr/bin/cmake --install /home/ros/colcon_ws/build/eng10026_publisher
[0.691s] Level 1:colcon.colcon_core.environment:checking '/home/ros/colcon_ws/install/eng10026_publisher' for CMake config files
[0.691s] Level 1:colcon.colcon_core.shell:create_environment_hook('eng10026_publisher', 'cmake_prefix_path')
[0.693s] INFO:colcon.colcon_core.shell:Creating environment hook '/home/ros/colcon_ws/install/eng10026_publisher/share/eng10026_publisher/hook/cmake_prefix_path.ps1'
[0.694s] INFO:colcon.colcon_core.shell:Creating environment descriptor '/home/ros/colcon_ws/install/eng10026_publisher/share/eng10026_publisher/hook/cmake_prefix_path.dsv'
[0.694s] INFO:colcon.colcon_core.shell:Creating environment hook '/home/ros/colcon_ws/install/eng10026_publisher/share/eng10026_publisher/hook/cmake_prefix_path.sh'
[0.695s] Level 1:colcon.colcon_core.environment:checking '/home/ros/colcon_ws/install/eng10026_publisher/lib'
[0.695s] Level 1:colcon.colcon_core.environment:checking '/home/ros/colcon_ws/install/eng10026_publisher/bin'
[0.695s] Level 1:colcon.colcon_core.environment:checking '/home/ros/colcon_ws/install/eng10026_publisher/lib/pkgconfig/eng10026_publisher.pc'
[0.695s] Level 1:colcon.colcon_core.environment:checking '/home/ros/colcon_ws/install/eng10026_publisher/lib/python3.10/site-packages'
[0.695s] Level 1:colcon.colcon_core.environment:checking '/home/ros/colcon_ws/install/eng10026_publisher/bin'
[0.697s] INFO:colcon.colcon_core.shell:Creating package script '/home/ros/colcon_ws/install/eng10026_publisher/share/eng10026_publisher/package.ps1'
[0.697s] INFO:colcon.colcon_core.shell:Creating package descriptor '/home/ros/colcon_ws/install/eng10026_publisher/share/eng10026_publisher/package.dsv'
[0.698s] INFO:colcon.colcon_core.shell:Creating package script '/home/ros/colcon_ws/install/eng10026_publisher/share/eng10026_publisher/package.sh'
[0.698s] INFO:colcon.colcon_core.shell:Creating package script '/home/ros/colcon_ws/install/eng10026_publisher/share/eng10026_publisher/package.bash'
[0.698s] INFO:colcon.colcon_core.shell:Creating package script '/home/ros/colcon_ws/install/eng10026_publisher/share/eng10026_publisher/package.zsh'
[0.699s] Level 1:colcon.colcon_core.environment:create_file_with_runtime_dependencies(/home/ros/colcon_ws/install/eng10026_publisher/share/colcon-core/packages/eng10026_publisher)
[0.702s] Level 1:colcon.colcon_core.environment:create_environment_scripts_only(eng10026_subscriber)
[0.704s] Level 1:colcon.colcon_core.environment:checking '/home/ros/colcon_ws/install/eng10026_subscriber' for CMake module files
[0.705s] Level 1:colcon.colcon_core.environment:checking '/home/ros/colcon_ws/install/eng10026_subscriber' for CMake config files
[0.705s] Level 1:colcon.colcon_core.shell:create_environment_hook('eng10026_subscriber', 'cmake_prefix_path')
[0.706s] INFO:colcon.colcon_core.shell:Creating environment hook '/home/ros/colcon_ws/install/eng10026_subscriber/share/eng10026_subscriber/hook/cmake_prefix_path.ps1'
[0.707s] INFO:colcon.colcon_core.shell:Creating environment descriptor '/home/ros/colcon_ws/install/eng10026_subscriber/share/eng10026_subscriber/hook/cmake_prefix_path.dsv'
[0.707s] INFO:colcon.colcon_core.shell:Creating environment hook '/home/ros/colcon_ws/install/eng10026_subscriber/share/eng10026_subscriber/hook/cmake_prefix_path.sh'
[0.708s] Level 1:colcon.colcon_core.environment:checking '/home/ros/colcon_ws/install/eng10026_subscriber/lib'
[0.708s] Level 1:colcon.colcon_core.environment:checking '/home/ros/colcon_ws/install/eng10026_subscriber/bin'
[0.708s] Level 1:colcon.colcon_core.environment:checking '/home/ros/colcon_ws/install/eng10026_subscriber/lib/pkgconfig/eng10026_subscriber.pc'
[0.708s] Level 1:colcon.colcon_core.environment:checking '/home/ros/colcon_ws/install/eng10026_subscriber/lib/python3.10/site-packages'
[0.708s] Level 1:colcon.colcon_core.environment:checking '/home/ros/colcon_ws/install/eng10026_subscriber/bin'
[0.710s] INFO:colcon.colcon_core.shell:Creating package script '/home/ros/colcon_ws/install/eng10026_subscriber/share/eng10026_subscriber/package.ps1'
[0.710s] INFO:colcon.colcon_core.shell:Creating package descriptor '/home/ros/colcon_ws/install/eng10026_subscriber/share/eng10026_subscriber/package.dsv'
[0.711s] INFO:colcon.colcon_core.shell:Creating package script '/home/ros/colcon_ws/install/eng10026_subscriber/share/eng10026_subscriber/package.sh'
[0.711s] INFO:colcon.colcon_core.shell:Creating package script '/home/ros/colcon_ws/install/eng10026_subscriber/share/eng10026_subscriber/package.bash'
[0.712s] INFO:colcon.colcon_core.shell:Creating package script '/home/ros/colcon_ws/install/eng10026_subscriber/share/eng10026_subscriber/package.zsh'
[0.712s] Level 1:colcon.colcon_core.environment:create_file_with_runtime_dependencies(/home/ros/colcon_ws/install/eng10026_subscriber/share/colcon-core/packages/eng10026_subscriber)
[0.714s] INFO:colcon.colcon_ros.task.ament_cmake.build:Building ROS package in '/home/ros/colcon_ws/src/q2d/q2d_bringup' with build type 'ament_cmake'
[0.714s] INFO:colcon.colcon_cmake.task.cmake.build:Building CMake package in '/home/ros/colcon_ws/src/q2d/q2d_bringup'
[0.716s] INFO:colcon.colcon_core.shell:Skip shell extension 'powershell' for command environment: Not usable outside of PowerShell
[0.716s] DEBUG:colcon.colcon_core.shell:Skip shell extension 'dsv' for command environment
[0.721s] Level 1:colcon.colcon_core.environment:create_environment_scripts_only(eng10026_lab2)
[0.723s] Level 1:colcon.colcon_core.environment:checking '/home/ros/colcon_ws/install/eng10026_lab2' for CMake module files
[0.724s] Level 1:colcon.colcon_core.environment:checking '/home/ros/colcon_ws/install/eng10026_lab2' for CMake config files
[0.724s] Level 1:colcon.colcon_core.shell:create_environment_hook('eng10026_lab2', 'cmake_prefix_path')
[0.725s] INFO:colcon.colcon_core.shell:Creating environment hook '/home/ros/colcon_ws/install/eng10026_lab2/share/eng10026_lab2/hook/cmake_prefix_path.ps1'
[0.726s] INFO:colcon.colcon_core.shell:Creating environment descriptor '/home/ros/colcon_ws/install/eng10026_lab2/share/eng10026_lab2/hook/cmake_prefix_path.dsv'
[0.727s] INFO:colcon.colcon_core.shell:Creating environment hook '/home/ros/colcon_ws/install/eng10026_lab2/share/eng10026_lab2/hook/cmake_prefix_path.sh'
[0.727s] Level 1:colcon.colcon_core.environment:checking '/home/ros/colcon_ws/install/eng10026_lab2/lib'
[0.727s] Level 1:colcon.colcon_core.environment:checking '/home/ros/colcon_ws/install/eng10026_lab2/bin'
[0.727s] Level 1:colcon.colcon_core.environment:checking '/home/ros/colcon_ws/install/eng10026_lab2/lib/pkgconfig/eng10026_lab2.pc'
[0.728s] Level 1:colcon.colcon_core.environment:checking '/home/ros/colcon_ws/install/eng10026_lab2/lib/python3.10/site-packages'
[0.728s] Level 1:colcon.colcon_core.environment:checking '/home/ros/colcon_ws/install/eng10026_lab2/bin'
[0.730s] INFO:colcon.colcon_core.shell:Creating package script '/home/ros/colcon_ws/install/eng10026_lab2/share/eng10026_lab2/package.ps1'
[0.730s] INFO:colcon.colcon_core.shell:Creating package descriptor '/home/ros/colcon_ws/install/eng10026_lab2/share/eng10026_lab2/package.dsv'
[0.730s] INFO:colcon.colcon_core.shell:Creating package script '/home/ros/colcon_ws/install/eng10026_lab2/share/eng10026_lab2/package.sh'
[0.731s] INFO:colcon.colcon_core.shell:Creating package script '/home/ros/colcon_ws/install/eng10026_lab2/share/eng10026_lab2/package.bash'
[0.731s] INFO:colcon.colcon_core.shell:Creating package script '/home/ros/colcon_ws/install/eng10026_lab2/share/eng10026_lab2/package.zsh'
[0.732s] Level 1:colcon.colcon_core.environment:create_file_with_runtime_dependencies(/home/ros/colcon_ws/install/eng10026_lab2/share/colcon-core/packages/eng10026_lab2)
[0.734s] Level 1:colcon.colcon_core.environment:create_environment_scripts_only(eng10026_publisher)
[0.735s] Level 1:colcon.colcon_core.environment:checking '/home/ros/colcon_ws/install/eng10026_publisher' for CMake module files
[0.736s] Level 1:colcon.colcon_core.environment:checking '/home/ros/colcon_ws/install/eng10026_publisher' for CMake config files
[0.736s] Level 1:colcon.colcon_core.shell:create_environment_hook('eng10026_publisher', 'cmake_prefix_path')
[0.737s] INFO:colcon.colcon_core.shell:Creating environment hook '/home/ros/colcon_ws/install/eng10026_publisher/share/eng10026_publisher/hook/cmake_prefix_path.ps1'
[0.738s] INFO:colcon.colcon_core.shell:Creating environment descriptor '/home/ros/colcon_ws/install/eng10026_publisher/share/eng10026_publisher/hook/cmake_prefix_path.dsv'
[0.738s] INFO:colcon.colcon_core.shell:Creating environment hook '/home/ros/colcon_ws/install/eng10026_publisher/share/eng10026_publisher/hook/cmake_prefix_path.sh'
[0.738s] Level 1:colcon.colcon_core.environment:checking '/home/ros/colcon_ws/install/eng10026_publisher/lib'
[0.738s] Level 1:colcon.colcon_core.environment:checking '/home/ros/colcon_ws/install/eng10026_publisher/bin'
[0.739s] Level 1:colcon.colcon_core.environment:checking '/home/ros/colcon_ws/install/eng10026_publisher/lib/pkgconfig/eng10026_publisher.pc'
[0.739s] Level 1:colcon.colcon_core.environment:checking '/home/ros/colcon_ws/install/eng10026_publisher/lib/python3.10/site-packages'
[0.739s] Level 1:colcon.colcon_core.environment:checking '/home/ros/colcon_ws/install/eng10026_publisher/bin'
[0.741s] INFO:colcon.colcon_core.shell:Creating package script '/home/ros/colcon_ws/install/eng10026_publisher/share/eng10026_publisher/package.ps1'
[0.741s] INFO:colcon.colcon_core.shell:Creating package descriptor '/home/ros/colcon_ws/install/eng10026_publisher/share/eng10026_publisher/package.dsv'
[0.742s] INFO:colcon.colcon_core.shell:Creating package script '/home/ros/colcon_ws/install/eng10026_publisher/share/eng10026_publisher/package.sh'
[0.742s] INFO:colcon.colcon_core.shell:Creating package script '/home/ros/colcon_ws/install/eng10026_publisher/share/eng10026_publisher/package.bash'
[0.742s] INFO:colcon.colcon_core.shell:Creating package script '/home/ros/colcon_ws/install/eng10026_publisher/share/eng10026_publisher/package.zsh'
[0.743s] Level 1:colcon.colcon_core.environment:create_file_with_runtime_dependencies(/home/ros/colcon_ws/install/eng10026_publisher/share/colcon-core/packages/eng10026_publisher)
[0.743s] INFO:colcon.colcon_ros.task.ament_cmake.build:Building ROS package in '/home/ros/colcon_ws/src/q2d/q2d_description' with build type 'ament_cmake'
[0.743s] INFO:colcon.colcon_cmake.task.cmake.build:Building CMake package in '/home/ros/colcon_ws/src/q2d/q2d_description'
[0.745s] INFO:colcon.colcon_core.shell:Skip shell extension 'powershell' for command environment: Not usable outside of PowerShell
[0.745s] DEBUG:colcon.colcon_core.shell:Skip shell extension 'dsv' for command environment
[0.752s] INFO:colcon.colcon_ros.task.ament_cmake.build:Building ROS package in '/home/ros/colcon_ws/src/q2d/q2d_teleop' with build type 'ament_cmake'
[0.752s] INFO:colcon.colcon_cmake.task.cmake.build:Building CMake package in '/home/ros/colcon_ws/src/q2d/q2d_teleop'
[0.753s] INFO:colcon.colcon_core.shell:Skip shell extension 'powershell' for command environment: Not usable outside of PowerShell
[0.754s] DEBUG:colcon.colcon_core.shell:Skip shell extension 'dsv' for command environment
[0.765s] DEBUG:colcon.colcon_core.event_handler.log_command:Invoking command in '/home/ros/colcon_ws/build/q2d_bringup': CMAKE_PREFIX_PATH=${CMAKE_PREFIX_PATH}:/opt/ros/humble /usr/bin/cmake --build /home/ros/colcon_ws/build/q2d_bringup -- -j3 -l3
[0.774s] DEBUG:colcon.colcon_core.event_handler.log_command:Invoking command in '/home/ros/colcon_ws/build/q2d_description': CMAKE_PREFIX_PATH=${CMAKE_PREFIX_PATH}:/opt/ros/humble /usr/bin/cmake --build /home/ros/colcon_ws/build/q2d_description -- -j3 -l3
[0.776s] DEBUG:colcon.colcon_core.event_handler.log_command:Invoking command in '/home/ros/colcon_ws/build/q2d_teleop': CMAKE_PREFIX_PATH=${CMAKE_PREFIX_PATH}:/opt/ros/humble /usr/bin/cmake --build /home/ros/colcon_ws/build/q2d_teleop -- -j3 -l3
[0.809s] DEBUG:colcon.colcon_core.event_handler.log_command:Invoked command in '/home/ros/colcon_ws/build/q2d_description' returned '0': CMAKE_PREFIX_PATH=${CMAKE_PREFIX_PATH}:/opt/ros/humble /usr/bin/cmake --build /home/ros/colcon_ws/build/q2d_description -- -j3 -l3
[0.811s] DEBUG:colcon.colcon_core.event_handler.log_command:Invoked command in '/home/ros/colcon_ws/build/q2d_bringup' returned '0': CMAKE_PREFIX_PATH=${CMAKE_PREFIX_PATH}:/opt/ros/humble /usr/bin/cmake --build /home/ros/colcon_ws/build/q2d_bringup -- -j3 -l3
[0.835s] DEBUG:colcon.colcon_core.event_handler.log_command:Invoking command in '/home/ros/colcon_ws/build/q2d_bringup': CMAKE_PREFIX_PATH=${CMAKE_PREFIX_PATH}:/opt/ros/humble /usr/bin/cmake --install /home/ros/colcon_ws/build/q2d_bringup
[0.843s] DEBUG:colcon.colcon_core.event_handler.log_command:Invoking command in '/home/ros/colcon_ws/build/q2d_description': CMAKE_PREFIX_PATH=${CMAKE_PREFIX_PATH}:/opt/ros/humble /usr/bin/cmake --install /home/ros/colcon_ws/build/q2d_description
[0.870s] Level 1:colcon.colcon_core.environment:create_environment_scripts_only(q2d_bringup)
[0.874s] Level 1:colcon.colcon_core.environment:checking '/home/ros/colcon_ws/install/q2d_bringup' for CMake module files
[0.876s] DEBUG:colcon.colcon_core.event_handler.log_command:Invoked command in '/home/ros/colcon_ws/build/q2d_bringup' returned '0': CMAKE_PREFIX_PATH=${CMAKE_PREFIX_PATH}:/opt/ros/humble /usr/bin/cmake --install /home/ros/colcon_ws/build/q2d_bringup
[0.878s] Level 1:colcon.colcon_core.environment:checking '/home/ros/colcon_ws/install/q2d_bringup' for CMake config files
[0.878s] Level 1:colcon.colcon_core.shell:create_environment_hook('q2d_bringup', 'cmake_prefix_path')
[0.880s] INFO:colcon.colcon_core.shell:Creating environment hook '/home/ros/colcon_ws/install/q2d_bringup/share/q2d_bringup/hook/cmake_prefix_path.ps1'
[0.881s] INFO:colcon.colcon_core.shell:Creating environment descriptor '/home/ros/colcon_ws/install/q2d_bringup/share/q2d_bringup/hook/cmake_prefix_path.dsv'
[0.881s] INFO:colcon.colcon_core.shell:Creating environment hook '/home/ros/colcon_ws/install/q2d_bringup/share/q2d_bringup/hook/cmake_prefix_path.sh'
[0.882s] Level 1:colcon.colcon_core.environment:checking '/home/ros/colcon_ws/install/q2d_bringup/lib'
[0.882s] Level 1:colcon.colcon_core.environment:checking '/home/ros/colcon_ws/install/q2d_bringup/bin'
[0.882s] Level 1:colcon.colcon_core.environment:checking '/home/ros/colcon_ws/install/q2d_bringup/lib/pkgconfig/q2d_bringup.pc'
[0.883s] Level 1:colcon.colcon_core.environment:checking '/home/ros/colcon_ws/install/q2d_bringup/lib/python3.10/site-packages'
[0.883s] Level 1:colcon.colcon_core.environment:checking '/home/ros/colcon_ws/install/q2d_bringup/bin'
[0.885s] INFO:colcon.colcon_core.shell:Creating package script '/home/ros/colcon_ws/install/q2d_bringup/share/q2d_bringup/package.ps1'
[0.887s] INFO:colcon.colcon_core.shell:Creating package descriptor '/home/ros/colcon_ws/install/q2d_bringup/share/q2d_bringup/package.dsv'
[0.887s] INFO:colcon.colcon_core.shell:Creating package script '/home/ros/colcon_ws/install/q2d_bringup/share/q2d_bringup/package.sh'
[0.888s] INFO:colcon.colcon_core.shell:Creating package script '/home/ros/colcon_ws/install/q2d_bringup/share/q2d_bringup/package.bash'
[0.888s] INFO:colcon.colcon_core.shell:Creating package script '/home/ros/colcon_ws/install/q2d_bringup/share/q2d_bringup/package.zsh'
[0.889s] Level 1:colcon.colcon_core.environment:create_file_with_runtime_dependencies(/home/ros/colcon_ws/install/q2d_bringup/share/colcon-core/packages/q2d_bringup)
[0.890s] Level 1:colcon.colcon_core.environment:create_environment_scripts_only(q2d_description)
[0.891s] DEBUG:colcon.colcon_core.event_handler.log_command:Invoked command in '/home/ros/colcon_ws/build/q2d_description' returned '0': CMAKE_PREFIX_PATH=${CMAKE_PREFIX_PATH}:/opt/ros/humble /usr/bin/cmake --install /home/ros/colcon_ws/build/q2d_description
[0.893s] Level 1:colcon.colcon_core.environment:checking '/home/ros/colcon_ws/install/q2d_description' for CMake module files
[0.893s] Level 1:colcon.colcon_core.environment:checking '/home/ros/colcon_ws/install/q2d_description' for CMake config files
[0.894s] Level 1:colcon.colcon_core.shell:create_environment_hook('q2d_description', 'cmake_prefix_path')
[0.895s] INFO:colcon.colcon_core.shell:Creating environment hook '/home/ros/colcon_ws/install/q2d_description/share/q2d_description/hook/cmake_prefix_path.ps1'
[0.895s] INFO:colcon.colcon_core.shell:Creating environment descriptor '/home/ros/colcon_ws/install/q2d_description/share/q2d_description/hook/cmake_prefix_path.dsv'
[0.895s] INFO:colcon.colcon_core.shell:Creating environment hook '/home/ros/colcon_ws/install/q2d_description/share/q2d_description/hook/cmake_prefix_path.sh'
[0.896s] Level 1:colcon.colcon_core.environment:checking '/home/ros/colcon_ws/install/q2d_description/bin'
[0.896s] Level 1:colcon.colcon_core.environment:checking '/home/ros/colcon_ws/install/q2d_description/lib/pkgconfig/q2d_description.pc'
[0.896s] Level 1:colcon.colcon_core.environment:checking '/home/ros/colcon_ws/install/q2d_description/lib/python3.10/site-packages'
[0.896s] Level 1:colcon.colcon_core.environment:checking '/home/ros/colcon_ws/install/q2d_description/bin'
[0.898s] INFO:colcon.colcon_core.shell:Creating package script '/home/ros/colcon_ws/install/q2d_description/share/q2d_description/package.ps1'
[0.898s] INFO:colcon.colcon_core.shell:Creating package descriptor '/home/ros/colcon_ws/install/q2d_description/share/q2d_description/package.dsv'
[0.899s] INFO:colcon.colcon_core.shell:Creating package script '/home/ros/colcon_ws/install/q2d_description/share/q2d_description/package.sh'
[0.899s] INFO:colcon.colcon_core.shell:Creating package script '/home/ros/colcon_ws/install/q2d_description/share/q2d_description/package.bash'
[0.899s] INFO:colcon.colcon_core.shell:Creating package script '/home/ros/colcon_ws/install/q2d_description/share/q2d_description/package.zsh'
[0.900s] Level 1:colcon.colcon_core.environment:create_file_with_runtime_dependencies(/home/ros/colcon_ws/install/q2d_description/share/colcon-core/packages/q2d_description)
[0.901s] DEBUG:colcon.colcon_core.event_handler.log_command:Invoked command in '/home/ros/colcon_ws/build/q2d_teleop' returned '0': CMAKE_PREFIX_PATH=${CMAKE_PREFIX_PATH}:/opt/ros/humble /usr/bin/cmake --build /home/ros/colcon_ws/build/q2d_teleop -- -j3 -l3
[0.911s] Level 1:colcon.colcon_core.environment:create_environment_scripts_only(q2d_bringup)
[0.914s] Level 1:colcon.colcon_core.environment:checking '/home/ros/colcon_ws/install/q2d_bringup' for CMake module files
[0.915s] Level 1:colcon.colcon_core.environment:checking '/home/ros/colcon_ws/install/q2d_bringup' for CMake config files
[0.915s] Level 1:colcon.colcon_core.shell:create_environment_hook('q2d_bringup', 'cmake_prefix_path')
[0.916s] INFO:colcon.colcon_core.shell:Creating environment hook '/home/ros/colcon_ws/install/q2d_bringup/share/q2d_bringup/hook/cmake_prefix_path.ps1'
[0.917s] INFO:colcon.colcon_core.shell:Creating environment descriptor '/home/ros/colcon_ws/install/q2d_bringup/share/q2d_bringup/hook/cmake_prefix_path.dsv'
[0.917s] INFO:colcon.colcon_core.shell:Creating environment hook '/home/ros/colcon_ws/install/q2d_bringup/share/q2d_bringup/hook/cmake_prefix_path.sh'
[0.918s] Level 1:colcon.colcon_core.environment:checking '/home/ros/colcon_ws/install/q2d_bringup/lib'
[0.918s] Level 1:colcon.colcon_core.environment:checking '/home/ros/colcon_ws/install/q2d_bringup/bin'
[0.918s] Level 1:colcon.colcon_core.environment:checking '/home/ros/colcon_ws/install/q2d_bringup/lib/pkgconfig/q2d_bringup.pc'
[0.918s] Level 1:colcon.colcon_core.environment:checking '/home/ros/colcon_ws/install/q2d_bringup/lib/python3.10/site-packages'
[0.918s] Level 1:colcon.colcon_core.environment:checking '/home/ros/colcon_ws/install/q2d_bringup/bin'
[0.920s] INFO:colcon.colcon_core.shell:Creating package script '/home/ros/colcon_ws/install/q2d_bringup/share/q2d_bringup/package.ps1'
[0.920s] INFO:colcon.colcon_core.shell:Creating package descriptor '/home/ros/colcon_ws/install/q2d_bringup/share/q2d_bringup/package.dsv'
[0.921s] INFO:colcon.colcon_core.shell:Creating package script '/home/ros/colcon_ws/install/q2d_bringup/share/q2d_bringup/package.sh'
[0.921s] INFO:colcon.colcon_core.shell:Creating package script '/home/ros/colcon_ws/install/q2d_bringup/share/q2d_bringup/package.bash'
[0.922s] INFO:colcon.colcon_core.shell:Creating package script '/home/ros/colcon_ws/install/q2d_bringup/share/q2d_bringup/package.zsh'
[0.922s] Level 1:colcon.colcon_core.environment:create_file_with_runtime_dependencies(/home/ros/colcon_ws/install/q2d_bringup/share/colcon-core/packages/q2d_bringup)
[0.923s] INFO:colcon.colcon_ros.task.ament_cmake.build:Building ROS package in '/home/ros/colcon_ws/src/q4d_description' with build type 'ament_cmake'
[0.923s] INFO:colcon.colcon_cmake.task.cmake.build:Building CMake package in '/home/ros/colcon_ws/src/q4d_description'
[0.924s] INFO:colcon.colcon_core.shell:Skip shell extension 'powershell' for command environment: Not usable outside of PowerShell
[0.924s] DEBUG:colcon.colcon_core.shell:Skip shell extension 'dsv' for command environment
[0.932s] Level 1:colcon.colcon_core.environment:create_environment_scripts_only(q2d_description)
[0.934s] Level 1:colcon.colcon_core.environment:checking '/home/ros/colcon_ws/install/q2d_description' for CMake module files
[0.935s] Level 1:colcon.colcon_core.environment:checking '/home/ros/colcon_ws/install/q2d_description' for CMake config files
[0.935s] Level 1:colcon.colcon_core.shell:create_environment_hook('q2d_description', 'cmake_prefix_path')
[0.937s] INFO:colcon.colcon_core.shell:Creating environment hook '/home/ros/colcon_ws/install/q2d_description/share/q2d_description/hook/cmake_prefix_path.ps1'
[0.938s] INFO:colcon.colcon_core.shell:Creating environment descriptor '/home/ros/colcon_ws/install/q2d_description/share/q2d_description/hook/cmake_prefix_path.dsv'
[0.938s] INFO:colcon.colcon_core.shell:Creating environment hook '/home/ros/colcon_ws/install/q2d_description/share/q2d_description/hook/cmake_prefix_path.sh'
[0.939s] Level 1:colcon.colcon_core.environment:checking '/home/ros/colcon_ws/install/q2d_description/bin'
[0.939s] Level 1:colcon.colcon_core.environment:checking '/home/ros/colcon_ws/install/q2d_description/lib/pkgconfig/q2d_description.pc'
[0.939s] Level 1:colcon.colcon_core.environment:checking '/home/ros/colcon_ws/install/q2d_description/lib/python3.10/site-packages'
[0.939s] Level 1:colcon.colcon_core.environment:checking '/home/ros/colcon_ws/install/q2d_description/bin'
[0.941s] INFO:colcon.colcon_core.shell:Creating package script '/home/ros/colcon_ws/install/q2d_description/share/q2d_description/package.ps1'
[0.942s] INFO:colcon.colcon_core.shell:Creating package descriptor '/home/ros/colcon_ws/install/q2d_description/share/q2d_description/package.dsv'
[0.942s] INFO:colcon.colcon_core.shell:Creating package script '/home/ros/colcon_ws/install/q2d_description/share/q2d_description/package.sh'
[0.943s] INFO:colcon.colcon_core.shell:Creating package script '/home/ros/colcon_ws/install/q2d_description/share/q2d_description/package.bash'
[0.943s] INFO:colcon.colcon_core.shell:Creating package script '/home/ros/colcon_ws/install/q2d_description/share/q2d_description/package.zsh'
[0.943s] Level 1:colcon.colcon_core.environment:create_file_with_runtime_dependencies(/home/ros/colcon_ws/install/q2d_description/share/colcon-core/packages/q2d_description)
[0.945s] DEBUG:colcon.colcon_core.event_handler.log_command:Invoking command in '/home/ros/colcon_ws/build/q2d_teleop': CMAKE_PREFIX_PATH=${CMAKE_PREFIX_PATH}:/opt/ros/humble /usr/bin/cmake --install /home/ros/colcon_ws/build/q2d_teleop
[0.958s] DEBUG:colcon.colcon_core.event_handler.log_command:Invoking command in '/home/ros/colcon_ws/build/q4d_description': CMAKE_PREFIX_PATH=${CMAKE_PREFIX_PATH}:/opt/ros/humble /usr/bin/cmake --build /home/ros/colcon_ws/build/q4d_description -- -j3 -l3
[0.966s] Level 1:colcon.colcon_core.environment:create_environment_scripts_only(q2d_teleop)
[0.966s] DEBUG:colcon.colcon_core.event_handler.log_command:Invoked command in '/home/ros/colcon_ws/build/q2d_teleop' returned '0': CMAKE_PREFIX_PATH=${CMAKE_PREFIX_PATH}:/opt/ros/humble /usr/bin/cmake --install /home/ros/colcon_ws/build/q2d_teleop
[0.969s] Level 1:colcon.colcon_core.environment:checking '/home/ros/colcon_ws/install/q2d_teleop' for CMake module files
[0.969s] Level 1:colcon.colcon_core.environment:checking '/home/ros/colcon_ws/install/q2d_teleop' for CMake config files
[0.969s] Level 1:colcon.colcon_core.shell:create_environment_hook('q2d_teleop', 'cmake_prefix_path')
[0.970s] INFO:colcon.colcon_core.shell:Creating environment hook '/home/ros/colcon_ws/install/q2d_teleop/share/q2d_teleop/hook/cmake_prefix_path.ps1'
[0.971s] INFO:colcon.colcon_core.shell:Creating environment descriptor '/home/ros/colcon_ws/install/q2d_teleop/share/q2d_teleop/hook/cmake_prefix_path.dsv'
[0.971s] INFO:colcon.colcon_core.shell:Creating environment hook '/home/ros/colcon_ws/install/q2d_teleop/share/q2d_teleop/hook/cmake_prefix_path.sh'
[0.972s] Level 1:colcon.colcon_core.environment:checking '/home/ros/colcon_ws/install/q2d_teleop/lib'
[0.972s] Level 1:colcon.colcon_core.environment:checking '/home/ros/colcon_ws/install/q2d_teleop/bin'
[0.972s] Level 1:colcon.colcon_core.environment:checking '/home/ros/colcon_ws/install/q2d_teleop/lib/pkgconfig/q2d_teleop.pc'
[0.972s] Level 1:colcon.colcon_core.environment:checking '/home/ros/colcon_ws/install/q2d_teleop/lib/python3.10/site-packages'
[0.973s] Level 1:colcon.colcon_core.environment:checking '/home/ros/colcon_ws/install/q2d_teleop/bin'
[0.974s] INFO:colcon.colcon_core.shell:Creating package script '/home/ros/colcon_ws/install/q2d_teleop/share/q2d_teleop/package.ps1'
[0.975s] INFO:colcon.colcon_core.shell:Creating package descriptor '/home/ros/colcon_ws/install/q2d_teleop/share/q2d_teleop/package.dsv'
[0.975s] INFO:colcon.colcon_core.shell:Creating package script '/home/ros/colcon_ws/install/q2d_teleop/share/q2d_teleop/package.sh'
[0.976s] INFO:colcon.colcon_core.shell:Creating package script '/home/ros/colcon_ws/install/q2d_teleop/share/q2d_teleop/package.bash'
[0.976s] INFO:colcon.colcon_core.shell:Creating package script '/home/ros/colcon_ws/install/q2d_teleop/share/q2d_teleop/package.zsh'
[0.977s] Level 1:colcon.colcon_core.environment:create_file_with_runtime_dependencies(/home/ros/colcon_ws/install/q2d_teleop/share/colcon-core/packages/q2d_teleop)
[1.001s] Level 1:colcon.colcon_core.environment:create_environment_scripts_only(q2d_teleop)
[1.002s] Level 1:colcon.colcon_core.environment:checking '/home/ros/colcon_ws/install/q2d_teleop' for CMake module files
[1.003s] Level 1:colcon.colcon_core.environment:checking '/home/ros/colcon_ws/install/q2d_teleop' for CMake config files
[1.003s] Level 1:colcon.colcon_core.shell:create_environment_hook('q2d_teleop', 'cmake_prefix_path')
[1.004s] INFO:colcon.colcon_core.shell:Creating environment hook '/home/ros/colcon_ws/install/q2d_teleop/share/q2d_teleop/hook/cmake_prefix_path.ps1'
[1.004s] INFO:colcon.colcon_core.shell:Creating environment descriptor '/home/ros/colcon_ws/install/q2d_teleop/share/q2d_teleop/hook/cmake_prefix_path.dsv'
[1.005s] INFO:colcon.colcon_core.shell:Creating environment hook '/home/ros/colcon_ws/install/q2d_teleop/share/q2d_teleop/hook/cmake_prefix_path.sh'
[1.005s] Level 1:colcon.colcon_core.environment:checking '/home/ros/colcon_ws/install/q2d_teleop/lib'
[1.005s] Level 1:colcon.colcon_core.environment:checking '/home/ros/colcon_ws/install/q2d_teleop/bin'
[1.005s] Level 1:colcon.colcon_core.environment:checking '/home/ros/colcon_ws/install/q2d_teleop/lib/pkgconfig/q2d_teleop.pc'
[1.006s] Level 1:colcon.colcon_core.environment:checking '/home/ros/colcon_ws/install/q2d_teleop/lib/python3.10/site-packages'
[1.006s] Level 1:colcon.colcon_core.environment:checking '/home/ros/colcon_ws/install/q2d_teleop/bin'
[1.008s] INFO:colcon.colcon_core.shell:Creating package script '/home/ros/colcon_ws/install/q2d_teleop/share/q2d_teleop/package.ps1'
[1.009s] INFO:colcon.colcon_core.shell:Creating package descriptor '/home/ros/colcon_ws/install/q2d_teleop/share/q2d_teleop/package.dsv'
[1.009s] INFO:colcon.colcon_core.shell:Creating package script '/home/ros/colcon_ws/install/q2d_teleop/share/q2d_teleop/package.sh'
[1.010s] INFO:colcon.colcon_core.shell:Creating package script '/home/ros/colcon_ws/install/q2d_teleop/share/q2d_teleop/package.bash'
[1.010s] INFO:colcon.colcon_core.shell:Creating package script '/home/ros/colcon_ws/install/q2d_teleop/share/q2d_teleop/package.zsh'
[1.011s] Level 1:colcon.colcon_core.environment:create_file_with_runtime_dependencies(/home/ros/colcon_ws/install/q2d_teleop/share/colcon-core/packages/q2d_teleop)
[1.016s] DEBUG:colcon.colcon_core.event_handler.log_command:Invoked command in '/home/ros/colcon_ws/build/q4d_description' returned '0': CMAKE_PREFIX_PATH=${CMAKE_PREFIX_PATH}:/opt/ros/humble /usr/bin/cmake --build /home/ros/colcon_ws/build/q4d_description -- -j3 -l3
[1.039s] DEBUG:colcon.colcon_core.event_handler.log_command:Invoking command in '/home/ros/colcon_ws/build/q4d_description': CMAKE_PREFIX_PATH=${CMAKE_PREFIX_PATH}:/opt/ros/humble /usr/bin/cmake --install /home/ros/colcon_ws/build/q4d_description
[1.057s] Level 1:colcon.colcon_core.environment:create_environment_scripts_only(q4d_description)
[1.059s] Level 1:colcon.colcon_core.environment:checking '/home/ros/colcon_ws/install/q4d_description' for CMake module files
[1.060s] DEBUG:colcon.colcon_core.event_handler.log_command:Invoked command in '/home/ros/colcon_ws/build/q4d_description' returned '0': CMAKE_PREFIX_PATH=${CMAKE_PREFIX_PATH}:/opt/ros/humble /usr/bin/cmake --install /home/ros/colcon_ws/build/q4d_description
[1.060s] Level 1:colcon.colcon_core.environment:checking '/home/ros/colcon_ws/install/q4d_description' for CMake config files
[1.061s] Level 1:colcon.colcon_core.shell:create_environment_hook('q4d_description', 'cmake_prefix_path')
[1.062s] INFO:colcon.colcon_core.shell:Creating environment hook '/home/ros/colcon_ws/install/q4d_description/share/q4d_description/hook/cmake_prefix_path.ps1'
[1.062s] INFO:colcon.colcon_core.shell:Creating environment descriptor '/home/ros/colcon_ws/install/q4d_description/share/q4d_description/hook/cmake_prefix_path.dsv'
[1.062s] INFO:colcon.colcon_core.shell:Creating environment hook '/home/ros/colcon_ws/install/q4d_description/share/q4d_description/hook/cmake_prefix_path.sh'
[1.063s] Level 1:colcon.colcon_core.environment:checking '/home/ros/colcon_ws/install/q4d_description/lib'
[1.063s] Level 1:colcon.colcon_core.environment:checking '/home/ros/colcon_ws/install/q4d_description/bin'
[1.063s] Level 1:colcon.colcon_core.environment:checking '/home/ros/colcon_ws/install/q4d_description/lib/pkgconfig/q4d_description.pc'
[1.063s] Level 1:colcon.colcon_core.environment:checking '/home/ros/colcon_ws/install/q4d_description/lib/python3.10/site-packages'
[1.064s] Level 1:colcon.colcon_core.environment:checking '/home/ros/colcon_ws/install/q4d_description/bin'
[1.065s] INFO:colcon.colcon_core.shell:Creating package script '/home/ros/colcon_ws/install/q4d_description/share/q4d_description/package.ps1'
[1.065s] INFO:colcon.colcon_core.shell:Creating package descriptor '/home/ros/colcon_ws/install/q4d_description/share/q4d_description/package.dsv'
[1.066s] INFO:colcon.colcon_core.shell:Creating package script '/home/ros/colcon_ws/install/q4d_description/share/q4d_description/package.sh'
[1.066s] INFO:colcon.colcon_core.shell:Creating package script '/home/ros/colcon_ws/install/q4d_description/share/q4d_description/package.bash'
[1.066s] INFO:colcon.colcon_core.shell:Creating package script '/home/ros/colcon_ws/install/q4d_description/share/q4d_description/package.zsh'
[1.067s] Level 1:colcon.colcon_core.environment:create_file_with_runtime_dependencies(/home/ros/colcon_ws/install/q4d_description/share/colcon-core/packages/q4d_description)
[1.084s] Level 1:colcon.colcon_core.environment:create_environment_scripts_only(q4d_description)
[1.086s] Level 1:colcon.colcon_core.environment:checking '/home/ros/colcon_ws/install/q4d_description' for CMake module files
[1.087s] Level 1:colcon.colcon_core.environment:checking '/home/ros/colcon_ws/install/q4d_description' for CMake config files
[1.087s] Level 1:colcon.colcon_core.shell:create_environment_hook('q4d_description', 'cmake_prefix_path')
[1.088s] INFO:colcon.colcon_core.shell:Creating environment hook '/home/ros/colcon_ws/install/q4d_description/share/q4d_description/hook/cmake_prefix_path.ps1'
[1.089s] INFO:colcon.colcon_core.shell:Creating environment descriptor '/home/ros/colcon_ws/install/q4d_description/share/q4d_description/hook/cmake_prefix_path.dsv'
[1.089s] INFO:colcon.colcon_core.shell:Creating environment hook '/home/ros/colcon_ws/install/q4d_description/share/q4d_description/hook/cmake_prefix_path.sh'
[1.089s] Level 1:colcon.colcon_core.environment:checking '/home/ros/colcon_ws/install/q4d_description/lib'
[1.089s] Level 1:colcon.colcon_core.environment:checking '/home/ros/colcon_ws/install/q4d_description/bin'
[1.090s] Level 1:colcon.colcon_core.environment:checking '/home/ros/colcon_ws/install/q4d_description/lib/pkgconfig/q4d_description.pc'
[1.090s] Level 1:colcon.colcon_core.environment:checking '/home/ros/colcon_ws/install/q4d_description/lib/python3.10/site-packages'
[1.090s] Level 1:colcon.colcon_core.environment:checking '/home/ros/colcon_ws/install/q4d_description/bin'
[1.092s] INFO:colcon.colcon_core.shell:Creating package script '/home/ros/colcon_ws/install/q4d_description/share/q4d_description/package.ps1'
[1.092s] INFO:colcon.colcon_core.shell:Creating package descriptor '/home/ros/colcon_ws/install/q4d_description/share/q4d_description/package.dsv'
[1.092s] INFO:colcon.colcon_core.shell:Creating package script '/home/ros/colcon_ws/install/q4d_description/share/q4d_description/package.sh'
[1.093s] INFO:colcon.colcon_core.shell:Creating package script '/home/ros/colcon_ws/install/q4d_description/share/q4d_description/package.bash'
[1.093s] INFO:colcon.colcon_core.shell:Creating package script '/home/ros/colcon_ws/install/q4d_description/share/q4d_description/package.zsh'
[1.093s] Level 1:colcon.colcon_core.environment:create_file_with_runtime_dependencies(/home/ros/colcon_ws/install/q4d_description/share/colcon-core/packages/q4d_description)
[1.094s] DEBUG:colcon.colcon_parallel_executor.executor.parallel:closing loop
[1.094s] DEBUG:colcon.colcon_parallel_executor.executor.parallel:loop closed
[1.094s] DEBUG:colcon.colcon_parallel_executor.executor.parallel:run_until_complete finished with '0'
[1.094s] DEBUG:colcon.colcon_core.event_reactor:joining thread
[1.100s] INFO:colcon.colcon_core.plugin_system:Skipping extension 'colcon_notification.desktop_notification.terminal_notifier': Not used on non-Darwin systems
[1.101s] INFO:colcon.colcon_core.plugin_system:Skipping extension 'colcon_notification.desktop_notification.win32': Not used on non-Windows systems
[1.101s] INFO:colcon.colcon_notification.desktop_notification:Sending desktop notification using 'notify2'
[1.112s] DEBUG:colcon.colcon_core.event_reactor:joined thread
[1.114s] INFO:colcon.colcon_core.shell:Creating prefix script '/home/ros/colcon_ws/install/local_setup.ps1'
[1.116s] INFO:colcon.colcon_core.shell:Creating prefix util module '/home/ros/colcon_ws/install/_local_setup_util_ps1.py'
[1.118s] INFO:colcon.colcon_core.shell:Creating prefix chain script '/home/ros/colcon_ws/install/setup.ps1'
[1.119s] INFO:colcon.colcon_core.shell:Creating prefix script '/home/ros/colcon_ws/install/local_setup.sh'
[1.120s] INFO:colcon.colcon_core.shell:Creating prefix util module '/home/ros/colcon_ws/install/_local_setup_util_sh.py'
[1.121s] INFO:colcon.colcon_core.shell:Creating prefix chain script '/home/ros/colcon_ws/install/setup.sh'
[1.123s] INFO:colcon.colcon_core.shell:Creating prefix script '/home/ros/colcon_ws/install/local_setup.bash'
[1.123s] INFO:colcon.colcon_core.shell:Creating prefix chain script '/home/ros/colcon_ws/install/setup.bash'
[1.125s] INFO:colcon.colcon_core.shell:Creating prefix script '/home/ros/colcon_ws/install/local_setup.zsh'
[1.126s] INFO:colcon.colcon_core.shell:Creating prefix chain script '/home/ros/colcon_ws/install/setup.zsh'
