-- The C compiler identification is GNU 11.3.0
-- The CXX compiler identification is GNU 11.3.0
-- Detecting C compiler ABI info
-- Detecting C compiler ABI info - done
-- Check for working C compiler: /usr/bin/cc - skipped
-- Detecting C compile features
-- Detecting C compile features - done
-- Detecting CXX compiler ABI info
-- Detecting CXX compiler ABI info - done
-- Check for working CXX compiler: /usr/bin/c++ - skipped
-- Detecting CXX compile features
-- Detecting CXX compile features - done
-- Found ament_cmake: 1.3.3 (/opt/ros/humble/share/ament_cmake/cmake)
-- Found Python3: /usr/bin/python3.10 (found version "3.10.6") found components: Interpreter 
-- Override CMake install command with custom implementation using symlinks instead of copying resources
-- Found rclcpp: 16.0.3 (/opt/ros/humble/share/rclcpp/cmake)
-- Found rosidl_generator_c: 3.1.4 (/opt/ros/humble/share/rosidl_generator_c/cmake)
-- Found rosidl_adapter: 3.1.4 (/opt/ros/humble/share/rosidl_adapter/cmake)
-- Found rosidl_generator_cpp: 3.1.4 (/opt/ros/humble/share/rosidl_generator_cpp/cmake)
-- Using all available rosidl_typesupport_c: rosidl_typesupport_fastrtps_c;rosidl_typesupport_introspection_c
-- Using all available rosidl_typesupport_cpp: rosidl_typesupport_fastrtps_cpp;rosidl_typesupport_introspection_cpp
-- Found rmw_implementation_cmake: 6.1.1 (/opt/ros/humble/share/rmw_implementation_cmake/cmake)
-- Found rmw_fastrtps_cpp: 6.2.2 (/opt/ros/humble/share/rmw_fastrtps_cpp/cmake)
-- Found OpenSSL: /usr/lib/x86_64-linux-gnu/libcrypto.so (found version "3.0.2")  
-- Found FastRTPS: /opt/ros/humble/include  
-- Using RMW implementation 'rmw_fastrtps_cpp' as default
-- Looking for pthread.h
-- Looking for pthread.h - found
-- Performing Test CMAKE_HAVE_LIBC_PTHREAD
-- Performing Test CMAKE_HAVE_LIBC_PTHREAD - Success
-- Found Threads: TRUE  
-- Found tf2_ros: 0.25.2 (/opt/ros/humble/share/tf2_ros/cmake)
-- Found ament_lint_auto: 0.12.5 (/opt/ros/humble/share/ament_lint_auto/cmake)
-- Added test 'cppcheck' to perform static code analysis on C / C++ code
-- Configured cppcheck include dirs: $<BUILD_INTERFACE:/home/ros/colcon_ws/src/eng10026_lab2/include>
-- Configured cppcheck exclude dirs and/or files: 
-- Added test 'lint_cmake' to check CMake code style
-- Added test 'uncrustify' to check C / C++ code style
-- Configured uncrustify additional arguments: 
-- Added test 'xmllint' to check XML markup files
-- Configuring done
-- Generating done
-- Build files have been written to: /home/ros/colcon_ws/build/eng10026_lab2
[ 50%] [32mBuilding CXX object CMakeFiles/point_map.dir/src/point_map.cpp.o[0m
[100%] [32m[1mLinking CXX executable point_map[0m
[100%] Built target point_map
-- Install configuration: ""
-- Execute custom install script
-- Symlinking: /home/ros/colcon_ws/install/eng10026_lab2/lib/eng10026_lab2/point_map
-- Symlinking: /home/ros/colcon_ws/install/eng10026_lab2/share/ament_index/resource_index/package_run_dependencies/eng10026_lab2
-- Symlinking: /home/ros/colcon_ws/install/eng10026_lab2/share/ament_index/resource_index/parent_prefix_path/eng10026_lab2
-- Symlinking: /home/ros/colcon_ws/install/eng10026_lab2/share/eng10026_lab2/environment/ament_prefix_path.sh
-- Symlinking: /home/ros/colcon_ws/install/eng10026_lab2/share/eng10026_lab2/environment/ament_prefix_path.dsv
-- Symlinking: /home/ros/colcon_ws/install/eng10026_lab2/share/eng10026_lab2/environment/path.sh
-- Symlinking: /home/ros/colcon_ws/install/eng10026_lab2/share/eng10026_lab2/environment/path.dsv
-- Symlinking: /home/ros/colcon_ws/install/eng10026_lab2/share/eng10026_lab2/local_setup.bash
-- Symlinking: /home/ros/colcon_ws/install/eng10026_lab2/share/eng10026_lab2/local_setup.sh
-- Symlinking: /home/ros/colcon_ws/install/eng10026_lab2/share/eng10026_lab2/local_setup.zsh
-- Symlinking: /home/ros/colcon_ws/install/eng10026_lab2/share/eng10026_lab2/local_setup.dsv
-- Symlinking: /home/ros/colcon_ws/install/eng10026_lab2/share/eng10026_lab2/package.dsv
-- Symlinking: /home/ros/colcon_ws/install/eng10026_lab2/share/ament_index/resource_index/packages/eng10026_lab2
-- Symlinking: /home/ros/colcon_ws/install/eng10026_lab2/share/eng10026_lab2/cmake/eng10026_lab2Config.cmake
-- Symlinking: /home/ros/colcon_ws/install/eng10026_lab2/share/eng10026_lab2/cmake/eng10026_lab2Config-version.cmake
-- Symlinking: /home/ros/colcon_ws/install/eng10026_lab2/share/eng10026_lab2/package.xml
