[0.189s] Invoking command in '/home/ros/colcon_ws/build/eng10026_lab2': CMAKE_PREFIX_PATH=/opt/ros/humble /usr/bin/cmake /home/ros/colcon_ws/src/eng10026_lab2 -DAMENT_CMAKE_SYMLINK_INSTALL=1 -DCMAKE_INSTALL_PREFIX=/home/ros/colcon_ws/install/eng10026_lab2
[2.605s] -- The C compiler identification is GNU 11.3.0
[4.102s] -- The CXX compiler identification is GNU 11.3.0
[4.156s] -- Detecting C compiler ABI info
[4.559s] -- Detecting C compiler ABI info - done
[4.579s] -- Check for working C compiler: /usr/bin/cc - skipped
[4.582s] -- Detecting C compile features
[4.586s] -- Detecting C compile features - done
[4.593s] -- Detecting CXX compiler ABI info
[5.129s] -- Detecting CXX compiler ABI info - done
[5.145s] -- Check for working CXX compiler: /usr/bin/c++ - skipped
[5.146s] -- Detecting CXX compile features
[5.147s] -- Detecting CXX compile features - done
[5.216s] -- Found ament_cmake: 1.3.3 (/opt/ros/humble/share/ament_cmake/cmake)
[5.740s] -- Found Python3: /usr/bin/python3.10 (found version "3.10.6") found components: Interpreter 
[5.885s] -- Override CMake install command with custom implementation using symlinks instead of copying resources
[5.977s] -- Found rclcpp: 16.0.3 (/opt/ros/humble/share/rclcpp/cmake)
[6.174s] -- Found rosidl_generator_c: 3.1.4 (/opt/ros/humble/share/rosidl_generator_c/cmake)
[6.201s] -- Found rosidl_adapter: 3.1.4 (/opt/ros/humble/share/rosidl_adapter/cmake)
[6.275s] -- Found rosidl_generator_cpp: 3.1.4 (/opt/ros/humble/share/rosidl_generator_cpp/cmake)
[6.321s] -- Using all available rosidl_typesupport_c: rosidl_typesupport_fastrtps_c;rosidl_typesupport_introspection_c
[6.369s] -- Using all available rosidl_typesupport_cpp: rosidl_typesupport_fastrtps_cpp;rosidl_typesupport_introspection_cpp
[6.619s] -- Found rmw_implementation_cmake: 6.1.1 (/opt/ros/humble/share/rmw_implementation_cmake/cmake)
[6.625s] -- Found rmw_fastrtps_cpp: 6.2.2 (/opt/ros/humble/share/rmw_fastrtps_cpp/cmake)
[7.080s] -- Found OpenSSL: /usr/lib/x86_64-linux-gnu/libcrypto.so (found version "3.0.2")  
[7.236s] -- Found FastRTPS: /opt/ros/humble/include  
[7.438s] -- Using RMW implementation 'rmw_fastrtps_cpp' as default
[7.438s] -- Looking for pthread.h
[8.097s] -- Looking for pthread.h - found
[8.101s] -- Performing Test CMAKE_HAVE_LIBC_PTHREAD
[8.554s] -- Performing Test CMAKE_HAVE_LIBC_PTHREAD - Success
[8.559s] -- Found Threads: TRUE  
[9.163s] -- Found tf2_ros: 0.25.2 (/opt/ros/humble/share/tf2_ros/cmake)
[11.496s] -- Found ament_lint_auto: 0.12.5 (/opt/ros/humble/share/ament_lint_auto/cmake)
[11.796s] -- Added test 'cppcheck' to perform static code analysis on C / C++ code
[11.797s] -- Configured cppcheck include dirs: $<BUILD_INTERFACE:/home/ros/colcon_ws/src/eng10026_lab2/include>
[11.797s] -- Configured cppcheck exclude dirs and/or files: 
[11.799s] -- Added test 'lint_cmake' to check CMake code style
[11.802s] -- Added test 'uncrustify' to check C / C++ code style
[11.802s] -- Configured uncrustify additional arguments: 
[11.803s] -- Added test 'xmllint' to check XML markup files
[11.806s] -- Configuring done
[11.829s] -- Generating done
[11.835s] -- Build files have been written to: /home/ros/colcon_ws/build/eng10026_lab2
[11.859s] Invoked command in '/home/ros/colcon_ws/build/eng10026_lab2' returned '0': CMAKE_PREFIX_PATH=/opt/ros/humble /usr/bin/cmake /home/ros/colcon_ws/src/eng10026_lab2 -DAMENT_CMAKE_SYMLINK_INSTALL=1 -DCMAKE_INSTALL_PREFIX=/home/ros/colcon_ws/install/eng10026_lab2
[11.859s] Invoking command in '/home/ros/colcon_ws/build/eng10026_lab2': CMAKE_PREFIX_PATH=/opt/ros/humble /usr/bin/cmake --build /home/ros/colcon_ws/build/eng10026_lab2 -- -j3 -l3
[12.128s] [ 50%] [32mBuilding CXX object CMakeFiles/point_map.dir/src/point_map.cpp.o[0m
[12.378s] [100%] [32m[1mLinking CXX executable point_map[0m
[12.781s] [100%] Built target point_map
[12.825s] Invoked command in '/home/ros/colcon_ws/build/eng10026_lab2' returned '0': CMAKE_PREFIX_PATH=/opt/ros/humble /usr/bin/cmake --build /home/ros/colcon_ws/build/eng10026_lab2 -- -j3 -l3
[12.921s] Invoking command in '/home/ros/colcon_ws/build/eng10026_lab2': CMAKE_PREFIX_PATH=/opt/ros/humble /usr/bin/cmake --install /home/ros/colcon_ws/build/eng10026_lab2
[12.946s] -- Install configuration: ""
[12.947s] -- Execute custom install script
[12.947s] -- Symlinking: /home/ros/colcon_ws/install/eng10026_lab2/lib/eng10026_lab2/point_map
[12.969s] -- Symlinking: /home/ros/colcon_ws/install/eng10026_lab2/share/ament_index/resource_index/package_run_dependencies/eng10026_lab2
[12.995s] -- Symlinking: /home/ros/colcon_ws/install/eng10026_lab2/share/ament_index/resource_index/parent_prefix_path/eng10026_lab2
[13.019s] -- Symlinking: /home/ros/colcon_ws/install/eng10026_lab2/share/eng10026_lab2/environment/ament_prefix_path.sh
[13.047s] -- Symlinking: /home/ros/colcon_ws/install/eng10026_lab2/share/eng10026_lab2/environment/ament_prefix_path.dsv
[13.068s] -- Symlinking: /home/ros/colcon_ws/install/eng10026_lab2/share/eng10026_lab2/environment/path.sh
[13.105s] -- Symlinking: /home/ros/colcon_ws/install/eng10026_lab2/share/eng10026_lab2/environment/path.dsv
[13.131s] -- Symlinking: /home/ros/colcon_ws/install/eng10026_lab2/share/eng10026_lab2/local_setup.bash
[13.151s] -- Symlinking: /home/ros/colcon_ws/install/eng10026_lab2/share/eng10026_lab2/local_setup.sh
[13.181s] -- Symlinking: /home/ros/colcon_ws/install/eng10026_lab2/share/eng10026_lab2/local_setup.zsh
[13.208s] -- Symlinking: /home/ros/colcon_ws/install/eng10026_lab2/share/eng10026_lab2/local_setup.dsv
[13.240s] -- Symlinking: /home/ros/colcon_ws/install/eng10026_lab2/share/eng10026_lab2/package.dsv
[13.260s] -- Symlinking: /home/ros/colcon_ws/install/eng10026_lab2/share/ament_index/resource_index/packages/eng10026_lab2
[13.277s] -- Symlinking: /home/ros/colcon_ws/install/eng10026_lab2/share/eng10026_lab2/cmake/eng10026_lab2Config.cmake
[13.301s] -- Symlinking: /home/ros/colcon_ws/install/eng10026_lab2/share/eng10026_lab2/cmake/eng10026_lab2Config-version.cmake
[13.325s] -- Symlinking: /home/ros/colcon_ws/install/eng10026_lab2/share/eng10026_lab2/package.xml
[13.370s] Invoked command in '/home/ros/colcon_ws/build/eng10026_lab2' returned '0': CMAKE_PREFIX_PATH=/opt/ros/humble /usr/bin/cmake --install /home/ros/colcon_ws/build/eng10026_lab2
