-- Install configuration: ""
-- Execute custom install script
-- Up-to-date symlink: /home/ros/colcon_ws/install/q2d_description/share/q2d_description/config/controller_manager.yaml
-- Up-to-date symlink: /home/ros/colcon_ws/install/q2d_description/share/q2d_description/config/display.rviz
-- Up-to-date symlink: /home/ros/colcon_ws/install/q2d_description/share/q2d_description/config/gazebo.yaml
-- Up-to-date symlink: /home/ros/colcon_ws/install/q2d_description/share/q2d_description/launch/display.launch.py
-- Up-to-date symlink: /home/ros/colcon_ws/install/q2d_description/share/q2d_description/launch/display.launch.xml
-- Up-to-date symlink: /home/ros/colcon_ws/install/q2d_description/share/q2d_description/launch/gazebo.launch.xml
-- Up-to-date symlink: /home/ros/colcon_ws/install/q2d_description/share/q2d_description/launch/ignition.launch.xml
-- Up-to-date symlink: /home/ros/colcon_ws/install/q2d_description/share/q2d_description/launch/q2d.launch.xml
-- Up-to-date symlink: /home/ros/colcon_ws/install/q2d_description/share/q2d_description/urdf/q2d.urdf
-- Up-to-date symlink: /home/ros/colcon_ws/install/q2d_description/share/q2d_description/meshes/base.STL
-- Up-to-date symlink: /home/ros/colcon_ws/install/q2d_description/share/q2d_description/meshes/collision/elbow_active.STL
-- Up-to-date symlink: /home/ros/colcon_ws/install/q2d_description/share/q2d_description/meshes/collision/elbow_passive.STL
-- Up-to-date symlink: /home/ros/colcon_ws/install/q2d_description/share/q2d_description/meshes/collision/shoulder_active.STL
-- Up-to-date symlink: /home/ros/colcon_ws/install/q2d_description/share/q2d_description/meshes/collision/shoulder_passive.STL
-- Up-to-date symlink: /home/ros/colcon_ws/install/q2d_description/share/q2d_description/meshes/elbow_active.STL
-- Up-to-date symlink: /home/ros/colcon_ws/install/q2d_description/share/q2d_description/meshes/elbow_passive.STL
-- Up-to-date symlink: /home/ros/colcon_ws/install/q2d_description/share/q2d_description/meshes/shoulder_active.STL
-- Up-to-date symlink: /home/ros/colcon_ws/install/q2d_description/share/q2d_description/meshes/shoulder_passive.STL
-- Up-to-date symlink: /home/ros/colcon_ws/install/q2d_description/share/q2d_description/environment/q2d_description.dsv
-- Up-to-date symlink: /home/ros/colcon_ws/install/q2d_description/share/ament_index/resource_index/package_run_dependencies/q2d_description
-- Up-to-date symlink: /home/ros/colcon_ws/install/q2d_description/share/ament_index/resource_index/parent_prefix_path/q2d_description
-- Up-to-date symlink: /home/ros/colcon_ws/install/q2d_description/share/q2d_description/environment/ament_prefix_path.sh
-- Up-to-date symlink: /home/ros/colcon_ws/install/q2d_description/share/q2d_description/environment/ament_prefix_path.dsv
-- Up-to-date symlink: /home/ros/colcon_ws/install/q2d_description/share/q2d_description/environment/path.sh
-- Up-to-date symlink: /home/ros/colcon_ws/install/q2d_description/share/q2d_description/environment/path.dsv
-- Up-to-date symlink: /home/ros/colcon_ws/install/q2d_description/share/q2d_description/local_setup.bash
-- Up-to-date symlink: /home/ros/colcon_ws/install/q2d_description/share/q2d_description/local_setup.sh
-- Up-to-date symlink: /home/ros/colcon_ws/install/q2d_description/share/q2d_description/local_setup.zsh
-- Up-to-date symlink: /home/ros/colcon_ws/install/q2d_description/share/q2d_description/local_setup.dsv
-- Symlinking: /home/ros/colcon_ws/install/q2d_description/share/q2d_description/package.dsv
-- Up-to-date symlink: /home/ros/colcon_ws/install/q2d_description/share/ament_index/resource_index/packages/q2d_description
-- Up-to-date symlink: /home/ros/colcon_ws/install/q2d_description/share/q2d_description/cmake/q2d_descriptionConfig.cmake
-- Up-to-date symlink: /home/ros/colcon_ws/install/q2d_description/share/q2d_description/cmake/q2d_descriptionConfig-version.cmake
-- Up-to-date symlink: /home/ros/colcon_ws/install/q2d_description/share/q2d_description/package.xml
