[0.064s] Invoking command in '/home/ros/colcon_ws/src/build/q4d_description': CMAKE_PREFIX_PATH=${CMAKE_PREFIX_PATH}:/opt/ros/humble /usr/bin/cmake /home/ros/colcon_ws/src/q4d_description -DCMAKE_INSTALL_PREFIX=/home/ros/colcon_ws/src/install/q4d_description
[0.170s] -- The C compiler identification is GNU 11.3.0
[0.276s] -- The CXX compiler identification is GNU 11.3.0
[0.286s] -- Detecting C compiler ABI info
[0.356s] -- Detecting C compiler ABI info - done
[0.383s] -- Check for working C compiler: /usr/bin/cc - skipped
[0.384s] -- Detecting C compile features
[0.386s] -- Detecting C compile features - done
[0.394s] -- Detecting CXX compiler ABI info
[0.517s] -- Detecting CXX compiler ABI info - done
[0.539s] -- Check for working CXX compiler: /usr/bin/c++ - skipped
[0.539s] -- Detecting CXX compile features
[0.539s] -- Detecting CXX compile features - done
[0.539s] -- Found ament_cmake: 1.3.3 (/opt/ros/humble/share/ament_cmake/cmake)
[0.759s] -- Found Python3: /usr/bin/python3.10 (found version "3.10.6") found components: Interpreter 
[0.893s] -- Found ament_lint_auto: 0.12.5 (/opt/ros/humble/share/ament_lint_auto/cmake)
[1.050s] -- Added test 'lint_cmake' to check CMake code style
[1.052s] -- Added test 'xmllint' to check XML markup files
[1.053s] -- Configuring done
[1.057s] -- Generating done
[1.059s] -- Build files have been written to: /home/ros/colcon_ws/src/build/q4d_description
[1.064s] Invoked command in '/home/ros/colcon_ws/src/build/q4d_description' returned '0': CMAKE_PREFIX_PATH=${CMAKE_PREFIX_PATH}:/opt/ros/humble /usr/bin/cmake /home/ros/colcon_ws/src/q4d_description -DCMAKE_INSTALL_PREFIX=/home/ros/colcon_ws/src/install/q4d_description
[1.065s] Invoking command in '/home/ros/colcon_ws/src/build/q4d_description': CMAKE_PREFIX_PATH=${CMAKE_PREFIX_PATH}:/opt/ros/humble /usr/bin/cmake --build /home/ros/colcon_ws/src/build/q4d_description -- -j3 -l3
[1.111s] Invoked command in '/home/ros/colcon_ws/src/build/q4d_description' returned '0': CMAKE_PREFIX_PATH=${CMAKE_PREFIX_PATH}:/opt/ros/humble /usr/bin/cmake --build /home/ros/colcon_ws/src/build/q4d_description -- -j3 -l3
[1.135s] Invoking command in '/home/ros/colcon_ws/src/build/q4d_description': CMAKE_PREFIX_PATH=${CMAKE_PREFIX_PATH}:/opt/ros/humble /usr/bin/cmake --install /home/ros/colcon_ws/src/build/q4d_description
[1.142s] -- Install configuration: ""
[1.142s] -- Installing: /home/ros/colcon_ws/src/install/q4d_description/share/q4d_description/config
[1.143s] -- Installing: /home/ros/colcon_ws/src/install/q4d_description/share/q4d_description/config/display.rviz
[1.145s] -- Installing: /home/ros/colcon_ws/src/install/q4d_description/share/q4d_description/launch
[1.146s] -- Installing: /home/ros/colcon_ws/src/install/q4d_description/share/q4d_description/launch/display.launch.xml
[1.148s] -- Installing: /home/ros/colcon_ws/src/install/q4d_description/share/q4d_description/launch/q4d.launch.xml
[1.149s] -- Installing: /home/ros/colcon_ws/src/install/q4d_description/share/q4d_description/urdf
[1.149s] -- Installing: /home/ros/colcon_ws/src/install/q4d_description/share/q4d_description/urdf/q4d_prismatic.urdf.xacro
[1.151s] -- Installing: /home/ros/colcon_ws/src/install/q4d_description/share/q4d_description/urdf/q4d_claw.urdf.xacro
[1.151s] -- Installing: /home/ros/colcon_ws/src/install/q4d_description/share/q4d_description/urdf/q4d_aux.urdf.xacro
[1.151s] -- Installing: /home/ros/colcon_ws/src/install/q4d_description/share/q4d_description/urdf/q4d.urdf.xacro
[1.152s] -- Installing: /home/ros/colcon_ws/src/install/q4d_description/share/q4d_description/urdf/q4d_revolute.urdf.xacro
[1.155s] -- Installing: /home/ros/colcon_ws/src/install/q4d_description/share/q4d_description/urdf/q4d_claw_mimic.urdf.xacro
[1.155s] -- Installing: /home/ros/colcon_ws/src/install/q4d_description/share/q4d_description/environment/q4d_description.dsv
[1.156s] -- Installing: /home/ros/colcon_ws/src/install/q4d_description/share/ament_index/resource_index/package_run_dependencies/q4d_description
[1.158s] -- Installing: /home/ros/colcon_ws/src/install/q4d_description/share/ament_index/resource_index/parent_prefix_path/q4d_description
[1.158s] -- Installing: /home/ros/colcon_ws/src/install/q4d_description/share/q4d_description/environment/ament_prefix_path.sh
[1.158s] -- Installing: /home/ros/colcon_ws/src/install/q4d_description/share/q4d_description/environment/ament_prefix_path.dsv
[1.158s] -- Installing: /home/ros/colcon_ws/src/install/q4d_description/share/q4d_description/environment/path.sh
[1.165s] -- Installing: /home/ros/colcon_ws/src/install/q4d_description/share/q4d_description/environment/path.dsv
[1.165s] -- Installing: /home/ros/colcon_ws/src/install/q4d_description/share/q4d_description/local_setup.bash
[1.165s] -- Installing: /home/ros/colcon_ws/src/install/q4d_description/share/q4d_description/local_setup.sh
[1.166s] -- Installing: /home/ros/colcon_ws/src/install/q4d_description/share/q4d_description/local_setup.zsh
[1.166s] -- Installing: /home/ros/colcon_ws/src/install/q4d_description/share/q4d_description/local_setup.dsv
[1.166s] -- Installing: /home/ros/colcon_ws/src/install/q4d_description/share/q4d_description/package.dsv
[1.167s] -- Installing: /home/ros/colcon_ws/src/install/q4d_description/share/ament_index/resource_index/packages/q4d_description
[1.167s] -- Installing: /home/ros/colcon_ws/src/install/q4d_description/share/q4d_description/cmake/q4d_descriptionConfig.cmake
[1.167s] -- Installing: /home/ros/colcon_ws/src/install/q4d_description/share/q4d_description/cmake/q4d_descriptionConfig-version.cmake
[1.167s] -- Installing: /home/ros/colcon_ws/src/install/q4d_description/share/q4d_description/package.xml
[1.184s] Invoked command in '/home/ros/colcon_ws/src/build/q4d_description' returned '0': CMAKE_PREFIX_PATH=${CMAKE_PREFIX_PATH}:/opt/ros/humble /usr/bin/cmake --install /home/ros/colcon_ws/src/build/q4d_description
