[0.029s] Invoking command in '/home/ros/colcon_ws/build/q4d_teleop': CMAKE_PREFIX_PATH=${CMAKE_PREFIX_PATH}:/opt/ros/humble /usr/bin/cmake --build /home/ros/colcon_ws/build/q4d_teleop -- -j3 -l3
[0.064s] [35m[1mConsolidate compiler generated dependencies of target q4d_teleop_rviz[0m
[0.081s] [ 50%] [32mBuilding CXX object CMakeFiles/q4d_teleop_rviz.dir/src/q4d_teleop_rviz.cpp.o[0m
[11.634s] [100%] [32m[1mLinking CXX executable q4d_teleop_rviz[0m
[12.218s] [100%] Built target q4d_teleop_rviz
[12.226s] Invoked command in '/home/ros/colcon_ws/build/q4d_teleop' returned '0': CMAKE_PREFIX_PATH=${CMAKE_PREFIX_PATH}:/opt/ros/humble /usr/bin/cmake --build /home/ros/colcon_ws/build/q4d_teleop -- -j3 -l3
[12.244s] Invoking command in '/home/ros/colcon_ws/build/q4d_teleop': CMAKE_PREFIX_PATH=${CMAKE_PREFIX_PATH}:/opt/ros/humble /usr/bin/cmake --install /home/ros/colcon_ws/build/q4d_teleop
[12.248s] -- Install configuration: ""
[12.248s] -- Execute custom install script
[12.249s] -- Up-to-date symlink: /home/ros/colcon_ws/install/q4d_teleop/lib/q4d_teleop/q4d_teleop_rviz
[12.249s] -- Up-to-date symlink: /home/ros/colcon_ws/install/q4d_teleop/share/q4d_teleop/launch/display.launch.xml
[12.249s] -- Up-to-date symlink: /home/ros/colcon_ws/install/q4d_teleop/share/q4d_teleop/launch/q4d_teleop_rviz.launch.xml
[12.249s] -- Up-to-date symlink: /home/ros/colcon_ws/install/q4d_teleop/share/q4d_teleop/config/display.rviz
[12.249s] -- Up-to-date symlink: /home/ros/colcon_ws/install/q4d_teleop/share/ament_index/resource_index/package_run_dependencies/q4d_teleop
[12.249s] -- Up-to-date symlink: /home/ros/colcon_ws/install/q4d_teleop/share/ament_index/resource_index/parent_prefix_path/q4d_teleop
[12.250s] -- Up-to-date symlink: /home/ros/colcon_ws/install/q4d_teleop/share/q4d_teleop/environment/ament_prefix_path.sh
[12.250s] -- Up-to-date symlink: /home/ros/colcon_ws/install/q4d_teleop/share/q4d_teleop/environment/ament_prefix_path.dsv
[12.250s] -- Up-to-date symlink: /home/ros/colcon_ws/install/q4d_teleop/share/q4d_teleop/environment/path.sh
[12.250s] -- Up-to-date symlink: /home/ros/colcon_ws/install/q4d_teleop/share/q4d_teleop/environment/path.dsv
[12.250s] -- Up-to-date symlink: /home/ros/colcon_ws/install/q4d_teleop/share/q4d_teleop/local_setup.bash
[12.250s] -- Up-to-date symlink: /home/ros/colcon_ws/install/q4d_teleop/share/q4d_teleop/local_setup.sh
[12.250s] -- Up-to-date symlink: /home/ros/colcon_ws/install/q4d_teleop/share/q4d_teleop/local_setup.zsh
[12.251s] -- Up-to-date symlink: /home/ros/colcon_ws/install/q4d_teleop/share/q4d_teleop/local_setup.dsv
[12.251s] -- Symlinking: /home/ros/colcon_ws/install/q4d_teleop/share/q4d_teleop/package.dsv
[12.258s] -- Up-to-date symlink: /home/ros/colcon_ws/install/q4d_teleop/share/ament_index/resource_index/packages/q4d_teleop
[12.258s] -- Up-to-date symlink: /home/ros/colcon_ws/install/q4d_teleop/share/q4d_teleop/cmake/q4d_teleopConfig.cmake
[12.258s] -- Up-to-date symlink: /home/ros/colcon_ws/install/q4d_teleop/share/q4d_teleop/cmake/q4d_teleopConfig-version.cmake
[12.258s] -- Up-to-date symlink: /home/ros/colcon_ws/install/q4d_teleop/share/q4d_teleop/package.xml
[12.261s] Invoked command in '/home/ros/colcon_ws/build/q4d_teleop' returned '0': CMAKE_PREFIX_PATH=${CMAKE_PREFIX_PATH}:/opt/ros/humble /usr/bin/cmake --install /home/ros/colcon_ws/build/q4d_teleop
