[0.010s] Invoking command in '/home/ros/colcon_ws/build/q2d_teleop': CMAKE_PREFIX_PATH=/opt/ros/humble /usr/bin/cmake /home/ros/colcon_ws/src/q2d/q2d_teleop -DAMENT_CMAKE_SYMLINK_INSTALL=1 -DCMAKE_INSTALL_PREFIX=/home/ros/colcon_ws/install/q2d_teleop
[0.093s] -- The C compiler identification is GNU 11.3.0
[0.191s] -- The CXX compiler identification is GNU 11.3.0
[0.199s] -- Detecting C compiler ABI info
[0.258s] -- Detecting C compiler ABI info - done
[0.268s] -- Check for working C compiler: /usr/bin/cc - skipped
[0.269s] -- Detecting C compile features
[0.269s] -- Detecting C compile features - done
[0.273s] -- Detecting CXX compiler ABI info
[0.344s] -- Detecting CXX compiler ABI info - done
[0.356s] -- Check for working CXX compiler: /usr/bin/c++ - skipped
[0.356s] -- Detecting CXX compile features
[0.357s] -- Detecting CXX compile features - done
[0.359s] -- Found ament_cmake: 1.3.3 (/opt/ros/humble/share/ament_cmake/cmake)
[0.514s] -- Found Python3: /usr/bin/python3.10 (found version "3.10.6") found components: Interpreter 
[0.577s] -- Override CMake install command with custom implementation using symlinks instead of copying resources
[0.608s] -- Found rclcpp: 16.0.3 (/opt/ros/humble/share/rclcpp/cmake)
[0.662s] -- Found rosidl_generator_c: 3.1.4 (/opt/ros/humble/share/rosidl_generator_c/cmake)
[0.668s] -- Found rosidl_adapter: 3.1.4 (/opt/ros/humble/share/rosidl_adapter/cmake)
[0.680s] -- Found rosidl_generator_cpp: 3.1.4 (/opt/ros/humble/share/rosidl_generator_cpp/cmake)
[0.701s] -- Using all available rosidl_typesupport_c: rosidl_typesupport_fastrtps_c;rosidl_typesupport_introspection_c
[0.725s] -- Using all available rosidl_typesupport_cpp: rosidl_typesupport_fastrtps_cpp;rosidl_typesupport_introspection_cpp
[0.817s] -- Found rmw_implementation_cmake: 6.1.1 (/opt/ros/humble/share/rmw_implementation_cmake/cmake)
[0.819s] -- Found rmw_fastrtps_cpp: 6.2.2 (/opt/ros/humble/share/rmw_fastrtps_cpp/cmake)
[0.915s] -- Found OpenSSL: /usr/lib/x86_64-linux-gnu/libcrypto.so (found version "3.0.2")  
[0.940s] -- Found FastRTPS: /opt/ros/humble/include  
[0.992s] -- Using RMW implementation 'rmw_fastrtps_cpp' as default
[1.002s] -- Looking for pthread.h
[1.079s] -- Looking for pthread.h - found
[1.079s] -- Performing Test CMAKE_HAVE_LIBC_PTHREAD
[1.138s] -- Performing Test CMAKE_HAVE_LIBC_PTHREAD - Success
[1.139s] -- Found Threads: TRUE  
[1.330s] -- Found geometry_msgs: 4.2.3 (/opt/ros/humble/share/geometry_msgs/cmake)
[1.387s] -- Found kdl_parser: 2.6.4 (/opt/ros/humble/share/kdl_parser/cmake)
[1.403s] -- Found eigen3_cmake_module: 0.1.1 (/opt/ros/humble/share/eigen3_cmake_module/cmake)
[1.404s] -- Found Eigen3: TRUE (found version "3.4.0") 
[1.404s] -- Ensuring Eigen3 include directory is part of orocos-kdl CMake target
[1.410s] -- Found sensor_msgs: 4.2.3 (/opt/ros/humble/share/sensor_msgs/cmake)
[1.514s] -- Found urdf: 2.6.0 (/opt/ros/humble/share/urdf/cmake)
[1.553s] -- Found ament_lint_auto: 0.12.5 (/opt/ros/humble/share/ament_lint_auto/cmake)
[1.625s] -- Added test 'copyright' to check source files copyright and LICENSE
[1.626s] -- Added test 'cppcheck' to perform static code analysis on C / C++ code
[1.626s] -- Configured cppcheck include dirs: $<BUILD_INTERFACE:/home/ros/colcon_ws/src/q2d/q2d_teleop/include>
[1.626s] -- Configured cppcheck exclude dirs and/or files: 
[1.627s] -- Added test 'cpplint' to check C / C++ code against the Google style
[1.627s] -- Configured cpplint exclude dirs and/or files: 
[1.628s] -- Added test 'lint_cmake' to check CMake code style
[1.629s] -- Added test 'uncrustify' to check C / C++ code style
[1.629s] -- Configured uncrustify additional arguments: 
[1.629s] -- Added test 'xmllint' to check XML markup files
[1.630s] -- Configuring done
[1.646s] -- Generating done
[1.649s] -- Build files have been written to: /home/ros/colcon_ws/build/q2d_teleop
[1.658s] Invoked command in '/home/ros/colcon_ws/build/q2d_teleop' returned '0': CMAKE_PREFIX_PATH=/opt/ros/humble /usr/bin/cmake /home/ros/colcon_ws/src/q2d/q2d_teleop -DAMENT_CMAKE_SYMLINK_INSTALL=1 -DCMAKE_INSTALL_PREFIX=/home/ros/colcon_ws/install/q2d_teleop
[1.660s] Invoking command in '/home/ros/colcon_ws/build/q2d_teleop': CMAKE_PREFIX_PATH=/opt/ros/humble /usr/bin/cmake --build /home/ros/colcon_ws/build/q2d_teleop -- -j3 -l3
[1.696s] [ 50%] [32mBuilding CXX object CMakeFiles/q2d_teleop_tablet.dir/src/q2d_teleop_tablet.cpp.o[0m
[1.696s] [ 50%] [32mBuilding CXX object CMakeFiles/q2d_teleop_rviz.dir/src/q2d_teleop_rviz.cpp.o[0m
[18.178s] [ 75%] [32m[1mLinking CXX executable q2d_teleop_tablet[0m
[18.185s] [100%] [32m[1mLinking CXX executable q2d_teleop_rviz[0m
[18.940s] [100%] Built target q2d_teleop_tablet
[18.940s] [100%] Built target q2d_teleop_rviz
[18.953s] Invoked command in '/home/ros/colcon_ws/build/q2d_teleop' returned '0': CMAKE_PREFIX_PATH=/opt/ros/humble /usr/bin/cmake --build /home/ros/colcon_ws/build/q2d_teleop -- -j3 -l3
[18.977s] Invoking command in '/home/ros/colcon_ws/build/q2d_teleop': CMAKE_PREFIX_PATH=/opt/ros/humble /usr/bin/cmake --install /home/ros/colcon_ws/build/q2d_teleop
[18.983s] -- Install configuration: ""
[18.983s] -- Execute custom install script
[18.983s] -- Symlinking: /home/ros/colcon_ws/install/q2d_teleop/lib/q2d_teleop/q2d_teleop_tablet
[18.991s] -- Symlinking: /home/ros/colcon_ws/install/q2d_teleop/lib/q2d_teleop/q2d_teleop_rviz
[19.000s] -- Symlinking: /home/ros/colcon_ws/install/q2d_teleop/share/q2d_teleop/launch/display.launch.xml
[19.008s] -- Symlinking: /home/ros/colcon_ws/install/q2d_teleop/share/q2d_teleop/launch/gazebo.launch.xml
[19.016s] -- Symlinking: /home/ros/colcon_ws/install/q2d_teleop/share/q2d_teleop/launch/q2d_teleop_rviz.launch.xml
[19.023s] -- Symlinking: /home/ros/colcon_ws/install/q2d_teleop/share/q2d_teleop/launch/q2d_teleop_tablet.launch.xml
[19.032s] -- Symlinking: /home/ros/colcon_ws/install/q2d_teleop/share/q2d_teleop/config/display.rviz
[19.040s] -- Symlinking: /home/ros/colcon_ws/install/q2d_teleop/share/ament_index/resource_index/package_run_dependencies/q2d_teleop
[19.048s] -- Symlinking: /home/ros/colcon_ws/install/q2d_teleop/share/ament_index/resource_index/parent_prefix_path/q2d_teleop
[19.057s] -- Symlinking: /home/ros/colcon_ws/install/q2d_teleop/share/q2d_teleop/environment/ament_prefix_path.sh
[19.067s] -- Symlinking: /home/ros/colcon_ws/install/q2d_teleop/share/q2d_teleop/environment/ament_prefix_path.dsv
[19.073s] -- Symlinking: /home/ros/colcon_ws/install/q2d_teleop/share/q2d_teleop/environment/path.sh
[19.079s] -- Symlinking: /home/ros/colcon_ws/install/q2d_teleop/share/q2d_teleop/environment/path.dsv
[19.086s] -- Symlinking: /home/ros/colcon_ws/install/q2d_teleop/share/q2d_teleop/local_setup.bash
[19.094s] -- Symlinking: /home/ros/colcon_ws/install/q2d_teleop/share/q2d_teleop/local_setup.sh
[19.100s] -- Symlinking: /home/ros/colcon_ws/install/q2d_teleop/share/q2d_teleop/local_setup.zsh
[19.107s] -- Symlinking: /home/ros/colcon_ws/install/q2d_teleop/share/q2d_teleop/local_setup.dsv
[19.113s] -- Symlinking: /home/ros/colcon_ws/install/q2d_teleop/share/q2d_teleop/package.dsv
[19.121s] -- Symlinking: /home/ros/colcon_ws/install/q2d_teleop/share/ament_index/resource_index/packages/q2d_teleop
[19.128s] -- Symlinking: /home/ros/colcon_ws/install/q2d_teleop/share/q2d_teleop/cmake/q2d_teleopConfig.cmake
[19.139s] -- Symlinking: /home/ros/colcon_ws/install/q2d_teleop/share/q2d_teleop/cmake/q2d_teleopConfig-version.cmake
[19.147s] -- Symlinking: /home/ros/colcon_ws/install/q2d_teleop/share/q2d_teleop/package.xml
[19.158s] Invoked command in '/home/ros/colcon_ws/build/q2d_teleop' returned '0': CMAKE_PREFIX_PATH=/opt/ros/humble /usr/bin/cmake --install /home/ros/colcon_ws/build/q2d_teleop
